#
# A fatal error has been detected by the Java Runtime Environment:
#
#  SIGSEGV (0xb) at pc=0x0000000105baa5b0, pid=5571, tid=23299
#
# JRE version: Java(TM) SE Runtime Environment (8.0_20-b26) (build 1.8.0_20-b26)
# Java VM: Java HotSpot(TM) 64-Bit Server VM (25.20-b23 mixed mode bsd-amd64 compressed oops)
# Problematic frame:
# V  [libjvm.dylib+0x3aa5b0]  PhaseIdealLoop::idom_no_update(Node*) const+0x12
#
# Failed to write core dump. Core dumps have been disabled. To enable core dumping, try "ulimit -c unlimited" before starting Java again
#
# If you would like to submit a bug report, please visit:
#   http://bugreport.sun.com/bugreport/crash.jsp
#

---------------  T H R E A D  ---------------

Current thread (0x00007ffcc480f800):  JavaThread "C2 CompilerThread2" daemon [_thread_in_native, id=23299, stack(0x0000000124da7000,0x0000000124ea7000)]

siginfo: si_signo: 11 (SIGSEGV), si_code: 1 (SEGV_MAPERR), si_addr: 0x0000000000000008

Registers:
RAX=0x0000000000000000, RBX=0x0000000124ea0a08, RCX=0x00007ffcc19fc210, RDX=0x00007ffcc24ef5d0
RSP=0x0000000124ea05b0, RBP=0x0000000124ea05b0, RSI=0x00007ffcc1749b80, RDI=0x0000000124ea0a08
R8 =0x0000000000000000, R9 =0x0000000000000002, R10=0x0000000000000007, R11=0x0000000000000c00
R12=0x00007ffcc24ef5d0, R13=0x0000000000000000, R14=0x00007ffcc1749b80, R15=0x00007ffcc256c6d0
RIP=0x0000000105baa5b0, EFLAGS=0x0000000000010206, ERR=0x0000000000000004
  TRAPNO=0x000000000000000e

Top of Stack: (sp=0x0000000124ea05b0)
0x0000000124ea05b0:   0000000124ea05f0 0000000105bb37e5
0x0000000124ea05c0:   00007ffcc1b417a0 0000000124ea0920
0x0000000124ea05d0:   0000000000000002 00007ffcc21cc1f8
0x0000000124ea05e0:   0000000124ea0a08 00007ffcc1b417a0
0x0000000124ea05f0:   0000000124ea0650 0000000105bb3a32
0x0000000124ea0600:   0000000124ea13d8 0000000124ea0900
0x0000000124ea0610:   0000000124ea13b8 0000000124ea08e0
0x0000000124ea0620:   000000020000246d 0000000124ea0a08
0x0000000124ea0630:   0000000000000001 0000000000000000
0x0000000124ea0640:   00007ffcc1749bf0 0000000000000003
0x0000000124ea0650:   0000000124ea0990 0000000105bb9b73
0x0000000124ea0660:   00007ffcc1eb98b0 00007ffcc20e3bd0
0x0000000124ea0670:   0000000100000000 00007ffcc151b0c0
0x0000000124ea0680:   0000000124ea06b0 00007fff906f2f18
0x0000000124ea0690:   0000000124ea06c0 00000000c235a850
0x0000000124ea06a0:   0000000122430000 000000010464b280
0x0000000124ea06b0:   0000000000000000 0000000000000000
0x0000000124ea06c0:   00007ffcc7a06820 0000000000020010
0x0000000124ea06d0:   000000010464a000 0000000000000000
0x0000000124ea06e0:   0000000000000000 0000000000000000
0x0000000124ea06f0:   0000000124ea07e0 00007fff906f13a5
0x0000000124ea0700:   0000000104664a00 0000000000003c00
0x0000000124ea0710:   0000000000000000 0000000000000040
0x0000000124ea0720:   0000000104664a00 0000000000003c00
0x0000000124ea0730:   0000000104668600 000000010464a000
0x0000000124ea0740:   0000000124ea0830 00007fff906f177e
0x0000000124ea0750:   0000000124ea0770 0000000105d4285a
0x0000000124ea0760:   0000000000000000 0000000000000000
0x0000000124ea0770:   0000000124ea07f0 00007ffcc2084720
0x0000000124ea0780:   0000000105dd2393 0000000124ea5fb0
0x0000000124ea0790:   0000000124ea48a8 0000000000001006
0x0000000124ea07a0:   0000000124ea07d0 0000000000007fe8 

Instructions: (pc=0x0000000105baa5b0)
0x0000000105baa590:   2c 83 e1 07 83 f9 05 48 0f 45 c2 5d c3 90 55 48
0x0000000105baa5a0:   89 e5 8b 46 28 48 8b 8f f0 09 00 00 48 8b 04 c1
0x0000000105baa5b0:   48 8b 48 08 48 83 39 00 75 26 8b 4f 28 8b 40 28
0x0000000105baa5c0:   39 c1 77 0e 31 c0 48 8b 50 08 48 83 3a 00 74 ed 

Register to memory mapping:

RAX=0x0000000000000000 is an unknown value
RBX=0x0000000124ea0a08 is pointing into the stack for thread: 0x00007ffcc480f800
RCX=0x00007ffcc19fc210 is an unknown value
RDX=0x00007ffcc24ef5d0 is an unknown value
RSP=0x0000000124ea05b0 is pointing into the stack for thread: 0x00007ffcc480f800
RBP=0x0000000124ea05b0 is pointing into the stack for thread: 0x00007ffcc480f800
RSI=0x00007ffcc1749b80 is an unknown value
RDI=0x0000000124ea0a08 is pointing into the stack for thread: 0x00007ffcc480f800
R8 =0x0000000000000000 is an unknown value
R9 =0x0000000000000002 is an unknown value
R10=0x0000000000000007 is an unknown value
R11=0x0000000000000c00 is an unknown value
R12=0x00007ffcc24ef5d0 is an unknown value
R13=0x0000000000000000 is an unknown value
R14=0x00007ffcc1749b80 is an unknown value
R15=0x00007ffcc256c6d0 is an unknown value


Stack: [0x0000000124da7000,0x0000000124ea7000],  sp=0x0000000124ea05b0,  free space=997k
Native frames: (J=compiled Java code, j=interpreted, Vv=VM code, C=native code)
V  [libjvm.dylib+0x3aa5b0]  PhaseIdealLoop::idom_no_update(Node*) const+0x12
V  [libjvm.dylib+0x3b37e5]  PhaseIdealLoop::build_loop_late_post(Node*)+0x1bf
V  [libjvm.dylib+0x3b3a32]  PhaseIdealLoop::build_loop_late(VectorSet&, Node_List&, Node_Stack&)+0x160
V  [libjvm.dylib+0x3b9b73]  PhaseIdealLoop::build_and_optimize(bool, bool)+0x639
V  [libjvm.dylib+0x1a5b78]  Compile::Optimize()+0x654
V  [libjvm.dylib+0x1a8925]  Compile::Compile(ciEnv*, C2Compiler*, ciMethod*, int, bool, bool, bool)+0x8b7
V  [libjvm.dylib+0x14afd6]  C2Compiler::compile_method(ciEnv*, ciMethod*, int)+0xac
V  [libjvm.dylib+0x1ac260]  CompileBroker::invoke_compiler_on_method(CompileTask*)+0x5b2
V  [libjvm.dylib+0x1ae36f]  CompileBroker::compiler_thread_loop()+0x2d5
V  [libjvm.dylib+0x535a51]  JavaThread::thread_main_inner()+0x9b
V  [libjvm.dylib+0x537194]  JavaThread::run()+0x1c2
V  [libjvm.dylib+0x45d35a]  java_start(Thread*)+0xf6
C  [libsystem_pthread.dylib+0x3268]  _pthread_body+0x83
C  [libsystem_pthread.dylib+0x31e5]  _pthread_body+0x0
C  [libsystem_pthread.dylib+0x141d]  thread_start+0xd
C  0x0000000000000000


Current CompileTask:
C2:  18677 1748       4       java.com.chronon3.sb.recorder.runtime.inject.InstrumentationCode2::recordObjectValue (155 bytes)


---------------  P R O C E S S  ---------------

Java Threads: ( => current thread )
  0x00007ffcc2441000 JavaThread "TimerQueue" daemon [_thread_blocked, id=72467, stack(0x000000013b828000,0x000000013b928000)]
  0x00007ffcc4b99000 JavaThread "DestroyJavaVM" [_thread_blocked, id=4867, stack(0x000000010671c000,0x000000010681c000)]
  0x00007ffcc2d3b000 JavaThread "AWT-EventQueue-0" [_thread_blocked, id=64519, stack(0x000000012bc81000,0x000000012bd81000)]
  0x00007ffcc49d7000 JavaThread "Java2D Disposer" daemon [_thread_blocked, id=62471, stack(0x000000012a8e9000,0x000000012a9e9000)]
  0x00007ffcc2ac6800 JavaThread "Java2D Queue Flusher" daemon [_thread_in_native, id=56583, stack(0x0000000129b0a000,0x0000000129c0a000)]
  0x00007ffcc2203000 JavaThread "AWT-Shutdown" [_thread_blocked, id=35091, stack(0x0000000126a12000,0x0000000126b12000)]
  0x00007ffcc492c000 JavaThread "AppKit Thread" daemon [_thread_in_native, id=1299, stack(0x00007fff5add0000,0x00007fff5b5d0000)]
  0x00007ffcc29d5000 JavaThread "Monitor Ctrl-Break" daemon [_thread_in_native, id=25347, stack(0x0000000125269000,0x0000000125369000)]
  0x00007ffcc1818000 JavaThread "Service Thread" daemon [_thread_blocked, id=24323, stack(0x0000000124fad000,0x00000001250ad000)]
  0x00007ffcc2908800 JavaThread "C1 CompilerThread3" daemon [_thread_blocked, id=23811, stack(0x0000000124eaa000,0x0000000124faa000)]
=>0x00007ffcc480f800 JavaThread "C2 CompilerThread2" daemon [_thread_in_native, id=23299, stack(0x0000000124da7000,0x0000000124ea7000)]
  0x00007ffcc291e000 JavaThread "C2 CompilerThread1" daemon [_thread_blocked, id=22787, stack(0x0000000124ca4000,0x0000000124da4000)]
  0x00007ffcc2078800 JavaThread "C2 CompilerThread0" daemon [_thread_in_native, id=22275, stack(0x0000000124ba1000,0x0000000124ca1000)]
  0x00007ffcc203d000 JavaThread "Chronon - Flusher Thread" daemon [_thread_blocked, id=21763, stack(0x0000000124a9e000,0x0000000124b9e000)]
  0x00007ffcc200c800 JavaThread "Chronon - Flusher Thread" daemon [_thread_blocked, id=21251, stack(0x000000012499b000,0x0000000124a9b000)]
  0x00007ffcc200c000 JavaThread "Recorder Data Persistor" daemon [_thread_blocked, id=20739, stack(0x0000000124898000,0x0000000124998000)]
  0x00007ffcc2020000 JavaThread "Chronon - Logger Thread" daemon [_thread_blocked, id=20227, stack(0x0000000124795000,0x0000000124895000)]
  0x00007ffcc2903000 JavaThread "Chronon - Db2" daemon [_thread_blocked, id=19715, stack(0x0000000124692000,0x0000000124792000)]
  0x00007ffcc2902800 JavaThread "Chronon - Db1" daemon [_thread_blocked, id=19203, stack(0x000000012458f000,0x000000012468f000)]
  0x00007ffcc480e800 JavaThread "Recorder - Reference Collector" daemon [_thread_blocked, id=18691, stack(0x0000000123da5000,0x0000000123ea5000)]
  0x00007ffcc2001000 JavaThread "Signal Dispatcher" daemon [_thread_blocked, id=15627, stack(0x0000000123c95000,0x0000000123d95000)]
  0x00007ffcc1813800 JavaThread "Finalizer" daemon [_thread_blocked, id=13571, stack(0x00000001222d8000,0x00000001223d8000)]
  0x00007ffcc1812800 JavaThread "Reference Handler" daemon [_thread_blocked, id=13059, stack(0x00000001221d5000,0x00000001222d5000)]

Other Threads:
  0x00007ffcc285f800 VMThread [stack: 0x00000001220d2000,0x00000001221d2000] [id=12547]
  0x00007ffcc1815800 WatcherThread [stack: 0x00000001250b0000,0x00000001251b0000] [id=24835]

VM state:not at safepoint (normal execution)

VM Mutex/Monitor currently owned by a thread: None

Heap:
 PSYoungGen      total 76288K, used 42578K [0x000000076ab00000, 0x0000000770000000, 0x00000007c0000000)
  eden space 65536K, 56% used [0x000000076ab00000,0x000000076cf77638,0x000000076eb00000)
  from space 10752K, 48% used [0x000000076eb00000,0x000000076f01d330,0x000000076f580000)
  to   space 10752K, 0% used [0x000000076f580000,0x000000076f580000,0x0000000770000000)
 ParOldGen       total 175104K, used 16K [0x00000006c0000000, 0x00000006cab00000, 0x000000076ab00000)
  object space 175104K, 0% used [0x00000006c0000000,0x00000006c0004000,0x00000006cab00000)
 Metaspace       used 18872K, capacity 19138K, committed 19456K, reserved 1067008K
  class space    used 2434K, capacity 2504K, committed 2560K, reserved 1048576K

Card table byte_map: [0x0000000115bef000,0x00000001163f0000] byte_map_base: 0x00000001125ef000

Marking Bits: (ParMarkBitMap*) 0x000000010609c330
 Begin Bits: [0x000000011715e000, 0x000000011b15e000)
 End Bits:   [0x000000011b15e000, 0x000000011f15e000)

Polling page: 0x0000000104787000

CodeCache: size=245760Kb used=6412Kb max_used=6412Kb free=239347Kb
 bounds [0x000000010682f000, 0x0000000106e7f000, 0x000000011582f000]
 total_blobs=2387 nmethods=1783 adapters=518
 compilation: enabled

Compilation events (10 events):
Event: 18.662 Thread 0x00007ffcc2908800 1759       1       java.com.chronon.sb.db.core.e::k (5 bytes)
Event: 18.662 Thread 0x00007ffcc2908800 nmethod 1759 0x0000000106e2de10 code [0x0000000106e2df60, 0x0000000106e2e070]
Event: 18.662 Thread 0x00007ffcc2908800 1778       1       javax.swing.JLabel::getVerticalAlignment (5 bytes)
Event: 18.662 Thread 0x00007ffcc2908800 nmethod 1778 0x0000000106e74750 code [0x0000000106e748a0, 0x0000000106e749b0]
Event: 18.662 Thread 0x00007ffcc2908800 1779       1       javax.swing.JLabel::getVerticalTextPosition (5 bytes)
Event: 18.662 Thread 0x00007ffcc2908800 nmethod 1779 0x0000000106e74a10 code [0x0000000106e74b60, 0x0000000106e74c70]
Event: 18.662 Thread 0x00007ffcc2908800 1780       1       javax.swing.JLabel::getHorizontalTextPosition (5 bytes)
Event: 18.662 Thread 0x00007ffcc2908800 nmethod 1780 0x0000000106e74cd0 code [0x0000000106e74e20, 0x0000000106e74f30]
Event: 18.662 Thread 0x00007ffcc2908800 1781       1       javax.swing.DefaultListSelectionModel::getLeadSelectionIndex (5 bytes)
Event: 18.662 Thread 0x00007ffcc2908800 nmethod 1781 0x0000000106e74f90 code [0x0000000106e750e0, 0x0000000106e751f0]

GC Heap History (2 events):
Event: 1.767 GC heap before
{Heap before GC invocations=1 (full 0):
 PSYoungGen      total 76288K, used 65536K [0x000000076ab00000, 0x0000000770000000, 0x00000007c0000000)
  eden space 65536K, 100% used [0x000000076ab00000,0x000000076eb00000,0x000000076eb00000)
  from space 10752K, 0% used [0x000000076f580000,0x000000076f580000,0x0000000770000000)
  to   space 10752K, 0% used [0x000000076eb00000,0x000000076eb00000,0x000000076f580000)
 ParOldGen       total 175104K, used 0K [0x00000006c0000000, 0x00000006cab00000, 0x000000076ab00000)
  object space 175104K, 0% used [0x00000006c0000000,0x00000006c0000000,0x00000006cab00000)
 Metaspace       used 14342K, capacity 14610K, committed 14976K, reserved 1062912K
  class space    used 1748K, capacity 1832K, committed 1920K, reserved 1048576K
Event: 1.771 GC heap after
Heap after GC invocations=1 (full 0):
 PSYoungGen      total 76288K, used 5236K [0x000000076ab00000, 0x0000000770000000, 0x00000007c0000000)
  eden space 65536K, 0% used [0x000000076ab00000,0x000000076ab00000,0x000000076eb00000)
  from space 10752K, 48% used [0x000000076eb00000,0x000000076f01d330,0x000000076f580000)
  to   space 10752K, 0% used [0x000000076f580000,0x000000076f580000,0x0000000770000000)
 ParOldGen       total 175104K, used 16K [0x00000006c0000000, 0x00000006cab00000, 0x000000076ab00000)
  object space 175104K, 0% used [0x00000006c0000000,0x00000006c0004000,0x00000006cab00000)
 Metaspace       used 14342K, capacity 14610K, committed 14976K, reserved 1062912K
  class space    used 1748K, capacity 1832K, committed 1920K, reserved 1048576K
}

Deoptimization events (6 events):
Event: 1.455 Thread 0x00007ffcc2809800 Uncommon trap: reason=unreached action=reinterpret pc=0x0000000106a9c948 method=java.lang.AbstractStringBuilder.append(Ljava/lang/String;)Ljava/lang/AbstractStringBuilder; @ 1
Event: 1.499 Thread 0x00007ffcc2809800 Uncommon trap: reason=unreached action=reinterpret pc=0x00000001069958e8 method=java.util.HashMap.hash(Ljava/lang/Object;)I @ 1
Event: 1.887 Thread 0x00007ffcc2809800 Uncommon trap: reason=class_check action=maybe_recompile pc=0x00000001069583d8 method=java.lang.String.equals(Ljava/lang/Object;)Z @ 8
Event: 1.887 Thread 0x00007ffcc2809800 Uncommon trap: reason=class_check action=maybe_recompile pc=0x00000001069583d8 method=java.lang.String.equals(Ljava/lang/Object;)Z @ 8
Event: 1.887 Thread 0x00007ffcc2809800 Uncommon trap: reason=class_check action=maybe_recompile pc=0x00000001069583d8 method=java.lang.String.equals(Ljava/lang/Object;)Z @ 8
Event: 1.887 Thread 0x00007ffcc2809800 Uncommon trap: reason=class_check action=maybe_recompile pc=0x00000001069583d8 method=java.lang.String.equals(Ljava/lang/Object;)Z @ 8

Internal exceptions (10 events):
Event: 16.190 Thread 0x00007ffcc2d3b000 Exception <a 'java/security/PrivilegedActionException'> (0x000000076c501c30) thrown at [/HUDSON3/workspace/8-2-build-macosx-x86_64/jdk8u20/1074/hotspot/src/share/vm/prims/jvm.cpp, line 1275]
Event: 16.190 Thread 0x00007ffcc2d3b000 Exception <a 'java/security/PrivilegedActionException'> (0x000000076c505590) thrown at [/HUDSON3/workspace/8-2-build-macosx-x86_64/jdk8u20/1074/hotspot/src/share/vm/prims/jvm.cpp, line 1275]
Event: 18.575 Thread 0x00007ffcc2d3b000 Exception <a 'java/security/PrivilegedActionException'> (0x000000076cbec988) thrown at [/HUDSON3/workspace/8-2-build-macosx-x86_64/jdk8u20/1074/hotspot/src/share/vm/prims/jvm.cpp, line 1275]
Event: 18.577 Thread 0x00007ffcc2d3b000 Exception <a 'java/security/PrivilegedActionException'> (0x000000076cc22320) thrown at [/HUDSON3/workspace/8-2-build-macosx-x86_64/jdk8u20/1074/hotspot/src/share/vm/prims/jvm.cpp, line 1275]
Event: 18.582 Thread 0x00007ffcc2d3b000 Exception <a 'java/security/PrivilegedActionException'> (0x000000076cc40aa8) thrown at [/HUDSON3/workspace/8-2-build-macosx-x86_64/jdk8u20/1074/hotspot/src/share/vm/prims/jvm.cpp, line 1275]
Event: 18.586 Thread 0x00007ffcc2d3b000 Exception <a 'java/security/PrivilegedActionException'> (0x000000076cc94210) thrown at [/HUDSON3/workspace/8-2-build-macosx-x86_64/jdk8u20/1074/hotspot/src/share/vm/prims/jvm.cpp, line 1275]
Event: 18.587 Thread 0x00007ffcc2d3b000 Exception <a 'java/security/PrivilegedActionException'> (0x000000076cc9fc30) thrown at [/HUDSON3/workspace/8-2-build-macosx-x86_64/jdk8u20/1074/hotspot/src/share/vm/prims/jvm.cpp, line 1275]
Event: 18.589 Thread 0x00007ffcc200c800 Exception <a 'java/lang/NoSuchMethodError': <clinit>> (0x000000076c995200) thrown at [/HUDSON3/workspace/8-2-build-macosx-x86_64/jdk8u20/1074/hotspot/src/share/vm/prims/jni.cpp, line 1603]
Event: 18.602 Thread 0x00007ffcc203d000 Exception <a 'java/lang/NoSuchMethodError': <clinit>> (0x000000076cab34d8) thrown at [/HUDSON3/workspace/8-2-build-macosx-x86_64/jdk8u20/1074/hotspot/src/share/vm/prims/jni.cpp, line 1603]
Event: 18.623 Thread 0x00007ffcc2d3b000 Exception <a 'java/security/PrivilegedActionException'> (0x000000076ce80d10) thrown at [/HUDSON3/workspace/8-2-build-macosx-x86_64/jdk8u20/1074/hotspot/src/share/vm/prims/jvm.cpp, line 1275]

Events (10 events):
Event: 18.603 loading class sun/security/jca/GetInstance$Instance
Event: 18.603 loading class sun/security/jca/GetInstance$Instance done
Event: 18.603 loading class java/security/MessageDigest$Delegate
Event: 18.603 loading class java/security/MessageDigest$Delegate done
Event: 18.603 loading class sun/security/provider/ByteArrayAccess
Event: 18.603 loading class sun/security/provider/ByteArrayAccess done
Event: 18.623 loading class DataTree/Creature
Event: 18.623 loading class DataTree/Creature done
Event: 18.628 loading class javax/swing/tree/DefaultMutableTreeNode$PreorderEnumeration
Event: 18.629 loading class javax/swing/tree/DefaultMutableTreeNode$PreorderEnumeration done


Dynamic libraries:
0x0000000007d2e000 	/System/Library/Frameworks/Cocoa.framework/Versions/A/Cocoa
0x0000000007d2e000 	/System/Library/Frameworks/Security.framework/Versions/A/Security
0x0000000007d2e000 	/System/Library/Frameworks/ApplicationServices.framework/Versions/A/ApplicationServices
0x0000000007d2e000 	/usr/lib/libz.1.dylib
0x0000000007d2e000 	/usr/lib/libSystem.B.dylib
0x0000000007d2e000 	/usr/lib/libobjc.A.dylib
0x0000000007d2e000 	/System/Library/Frameworks/CoreFoundation.framework/Versions/A/CoreFoundation
0x0000000007d2e000 	/System/Library/Frameworks/Foundation.framework/Versions/C/Foundation
0x0000000007d2e000 	/System/Library/Frameworks/AppKit.framework/Versions/C/AppKit
0x0000000007d2e000 	/System/Library/Frameworks/CoreData.framework/Versions/A/CoreData
0x0000000007d2e000 	/System/Library/PrivateFrameworks/RemoteViewServices.framework/Versions/A/RemoteViewServices
0x0000000007d2e000 	/System/Library/PrivateFrameworks/UIFoundation.framework/Versions/A/UIFoundation
0x0000000007d2e000 	/System/Library/Frameworks/IOSurface.framework/Versions/A/IOSurface
0x0000000007d2e000 	/System/Library/Frameworks/AudioToolbox.framework/Versions/A/AudioToolbox
0x0000000007d2e000 	/System/Library/Frameworks/AudioUnit.framework/Versions/A/AudioUnit
0x0000000007d2e000 	/System/Library/PrivateFrameworks/DataDetectorsCore.framework/Versions/A/DataDetectorsCore
0x0000000007d2e000 	/System/Library/PrivateFrameworks/DesktopServicesPriv.framework/Versions/A/DesktopServicesPriv
0x0000000007d2e000 	/System/Library/Frameworks/Carbon.framework/Versions/A/Frameworks/HIToolbox.framework/Versions/A/HIToolbox
0x0000000007d2e000 	/System/Library/Frameworks/QuartzCore.framework/Versions/A/QuartzCore
0x0000000007d2e000 	/System/Library/Frameworks/Carbon.framework/Versions/A/Frameworks/SpeechRecognition.framework/Versions/A/SpeechRecognition
0x0000000007d2e000 	/usr/lib/libauto.dylib
0x0000000007d2e000 	/usr/lib/libicucore.A.dylib
0x0000000007d2e000 	/usr/lib/libxml2.2.dylib
0x0000000007d2e000 	/System/Library/PrivateFrameworks/CoreUI.framework/Versions/A/CoreUI
0x0000000007d2e000 	/System/Library/Frameworks/CoreAudio.framework/Versions/A/CoreAudio
0x0000000007d2e000 	/System/Library/Frameworks/DiskArbitration.framework/Versions/A/DiskArbitration
0x0000000007d2e000 	/usr/lib/liblangid.dylib
0x0000000007d2e000 	/System/Library/PrivateFrameworks/MultitouchSupport.framework/Versions/A/MultitouchSupport
0x0000000007d2e000 	/System/Library/Frameworks/IOKit.framework/Versions/A/IOKit
0x0000000007d2e000 	/usr/lib/libDiagnosticMessagesClient.dylib
0x0000000007d2e000 	/System/Library/Frameworks/CoreServices.framework/Versions/A/CoreServices
0x0000000007d2e000 	/System/Library/PrivateFrameworks/PerformanceAnalysis.framework/Versions/A/PerformanceAnalysis
0x0000000007d2e000 	/System/Library/PrivateFrameworks/GenerationalStorage.framework/Versions/A/GenerationalStorage
0x0000000007d2e000 	/System/Library/Frameworks/OpenGL.framework/Versions/A/OpenGL
0x0000000007d2e000 	/System/Library/PrivateFrameworks/Sharing.framework/Versions/A/Sharing
0x0000000007d2e000 	/System/Library/Frameworks/CoreGraphics.framework/Versions/A/CoreGraphics
0x0000000007d2e000 	/System/Library/Frameworks/CoreText.framework/Versions/A/CoreText
0x0000000007d2e000 	/System/Library/Frameworks/ImageIO.framework/Versions/A/ImageIO
0x0000000007d2e000 	/usr/lib/libextension.dylib
0x0000000007d2e000 	/System/Library/PrivateFrameworks/Backup.framework/Versions/A/Backup
0x0000000007d2e000 	/usr/lib/libarchive.2.dylib
0x0000000007d2e000 	/System/Library/Frameworks/CFNetwork.framework/Versions/A/CFNetwork
0x0000000007d2e000 	/System/Library/Frameworks/SystemConfiguration.framework/Versions/A/SystemConfiguration
0x0000000007d2e000 	/usr/lib/libCRFSuite.dylib
0x0000000007d2e000 	/usr/lib/libc++.1.dylib
0x0000000007d2e000 	/usr/lib/libc++abi.dylib
0x0000000007d2e000 	/usr/lib/system/libcache.dylib
0x0000000007d2e000 	/usr/lib/system/libcommonCrypto.dylib
0x0000000007d2e000 	/usr/lib/system/libcompiler_rt.dylib
0x0000000007d2e000 	/usr/lib/system/libcopyfile.dylib
0x0000000007d2e000 	/usr/lib/system/libcorecrypto.dylib
0x0000000007d2e000 	/usr/lib/system/libdispatch.dylib
0x0000000007d2e000 	/usr/lib/system/libdyld.dylib
0x0000000007d2e000 	/usr/lib/system/libkeymgr.dylib
0x0000000007d2e000 	/usr/lib/system/liblaunch.dylib
0x0000000007d2e000 	/usr/lib/system/libmacho.dylib
0x0000000007d2e000 	/usr/lib/system/libquarantine.dylib
0x0000000007d2e000 	/usr/lib/system/libremovefile.dylib
0x0000000007d2e000 	/usr/lib/system/libsystem_asl.dylib
0x0000000007d2e000 	/usr/lib/system/libsystem_blocks.dylib
0x0000000007d2e000 	/usr/lib/system/libsystem_c.dylib
0x0000000007d2e000 	/usr/lib/system/libsystem_configuration.dylib
0x0000000007d2e000 	/usr/lib/system/libsystem_coreservices.dylib
0x0000000007d2e000 	/usr/lib/system/libsystem_coretls.dylib
0x0000000007d2e000 	/usr/lib/system/libsystem_dnssd.dylib
0x0000000007d2e000 	/usr/lib/system/libsystem_info.dylib
0x0000000007d2e000 	/usr/lib/system/libsystem_kernel.dylib
0x0000000007d2e000 	/usr/lib/system/libsystem_m.dylib
0x0000000007d2e000 	/usr/lib/system/libsystem_malloc.dylib
0x0000000007d2e000 	/usr/lib/system/libsystem_network.dylib
0x0000000007d2e000 	/usr/lib/system/libsystem_networkextension.dylib
0x0000000007d2e000 	/usr/lib/system/libsystem_notify.dylib
0x0000000007d2e000 	/usr/lib/system/libsystem_platform.dylib
0x0000000007d2e000 	/usr/lib/system/libsystem_pthread.dylib
0x0000000007d2e000 	/usr/lib/system/libsystem_sandbox.dylib
0x0000000007d2e000 	/usr/lib/system/libsystem_secinit.dylib
0x0000000007d2e000 	/usr/lib/system/libsystem_stats.dylib
0x0000000007d2e000 	/usr/lib/system/libsystem_trace.dylib
0x0000000007d2e000 	/usr/lib/system/libunc.dylib
0x0000000007d2e000 	/usr/lib/system/libunwind.dylib
0x0000000007d2e000 	/usr/lib/system/libxpc.dylib
0x0000000007d2e000 	/usr/lib/libbz2.1.0.dylib
0x0000000007d2e000 	/usr/lib/liblzma.5.dylib
0x0000000007d2e000 	/usr/lib/libbsm.0.dylib
0x0000000007d2e000 	/usr/lib/libsqlite3.dylib
0x0000000007d2e000 	/usr/lib/system/libkxld.dylib
0x0000000007d2e000 	/usr/lib/libxar.1.dylib
0x0000000007d2e000 	/usr/lib/libpam.2.dylib
0x0000000007d2e000 	/usr/lib/libOpenScriptingUtil.dylib
0x0000000007d2e000 	/System/Library/Frameworks/CoreServices.framework/Versions/A/Frameworks/FSEvents.framework/Versions/A/FSEvents
0x0000000007d2e000 	/System/Library/Frameworks/CoreServices.framework/Versions/A/Frameworks/CarbonCore.framework/Versions/A/CarbonCore
0x0000000007d2e000 	/System/Library/Frameworks/CoreServices.framework/Versions/A/Frameworks/Metadata.framework/Versions/A/Metadata
0x0000000007d2e000 	/System/Library/Frameworks/CoreServices.framework/Versions/A/Frameworks/OSServices.framework/Versions/A/OSServices
0x0000000007d2e000 	/System/Library/Frameworks/CoreServices.framework/Versions/A/Frameworks/SearchKit.framework/Versions/A/SearchKit
0x0000000007d2e000 	/System/Library/Frameworks/CoreServices.framework/Versions/A/Frameworks/AE.framework/Versions/A/AE
0x0000000007d2e000 	/System/Library/Frameworks/CoreServices.framework/Versions/A/Frameworks/LaunchServices.framework/Versions/A/LaunchServices
0x0000000007d2e000 	/System/Library/Frameworks/CoreServices.framework/Versions/A/Frameworks/DictionaryServices.framework/Versions/A/DictionaryServices
0x0000000007d2e000 	/System/Library/Frameworks/NetFS.framework/Versions/A/NetFS
0x0000000007d2e000 	/System/Library/PrivateFrameworks/NetAuth.framework/Versions/A/NetAuth
0x0000000007d2e000 	/System/Library/PrivateFrameworks/login.framework/Versions/A/Frameworks/loginsupport.framework/Versions/A/loginsupport
0x0000000007d2e000 	/System/Library/PrivateFrameworks/TCC.framework/Versions/A/TCC
0x0000000007d2e000 	/usr/lib/libmecabra.dylib
0x0000000007d2e000 	/System/Library/PrivateFrameworks/LanguageModeling.framework/Versions/A/LanguageModeling
0x0000000007d2e000 	/usr/lib/libcmph.dylib
0x0000000007d2e000 	/usr/lib/libiconv.2.dylib
0x0000000007d2e000 	/System/Library/Frameworks/OpenDirectory.framework/Versions/A/Frameworks/CFOpenDirectory.framework/Versions/A/CFOpenDirectory
0x0000000007d2e000 	/System/Library/Frameworks/ServiceManagement.framework/Versions/A/ServiceManagement
0x0000000007d2e000 	/usr/lib/libxslt.1.dylib
0x0000000007d2e000 	/System/Library/Frameworks/Carbon.framework/Versions/A/Frameworks/Ink.framework/Versions/A/Ink
0x0000000007d2e000 	/System/Library/Frameworks/ApplicationServices.framework/Versions/A/Frameworks/ATS.framework/Versions/A/ATS
0x0000000007d2e000 	/System/Library/Frameworks/ApplicationServices.framework/Versions/A/Frameworks/ColorSync.framework/Versions/A/ColorSync
0x0000000007d2e000 	/System/Library/Frameworks/ApplicationServices.framework/Versions/A/Frameworks/HIServices.framework/Versions/A/HIServices
0x0000000007d2e000 	/System/Library/Frameworks/ApplicationServices.framework/Versions/A/Frameworks/LangAnalysis.framework/Versions/A/LangAnalysis
0x0000000007d2e000 	/System/Library/Frameworks/ApplicationServices.framework/Versions/A/Frameworks/PrintCore.framework/Versions/A/PrintCore
0x0000000007d2e000 	/System/Library/Frameworks/ApplicationServices.framework/Versions/A/Frameworks/QD.framework/Versions/A/QD
0x0000000007d2e000 	/System/Library/Frameworks/ApplicationServices.framework/Versions/A/Frameworks/SpeechSynthesis.framework/Versions/A/SpeechSynthesis
0x0000000007d2e000 	/System/Library/Frameworks/Accelerate.framework/Versions/A/Accelerate
0x0000000007d2e000 	/System/Library/Frameworks/Accelerate.framework/Versions/A/Frameworks/vImage.framework/Versions/A/vImage
0x0000000007d2e000 	/System/Library/Frameworks/Accelerate.framework/Versions/A/Frameworks/vecLib.framework/Versions/A/vecLib
0x0000000007d2e000 	/System/Library/Frameworks/Accelerate.framework/Versions/A/Frameworks/vecLib.framework/Versions/A/libvDSP.dylib
0x0000000007d2e000 	/System/Library/Frameworks/Accelerate.framework/Versions/A/Frameworks/vecLib.framework/Versions/A/libvMisc.dylib
0x0000000007d2e000 	/System/Library/Frameworks/Accelerate.framework/Versions/A/Frameworks/vecLib.framework/Versions/A/libLAPACK.dylib
0x0000000007d2e000 	/System/Library/Frameworks/Accelerate.framework/Versions/A/Frameworks/vecLib.framework/Versions/A/libBLAS.dylib
0x0000000007d2e000 	/System/Library/Frameworks/Accelerate.framework/Versions/A/Frameworks/vecLib.framework/Versions/A/libLinearAlgebra.dylib
0x0000000007d2e000 	/System/Library/Frameworks/ApplicationServices.framework/Versions/A/Frameworks/ATS.framework/Versions/A/Resources/libFontParser.dylib
0x0000000007d2e000 	/System/Library/Frameworks/ApplicationServices.framework/Versions/A/Frameworks/ATS.framework/Versions/A/Resources/libFontRegistry.dylib
0x0000000007d2e000 	/System/Library/PrivateFrameworks/AppleVPA.framework/Versions/A/AppleVPA
0x0000000007d2e000 	/System/Library/PrivateFrameworks/AppleJPEG.framework/Versions/A/AppleJPEG
0x0000000007d2e000 	/System/Library/Frameworks/ImageIO.framework/Versions/A/Resources/libJPEG.dylib
0x0000000007d2e000 	/System/Library/Frameworks/ImageIO.framework/Versions/A/Resources/libTIFF.dylib
0x0000000007d2e000 	/System/Library/Frameworks/ImageIO.framework/Versions/A/Resources/libPng.dylib
0x0000000007d2e000 	/System/Library/Frameworks/ImageIO.framework/Versions/A/Resources/libGIF.dylib
0x0000000007d2e000 	/System/Library/Frameworks/ImageIO.framework/Versions/A/Resources/libJP2.dylib
0x0000000007d2e000 	/System/Library/Frameworks/ImageIO.framework/Versions/A/Resources/libRadiance.dylib
0x0000000007d2e000 	/System/Library/Frameworks/CoreVideo.framework/Versions/A/CoreVideo
0x0000000007d2e000 	/System/Library/Frameworks/OpenGL.framework/Versions/A/Libraries/libGLU.dylib
0x0000000007d2e000 	/System/Library/Frameworks/OpenGL.framework/Versions/A/Libraries/libGFXShared.dylib
0x0000000007d2e000 	/System/Library/Frameworks/OpenGL.framework/Versions/A/Libraries/libGL.dylib
0x0000000007d2e000 	/System/Library/Frameworks/OpenGL.framework/Versions/A/Libraries/libGLImage.dylib
0x0000000007d2e000 	/System/Library/Frameworks/OpenGL.framework/Versions/A/Libraries/libCVMSPluginSupport.dylib
0x0000000007d2e000 	/System/Library/Frameworks/OpenGL.framework/Versions/A/Libraries/libCoreVMClient.dylib
0x0000000007d2e000 	/usr/lib/libcups.2.dylib
0x0000000007d2e000 	/System/Library/Frameworks/Kerberos.framework/Versions/A/Kerberos
0x0000000007d2e000 	/System/Library/Frameworks/GSS.framework/Versions/A/GSS
0x0000000007d2e000 	/usr/lib/libresolv.9.dylib
0x0000000007d2e000 	/System/Library/PrivateFrameworks/Heimdal.framework/Versions/A/Heimdal
0x0000000007d2e000 	/usr/lib/libheimdal-asn1.dylib
0x0000000007d2e000 	/System/Library/Frameworks/OpenDirectory.framework/Versions/A/OpenDirectory
0x0000000007d2e000 	/System/Library/PrivateFrameworks/CommonAuth.framework/Versions/A/CommonAuth
0x0000000007d2e000 	/System/Library/Frameworks/SecurityFoundation.framework/Versions/A/SecurityFoundation
0x0000000007d2e000 	/System/Library/Frameworks/QuartzCore.framework/Versions/A/Frameworks/CoreImage.framework/Versions/A/CoreImage
0x0000000007d2e000 	/System/Library/PrivateFrameworks/CrashReporterSupport.framework/Versions/A/CrashReporterSupport
0x0000000007d2e000 	/System/Library/Frameworks/OpenCL.framework/Versions/A/OpenCL
0x0000000007d2e000 	/System/Library/PrivateFrameworks/FaceCore.framework/Versions/A/FaceCore
0x0000000007d2e000 	/System/Library/PrivateFrameworks/Ubiquity.framework/Versions/A/Ubiquity
0x0000000007d2e000 	/System/Library/PrivateFrameworks/IconServices.framework/Versions/A/IconServices
0x0000000007d2e000 	/System/Library/PrivateFrameworks/ChunkingLibrary.framework/Versions/A/ChunkingLibrary
0x0000000007d2e000 	/System/Library/PrivateFrameworks/Apple80211.framework/Versions/A/Apple80211
0x0000000007d2e000 	/System/Library/Frameworks/CoreWLAN.framework/Versions/A/CoreWLAN
0x0000000007d2e000 	/System/Library/Frameworks/IOBluetooth.framework/Versions/A/IOBluetooth
0x0000000007d2e000 	/System/Library/PrivateFrameworks/CoreWiFi.framework/Versions/A/CoreWiFi
0x0000000007d2e000 	/System/Library/Frameworks/CoreBluetooth.framework/Versions/A/CoreBluetooth
0x0000000007d2e000 	/System/Library/PrivateFrameworks/DebugSymbols.framework/Versions/A/DebugSymbols
0x0000000007d2e000 	/System/Library/PrivateFrameworks/CoreSymbolication.framework/Versions/A/CoreSymbolication
0x0000000007d2e000 	/System/Library/PrivateFrameworks/Symbolication.framework/Versions/A/Symbolication
0x0000000007d2e000 	/System/Library/PrivateFrameworks/SpeechRecognitionCore.framework/Versions/A/SpeechRecognitionCore
0x0000000105800000 	/Library/Java/JavaVirtualMachines/jdk1.8.0_20.jdk/Contents/Home/jre/lib/server/libjvm.dylib
0x0000000007d2e000 	/usr/lib/libstdc++.6.dylib
0x0000000104745000 	/Library/Java/JavaVirtualMachines/jdk1.8.0_20.jdk/Contents/Home/jre/lib/libverify.dylib
0x0000000104753000 	/Library/Java/JavaVirtualMachines/jdk1.8.0_20.jdk/Contents/Home/jre/lib/libjava.dylib
0x0000000104788000 	/Library/Java/JavaVirtualMachines/jdk1.8.0_20.jdk/Contents/Home/jre/lib/libinstrument.dylib
0x00000001047dd000 	/Users/NickRadonic/Library/Application Support/IntelliJIdea13/chronon/lib/recorder/native/librecorderagent-3.0.7.jnilib
0x0000000106826000 	/Library/Java/JavaVirtualMachines/jdk1.8.0_20.jdk/Contents/Home/jre/lib/libzip.dylib
0x00000001223da000 	/System/Library/Frameworks/JavaVM.framework/Frameworks/JavaRuntimeSupport.framework/JavaRuntimeSupport
0x00000001223f2000 	/System/Library/Frameworks/JavaVM.framework/Versions/A/Frameworks/JavaNativeFoundation.framework/Versions/A/JavaNativeFoundation
0x0000000122407000 	/System/Library/Frameworks/JavaVM.framework/Versions/A/JavaVM
0x0000000007d2e000 	/System/Library/Frameworks/Carbon.framework/Versions/A/Carbon
0x0000000122414000 	/System/Library/PrivateFrameworks/JavaLaunching.framework/Versions/A/JavaLaunching
0x0000000007d2e000 	/System/Library/Frameworks/Carbon.framework/Versions/A/Frameworks/CommonPanels.framework/Versions/A/CommonPanels
0x0000000007d2e000 	/System/Library/Frameworks/Carbon.framework/Versions/A/Frameworks/Help.framework/Versions/A/Help
0x0000000007d2e000 	/System/Library/Frameworks/Carbon.framework/Versions/A/Frameworks/ImageCapture.framework/Versions/A/ImageCapture
0x0000000007d2e000 	/System/Library/Frameworks/Carbon.framework/Versions/A/Frameworks/OpenScripting.framework/Versions/A/OpenScripting
0x0000000007d2e000 	/System/Library/Frameworks/Carbon.framework/Versions/A/Frameworks/Print.framework/Versions/A/Print
0x0000000007d2e000 	/System/Library/Frameworks/Carbon.framework/Versions/A/Frameworks/SecurityHI.framework/Versions/A/SecurityHI
0x0000000123d97000 	/Library/Java/JavaVirtualMachines/jdk1.8.0_20.jdk/Contents/Home/jre/lib/libmanagement.dylib
0x000000012451f000 	/Library/Java/JavaVirtualMachines/jdk1.8.0_20.jdk/Contents/Home/jre/lib/libnet.dylib
0x000000012457e000 	/Library/Java/JavaVirtualMachines/jdk1.8.0_20.jdk/Contents/Home/jre/lib/libnio.dylib
0x0000000125232000 	/Applications/IntelliJ IDEA 13.app/Contents/bin/libbreakgen64.jnilib
0x0000000125466000 	/Library/Java/JavaVirtualMachines/jdk1.8.0_20.jdk/Contents/Home/jre/lib/libawt.dylib
0x0000000125515000 	/Library/Java/JavaVirtualMachines/jdk1.8.0_20.jdk/Contents/Home/jre/lib/./libmlib_image.dylib
0x00000001255e1000 	/Library/Java/JavaVirtualMachines/jdk1.8.0_20.jdk/Contents/Home/jre/lib/libawt_lwawt.dylib
0x0000000125694000 	/Library/Java/JavaVirtualMachines/jdk1.8.0_20.jdk/Contents/Home/jre/lib/./libosxapp.dylib
0x0000000007d2e000 	/System/Library/Frameworks/ExceptionHandling.framework/Versions/A/ExceptionHandling
0x0000000007d2e000 	/System/Library/PrivateFrameworks/CoreServicesInternal.framework/Versions/A/CoreServicesInternal
0x0000000007d2e000 	/System/Library/PrivateFrameworks/CloudDocs.framework/Versions/A/CloudDocs
0x0000000007d2e000 	/System/Library/PrivateFrameworks/CoreDuet.framework/Versions/A/CoreDuet
0x0000000007d2e000 	/System/Library/Frameworks/CloudKit.framework/Versions/A/CloudKit
0x0000000007d2e000 	/System/Library/PrivateFrameworks/ProtocolBuffer.framework/Versions/A/ProtocolBuffer
0x0000000007d2e000 	/System/Library/PrivateFrameworks/CoreDuetDaemonProtocol.framework/Versions/A/CoreDuetDaemonProtocol
0x0000000007d2e000 	/System/Library/PrivateFrameworks/CoreDuetDebugLogging.framework/Versions/A/CoreDuetDebugLogging
0x0000000007d2e000 	/System/Library/Frameworks/CoreLocation.framework/Versions/A/CoreLocation
0x0000000007d2e000 	/System/Library/Frameworks/Accounts.framework/Versions/A/Accounts
0x0000000007d2e000 	/System/Library/PrivateFrameworks/ApplePushService.framework/Versions/A/ApplePushService
0x0000000007d2e000 	/System/Library/PrivateFrameworks/GeoServices.framework/Versions/A/GeoServices
0x0000000007d2e000 	/System/Library/PrivateFrameworks/OAuth.framework/Versions/A/OAuth
0x0000000007d2e000 	/System/Library/PrivateFrameworks/CoreDaemon.framework/Versions/B/CoreDaemon
0x0000000007d2e000 	/usr/lib/libcrypto.0.9.8.dylib
0x0000000007d2e000 	/System/Library/PrivateFrameworks/AppleSRP.framework/Versions/A/AppleSRP
0x0000000007d2e000 	/System/Library/PrivateFrameworks/TrustEvaluationAgent.framework/Versions/A/TrustEvaluationAgent
0x0000000007d2e000 	/System/Library/Frameworks/CoreGraphics.framework/Versions/A/Resources/libCGCMS.A.dylib
0x0000000007d2e000 	/System/Library/Frameworks/CoreGraphics.framework/Versions/A/Resources/libRIP.A.dylib
0x0000000007d2e000 	/System/Library/Frameworks/CoreGraphics.framework/Versions/A/Resources/libCGXType.A.dylib
0x0000000007d2e000 	/System/Library/Frameworks/OpenCL.framework/Versions/A/Libraries/libcldcpuengine.dylib
0x0000000007d2e000 	/System/Library/PrivateFrameworks/DiskImages.framework/Versions/A/DiskImages
0x0000000007d2e000 	/System/Library/Frameworks/DiscRecording.framework/Versions/A/DiscRecording
0x0000000007d2e000 	/usr/lib/libcsfde.dylib
0x0000000007d2e000 	/usr/lib/libcurl.4.dylib
0x0000000007d2e000 	/System/Library/PrivateFrameworks/MediaKit.framework/Versions/A/MediaKit
0x0000000007d2e000 	/System/Library/PrivateFrameworks/ProtectedCloudStorage.framework/Versions/A/ProtectedCloudStorage
0x0000000007d2e000 	/usr/lib/libCoreStorage.dylib
0x0000000007d2e000 	/System/Library/PrivateFrameworks/EFILogin.framework/Versions/A/EFILogin
0x0000000007d2e000 	/usr/lib/libutil.dylib
0x0000000007d2e000 	/System/Library/PrivateFrameworks/FindMyDevice.framework/Versions/A/FindMyDevice
0x0000000007d2e000 	/System/Library/Frameworks/LDAP.framework/Versions/A/LDAP
0x0000000007d2e000 	/usr/lib/libsasl2.2.dylib
0x00000001285b5000 	cl_kernels
0x00000001285b7000 	/System/Library/Frameworks/OpenCL.framework/Versions/A/Libraries/ImageFormats/unorm8_bgra.dylib
0x00000001285a7000 	cl_kernels
0x0000000007d2e000 	/System/Library/PrivateFrameworks/FamilyControls.framework/Versions/A/FamilyControls
0x0000000007d2e000 	/System/Library/PrivateFrameworks/CommerceKit.framework/Versions/A/Frameworks/CommerceCore.framework/Versions/A/CommerceCore
0x0000000007d2e000 	/System/Library/PrivateFrameworks/SystemAdministration.framework/Versions/A/SystemAdministration
0x0000000007d2e000 	/System/Library/PrivateFrameworks/AppContainer.framework/Versions/A/AppContainer
0x0000000007d2e000 	/System/Library/PrivateFrameworks/SecCodeWrapper.framework/Versions/A/SecCodeWrapper
0x0000000007d2e000 	/System/Library/Frameworks/DirectoryService.framework/Versions/A/DirectoryService
0x0000000007d2e000 	/System/Library/PrivateFrameworks/LoginUIKit.framework/Versions/A/Frameworks/LoginUICore.framework/Versions/A/LoginUICore
0x0000000007d2e000 	/usr/lib/libodfde.dylib
0x0000000007d2e000 	/System/Library/Frameworks/OpenGL.framework/Versions/A/Resources/GLEngine.bundle/GLEngine
0x0000000007d2e000 	/System/Library/Frameworks/OpenGL.framework/Versions/A/Libraries/libGLProgrammability.dylib
0x0000000000000000 	/System/Library/Extensions/AppleIntelHD5000GraphicsGLDriver.bundle/Contents/MacOS/AppleIntelHD5000GraphicsGLDriver
0x0000000007d2e000 	/System/Library/PrivateFrameworks/IOAccelerator.framework/Versions/A/IOAccelerator
0x0000000007d2e000 	/System/Library/PrivateFrameworks/GPUSupport.framework/Versions/A/Libraries/libGPUSupportMercury.dylib
0x0000000000000000 	/System/Library/Extensions/GeForceGLDriver.bundle/Contents/MacOS/GeForceGLDriver
0x0000000007d2e000 	/System/Library/Extensions/GeForceGLDriver.bundle/Contents/MacOS/libclh.dylib
0x0000000007d2e000 	/System/Library/Frameworks/OpenGL.framework/Versions/A/Resources/GLRendererFloat.bundle/GLRendererFloat
0x000000012b315000 	/Library/Java/JavaVirtualMachines/jdk1.8.0_20.jdk/Contents/Home/jre/lib/libfontmanager.dylib
0x000000012b67b000 	/Library/Java/JavaVirtualMachines/jdk1.8.0_20.jdk/Contents/Home/jre/lib/libosxui.dylib
0x0000000007d2e000 	/System/Library/Frameworks/Accelerate.framework/Versions/A/Frameworks/vImage.framework/Versions/A/Libraries/libCGInterfaces.dylib

VM Arguments:
jvm_args: -javaagent:/Users/NickRadonic/Library/Application Support/IntelliJIdea13/chronon/lib/recorder/recorder-3.20.1.187.jar=/Users/NickRadonic/Library/Caches/IntelliJIdea13/chronon-recordings/2014_11_25_CaveGame1/config.txt -agentpath:/Users/NickRadonic/Library/Application Support/IntelliJIdea13/chronon/lib/recorder/native/librecorderagent-3.0.7.jnilib -Xverify:none -Didea.launcher.port=7535 -Didea.launcher.bin.path=/Applications/IntelliJ IDEA 13.app/Contents/bin -Dfile.encoding=UTF-8 
java_command: com.intellij.rt.execution.application.AppMain GameControl.CaveGame
java_class_path (initial): /Library/Java/JavaVirtualMachines/jdk1.8.0_20.jdk/Contents/Home/lib/ant-javafx.jar:/Library/Java/JavaVirtualMachines/jdk1.8.0_20.jdk/Contents/Home/lib/dt.jar:/Library/Java/JavaVirtualMachines/jdk1.8.0_20.jdk/Contents/Home/lib/javafx-mx.jar:/Library/Java/JavaVirtualMachines/jdk1.8.0_20.jdk/Contents/Home/lib/jconsole.jar:/Library/Java/JavaVirtualMachines/jdk1.8.0_20.jdk/Contents/Home/lib/sa-jdi.jar:/Library/Java/JavaVirtualMachines/jdk1.8.0_20.jdk/Contents/Home/lib/tools.jar:/Library/Java/JavaVirtualMachines/jdk1.8.0_20.jdk/Contents/Home/jre/lib/charsets.jar:/Library/Java/JavaVirtualMachines/jdk1.8.0_20.jdk/Contents/Home/jre/lib/deploy.jar:/Library/Java/JavaVirtualMachines/jdk1.8.0_20.jdk/Contents/Home/jre/lib/javaws.jar:/Library/Java/JavaVirtualMachines/jdk1.8.0_20.jdk/Contents/Home/jre/lib/jce.jar:/Library/Java/JavaVirtualMachines/jdk1.8.0_20.jdk/Contents/Home/jre/lib/jfr.jar:/Library/Java/JavaVirtualMachines/jdk1.8.0_20.jdk/Contents/Home/jre/lib/jfxswt.jar:/Library/Java/JavaVirtualMachines/jdk1.8.0_20.jdk/Contents/Home/jre/lib/jsse.jar:/Library/Java/JavaVirtualMachines/jdk1.8.0_20.jdk/Contents/Home/jre/lib/management-agent.jar:/Library/Java/JavaVirtualMachines/jdk1.8.0_20.jdk/Contents/Home/jre/lib/plugin.jar:/Library/Java/JavaVirtualMachines/jdk1.8.0_20.jdk/Contents/Home/jre/lib/resources.jar:/Library/Java/JavaVirtualMachines/jdk1.8.0_20.jdk/Contents/Home/jre/lib/rt.jar:/Library/Java/JavaVirtualMachines/jdk1.8.0_20.jdk/Contents/Home/jre/lib/ext/cldrdata.jar:/Library/Java/JavaVirtualMachines/jdk1.8.0_20.jdk/Contents/Home/jre/lib/ext/dnsns.jar:/Library/Java/JavaVirtualMachines/jdk1.8.0_20.jdk/Contents/Home/jre/lib/ext/jfxrt.jar:/Library/Java/JavaVirtualMachines/jdk1.8.0_20.jdk/Contents/Home/jre/lib/ext/localedata.jar:/Library/Java/JavaVirtualMachines/jdk1.8.0_20.jdk/Contents/Home/jre/lib/ext/nashorn.jar:/Library/Java/JavaVirtualMachines/jdk1.8.0_20.jdk/Contents/Home/jre/lib/ext/sunec.jar:/Library/Java/JavaVirtualMachines/jdk1.8.0_20.jdk/C
Launcher Type: SUN_STANDARD

Environment Variables:
PATH=/usr/local/bin:/usr/bin:/bin:/usr/sbin:/sbin:/Applications/Server.app/Contents/ServerRoot/usr/bin:/Applications/Server.app/Contents/ServerRoot/usr/sbin
SHELL=/bin/bash

Signal Handlers:
SIGSEGV: [libjvm.dylib+0x578fd7], sa_mask[0]=11111111011111110111111111111111, sa_flags=SA_ONSTACK|SA_RESTART|SA_SIGINFO
SIGBUS: [libjvm.dylib+0x578fd7], sa_mask[0]=11111111011111110111111111111111, sa_flags=SA_RESTART|SA_SIGINFO
SIGFPE: [libjvm.dylib+0x45ab0c], sa_mask[0]=11111111011111110111111111111111, sa_flags=SA_RESTART|SA_SIGINFO
SIGPIPE: [libjvm.dylib+0x45ab0c], sa_mask[0]=11111111011111110111111111111111, sa_flags=SA_RESTART|SA_SIGINFO
SIGXFSZ: [libjvm.dylib+0x45ab0c], sa_mask[0]=11111111011111110111111111111111, sa_flags=SA_RESTART|SA_SIGINFO
SIGILL: [libjvm.dylib+0x45ab0c], sa_mask[0]=11111111011111110111111111111111, sa_flags=SA_RESTART|SA_SIGINFO
SIGUSR1: SIG_DFL, sa_mask[0]=00000000000000000000000000000000, sa_flags=none
SIGUSR2: [libjvm.dylib+0x45a62a], sa_mask[0]=00100000000000000000000000000000, sa_flags=SA_RESTART|SA_SIGINFO
SIGHUP: [libjvm.dylib+0x458bfd], sa_mask[0]=11111111011111110111111111111111, sa_flags=SA_RESTART|SA_SIGINFO
SIGINT: [libjvm.dylib+0x458bfd], sa_mask[0]=11111111011111110111111111111111, sa_flags=SA_RESTART|SA_SIGINFO
SIGTERM: [libjvm.dylib+0x458bfd], sa_mask[0]=11111111011111110111111111111111, sa_flags=SA_RESTART|SA_SIGINFO
SIGQUIT: [libjvm.dylib+0x458bfd], sa_mask[0]=11111111011111110111111111111111, sa_flags=SA_RESTART|SA_SIGINFO


---------------  S Y S T E M  ---------------

OS:Bsduname:Darwin 14.1.0 Darwin Kernel Version 14.1.0: Thu Nov 13 18:36:56 PST 2014; root:xnu-2782.10.65~2/RELEASE_X86_64 x86_64
rlimit: STACK 8192k, CORE 0k, NPROC 709, NOFILE 10240, AS infinity
load average:2.02 1.83 1.78

CPU:total 8 (4 cores per cpu, 2 threads per core) family 6 model 70 stepping 1, cmov, cx8, fxsr, mmx, sse, sse2, sse3, ssse3, sse4.1, sse4.2, popcnt, avx, avx2, aes, clmul, erms, rtm, lzcnt, ht, tsc, tscinvbit, bmi1, bmi2

Memory: 4k page, physical 16777216k(2692k free)

/proc/meminfo:


vm_info: Java HotSpot(TM) 64-Bit Server VM (25.20-b23) for bsd-amd64 JRE (1.8.0_20-b26), built on Jul 30 2014 13:37:47 by "java_re" with gcc 4.2.1 (Based on Apple Inc. build 5658) (LLVM build 2336.9.00)

time: Tue Nov 25 12:55:52 2014
elapsed time: 18 seconds (0d 0h 0m 18s)

