#
# A fatal error has been detected by the Java Runtime Environment:
#
#  SIGSEGV (0xb) at pc=0x00000001043aa5b0, pid=5827, tid=22275
#
# JRE version: Java(TM) SE Runtime Environment (8.0_20-b26) (build 1.8.0_20-b26)
# Java VM: Java HotSpot(TM) 64-Bit Server VM (25.20-b23 mixed mode bsd-amd64 compressed oops)
# Problematic frame:
# V  [libjvm.dylib+0x3aa5b0]
#
# Failed to write core dump. Core dumps have been disabled. To enable core dumping, try "ulimit -c unlimited" before starting Java again
#
# If you would like to submit a bug report, please visit:
#   http://bugreport.sun.com/bugreport/crash.jsp
#

---------------  T H R E A D  ---------------

Current thread (0x00007ff6188a0800):  JavaThread "C2 CompilerThread0" daemon [_thread_in_native, id=22275, stack(0x000000012330c000,0x000000012340c000)]

siginfo: si_signo: 11 (SIGSEGV), si_code: 1 (SEGV_MAPERR), si_addr: 0x0000000000000008

Registers:
RAX=0x0000000000000000, RBX=0x0000000123405a08, RCX=0x00007ff61963e010, RDX=0x00007ff61c8b21d0
RSP=0x00000001234055b0, RBP=0x00000001234055b0, RSI=0x00007ff61871aef0, RDI=0x0000000123405a08
R8 =0x0000000000000000, R9 =0x0000000000000005, R10=0x000000000000000c, R11=0x0000000000000c00
R12=0x00007ff61c8b21d0, R13=0x0000000000000000, R14=0x00007ff61871aef0, R15=0x00007ff6195e60d0
RIP=0x00000001043aa5b0, EFLAGS=0x0000000000010202, ERR=0x0000000000000004
  TRAPNO=0x000000000000000e

Top of Stack: (sp=0x00000001234055b0)
0x00000001234055b0:   00000001234055f0 00000001043b37e5
0x00000001234055c0:   00007ff619282ba0 0000000123405920
0x00000001234055d0:   0000000000000002 00007ff61e81f5f8
0x00000001234055e0:   0000000123405a08 00007ff619282ba0
0x00000001234055f0:   0000000123405650 00000001043b3a32
0x0000000123405600:   00000001234063d8 0000000123405900
0x0000000123405610:   00000001234063b8 00000001234058e0
0x0000000123405620:   000000020000246d 0000000123405a08
0x0000000123405630:   0000000000000001 0000000000000000
0x0000000123405640:   00007ff61871af60 0000000000000003
0x0000000123405650:   0000000123405990 00000001043b9b73
0x0000000123405660:   00007ff6195c0aa0 00007ff61e88a360
0x0000000123405670:   0000000100000000 00007ff618447580
0x0000000123405680:   00000001234056b0 00007fff906f2f18
0x0000000123405690:   00000001234056c0 0000000019c2c230
0x00000001234056a0:   000000012c6cf000 0000000102db6280
0x00000001234056b0:   0000000000000000 0000000000000000
0x00000001234056c0:   00007ff61f405ca0 0000000000020010
0x00000001234056d0:   0000000102db5000 0000000000000000
0x00000001234056e0:   0000000000000000 0000000000000000
0x00000001234056f0:   00000001234057e0 00007fff906f13a5
0x0000000123405700:   0000000123405770 00000000988acaa4
0x0000000123405710:   00007ff6195c0aa0 00007ff61beaf258
0x0000000123405720:   00007ff6195c0aa0 00007ff6195c0aa0
0x0000000123405730:   00007ff61bc35fc8 000000012340a200
0x0000000123405740:   00007ff61f405ca0 00007ff619c2c490
0x0000000123405750:   0000000123405770 000000010454285a
0x0000000123405760:   0000000000000000 0000000000000000
0x0000000123405770:   00000001234057f0 00007ff6188acb20
0x0000000123405780:   00000001045d2393 000000012340afb0
0x0000000123405790:   00000001234098a8 00007ff61e81f5f8
0x00000001234057a0:   00000001234057d0 0000000104416537 

Instructions: (pc=0x00000001043aa5b0)
0x00000001043aa590:   2c 83 e1 07 83 f9 05 48 0f 45 c2 5d c3 90 55 48
0x00000001043aa5a0:   89 e5 8b 46 28 48 8b 8f f0 09 00 00 48 8b 04 c1
0x00000001043aa5b0:   48 8b 48 08 48 83 39 00 75 26 8b 4f 28 8b 40 28
0x00000001043aa5c0:   39 c1 77 0e 31 c0 48 8b 50 08 48 83 3a 00 74 ed 

Register to memory mapping:

RAX=0x0000000000000000 is an unknown value
RBX=0x0000000123405a08 is pointing into the stack for thread: 0x00007ff6188a0800
RCX=0x00007ff61963e010 is an unknown value
RDX=0x00007ff61c8b21d0 is an unknown value
RSP=0x00000001234055b0 is pointing into the stack for thread: 0x00007ff6188a0800
RBP=0x00000001234055b0 is pointing into the stack for thread: 0x00007ff6188a0800
RSI=0x00007ff61871aef0 is an unknown value
RDI=0x0000000123405a08 is pointing into the stack for thread: 0x00007ff6188a0800
R8 =0x0000000000000000 is an unknown value
R9 =0x0000000000000005 is an unknown value
R10=0x000000000000000c is an unknown value
R11=0x0000000000000c00 is an unknown value
R12=0x00007ff61c8b21d0 is an unknown value
R13=0x0000000000000000 is an unknown value
R14=0x00007ff61871aef0 is an unknown value
R15=0x00007ff6195e60d0 is an unknown value


Stack: [0x000000012330c000,0x000000012340c000],  sp=0x00000001234055b0,  free space=997k
Native frames: (J=compiled Java code, j=interpreted, Vv=VM code, C=native code)
V  [libjvm.dylib+0x3aa5b0]
V  [libjvm.dylib+0x3b37e5]
V  [libjvm.dylib+0x3b3a32]
V  [libjvm.dylib+0x3b9b73]
V  [libjvm.dylib+0x1a5b78]
V  [libjvm.dylib+0x1a8925]
V  [libjvm.dylib+0x14afd6]
V  [libjvm.dylib+0x1ac260]
V  [libjvm.dylib+0x1ae36f]
V  [libjvm.dylib+0x535a51]
V  [libjvm.dylib+0x537194]
V  [libjvm.dylib+0x45d35a]
C  [libsystem_pthread.dylib+0x3268]  _pthread_body+0x83
C  [libsystem_pthread.dylib+0x31e5]  _pthread_body+0x0
C  [libsystem_pthread.dylib+0x141d]  thread_start+0xd
C  0x0000000000000000


Current CompileTask:
C2:   6131 1805       4       java.com.chronon3.sb.recorder.runtime.inject.InstrumentationCode2::recordObjectValue (155 bytes)


---------------  P R O C E S S  ---------------

Java Threads: ( => current thread )
  0x00007ff619dd5800 JavaThread "TimerQueue" daemon [_thread_blocked, id=75323, stack(0x000000013a965000,0x000000013aa65000)]
  0x00007ff619807800 JavaThread "DestroyJavaVM" [_thread_blocked, id=4867, stack(0x0000000102eb1000,0x0000000102fb1000)]
  0x00007ff619a2c800 JavaThread "AWT-EventQueue-0" [_thread_blocked, id=65303, stack(0x00000001297cf000,0x00000001298cf000)]
  0x00007ff619a3f800 JavaThread "Java2D Disposer" daemon [_thread_blocked, id=63495, stack(0x000000012916a000,0x000000012926a000)]
  0x00007ff61ba2f800 JavaThread "Java2D Queue Flusher" daemon [_thread_in_native, id=51235, stack(0x00000001282f8000,0x00000001283f8000)]
  0x00007ff618ace000 JavaThread "AWT-Shutdown" [_thread_blocked, id=35347, stack(0x0000000125201000,0x0000000125301000)]
  0x00007ff61b9c9800 JavaThread "AppKit Thread" daemon [_thread_in_native, id=1299, stack(0x00007fff5c665000,0x00007fff5ce65000)]
  0x00007ff61b903000 JavaThread "Monitor Ctrl-Break" daemon [_thread_in_native, id=25347, stack(0x0000000123921000,0x0000000123a21000)]
  0x00007ff619015000 JavaThread "Service Thread" daemon [_thread_blocked, id=24323, stack(0x0000000123718000,0x0000000123818000)]
  0x00007ff61981d800 JavaThread "C1 CompilerThread3" daemon [_thread_in_vm, id=23811, stack(0x0000000123615000,0x0000000123715000)]
  0x00007ff61b8fe000 JavaThread "C2 CompilerThread2" daemon [_thread_blocked, id=23299, stack(0x0000000123512000,0x0000000123612000)]
  0x00007ff619813000 JavaThread "C2 CompilerThread1" daemon [_thread_in_native, id=22787, stack(0x000000012340f000,0x000000012350f000)]
=>0x00007ff6188a0800 JavaThread "C2 CompilerThread0" daemon [_thread_in_native, id=22275, stack(0x000000012330c000,0x000000012340c000)]
  0x00007ff61888c800 JavaThread "Chronon - Flusher Thread" daemon [_thread_blocked, id=21763, stack(0x0000000123209000,0x0000000123309000)]
  0x00007ff618880000 JavaThread "Chronon - Flusher Thread" daemon [_thread_blocked, id=21251, stack(0x0000000123106000,0x0000000123206000)]
  0x00007ff61887f800 JavaThread "Recorder Data Persistor" daemon [_thread_blocked, id=20739, stack(0x0000000123003000,0x0000000123103000)]
  0x00007ff61886c000 JavaThread "Chronon - Logger Thread" daemon [_thread_blocked, id=20227, stack(0x0000000122f00000,0x0000000123000000)]
  0x00007ff61b8fd000 JavaThread "Chronon - Db2" daemon [_thread_blocked, id=19715, stack(0x0000000122dfd000,0x0000000122efd000)]
  0x00007ff61883c000 JavaThread "Chronon - Db1" daemon [_thread_blocked, id=19203, stack(0x0000000122cfa000,0x0000000122dfa000)]
  0x00007ff619004800 JavaThread "Recorder - Reference Collector" daemon [_thread_blocked, id=18691, stack(0x0000000122510000,0x0000000122610000)]
  0x00007ff619004000 JavaThread "Signal Dispatcher" daemon [_thread_blocked, id=15383, stack(0x0000000122400000,0x0000000122500000)]
  0x00007ff61885e800 JavaThread "Finalizer" daemon [_thread_blocked, id=13571, stack(0x0000000120a41000,0x0000000120b41000)]
  0x00007ff61885d800 JavaThread "Reference Handler" daemon [_thread_blocked, id=13059, stack(0x000000012093e000,0x0000000120a3e000)]

Other Threads:
  0x00007ff61a803000 VMThread [stack: 0x000000012083b000,0x000000012093b000] [id=12547]
  0x00007ff61b8fe800 WatcherThread [stack: 0x000000012381b000,0x000000012391b000] [id=24835]

VM state:not at safepoint (normal execution)

VM Mutex/Monitor currently owned by a thread: None

Heap:
 PSYoungGen      total 76288K, used 42604K [0x000000076ab00000, 0x0000000770000000, 0x00000007c0000000)
  eden space 65536K, 57% used [0x000000076ab00000,0x000000076cf8a070,0x000000076eb00000)
  from space 10752K, 48% used [0x000000076eb00000,0x000000076f011340,0x000000076f580000)
  to   space 10752K, 0% used [0x000000076f580000,0x000000076f580000,0x0000000770000000)
 ParOldGen       total 175104K, used 16K [0x00000006c0000000, 0x00000006cab00000, 0x000000076ab00000)
  object space 175104K, 0% used [0x00000006c0000000,0x00000006c0004000,0x00000006cab00000)
 Metaspace       used 18896K, capacity 19202K, committed 19456K, reserved 1067008K
  class space    used 2434K, capacity 2504K, committed 2560K, reserved 1048576K

Card table byte_map: [0x0000000114358000,0x0000000114b59000] byte_map_base: 0x0000000110d58000

Marking Bits: (ParMarkBitMap*) 0x000000010489c330
 Begin Bits: [0x00000001158c7000, 0x00000001198c7000)
 End Bits:   [0x00000001198c7000, 0x000000011d8c7000)

Polling page: 0x0000000102ff5000

CodeCache: size=245760Kb used=6623Kb max_used=6628Kb free=239136Kb
 bounds [0x0000000104f98000, 0x0000000105618000, 0x0000000113f98000]
 total_blobs=2423 nmethods=1819 adapters=518
 compilation: enabled

Compilation events (10 events):
Event: 6.120 Thread 0x00007ff61b8fe000 1742       4       java.io.ObjectOutputStream$HandleTable::insert (39 bytes)
Event: 6.121 Thread 0x00007ff61981d800 1823       3       javax.swing.JComponent::getGraphics (33 bytes)
Event: 6.121 Thread 0x00007ff61981d800 nmethod 1823 0x0000000105611ed0 code [0x0000000105612080, 0x0000000105612458]
Event: 6.121 Thread 0x00007ff61981d800 1824       3       java.util.LinkedList$ListItr::hasNext (20 bytes)
Event: 6.121 Thread 0x00007ff61981d800 nmethod 1824 0x0000000105611ad0 code [0x0000000105611c40, 0x0000000105611e10]
Event: 6.121 Thread 0x00007ff61981d800 1825       3       sun.lwawt.LWContainerPeer::getContentSize (5 bytes)
Event: 6.121 Thread 0x00007ff61981d800 nmethod 1825 0x00000001056116d0 code [0x0000000105611840, 0x0000000105611a48]
Event: 6.122 Thread 0x00007ff61b8fe000 nmethod 1742 0x000000010560fc90 code [0x000000010560fe00, 0x0000000105610008]
Event: 6.122 Thread 0x00007ff61b8fe000 1770   !   4       java.util.zip.Deflater::setInput (74 bytes)
Event: 6.123 Thread 0x00007ff61b8fe000 nmethod 1770 0x000000010560f790 code [0x000000010560f8e0, 0x000000010560fb98]

GC Heap History (2 events):
Event: 1.742 GC heap before
{Heap before GC invocations=1 (full 0):
 PSYoungGen      total 76288K, used 65536K [0x000000076ab00000, 0x0000000770000000, 0x00000007c0000000)
  eden space 65536K, 100% used [0x000000076ab00000,0x000000076eb00000,0x000000076eb00000)
  from space 10752K, 0% used [0x000000076f580000,0x000000076f580000,0x0000000770000000)
  to   space 10752K, 0% used [0x000000076eb00000,0x000000076eb00000,0x000000076f580000)
 ParOldGen       total 175104K, used 0K [0x00000006c0000000, 0x00000006cab00000, 0x000000076ab00000)
  object space 175104K, 0% used [0x00000006c0000000,0x00000006c0000000,0x00000006cab00000)
 Metaspace       used 14346K, capacity 14610K, committed 14976K, reserved 1062912K
  class space    used 1747K, capacity 1832K, committed 1920K, reserved 1048576K
Event: 1.746 GC heap after
Heap after GC invocations=1 (full 0):
 PSYoungGen      total 76288K, used 5188K [0x000000076ab00000, 0x0000000770000000, 0x00000007c0000000)
  eden space 65536K, 0% used [0x000000076ab00000,0x000000076ab00000,0x000000076eb00000)
  from space 10752K, 48% used [0x000000076eb00000,0x000000076f011340,0x000000076f580000)
  to   space 10752K, 0% used [0x000000076f580000,0x000000076f580000,0x0000000770000000)
 ParOldGen       total 175104K, used 16K [0x00000006c0000000, 0x00000006cab00000, 0x000000076ab00000)
  object space 175104K, 0% used [0x00000006c0000000,0x00000006c0004000,0x00000006cab00000)
 Metaspace       used 14346K, capacity 14610K, committed 14976K, reserved 1062912K
  class space    used 1747K, capacity 1832K, committed 1920K, reserved 1048576K
}

Deoptimization events (8 events):
Event: 1.421 Thread 0x00007ff619807800 Uncommon trap: reason=unreached action=reinterpret pc=0x000000010520a31c method=java.lang.AbstractStringBuilder.append(Ljava/lang/String;)Ljava/lang/AbstractStringBuilder; @ 1
Event: 1.422 Thread 0x00007ff619807800 Uncommon trap: reason=unreached action=reinterpret pc=0x0000000105100e1c method=java.lang.AbstractStringBuilder.append(Ljava/lang/String;)Ljava/lang/AbstractStringBuilder; @ 1
Event: 1.466 Thread 0x00007ff619807800 Uncommon trap: reason=unreached action=reinterpret pc=0x00000001050b54e8 method=java.util.HashMap.hash(Ljava/lang/Object;)I @ 1
Event: 1.858 Thread 0x00007ff619807800 Uncommon trap: reason=class_check action=maybe_recompile pc=0x00000001050b4618 method=java.lang.String.equals(Ljava/lang/Object;)Z @ 8
Event: 1.858 Thread 0x00007ff619807800 Uncommon trap: reason=class_check action=maybe_recompile pc=0x00000001050b4618 method=java.lang.String.equals(Ljava/lang/Object;)Z @ 8
Event: 1.858 Thread 0x00007ff619807800 Uncommon trap: reason=class_check action=maybe_recompile pc=0x00000001050b4618 method=java.lang.String.equals(Ljava/lang/Object;)Z @ 8
Event: 1.858 Thread 0x00007ff619807800 Uncommon trap: reason=class_check action=maybe_recompile pc=0x00000001050b4618 method=java.lang.String.equals(Ljava/lang/Object;)Z @ 8
Event: 4.873 Thread 0x00007ff619a2c800 Uncommon trap: reason=bimorphic action=maybe_recompile pc=0x0000000105425d50 method=java.util.HashMap.putVal(ILjava/lang/Object;Ljava/lang/Object;ZZ)Ljava/lang/Object; @ 203

Internal exceptions (10 events):
Event: 3.794 Thread 0x00007ff619a2c800 Exception <a 'java/security/PrivilegedActionException'> (0x000000076c3e50d0) thrown at [/HUDSON3/workspace/8-2-build-macosx-x86_64/jdk8u20/1074/hotspot/src/share/vm/prims/jvm.cpp, line 1275]
Event: 3.801 Thread 0x00007ff619a2c800 Exception <a 'java/security/PrivilegedActionException'> (0x000000076c516f78) thrown at [/HUDSON3/workspace/8-2-build-macosx-x86_64/jdk8u20/1074/hotspot/src/share/vm/prims/jvm.cpp, line 1275]
Event: 3.801 Thread 0x00007ff619a2c800 Exception <a 'java/security/PrivilegedActionException'> (0x000000076c51a8d8) thrown at [/HUDSON3/workspace/8-2-build-macosx-x86_64/jdk8u20/1074/hotspot/src/share/vm/prims/jvm.cpp, line 1275]
Event: 6.040 Thread 0x00007ff619a2c800 Exception <a 'java/security/PrivilegedActionException'> (0x000000076cc13d98) thrown at [/HUDSON3/workspace/8-2-build-macosx-x86_64/jdk8u20/1074/hotspot/src/share/vm/prims/jvm.cpp, line 1275]
Event: 6.043 Thread 0x00007ff619a2c800 Exception <a 'java/security/PrivilegedActionException'> (0x000000076cc49748) thrown at [/HUDSON3/workspace/8-2-build-macosx-x86_64/jdk8u20/1074/hotspot/src/share/vm/prims/jvm.cpp, line 1275]
Event: 6.047 Thread 0x00007ff619a2c800 Exception <a 'java/security/PrivilegedActionException'> (0x000000076cc666d8) thrown at [/HUDSON3/workspace/8-2-build-macosx-x86_64/jdk8u20/1074/hotspot/src/share/vm/prims/jvm.cpp, line 1275]
Event: 6.050 Thread 0x00007ff619a2c800 Exception <a 'java/security/PrivilegedActionException'> (0x000000076ccb9e70) thrown at [/HUDSON3/workspace/8-2-build-macosx-x86_64/jdk8u20/1074/hotspot/src/share/vm/prims/jvm.cpp, line 1275]
Event: 6.052 Thread 0x00007ff619a2c800 Exception <a 'java/security/PrivilegedActionException'> (0x000000076ccc53e8) thrown at [/HUDSON3/workspace/8-2-build-macosx-x86_64/jdk8u20/1074/hotspot/src/share/vm/prims/jvm.cpp, line 1275]
Event: 6.055 Thread 0x00007ff618880000 Exception <a 'java/lang/NoSuchMethodError': <clinit>> (0x000000076c9a1148) thrown at [/HUDSON3/workspace/8-2-build-macosx-x86_64/jdk8u20/1074/hotspot/src/share/vm/prims/jni.cpp, line 1603]
Event: 6.085 Thread 0x00007ff619a2c800 Exception <a 'java/security/PrivilegedActionException'> (0x000000076ce9be48) thrown at [/HUDSON3/workspace/8-2-build-macosx-x86_64/jdk8u20/1074/hotspot/src/share/vm/prims/jvm.cpp, line 1275]

Events (10 events):
Event: 6.067 loading class sun/security/jca/GetInstance$Instance
Event: 6.067 loading class sun/security/jca/GetInstance$Instance done
Event: 6.067 loading class java/security/MessageDigest$Delegate
Event: 6.067 loading class java/security/MessageDigest$Delegate done
Event: 6.067 loading class sun/security/provider/ByteArrayAccess
Event: 6.067 loading class sun/security/provider/ByteArrayAccess done
Event: 6.085 loading class DataTree/Creature
Event: 6.085 loading class DataTree/Creature done
Event: 6.092 loading class javax/swing/tree/DefaultMutableTreeNode$PreorderEnumeration
Event: 6.092 loading class javax/swing/tree/DefaultMutableTreeNode$PreorderEnumeration done


Dynamic libraries:
0x0000000007d2e000 	/System/Library/Frameworks/Cocoa.framework/Versions/A/Cocoa
0x0000000007d2e000 	/System/Library/Frameworks/Security.framework/Versions/A/Security
0x0000000007d2e000 	/System/Library/Frameworks/ApplicationServices.framework/Versions/A/ApplicationServices
0x0000000007d2e000 	/usr/lib/libz.1.dylib
0x0000000007d2e000 	/usr/lib/libSystem.B.dylib
0x0000000007d2e000 	/usr/lib/libobjc.A.dylib
0x0000000007d2e000 	/System/Library/Frameworks/CoreFoundation.framework/Versions/A/CoreFoundation
0x0000000007d2e000 	/System/Library/Frameworks/Foundation.framework/Versions/C/Foundation
0x0000000007d2e000 	/System/Library/Frameworks/AppKit.framework/Versions/C/AppKit
0x0000000007d2e000 	/System/Library/Frameworks/CoreData.framework/Versions/A/CoreData
0x0000000007d2e000 	/System/Library/PrivateFrameworks/RemoteViewServices.framework/Versions/A/RemoteViewServices
0x0000000007d2e000 	/System/Library/PrivateFrameworks/UIFoundation.framework/Versions/A/UIFoundation
0x0000000007d2e000 	/System/Library/Frameworks/IOSurface.framework/Versions/A/IOSurface
0x0000000007d2e000 	/System/Library/Frameworks/AudioToolbox.framework/Versions/A/AudioToolbox
0x0000000007d2e000 	/System/Library/Frameworks/AudioUnit.framework/Versions/A/AudioUnit
0x0000000007d2e000 	/System/Library/PrivateFrameworks/DataDetectorsCore.framework/Versions/A/DataDetectorsCore
0x0000000007d2e000 	/System/Library/PrivateFrameworks/DesktopServicesPriv.framework/Versions/A/DesktopServicesPriv
0x0000000007d2e000 	/System/Library/Frameworks/Carbon.framework/Versions/A/Frameworks/HIToolbox.framework/Versions/A/HIToolbox
0x0000000007d2e000 	/System/Library/Frameworks/QuartzCore.framework/Versions/A/QuartzCore
0x0000000007d2e000 	/System/Library/Frameworks/Carbon.framework/Versions/A/Frameworks/SpeechRecognition.framework/Versions/A/SpeechRecognition
0x0000000007d2e000 	/usr/lib/libauto.dylib
0x0000000007d2e000 	/usr/lib/libicucore.A.dylib
0x0000000007d2e000 	/usr/lib/libxml2.2.dylib
0x0000000007d2e000 	/System/Library/PrivateFrameworks/CoreUI.framework/Versions/A/CoreUI
0x0000000007d2e000 	/System/Library/Frameworks/CoreAudio.framework/Versions/A/CoreAudio
0x0000000007d2e000 	/System/Library/Frameworks/DiskArbitration.framework/Versions/A/DiskArbitration
0x0000000007d2e000 	/usr/lib/liblangid.dylib
0x0000000007d2e000 	/System/Library/PrivateFrameworks/MultitouchSupport.framework/Versions/A/MultitouchSupport
0x0000000007d2e000 	/System/Library/Frameworks/IOKit.framework/Versions/A/IOKit
0x0000000007d2e000 	/usr/lib/libDiagnosticMessagesClient.dylib
0x0000000007d2e000 	/System/Library/Frameworks/CoreServices.framework/Versions/A/CoreServices
0x0000000007d2e000 	/System/Library/PrivateFrameworks/PerformanceAnalysis.framework/Versions/A/PerformanceAnalysis
0x0000000007d2e000 	/System/Library/PrivateFrameworks/GenerationalStorage.framework/Versions/A/GenerationalStorage
0x0000000007d2e000 	/System/Library/Frameworks/OpenGL.framework/Versions/A/OpenGL
0x0000000007d2e000 	/System/Library/PrivateFrameworks/Sharing.framework/Versions/A/Sharing
0x0000000007d2e000 	/System/Library/Frameworks/CoreGraphics.framework/Versions/A/CoreGraphics
0x0000000007d2e000 	/System/Library/Frameworks/CoreText.framework/Versions/A/CoreText
0x0000000007d2e000 	/System/Library/Frameworks/ImageIO.framework/Versions/A/ImageIO
0x0000000007d2e000 	/usr/lib/libextension.dylib
0x0000000007d2e000 	/System/Library/PrivateFrameworks/Backup.framework/Versions/A/Backup
0x0000000007d2e000 	/usr/lib/libarchive.2.dylib
0x0000000007d2e000 	/System/Library/Frameworks/CFNetwork.framework/Versions/A/CFNetwork
0x0000000007d2e000 	/System/Library/Frameworks/SystemConfiguration.framework/Versions/A/SystemConfiguration
0x0000000007d2e000 	/usr/lib/libCRFSuite.dylib
0x0000000007d2e000 	/usr/lib/libc++.1.dylib
0x0000000007d2e000 	/usr/lib/libc++abi.dylib
0x0000000007d2e000 	/usr/lib/system/libcache.dylib
0x0000000007d2e000 	/usr/lib/system/libcommonCrypto.dylib
0x0000000007d2e000 	/usr/lib/system/libcompiler_rt.dylib
0x0000000007d2e000 	/usr/lib/system/libcopyfile.dylib
0x0000000007d2e000 	/usr/lib/system/libcorecrypto.dylib
0x0000000007d2e000 	/usr/lib/system/libdispatch.dylib
0x0000000007d2e000 	/usr/lib/system/libdyld.dylib
0x0000000007d2e000 	/usr/lib/system/libkeymgr.dylib
0x0000000007d2e000 	/usr/lib/system/liblaunch.dylib
0x0000000007d2e000 	/usr/lib/system/libmacho.dylib
0x0000000007d2e000 	/usr/lib/system/libquarantine.dylib
0x0000000007d2e000 	/usr/lib/system/libremovefile.dylib
0x0000000007d2e000 	/usr/lib/system/libsystem_asl.dylib
0x0000000007d2e000 	/usr/lib/system/libsystem_blocks.dylib
0x0000000007d2e000 	/usr/lib/system/libsystem_c.dylib
0x0000000007d2e000 	/usr/lib/system/libsystem_configuration.dylib
0x0000000007d2e000 	/usr/lib/system/libsystem_coreservices.dylib
0x0000000007d2e000 	/usr/lib/system/libsystem_coretls.dylib
0x0000000007d2e000 	/usr/lib/system/libsystem_dnssd.dylib
0x0000000007d2e000 	/usr/lib/system/libsystem_info.dylib
0x0000000007d2e000 	/usr/lib/system/libsystem_kernel.dylib
0x0000000007d2e000 	/usr/lib/system/libsystem_m.dylib
0x0000000007d2e000 	/usr/lib/system/libsystem_malloc.dylib
0x0000000007d2e000 	/usr/lib/system/libsystem_network.dylib
0x0000000007d2e000 	/usr/lib/system/libsystem_networkextension.dylib
0x0000000007d2e000 	/usr/lib/system/libsystem_notify.dylib
0x0000000007d2e000 	/usr/lib/system/libsystem_platform.dylib
0x0000000007d2e000 	/usr/lib/system/libsystem_pthread.dylib
0x0000000007d2e000 	/usr/lib/system/libsystem_sandbox.dylib
0x0000000007d2e000 	/usr/lib/system/libsystem_secinit.dylib
0x0000000007d2e000 	/usr/lib/system/libsystem_stats.dylib
0x0000000007d2e000 	/usr/lib/system/libsystem_trace.dylib
0x0000000007d2e000 	/usr/lib/system/libunc.dylib
0x0000000007d2e000 	/usr/lib/system/libunwind.dylib
0x0000000007d2e000 	/usr/lib/system/libxpc.dylib
0x0000000007d2e000 	/usr/lib/libbz2.1.0.dylib
0x0000000007d2e000 	/usr/lib/liblzma.5.dylib
0x0000000007d2e000 	/usr/lib/libbsm.0.dylib
0x0000000007d2e000 	/usr/lib/libsqlite3.dylib
0x0000000007d2e000 	/usr/lib/system/libkxld.dylib
0x0000000007d2e000 	/usr/lib/libxar.1.dylib
0x0000000007d2e000 	/usr/lib/libpam.2.dylib
0x0000000007d2e000 	/usr/lib/libOpenScriptingUtil.dylib
0x0000000007d2e000 	/System/Library/Frameworks/CoreServices.framework/Versions/A/Frameworks/FSEvents.framework/Versions/A/FSEvents
0x0000000007d2e000 	/System/Library/Frameworks/CoreServices.framework/Versions/A/Frameworks/CarbonCore.framework/Versions/A/CarbonCore
0x0000000007d2e000 	/System/Library/Frameworks/CoreServices.framework/Versions/A/Frameworks/Metadata.framework/Versions/A/Metadata
0x0000000007d2e000 	/System/Library/Frameworks/CoreServices.framework/Versions/A/Frameworks/OSServices.framework/Versions/A/OSServices
0x0000000007d2e000 	/System/Library/Frameworks/CoreServices.framework/Versions/A/Frameworks/SearchKit.framework/Versions/A/SearchKit
0x0000000007d2e000 	/System/Library/Frameworks/CoreServices.framework/Versions/A/Frameworks/AE.framework/Versions/A/AE
0x0000000007d2e000 	/System/Library/Frameworks/CoreServices.framework/Versions/A/Frameworks/LaunchServices.framework/Versions/A/LaunchServices
0x0000000007d2e000 	/System/Library/Frameworks/CoreServices.framework/Versions/A/Frameworks/DictionaryServices.framework/Versions/A/DictionaryServices
0x0000000007d2e000 	/System/Library/Frameworks/NetFS.framework/Versions/A/NetFS
0x0000000007d2e000 	/System/Library/PrivateFrameworks/NetAuth.framework/Versions/A/NetAuth
0x0000000007d2e000 	/System/Library/PrivateFrameworks/login.framework/Versions/A/Frameworks/loginsupport.framework/Versions/A/loginsupport
0x0000000007d2e000 	/System/Library/PrivateFrameworks/TCC.framework/Versions/A/TCC
0x0000000007d2e000 	/usr/lib/libmecabra.dylib
0x0000000007d2e000 	/System/Library/PrivateFrameworks/LanguageModeling.framework/Versions/A/LanguageModeling
0x0000000007d2e000 	/usr/lib/libcmph.dylib
0x0000000007d2e000 	/usr/lib/libiconv.2.dylib
0x0000000007d2e000 	/System/Library/Frameworks/OpenDirectory.framework/Versions/A/Frameworks/CFOpenDirectory.framework/Versions/A/CFOpenDirectory
0x0000000007d2e000 	/System/Library/Frameworks/ServiceManagement.framework/Versions/A/ServiceManagement
0x0000000007d2e000 	/usr/lib/libxslt.1.dylib
0x0000000007d2e000 	/System/Library/Frameworks/Carbon.framework/Versions/A/Frameworks/Ink.framework/Versions/A/Ink
0x0000000007d2e000 	/System/Library/Frameworks/ApplicationServices.framework/Versions/A/Frameworks/ATS.framework/Versions/A/ATS
0x0000000007d2e000 	/System/Library/Frameworks/ApplicationServices.framework/Versions/A/Frameworks/ColorSync.framework/Versions/A/ColorSync
0x0000000007d2e000 	/System/Library/Frameworks/ApplicationServices.framework/Versions/A/Frameworks/HIServices.framework/Versions/A/HIServices
0x0000000007d2e000 	/System/Library/Frameworks/ApplicationServices.framework/Versions/A/Frameworks/LangAnalysis.framework/Versions/A/LangAnalysis
0x0000000007d2e000 	/System/Library/Frameworks/ApplicationServices.framework/Versions/A/Frameworks/PrintCore.framework/Versions/A/PrintCore
0x0000000007d2e000 	/System/Library/Frameworks/ApplicationServices.framework/Versions/A/Frameworks/QD.framework/Versions/A/QD
0x0000000007d2e000 	/System/Library/Frameworks/ApplicationServices.framework/Versions/A/Frameworks/SpeechSynthesis.framework/Versions/A/SpeechSynthesis
0x0000000007d2e000 	/System/Library/Frameworks/Accelerate.framework/Versions/A/Accelerate
0x0000000007d2e000 	/System/Library/Frameworks/Accelerate.framework/Versions/A/Frameworks/vImage.framework/Versions/A/vImage
0x0000000007d2e000 	/System/Library/Frameworks/Accelerate.framework/Versions/A/Frameworks/vecLib.framework/Versions/A/vecLib
0x0000000007d2e000 	/System/Library/Frameworks/Accelerate.framework/Versions/A/Frameworks/vecLib.framework/Versions/A/libvDSP.dylib
0x0000000007d2e000 	/System/Library/Frameworks/Accelerate.framework/Versions/A/Frameworks/vecLib.framework/Versions/A/libvMisc.dylib
0x0000000007d2e000 	/System/Library/Frameworks/Accelerate.framework/Versions/A/Frameworks/vecLib.framework/Versions/A/libLAPACK.dylib
0x0000000007d2e000 	/System/Library/Frameworks/Accelerate.framework/Versions/A/Frameworks/vecLib.framework/Versions/A/libBLAS.dylib
0x0000000007d2e000 	/System/Library/Frameworks/Accelerate.framework/Versions/A/Frameworks/vecLib.framework/Versions/A/libLinearAlgebra.dylib
0x0000000007d2e000 	/System/Library/Frameworks/ApplicationServices.framework/Versions/A/Frameworks/ATS.framework/Versions/A/Resources/libFontParser.dylib
0x0000000007d2e000 	/System/Library/Frameworks/ApplicationServices.framework/Versions/A/Frameworks/ATS.framework/Versions/A/Resources/libFontRegistry.dylib
0x0000000007d2e000 	/System/Library/PrivateFrameworks/AppleVPA.framework/Versions/A/AppleVPA
0x0000000007d2e000 	/System/Library/PrivateFrameworks/AppleJPEG.framework/Versions/A/AppleJPEG
0x0000000007d2e000 	/System/Library/Frameworks/ImageIO.framework/Versions/A/Resources/libJPEG.dylib
0x0000000007d2e000 	/System/Library/Frameworks/ImageIO.framework/Versions/A/Resources/libTIFF.dylib
0x0000000007d2e000 	/System/Library/Frameworks/ImageIO.framework/Versions/A/Resources/libPng.dylib
0x0000000007d2e000 	/System/Library/Frameworks/ImageIO.framework/Versions/A/Resources/libGIF.dylib
0x0000000007d2e000 	/System/Library/Frameworks/ImageIO.framework/Versions/A/Resources/libJP2.dylib
0x0000000007d2e000 	/System/Library/Frameworks/ImageIO.framework/Versions/A/Resources/libRadiance.dylib
0x0000000007d2e000 	/System/Library/Frameworks/CoreVideo.framework/Versions/A/CoreVideo
0x0000000007d2e000 	/System/Library/Frameworks/OpenGL.framework/Versions/A/Libraries/libGLU.dylib
0x0000000007d2e000 	/System/Library/Frameworks/OpenGL.framework/Versions/A/Libraries/libGFXShared.dylib
0x0000000007d2e000 	/System/Library/Frameworks/OpenGL.framework/Versions/A/Libraries/libGL.dylib
0x0000000007d2e000 	/System/Library/Frameworks/OpenGL.framework/Versions/A/Libraries/libGLImage.dylib
0x0000000007d2e000 	/System/Library/Frameworks/OpenGL.framework/Versions/A/Libraries/libCVMSPluginSupport.dylib
0x0000000007d2e000 	/System/Library/Frameworks/OpenGL.framework/Versions/A/Libraries/libCoreVMClient.dylib
0x0000000007d2e000 	/usr/lib/libcups.2.dylib
0x0000000007d2e000 	/System/Library/Frameworks/Kerberos.framework/Versions/A/Kerberos
0x0000000007d2e000 	/System/Library/Frameworks/GSS.framework/Versions/A/GSS
0x0000000007d2e000 	/usr/lib/libresolv.9.dylib
0x0000000007d2e000 	/System/Library/PrivateFrameworks/Heimdal.framework/Versions/A/Heimdal
0x0000000007d2e000 	/usr/lib/libheimdal-asn1.dylib
0x0000000007d2e000 	/System/Library/Frameworks/OpenDirectory.framework/Versions/A/OpenDirectory
0x0000000007d2e000 	/System/Library/PrivateFrameworks/CommonAuth.framework/Versions/A/CommonAuth
0x0000000007d2e000 	/System/Library/Frameworks/SecurityFoundation.framework/Versions/A/SecurityFoundation
0x0000000007d2e000 	/System/Library/Frameworks/QuartzCore.framework/Versions/A/Frameworks/CoreImage.framework/Versions/A/CoreImage
0x0000000007d2e000 	/System/Library/PrivateFrameworks/CrashReporterSupport.framework/Versions/A/CrashReporterSupport
0x0000000007d2e000 	/System/Library/Frameworks/OpenCL.framework/Versions/A/OpenCL
0x0000000007d2e000 	/System/Library/PrivateFrameworks/FaceCore.framework/Versions/A/FaceCore
0x0000000007d2e000 	/System/Library/PrivateFrameworks/Ubiquity.framework/Versions/A/Ubiquity
0x0000000007d2e000 	/System/Library/PrivateFrameworks/IconServices.framework/Versions/A/IconServices
0x0000000007d2e000 	/System/Library/PrivateFrameworks/ChunkingLibrary.framework/Versions/A/ChunkingLibrary
0x0000000007d2e000 	/System/Library/PrivateFrameworks/Apple80211.framework/Versions/A/Apple80211
0x0000000007d2e000 	/System/Library/Frameworks/CoreWLAN.framework/Versions/A/CoreWLAN
0x0000000007d2e000 	/System/Library/Frameworks/IOBluetooth.framework/Versions/A/IOBluetooth
0x0000000007d2e000 	/System/Library/PrivateFrameworks/CoreWiFi.framework/Versions/A/CoreWiFi
0x0000000007d2e000 	/System/Library/Frameworks/CoreBluetooth.framework/Versions/A/CoreBluetooth
0x0000000007d2e000 	/System/Library/PrivateFrameworks/DebugSymbols.framework/Versions/A/DebugSymbols
0x0000000007d2e000 	/System/Library/PrivateFrameworks/CoreSymbolication.framework/Versions/A/CoreSymbolication
0x0000000007d2e000 	/System/Library/PrivateFrameworks/Symbolication.framework/Versions/A/Symbolication
0x0000000007d2e000 	/System/Library/PrivateFrameworks/SpeechRecognitionCore.framework/Versions/A/SpeechRecognitionCore
0x0000000104000000 	/Library/Java/JavaVirtualMachines/jdk1.8.0_20.jdk/Contents/Home/jre/lib/server/libjvm.dylib
0x0000000007d2e000 	/usr/lib/libstdc++.6.dylib
0x0000000102fb3000 	/Library/Java/JavaVirtualMachines/jdk1.8.0_20.jdk/Contents/Home/jre/lib/libverify.dylib
0x0000000102fc1000 	/Library/Java/JavaVirtualMachines/jdk1.8.0_20.jdk/Contents/Home/jre/lib/libjava.dylib
0x0000000104f1b000 	/Library/Java/JavaVirtualMachines/jdk1.8.0_20.jdk/Contents/Home/jre/lib/libinstrument.dylib
0x0000000104f6f000 	/Users/NickRadonic/Library/Application Support/IntelliJIdea13/chronon/lib/recorder/native/librecorderagent-3.0.7.jnilib
0x0000000104f8f000 	/Library/Java/JavaVirtualMachines/jdk1.8.0_20.jdk/Contents/Home/jre/lib/libzip.dylib
0x0000000120b43000 	/System/Library/Frameworks/JavaVM.framework/Frameworks/JavaRuntimeSupport.framework/JavaRuntimeSupport
0x0000000120b5b000 	/System/Library/Frameworks/JavaVM.framework/Versions/A/Frameworks/JavaNativeFoundation.framework/Versions/A/JavaNativeFoundation
0x0000000120b70000 	/System/Library/Frameworks/JavaVM.framework/Versions/A/JavaVM
0x0000000007d2e000 	/System/Library/Frameworks/Carbon.framework/Versions/A/Carbon
0x0000000120b7d000 	/System/Library/PrivateFrameworks/JavaLaunching.framework/Versions/A/JavaLaunching
0x0000000007d2e000 	/System/Library/Frameworks/Carbon.framework/Versions/A/Frameworks/CommonPanels.framework/Versions/A/CommonPanels
0x0000000007d2e000 	/System/Library/Frameworks/Carbon.framework/Versions/A/Frameworks/Help.framework/Versions/A/Help
0x0000000007d2e000 	/System/Library/Frameworks/Carbon.framework/Versions/A/Frameworks/ImageCapture.framework/Versions/A/ImageCapture
0x0000000007d2e000 	/System/Library/Frameworks/Carbon.framework/Versions/A/Frameworks/OpenScripting.framework/Versions/A/OpenScripting
0x0000000007d2e000 	/System/Library/Frameworks/Carbon.framework/Versions/A/Frameworks/Print.framework/Versions/A/Print
0x0000000007d2e000 	/System/Library/Frameworks/Carbon.framework/Versions/A/Frameworks/SecurityHI.framework/Versions/A/SecurityHI
0x0000000122502000 	/Library/Java/JavaVirtualMachines/jdk1.8.0_20.jdk/Contents/Home/jre/lib/libmanagement.dylib
0x0000000122c8a000 	/Library/Java/JavaVirtualMachines/jdk1.8.0_20.jdk/Contents/Home/jre/lib/libnet.dylib
0x0000000122ce9000 	/Library/Java/JavaVirtualMachines/jdk1.8.0_20.jdk/Contents/Home/jre/lib/libnio.dylib
0x000000012391d000 	/Applications/IntelliJ IDEA 13.app/Contents/bin/libbreakgen64.jnilib
0x0000000123bd1000 	/Library/Java/JavaVirtualMachines/jdk1.8.0_20.jdk/Contents/Home/jre/lib/libawt.dylib
0x0000000123c80000 	/Library/Java/JavaVirtualMachines/jdk1.8.0_20.jdk/Contents/Home/jre/lib/./libmlib_image.dylib
0x0000000123d4c000 	/Library/Java/JavaVirtualMachines/jdk1.8.0_20.jdk/Contents/Home/jre/lib/libawt_lwawt.dylib
0x0000000123dff000 	/Library/Java/JavaVirtualMachines/jdk1.8.0_20.jdk/Contents/Home/jre/lib/./libosxapp.dylib
0x0000000007d2e000 	/System/Library/Frameworks/ExceptionHandling.framework/Versions/A/ExceptionHandling
0x0000000007d2e000 	/System/Library/PrivateFrameworks/CoreServicesInternal.framework/Versions/A/CoreServicesInternal
0x0000000007d2e000 	/System/Library/PrivateFrameworks/CloudDocs.framework/Versions/A/CloudDocs
0x0000000007d2e000 	/System/Library/PrivateFrameworks/CoreDuet.framework/Versions/A/CoreDuet
0x0000000007d2e000 	/System/Library/Frameworks/CloudKit.framework/Versions/A/CloudKit
0x0000000007d2e000 	/System/Library/PrivateFrameworks/ProtocolBuffer.framework/Versions/A/ProtocolBuffer
0x0000000007d2e000 	/System/Library/PrivateFrameworks/CoreDuetDaemonProtocol.framework/Versions/A/CoreDuetDaemonProtocol
0x0000000007d2e000 	/System/Library/PrivateFrameworks/CoreDuetDebugLogging.framework/Versions/A/CoreDuetDebugLogging
0x0000000007d2e000 	/System/Library/Frameworks/CoreLocation.framework/Versions/A/CoreLocation
0x0000000007d2e000 	/System/Library/Frameworks/Accounts.framework/Versions/A/Accounts
0x0000000007d2e000 	/System/Library/PrivateFrameworks/ApplePushService.framework/Versions/A/ApplePushService
0x0000000007d2e000 	/System/Library/PrivateFrameworks/GeoServices.framework/Versions/A/GeoServices
0x0000000007d2e000 	/System/Library/PrivateFrameworks/OAuth.framework/Versions/A/OAuth
0x0000000007d2e000 	/System/Library/PrivateFrameworks/CoreDaemon.framework/Versions/B/CoreDaemon
0x0000000007d2e000 	/usr/lib/libcrypto.0.9.8.dylib
0x0000000007d2e000 	/System/Library/PrivateFrameworks/AppleSRP.framework/Versions/A/AppleSRP
0x0000000007d2e000 	/System/Library/PrivateFrameworks/TrustEvaluationAgent.framework/Versions/A/TrustEvaluationAgent
0x0000000007d2e000 	/System/Library/Frameworks/CoreGraphics.framework/Versions/A/Resources/libCGCMS.A.dylib
0x0000000007d2e000 	/System/Library/Frameworks/CoreGraphics.framework/Versions/A/Resources/libRIP.A.dylib
0x0000000007d2e000 	/System/Library/Frameworks/CoreGraphics.framework/Versions/A/Resources/libCGXType.A.dylib
0x0000000007d2e000 	/System/Library/Frameworks/OpenCL.framework/Versions/A/Libraries/libcldcpuengine.dylib
0x0000000007d2e000 	/System/Library/PrivateFrameworks/DiskImages.framework/Versions/A/DiskImages
0x0000000007d2e000 	/System/Library/Frameworks/DiscRecording.framework/Versions/A/DiscRecording
0x0000000007d2e000 	/usr/lib/libcsfde.dylib
0x0000000007d2e000 	/usr/lib/libcurl.4.dylib
0x0000000007d2e000 	/System/Library/PrivateFrameworks/MediaKit.framework/Versions/A/MediaKit
0x0000000007d2e000 	/System/Library/PrivateFrameworks/ProtectedCloudStorage.framework/Versions/A/ProtectedCloudStorage
0x0000000007d2e000 	/usr/lib/libCoreStorage.dylib
0x0000000007d2e000 	/System/Library/PrivateFrameworks/EFILogin.framework/Versions/A/EFILogin
0x0000000007d2e000 	/usr/lib/libutil.dylib
0x0000000007d2e000 	/System/Library/PrivateFrameworks/FindMyDevice.framework/Versions/A/FindMyDevice
0x0000000007d2e000 	/System/Library/Frameworks/LDAP.framework/Versions/A/LDAP
0x0000000007d2e000 	/usr/lib/libsasl2.2.dylib
0x0000000126da3000 	cl_kernels
0x0000000126da5000 	/System/Library/Frameworks/OpenCL.framework/Versions/A/Libraries/ImageFormats/unorm8_bgra.dylib
0x0000000126d95000 	cl_kernels
0x0000000007d2e000 	/System/Library/PrivateFrameworks/FamilyControls.framework/Versions/A/FamilyControls
0x0000000007d2e000 	/System/Library/PrivateFrameworks/CommerceKit.framework/Versions/A/Frameworks/CommerceCore.framework/Versions/A/CommerceCore
0x0000000007d2e000 	/System/Library/PrivateFrameworks/SystemAdministration.framework/Versions/A/SystemAdministration
0x0000000007d2e000 	/System/Library/PrivateFrameworks/AppContainer.framework/Versions/A/AppContainer
0x0000000007d2e000 	/System/Library/PrivateFrameworks/SecCodeWrapper.framework/Versions/A/SecCodeWrapper
0x0000000007d2e000 	/System/Library/Frameworks/DirectoryService.framework/Versions/A/DirectoryService
0x0000000007d2e000 	/System/Library/PrivateFrameworks/LoginUIKit.framework/Versions/A/Frameworks/LoginUICore.framework/Versions/A/LoginUICore
0x0000000007d2e000 	/usr/lib/libodfde.dylib
0x0000000007d2e000 	/System/Library/Frameworks/OpenGL.framework/Versions/A/Resources/GLEngine.bundle/GLEngine
0x0000000007d2e000 	/System/Library/Frameworks/OpenGL.framework/Versions/A/Libraries/libGLProgrammability.dylib
0x0000000000000000 	/System/Library/Extensions/AppleIntelHD5000GraphicsGLDriver.bundle/Contents/MacOS/AppleIntelHD5000GraphicsGLDriver
0x0000000007d2e000 	/System/Library/PrivateFrameworks/IOAccelerator.framework/Versions/A/IOAccelerator
0x0000000007d2e000 	/System/Library/PrivateFrameworks/GPUSupport.framework/Versions/A/Libraries/libGPUSupportMercury.dylib
0x0000000000000000 	/System/Library/Extensions/GeForceGLDriver.bundle/Contents/MacOS/GeForceGLDriver
0x0000000007d2e000 	/System/Library/Extensions/GeForceGLDriver.bundle/Contents/MacOS/libclh.dylib
0x0000000007d2e000 	/System/Library/Frameworks/OpenGL.framework/Versions/A/Resources/GLRendererFloat.bundle/GLRendererFloat
0x0000000129b86000 	/Library/Java/JavaVirtualMachines/jdk1.8.0_20.jdk/Contents/Home/jre/lib/libfontmanager.dylib
0x0000000129e96000 	/Library/Java/JavaVirtualMachines/jdk1.8.0_20.jdk/Contents/Home/jre/lib/libosxui.dylib
0x0000000007d2e000 	/System/Library/Frameworks/Accelerate.framework/Versions/A/Frameworks/vImage.framework/Versions/A/Libraries/libCGInterfaces.dylib

VM Arguments:
jvm_args: -javaagent:/Users/NickRadonic/Library/Application Support/IntelliJIdea13/chronon/lib/recorder/recorder-3.20.1.187.jar=/Users/NickRadonic/Library/Caches/IntelliJIdea13/chronon-recordings/2014_11_25_CaveGame6/config.txt -agentpath:/Users/NickRadonic/Library/Application Support/IntelliJIdea13/chronon/lib/recorder/native/librecorderagent-3.0.7.jnilib -Xverify:none -Didea.launcher.port=7533 -Didea.launcher.bin.path=/Applications/IntelliJ IDEA 13.app/Contents/bin -Dfile.encoding=UTF-8 
java_command: com.intellij.rt.execution.application.AppMain GameControl.CaveGame
java_class_path (initial): /Library/Java/JavaVirtualMachines/jdk1.8.0_20.jdk/Contents/Home/lib/ant-javafx.jar:/Library/Java/JavaVirtualMachines/jdk1.8.0_20.jdk/Contents/Home/lib/dt.jar:/Library/Java/JavaVirtualMachines/jdk1.8.0_20.jdk/Contents/Home/lib/javafx-mx.jar:/Library/Java/JavaVirtualMachines/jdk1.8.0_20.jdk/Contents/Home/lib/jconsole.jar:/Library/Java/JavaVirtualMachines/jdk1.8.0_20.jdk/Contents/Home/lib/sa-jdi.jar:/Library/Java/JavaVirtualMachines/jdk1.8.0_20.jdk/Contents/Home/lib/tools.jar:/Library/Java/JavaVirtualMachines/jdk1.8.0_20.jdk/Contents/Home/jre/lib/charsets.jar:/Library/Java/JavaVirtualMachines/jdk1.8.0_20.jdk/Contents/Home/jre/lib/deploy.jar:/Library/Java/JavaVirtualMachines/jdk1.8.0_20.jdk/Contents/Home/jre/lib/javaws.jar:/Library/Java/JavaVirtualMachines/jdk1.8.0_20.jdk/Contents/Home/jre/lib/jce.jar:/Library/Java/JavaVirtualMachines/jdk1.8.0_20.jdk/Contents/Home/jre/lib/jfr.jar:/Library/Java/JavaVirtualMachines/jdk1.8.0_20.jdk/Contents/Home/jre/lib/jfxswt.jar:/Library/Java/JavaVirtualMachines/jdk1.8.0_20.jdk/Contents/Home/jre/lib/jsse.jar:/Library/Java/JavaVirtualMachines/jdk1.8.0_20.jdk/Contents/Home/jre/lib/management-agent.jar:/Library/Java/JavaVirtualMachines/jdk1.8.0_20.jdk/Contents/Home/jre/lib/plugin.jar:/Library/Java/JavaVirtualMachines/jdk1.8.0_20.jdk/Contents/Home/jre/lib/resources.jar:/Library/Java/JavaVirtualMachines/jdk1.8.0_20.jdk/Contents/Home/jre/lib/rt.jar:/Library/Java/JavaVirtualMachines/jdk1.8.0_20.jdk/Contents/Home/jre/lib/ext/cldrdata.jar:/Library/Java/JavaVirtualMachines/jdk1.8.0_20.jdk/Contents/Home/jre/lib/ext/dnsns.jar:/Library/Java/JavaVirtualMachines/jdk1.8.0_20.jdk/Contents/Home/jre/lib/ext/jfxrt.jar:/Library/Java/JavaVirtualMachines/jdk1.8.0_20.jdk/Contents/Home/jre/lib/ext/localedata.jar:/Library/Java/JavaVirtualMachines/jdk1.8.0_20.jdk/Contents/Home/jre/lib/ext/nashorn.jar:/Library/Java/JavaVirtualMachines/jdk1.8.0_20.jdk/Contents/Home/jre/lib/ext/sunec.jar:/Library/Java/JavaVirtualMachines/jdk1.8.0_20.jdk/C
Launcher Type: SUN_STANDARD

Environment Variables:
PATH=/usr/local/bin:/usr/bin:/bin:/usr/sbin:/sbin:/Applications/Server.app/Contents/ServerRoot/usr/bin:/Applications/Server.app/Contents/ServerRoot/usr/sbin
SHELL=/bin/bash

Signal Handlers:
SIGSEGV: [libjvm.dylib+0x578fd7], sa_mask[0]=11111111011111110111111111111111, sa_flags=SA_ONSTACK|SA_RESTART|SA_SIGINFO
SIGBUS: [libjvm.dylib+0x578fd7], sa_mask[0]=11111111011111110111111111111111, sa_flags=SA_RESTART|SA_SIGINFO
SIGFPE: [libjvm.dylib+0x45ab0c], sa_mask[0]=11111111011111110111111111111111, sa_flags=SA_RESTART|SA_SIGINFO
SIGPIPE: [libjvm.dylib+0x45ab0c], sa_mask[0]=11111111011111110111111111111111, sa_flags=SA_RESTART|SA_SIGINFO
SIGXFSZ: [libjvm.dylib+0x45ab0c], sa_mask[0]=11111111011111110111111111111111, sa_flags=SA_RESTART|SA_SIGINFO
SIGILL: [libjvm.dylib+0x45ab0c], sa_mask[0]=11111111011111110111111111111111, sa_flags=SA_RESTART|SA_SIGINFO
SIGUSR1: SIG_DFL, sa_mask[0]=00000000000000000000000000000000, sa_flags=none
SIGUSR2: [libjvm.dylib+0x45a62a], sa_mask[0]=00100000000000000000000000000000, sa_flags=SA_RESTART|SA_SIGINFO
SIGHUP: [libjvm.dylib+0x458bfd], sa_mask[0]=11111111011111110111111111111111, sa_flags=SA_RESTART|SA_SIGINFO
SIGINT: [libjvm.dylib+0x458bfd], sa_mask[0]=11111111011111110111111111111111, sa_flags=SA_RESTART|SA_SIGINFO
SIGTERM: [libjvm.dylib+0x458bfd], sa_mask[0]=11111111011111110111111111111111, sa_flags=SA_RESTART|SA_SIGINFO
SIGQUIT: [libjvm.dylib+0x458bfd], sa_mask[0]=11111111011111110111111111111111, sa_flags=SA_RESTART|SA_SIGINFO


---------------  S Y S T E M  ---------------

OS:Bsduname:Darwin 14.1.0 Darwin Kernel Version 14.1.0: Thu Nov 13 18:36:56 PST 2014; root:xnu-2782.10.65~2/RELEASE_X86_64 x86_64
rlimit: STACK 8192k, CORE 0k, NPROC 709, NOFILE 10240, AS infinity
load average:2.15 1.77 1.71

CPU:total 8 (4 cores per cpu, 2 threads per core) family 6 model 70 stepping 1, cmov, cx8, fxsr, mmx, sse, sse2, sse3, ssse3, sse4.1, sse4.2, popcnt, avx, avx2, aes, clmul, erms, rtm, lzcnt, ht, tsc, tscinvbit, bmi1, bmi2

Memory: 4k page, physical 16777216k(3488348k free)

/proc/meminfo:


vm_info: Java HotSpot(TM) 64-Bit Server VM (25.20-b23) for bsd-amd64 JRE (1.8.0_20-b26), built on Jul 30 2014 13:37:47 by "java_re" with gcc 4.2.1 (Based on Apple Inc. build 5658) (LLVM build 2336.9.00)

time: Tue Nov 25 13:10:08 2014
elapsed time: 6 seconds (0d 0h 0m 6s)

