#
# A fatal error has been detected by the Java Runtime Environment:
#
#  SIGSEGV (0xb) at pc=0x000000010afaa5b0, pid=5737, tid=23299
#
# JRE version: Java(TM) SE Runtime Environment (8.0_20-b26) (build 1.8.0_20-b26)
# Java VM: Java HotSpot(TM) 64-Bit Server VM (25.20-b23 mixed mode bsd-amd64 compressed oops)
# Problematic frame:
# V  [libjvm.dylib+0x3aa5b0]
#
# Failed to write core dump. Core dumps have been disabled. To enable core dumping, try "ulimit -c unlimited" before starting Java again
#
# If you would like to submit a bug report, please visit:
#   http://bugreport.sun.com/bugreport/crash.jsp
#

---------------  T H R E A D  ---------------

Current thread (0x00007fc3488d5800):  JavaThread "C2 CompilerThread2" daemon [_thread_in_native, id=23299, stack(0x000000012a218000,0x000000012a318000)]

siginfo: si_signo: 11 (SIGSEGV), si_code: 1 (SEGV_MAPERR), si_addr: 0x0000000000000008

Registers:
RAX=0x0000000000000000, RBX=0x000000012a311a08, RCX=0x00007fc349deaa10, RDX=0x00007fc34c9915d0
RSP=0x000000012a3115b0, RBP=0x000000012a3115b0, RSI=0x00007fc34e91fc80, RDI=0x000000012a311a08
R8 =0x0000000000000000, R9 =0x0000000000000000, R10=0x000000000000000a, R11=0x0000000000000c00
R12=0x00007fc34c9915d0, R13=0x0000000000000000, R14=0x00007fc34e91fc80, R15=0x00007fc3492742d0
RIP=0x000000010afaa5b0, EFLAGS=0x0000000000010287, ERR=0x0000000000000004
  TRAPNO=0x000000000000000e

Top of Stack: (sp=0x000000012a3115b0)
0x000000012a3115b0:   000000012a3115f0 000000010afb37e5
0x000000012a3115c0:   00007fc348c617a0 000000012a311920
0x000000012a3115d0:   0000000000000002 00007fc348c5b3f8
0x000000012a3115e0:   000000012a311a08 00007fc348c617a0
0x000000012a3115f0:   000000012a311650 000000010afb3a32
0x000000012a311600:   000000012a3123d8 000000012a311900
0x000000012a311610:   000000012a3123b8 000000012a3118e0
0x000000012a311620:   000000020000246d 000000012a311a08
0x000000012a311630:   0000000000000001 0000000000000000
0x000000012a311640:   00007fc34e91fcf0 0000000000000003
0x000000012a311650:   000000012a311990 000000010afb9b73
0x000000012a311660:   00007fc34b26e720 00007fc348a26f90
0x000000012a311670:   0000000100000000 00007fc3484494d0
0x000000012a311680:   000000012a3116b0 00007fff906f2f18
0x000000012a311690:   000000012a3116c0 0000000049305030
0x000000012a3116a0:   000000014600b000 0000000109abc280
0x000000012a3116b0:   0000000000000000 0000000000000000
0x000000012a3116c0:   00007fc34e86d080 0000000000020010
0x000000012a3116d0:   0000000109abb000 0000000000000000
0x000000012a3116e0:   0000000000000000 0000000000000000
0x000000012a3116f0:   000000012a3117e0 00007fff906f13a5
0x000000012a311700:   000000012a311770 00000000ca0446a4
0x000000012a311710:   00007fc34b26e720 00007fc349ccb058
0x000000012a311720:   00007fc34b26e720 00007fc34b26e720
0x000000012a311730:   00007fc3492693c8 000000012a316200
0x000000012a311740:   00007fc34e86d080 00007fc3493052d0
0x000000012a311750:   000000012a311770 000000010b14285a
0x000000012a311760:   0000000000000000 0000000000000000
0x000000012a311770:   000000012a3117f0 00007fc34a044720
0x000000012a311780:   000000010b1d2393 000000012a316fb0
0x000000012a311790:   000000012a3158a8 00007fc348c5b3f8
0x000000012a3117a0:   000000012a3117d0 000000010b016537 

Instructions: (pc=0x000000010afaa5b0)
0x000000010afaa590:   2c 83 e1 07 83 f9 05 48 0f 45 c2 5d c3 90 55 48
0x000000010afaa5a0:   89 e5 8b 46 28 48 8b 8f f0 09 00 00 48 8b 04 c1
0x000000010afaa5b0:   48 8b 48 08 48 83 39 00 75 26 8b 4f 28 8b 40 28
0x000000010afaa5c0:   39 c1 77 0e 31 c0 48 8b 50 08 48 83 3a 00 74 ed 

Register to memory mapping:

RAX=0x0000000000000000 is an unknown value
RBX=0x000000012a311a08 is pointing into the stack for thread: 0x00007fc3488d5800
RCX=0x00007fc349deaa10 is an unknown value
RDX=0x00007fc34c9915d0 is an unknown value
RSP=0x000000012a3115b0 is pointing into the stack for thread: 0x00007fc3488d5800
RBP=0x000000012a3115b0 is pointing into the stack for thread: 0x00007fc3488d5800
RSI=0x00007fc34e91fc80 is an unknown value
RDI=0x000000012a311a08 is pointing into the stack for thread: 0x00007fc3488d5800
R8 =0x0000000000000000 is an unknown value
R9 =0x0000000000000000 is an unknown value
R10=0x000000000000000a is an unknown value
R11=0x0000000000000c00 is an unknown value
R12=0x00007fc34c9915d0 is an unknown value
R13=0x0000000000000000 is an unknown value
R14=0x00007fc34e91fc80 is an unknown value
R15=0x00007fc3492742d0 is an unknown value


Stack: [0x000000012a218000,0x000000012a318000],  sp=0x000000012a3115b0,  free space=997k
Native frames: (J=compiled Java code, j=interpreted, Vv=VM code, C=native code)
V  [libjvm.dylib+0x3aa5b0]
V  [libjvm.dylib+0x3b37e5]
V  [libjvm.dylib+0x3b3a32]
V  [libjvm.dylib+0x3b9b73]
V  [libjvm.dylib+0x1a5b78]
V  [libjvm.dylib+0x1a8925]
V  [libjvm.dylib+0x14afd6]
V  [libjvm.dylib+0x1ac260]
V  [libjvm.dylib+0x1ae36f]
V  [libjvm.dylib+0x535a51]
V  [libjvm.dylib+0x537194]
V  [libjvm.dylib+0x45d35a]
C  [libsystem_pthread.dylib+0x3268]  _pthread_body+0x83
C  [libsystem_pthread.dylib+0x31e5]  _pthread_body+0x0
C  [libsystem_pthread.dylib+0x141d]  thread_start+0xd
C  0x0000000000000000


Current CompileTask:
C2:   6062 1771       4       java.com.chronon3.sb.recorder.runtime.inject.InstrumentationCode2::recordObjectValue (155 bytes)


---------------  P R O C E S S  ---------------

Java Threads: ( => current thread )
  0x00007fc3493c8800 JavaThread "TimerQueue" daemon [_thread_blocked, id=74779, stack(0x00000001413f0000,0x00000001414f0000)]
  0x00007fc348814000 JavaThread "DestroyJavaVM" [_thread_blocked, id=4867, stack(0x000000010bb1c000,0x000000010bc1c000)]
  0x00007fc3492b2800 JavaThread "AWT-EventQueue-0" [_thread_blocked, id=65295, stack(0x0000000130ca9000,0x0000000130da9000)]
  0x00007fc349214000 JavaThread "Java2D Disposer" daemon [_thread_blocked, id=63495, stack(0x000000012fe03000,0x000000012ff03000)]
  0x00007fc349b05800 JavaThread "Java2D Queue Flusher" daemon [_thread_in_native, id=51235, stack(0x000000012effe000,0x000000012f0fe000)]
  0x00007fc348a84800 JavaThread "AWT-Shutdown" [_thread_blocked, id=34579, stack(0x000000012be01000,0x000000012bf01000)]
  0x00007fc34898b800 JavaThread "AppKit Thread" daemon [_thread_in_native, id=1299, stack(0x00007fff5595f000,0x00007fff5615f000)]
  0x00007fc348904000 JavaThread "Monitor Ctrl-Break" daemon [_thread_in_native, id=25347, stack(0x000000012a675000,0x000000012a775000)]
  0x00007fc34a06a000 JavaThread "Service Thread" daemon [_thread_blocked, id=24323, stack(0x000000012a41e000,0x000000012a51e000)]
  0x00007fc3488df800 JavaThread "C1 CompilerThread3" daemon [_thread_blocked, id=23811, stack(0x000000012a31b000,0x000000012a41b000)]
=>0x00007fc3488d5800 JavaThread "C2 CompilerThread2" daemon [_thread_in_native, id=23299, stack(0x000000012a218000,0x000000012a318000)]
  0x00007fc3488d5000 JavaThread "C2 CompilerThread1" daemon [_thread_blocked, id=22787, stack(0x000000012a115000,0x000000012a215000)]
  0x00007fc34a01a800 JavaThread "C2 CompilerThread0" daemon [_thread_in_native, id=22275, stack(0x000000012a012000,0x000000012a112000)]
  0x00007fc3488c1800 JavaThread "Chronon - Flusher Thread" daemon [_thread_blocked, id=21763, stack(0x0000000129f0f000,0x000000012a00f000)]
  0x00007fc3488c0800 JavaThread "Chronon - Flusher Thread" daemon [_thread_blocked, id=21251, stack(0x0000000129e0c000,0x0000000129f0c000)]
  0x00007fc3488b4000 JavaThread "Recorder Data Persistor" daemon [_thread_blocked, id=20739, stack(0x0000000129d09000,0x0000000129e09000)]
  0x00007fc3488b3000 JavaThread "Chronon - Logger Thread" daemon [_thread_blocked, id=20227, stack(0x0000000129c06000,0x0000000129d06000)]
  0x00007fc349893000 JavaThread "Chronon - Db2" daemon [_thread_blocked, id=19715, stack(0x0000000129b03000,0x0000000129c03000)]
  0x00007fc349876000 JavaThread "Chronon - Db1" daemon [_thread_blocked, id=19203, stack(0x0000000129a00000,0x0000000129b00000)]
  0x00007fc349001000 JavaThread "Recorder - Reference Collector" daemon [_thread_blocked, id=18691, stack(0x0000000129217000,0x0000000129317000)]
  0x00007fc34988e000 JavaThread "Signal Dispatcher" daemon [_thread_blocked, id=15383, stack(0x0000000129107000,0x0000000129207000)]
  0x00007fc349854800 JavaThread "Finalizer" daemon [_thread_blocked, id=13571, stack(0x000000012774c000,0x000000012784c000)]
  0x00007fc349853800 JavaThread "Reference Handler" daemon [_thread_blocked, id=13059, stack(0x0000000127649000,0x0000000127749000)]

Other Threads:
  0x00007fc34984e800 VMThread [stack: 0x0000000127546000,0x0000000127646000] [id=12547]
  0x00007fc34a06b000 WatcherThread [stack: 0x000000012a521000,0x000000012a621000] [id=24835]

VM state:not at safepoint (normal execution)

VM Mutex/Monitor currently owned by a thread: None

Heap:
 PSYoungGen      total 76288K, used 42643K [0x000000076ab00000, 0x0000000770000000, 0x00000007c0000000)
  eden space 65536K, 57% used [0x000000076ab00000,0x000000076cf7fc68,0x000000076eb00000)
  from space 10752K, 49% used [0x000000076eb00000,0x000000076f025330,0x000000076f580000)
  to   space 10752K, 0% used [0x000000076f580000,0x000000076f580000,0x0000000770000000)
 ParOldGen       total 175104K, used 16K [0x00000006c0000000, 0x00000006cab00000, 0x000000076ab00000)
  object space 175104K, 0% used [0x00000006c0000000,0x00000006c0004000,0x00000006cab00000)
 Metaspace       used 18885K, capacity 19202K, committed 19456K, reserved 1067008K
  class space    used 2434K, capacity 2504K, committed 2560K, reserved 1048576K

Card table byte_map: [0x000000011b063000,0x000000011b864000] byte_map_base: 0x0000000117a63000

Marking Bits: (ParMarkBitMap*) 0x000000010b49c330
 Begin Bits: [0x000000011c5d2000, 0x00000001205d2000)
 End Bits:   [0x00000001205d2000, 0x00000001245d2000)

Polling page: 0x0000000109bf8000

CodeCache: size=245760Kb used=6571Kb max_used=6571Kb free=239188Kb
 bounds [0x000000010bca3000, 0x000000010c313000, 0x000000011aca3000]
 total_blobs=2394 nmethods=1790 adapters=518
 compilation: enabled

Compilation events (10 events):
Event: 6.050 Thread 0x00007fc3488df800 1759       1       java.com.chronon.sb.db.core.k.C::e (5 bytes)
Event: 6.050 Thread 0x00007fc3488df800 nmethod 1759 0x000000010c30f410 code [0x000000010c30f560, 0x000000010c30f670]
Event: 6.050 Thread 0x00007fc3488df800 1702       1       java.com.chronon.sb.db.core.k.l::b (5 bytes)
Event: 6.050 Thread 0x00007fc3488df800 nmethod 1702 0x000000010c30f6d0 code [0x000000010c30f820, 0x000000010c30f930]
Event: 6.050 Thread 0x00007fc3488df800 1774       1       java.com.chronon.sb.db.core.g::e (5 bytes)
Event: 6.050 Thread 0x00007fc3488df800 nmethod 1774 0x000000010c30f990 code [0x000000010c30fae0, 0x000000010c30fbf0]
Event: 6.050 Thread 0x00007fc3488df800 1786       1       java.com.chronon.sb.db.transform.StorageStructureData::s (5 bytes)
Event: 6.050 Thread 0x00007fc3488df800 nmethod 1786 0x000000010c30fc50 code [0x000000010c30fda0, 0x000000010c30feb0]
Event: 6.050 Thread 0x00007fc3488df800 1790       1       javax.swing.DefaultListSelectionModel::getLeadSelectionIndex (5 bytes)
Event: 6.050 Thread 0x00007fc3488df800 nmethod 1790 0x000000010c30ff10 code [0x000000010c310060, 0x000000010c310170]

GC Heap History (2 events):
Event: 1.774 GC heap before
{Heap before GC invocations=1 (full 0):
 PSYoungGen      total 76288K, used 65536K [0x000000076ab00000, 0x0000000770000000, 0x00000007c0000000)
  eden space 65536K, 100% used [0x000000076ab00000,0x000000076eb00000,0x000000076eb00000)
  from space 10752K, 0% used [0x000000076f580000,0x000000076f580000,0x0000000770000000)
  to   space 10752K, 0% used [0x000000076eb00000,0x000000076eb00000,0x000000076f580000)
 ParOldGen       total 175104K, used 0K [0x00000006c0000000, 0x00000006cab00000, 0x000000076ab00000)
  object space 175104K, 0% used [0x00000006c0000000,0x00000006c0000000,0x00000006cab00000)
 Metaspace       used 14341K, capacity 14610K, committed 14976K, reserved 1062912K
  class space    used 1748K, capacity 1832K, committed 1920K, reserved 1048576K
Event: 1.778 GC heap after
Heap after GC invocations=1 (full 0):
 PSYoungGen      total 76288K, used 5268K [0x000000076ab00000, 0x0000000770000000, 0x00000007c0000000)
  eden space 65536K, 0% used [0x000000076ab00000,0x000000076ab00000,0x000000076eb00000)
  from space 10752K, 49% used [0x000000076eb00000,0x000000076f025330,0x000000076f580000)
  to   space 10752K, 0% used [0x000000076f580000,0x000000076f580000,0x0000000770000000)
 ParOldGen       total 175104K, used 16K [0x00000006c0000000, 0x00000006cab00000, 0x000000076ab00000)
  object space 175104K, 0% used [0x00000006c0000000,0x00000006c0004000,0x00000006cab00000)
 Metaspace       used 14341K, capacity 14610K, committed 14976K, reserved 1062912K
  class space    used 1748K, capacity 1832K, committed 1920K, reserved 1048576K
}

Deoptimization events (7 events):
Event: 1.433 Thread 0x00007fc348814000 Uncommon trap: reason=unreached action=reinterpret pc=0x000000010bf163a8 method=java.lang.AbstractStringBuilder.append(Ljava/lang/String;)Ljava/lang/AbstractStringBuilder; @ 1
Event: 1.484 Thread 0x00007fc348814000 Uncommon trap: reason=unreached action=reinterpret pc=0x000000010bdf82a8 method=java.util.HashMap.hash(Ljava/lang/Object;)I @ 1
Event: 1.902 Thread 0x00007fc348814000 Uncommon trap: reason=class_check action=maybe_recompile pc=0x000000010bdc2218 method=java.lang.String.equals(Ljava/lang/Object;)Z @ 8
Event: 1.902 Thread 0x00007fc348814000 Uncommon trap: reason=class_check action=maybe_recompile pc=0x000000010bdc2218 method=java.lang.String.equals(Ljava/lang/Object;)Z @ 8
Event: 1.902 Thread 0x00007fc348814000 Uncommon trap: reason=class_check action=maybe_recompile pc=0x000000010bdc2218 method=java.lang.String.equals(Ljava/lang/Object;)Z @ 8
Event: 1.902 Thread 0x00007fc348814000 Uncommon trap: reason=class_check action=maybe_recompile pc=0x000000010bdc2218 method=java.lang.String.equals(Ljava/lang/Object;)Z @ 8
Event: 4.672 Thread 0x00007fc3492b2800 Uncommon trap: reason=bimorphic action=maybe_recompile pc=0x000000010c12b610 method=java.util.HashMap.putVal(ILjava/lang/Object;Ljava/lang/Object;ZZ)Ljava/lang/Object; @ 203

Internal exceptions (10 events):
Event: 3.628 Thread 0x00007fc3492b2800 Exception <a 'java/security/PrivilegedActionException'> (0x000000076c505938) thrown at [/HUDSON3/workspace/8-2-build-macosx-x86_64/jdk8u20/1074/hotspot/src/share/vm/prims/jvm.cpp, line 1275]
Event: 3.628 Thread 0x00007fc3492b2800 Exception <a 'java/security/PrivilegedActionException'> (0x000000076c509298) thrown at [/HUDSON3/workspace/8-2-build-macosx-x86_64/jdk8u20/1074/hotspot/src/share/vm/prims/jvm.cpp, line 1275]
Event: 5.965 Thread 0x00007fc3492b2800 Exception <a 'java/security/PrivilegedActionException'> (0x000000076cbfed78) thrown at [/HUDSON3/workspace/8-2-build-macosx-x86_64/jdk8u20/1074/hotspot/src/share/vm/prims/jvm.cpp, line 1275]
Event: 5.969 Thread 0x00007fc3492b2800 Exception <a 'java/security/PrivilegedActionException'> (0x000000076cc34798) thrown at [/HUDSON3/workspace/8-2-build-macosx-x86_64/jdk8u20/1074/hotspot/src/share/vm/prims/jvm.cpp, line 1275]
Event: 5.974 Thread 0x00007fc3492b2800 Exception <a 'java/security/PrivilegedActionException'> (0x000000076cc51728) thrown at [/HUDSON3/workspace/8-2-build-macosx-x86_64/jdk8u20/1074/hotspot/src/share/vm/prims/jvm.cpp, line 1275]
Event: 5.977 Thread 0x00007fc3492b2800 Exception <a 'java/security/PrivilegedActionException'> (0x000000076cca4eb0) thrown at [/HUDSON3/workspace/8-2-build-macosx-x86_64/jdk8u20/1074/hotspot/src/share/vm/prims/jvm.cpp, line 1275]
Event: 5.979 Thread 0x00007fc3492b2800 Exception <a 'java/security/PrivilegedActionException'> (0x000000076ccb0a30) thrown at [/HUDSON3/workspace/8-2-build-macosx-x86_64/jdk8u20/1074/hotspot/src/share/vm/prims/jvm.cpp, line 1275]
Event: 5.982 Thread 0x00007fc3488c1800 Exception <a 'java/lang/NoSuchMethodError': <clinit>> (0x000000076cac7da0) thrown at [/HUDSON3/workspace/8-2-build-macosx-x86_64/jdk8u20/1074/hotspot/src/share/vm/prims/jni.cpp, line 1603]
Event: 5.996 Thread 0x00007fc3488c0800 Exception <a 'java/lang/NoSuchMethodError': <clinit>> (0x000000076c98e9f8) thrown at [/HUDSON3/workspace/8-2-build-macosx-x86_64/jdk8u20/1074/hotspot/src/share/vm/prims/jni.cpp, line 1603]
Event: 6.015 Thread 0x00007fc3492b2800 Exception <a 'java/security/PrivilegedActionException'> (0x000000076ce85120) thrown at [/HUDSON3/workspace/8-2-build-macosx-x86_64/jdk8u20/1074/hotspot/src/share/vm/prims/jvm.cpp, line 1275]

Events (10 events):
Event: 5.996 loading class sun/security/provider/ByteArrayAccess
Event: 5.996 loading class sun/security/provider/ByteArrayAccess done
Event: 5.996 Executing VM operation: RevokeBias
Event: 5.997 Executing VM operation: RevokeBias done
Event: 5.997 Executing VM operation: RevokeBias
Event: 5.997 Executing VM operation: RevokeBias done
Event: 6.015 loading class DataTree/Creature
Event: 6.015 loading class DataTree/Creature done
Event: 6.020 loading class javax/swing/tree/DefaultMutableTreeNode$PreorderEnumeration
Event: 6.020 loading class javax/swing/tree/DefaultMutableTreeNode$PreorderEnumeration done


Dynamic libraries:
0x0000000007d2e000 	/System/Library/Frameworks/Cocoa.framework/Versions/A/Cocoa
0x0000000007d2e000 	/System/Library/Frameworks/Security.framework/Versions/A/Security
0x0000000007d2e000 	/System/Library/Frameworks/ApplicationServices.framework/Versions/A/ApplicationServices
0x0000000007d2e000 	/usr/lib/libz.1.dylib
0x0000000007d2e000 	/usr/lib/libSystem.B.dylib
0x0000000007d2e000 	/usr/lib/libobjc.A.dylib
0x0000000007d2e000 	/System/Library/Frameworks/CoreFoundation.framework/Versions/A/CoreFoundation
0x0000000007d2e000 	/System/Library/Frameworks/Foundation.framework/Versions/C/Foundation
0x0000000007d2e000 	/System/Library/Frameworks/AppKit.framework/Versions/C/AppKit
0x0000000007d2e000 	/System/Library/Frameworks/CoreData.framework/Versions/A/CoreData
0x0000000007d2e000 	/System/Library/PrivateFrameworks/RemoteViewServices.framework/Versions/A/RemoteViewServices
0x0000000007d2e000 	/System/Library/PrivateFrameworks/UIFoundation.framework/Versions/A/UIFoundation
0x0000000007d2e000 	/System/Library/Frameworks/IOSurface.framework/Versions/A/IOSurface
0x0000000007d2e000 	/System/Library/Frameworks/AudioToolbox.framework/Versions/A/AudioToolbox
0x0000000007d2e000 	/System/Library/Frameworks/AudioUnit.framework/Versions/A/AudioUnit
0x0000000007d2e000 	/System/Library/PrivateFrameworks/DataDetectorsCore.framework/Versions/A/DataDetectorsCore
0x0000000007d2e000 	/System/Library/PrivateFrameworks/DesktopServicesPriv.framework/Versions/A/DesktopServicesPriv
0x0000000007d2e000 	/System/Library/Frameworks/Carbon.framework/Versions/A/Frameworks/HIToolbox.framework/Versions/A/HIToolbox
0x0000000007d2e000 	/System/Library/Frameworks/QuartzCore.framework/Versions/A/QuartzCore
0x0000000007d2e000 	/System/Library/Frameworks/Carbon.framework/Versions/A/Frameworks/SpeechRecognition.framework/Versions/A/SpeechRecognition
0x0000000007d2e000 	/usr/lib/libauto.dylib
0x0000000007d2e000 	/usr/lib/libicucore.A.dylib
0x0000000007d2e000 	/usr/lib/libxml2.2.dylib
0x0000000007d2e000 	/System/Library/PrivateFrameworks/CoreUI.framework/Versions/A/CoreUI
0x0000000007d2e000 	/System/Library/Frameworks/CoreAudio.framework/Versions/A/CoreAudio
0x0000000007d2e000 	/System/Library/Frameworks/DiskArbitration.framework/Versions/A/DiskArbitration
0x0000000007d2e000 	/usr/lib/liblangid.dylib
0x0000000007d2e000 	/System/Library/PrivateFrameworks/MultitouchSupport.framework/Versions/A/MultitouchSupport
0x0000000007d2e000 	/System/Library/Frameworks/IOKit.framework/Versions/A/IOKit
0x0000000007d2e000 	/usr/lib/libDiagnosticMessagesClient.dylib
0x0000000007d2e000 	/System/Library/Frameworks/CoreServices.framework/Versions/A/CoreServices
0x0000000007d2e000 	/System/Library/PrivateFrameworks/PerformanceAnalysis.framework/Versions/A/PerformanceAnalysis
0x0000000007d2e000 	/System/Library/PrivateFrameworks/GenerationalStorage.framework/Versions/A/GenerationalStorage
0x0000000007d2e000 	/System/Library/Frameworks/OpenGL.framework/Versions/A/OpenGL
0x0000000007d2e000 	/System/Library/PrivateFrameworks/Sharing.framework/Versions/A/Sharing
0x0000000007d2e000 	/System/Library/Frameworks/CoreGraphics.framework/Versions/A/CoreGraphics
0x0000000007d2e000 	/System/Library/Frameworks/CoreText.framework/Versions/A/CoreText
0x0000000007d2e000 	/System/Library/Frameworks/ImageIO.framework/Versions/A/ImageIO
0x0000000007d2e000 	/usr/lib/libextension.dylib
0x0000000007d2e000 	/System/Library/PrivateFrameworks/Backup.framework/Versions/A/Backup
0x0000000007d2e000 	/usr/lib/libarchive.2.dylib
0x0000000007d2e000 	/System/Library/Frameworks/CFNetwork.framework/Versions/A/CFNetwork
0x0000000007d2e000 	/System/Library/Frameworks/SystemConfiguration.framework/Versions/A/SystemConfiguration
0x0000000007d2e000 	/usr/lib/libCRFSuite.dylib
0x0000000007d2e000 	/usr/lib/libc++.1.dylib
0x0000000007d2e000 	/usr/lib/libc++abi.dylib
0x0000000007d2e000 	/usr/lib/system/libcache.dylib
0x0000000007d2e000 	/usr/lib/system/libcommonCrypto.dylib
0x0000000007d2e000 	/usr/lib/system/libcompiler_rt.dylib
0x0000000007d2e000 	/usr/lib/system/libcopyfile.dylib
0x0000000007d2e000 	/usr/lib/system/libcorecrypto.dylib
0x0000000007d2e000 	/usr/lib/system/libdispatch.dylib
0x0000000007d2e000 	/usr/lib/system/libdyld.dylib
0x0000000007d2e000 	/usr/lib/system/libkeymgr.dylib
0x0000000007d2e000 	/usr/lib/system/liblaunch.dylib
0x0000000007d2e000 	/usr/lib/system/libmacho.dylib
0x0000000007d2e000 	/usr/lib/system/libquarantine.dylib
0x0000000007d2e000 	/usr/lib/system/libremovefile.dylib
0x0000000007d2e000 	/usr/lib/system/libsystem_asl.dylib
0x0000000007d2e000 	/usr/lib/system/libsystem_blocks.dylib
0x0000000007d2e000 	/usr/lib/system/libsystem_c.dylib
0x0000000007d2e000 	/usr/lib/system/libsystem_configuration.dylib
0x0000000007d2e000 	/usr/lib/system/libsystem_coreservices.dylib
0x0000000007d2e000 	/usr/lib/system/libsystem_coretls.dylib
0x0000000007d2e000 	/usr/lib/system/libsystem_dnssd.dylib
0x0000000007d2e000 	/usr/lib/system/libsystem_info.dylib
0x0000000007d2e000 	/usr/lib/system/libsystem_kernel.dylib
0x0000000007d2e000 	/usr/lib/system/libsystem_m.dylib
0x0000000007d2e000 	/usr/lib/system/libsystem_malloc.dylib
0x0000000007d2e000 	/usr/lib/system/libsystem_network.dylib
0x0000000007d2e000 	/usr/lib/system/libsystem_networkextension.dylib
0x0000000007d2e000 	/usr/lib/system/libsystem_notify.dylib
0x0000000007d2e000 	/usr/lib/system/libsystem_platform.dylib
0x0000000007d2e000 	/usr/lib/system/libsystem_pthread.dylib
0x0000000007d2e000 	/usr/lib/system/libsystem_sandbox.dylib
0x0000000007d2e000 	/usr/lib/system/libsystem_secinit.dylib
0x0000000007d2e000 	/usr/lib/system/libsystem_stats.dylib
0x0000000007d2e000 	/usr/lib/system/libsystem_trace.dylib
0x0000000007d2e000 	/usr/lib/system/libunc.dylib
0x0000000007d2e000 	/usr/lib/system/libunwind.dylib
0x0000000007d2e000 	/usr/lib/system/libxpc.dylib
0x0000000007d2e000 	/usr/lib/libbz2.1.0.dylib
0x0000000007d2e000 	/usr/lib/liblzma.5.dylib
0x0000000007d2e000 	/usr/lib/libbsm.0.dylib
0x0000000007d2e000 	/usr/lib/libsqlite3.dylib
0x0000000007d2e000 	/usr/lib/system/libkxld.dylib
0x0000000007d2e000 	/usr/lib/libxar.1.dylib
0x0000000007d2e000 	/usr/lib/libpam.2.dylib
0x0000000007d2e000 	/usr/lib/libOpenScriptingUtil.dylib
0x0000000007d2e000 	/System/Library/Frameworks/CoreServices.framework/Versions/A/Frameworks/FSEvents.framework/Versions/A/FSEvents
0x0000000007d2e000 	/System/Library/Frameworks/CoreServices.framework/Versions/A/Frameworks/CarbonCore.framework/Versions/A/CarbonCore
0x0000000007d2e000 	/System/Library/Frameworks/CoreServices.framework/Versions/A/Frameworks/Metadata.framework/Versions/A/Metadata
0x0000000007d2e000 	/System/Library/Frameworks/CoreServices.framework/Versions/A/Frameworks/OSServices.framework/Versions/A/OSServices
0x0000000007d2e000 	/System/Library/Frameworks/CoreServices.framework/Versions/A/Frameworks/SearchKit.framework/Versions/A/SearchKit
0x0000000007d2e000 	/System/Library/Frameworks/CoreServices.framework/Versions/A/Frameworks/AE.framework/Versions/A/AE
0x0000000007d2e000 	/System/Library/Frameworks/CoreServices.framework/Versions/A/Frameworks/LaunchServices.framework/Versions/A/LaunchServices
0x0000000007d2e000 	/System/Library/Frameworks/CoreServices.framework/Versions/A/Frameworks/DictionaryServices.framework/Versions/A/DictionaryServices
0x0000000007d2e000 	/System/Library/Frameworks/NetFS.framework/Versions/A/NetFS
0x0000000007d2e000 	/System/Library/PrivateFrameworks/NetAuth.framework/Versions/A/NetAuth
0x0000000007d2e000 	/System/Library/PrivateFrameworks/login.framework/Versions/A/Frameworks/loginsupport.framework/Versions/A/loginsupport
0x0000000007d2e000 	/System/Library/PrivateFrameworks/TCC.framework/Versions/A/TCC
0x0000000007d2e000 	/usr/lib/libmecabra.dylib
0x0000000007d2e000 	/System/Library/PrivateFrameworks/LanguageModeling.framework/Versions/A/LanguageModeling
0x0000000007d2e000 	/usr/lib/libcmph.dylib
0x0000000007d2e000 	/usr/lib/libiconv.2.dylib
0x0000000007d2e000 	/System/Library/Frameworks/OpenDirectory.framework/Versions/A/Frameworks/CFOpenDirectory.framework/Versions/A/CFOpenDirectory
0x0000000007d2e000 	/System/Library/Frameworks/ServiceManagement.framework/Versions/A/ServiceManagement
0x0000000007d2e000 	/usr/lib/libxslt.1.dylib
0x0000000007d2e000 	/System/Library/Frameworks/Carbon.framework/Versions/A/Frameworks/Ink.framework/Versions/A/Ink
0x0000000007d2e000 	/System/Library/Frameworks/ApplicationServices.framework/Versions/A/Frameworks/ATS.framework/Versions/A/ATS
0x0000000007d2e000 	/System/Library/Frameworks/ApplicationServices.framework/Versions/A/Frameworks/ColorSync.framework/Versions/A/ColorSync
0x0000000007d2e000 	/System/Library/Frameworks/ApplicationServices.framework/Versions/A/Frameworks/HIServices.framework/Versions/A/HIServices
0x0000000007d2e000 	/System/Library/Frameworks/ApplicationServices.framework/Versions/A/Frameworks/LangAnalysis.framework/Versions/A/LangAnalysis
0x0000000007d2e000 	/System/Library/Frameworks/ApplicationServices.framework/Versions/A/Frameworks/PrintCore.framework/Versions/A/PrintCore
0x0000000007d2e000 	/System/Library/Frameworks/ApplicationServices.framework/Versions/A/Frameworks/QD.framework/Versions/A/QD
0x0000000007d2e000 	/System/Library/Frameworks/ApplicationServices.framework/Versions/A/Frameworks/SpeechSynthesis.framework/Versions/A/SpeechSynthesis
0x0000000007d2e000 	/System/Library/Frameworks/Accelerate.framework/Versions/A/Accelerate
0x0000000007d2e000 	/System/Library/Frameworks/Accelerate.framework/Versions/A/Frameworks/vImage.framework/Versions/A/vImage
0x0000000007d2e000 	/System/Library/Frameworks/Accelerate.framework/Versions/A/Frameworks/vecLib.framework/Versions/A/vecLib
0x0000000007d2e000 	/System/Library/Frameworks/Accelerate.framework/Versions/A/Frameworks/vecLib.framework/Versions/A/libvDSP.dylib
0x0000000007d2e000 	/System/Library/Frameworks/Accelerate.framework/Versions/A/Frameworks/vecLib.framework/Versions/A/libvMisc.dylib
0x0000000007d2e000 	/System/Library/Frameworks/Accelerate.framework/Versions/A/Frameworks/vecLib.framework/Versions/A/libLAPACK.dylib
0x0000000007d2e000 	/System/Library/Frameworks/Accelerate.framework/Versions/A/Frameworks/vecLib.framework/Versions/A/libBLAS.dylib
0x0000000007d2e000 	/System/Library/Frameworks/Accelerate.framework/Versions/A/Frameworks/vecLib.framework/Versions/A/libLinearAlgebra.dylib
0x0000000007d2e000 	/System/Library/Frameworks/ApplicationServices.framework/Versions/A/Frameworks/ATS.framework/Versions/A/Resources/libFontParser.dylib
0x0000000007d2e000 	/System/Library/Frameworks/ApplicationServices.framework/Versions/A/Frameworks/ATS.framework/Versions/A/Resources/libFontRegistry.dylib
0x0000000007d2e000 	/System/Library/PrivateFrameworks/AppleVPA.framework/Versions/A/AppleVPA
0x0000000007d2e000 	/System/Library/PrivateFrameworks/AppleJPEG.framework/Versions/A/AppleJPEG
0x0000000007d2e000 	/System/Library/Frameworks/ImageIO.framework/Versions/A/Resources/libJPEG.dylib
0x0000000007d2e000 	/System/Library/Frameworks/ImageIO.framework/Versions/A/Resources/libTIFF.dylib
0x0000000007d2e000 	/System/Library/Frameworks/ImageIO.framework/Versions/A/Resources/libPng.dylib
0x0000000007d2e000 	/System/Library/Frameworks/ImageIO.framework/Versions/A/Resources/libGIF.dylib
0x0000000007d2e000 	/System/Library/Frameworks/ImageIO.framework/Versions/A/Resources/libJP2.dylib
0x0000000007d2e000 	/System/Library/Frameworks/ImageIO.framework/Versions/A/Resources/libRadiance.dylib
0x0000000007d2e000 	/System/Library/Frameworks/CoreVideo.framework/Versions/A/CoreVideo
0x0000000007d2e000 	/System/Library/Frameworks/OpenGL.framework/Versions/A/Libraries/libGLU.dylib
0x0000000007d2e000 	/System/Library/Frameworks/OpenGL.framework/Versions/A/Libraries/libGFXShared.dylib
0x0000000007d2e000 	/System/Library/Frameworks/OpenGL.framework/Versions/A/Libraries/libGL.dylib
0x0000000007d2e000 	/System/Library/Frameworks/OpenGL.framework/Versions/A/Libraries/libGLImage.dylib
0x0000000007d2e000 	/System/Library/Frameworks/OpenGL.framework/Versions/A/Libraries/libCVMSPluginSupport.dylib
0x0000000007d2e000 	/System/Library/Frameworks/OpenGL.framework/Versions/A/Libraries/libCoreVMClient.dylib
0x0000000007d2e000 	/usr/lib/libcups.2.dylib
0x0000000007d2e000 	/System/Library/Frameworks/Kerberos.framework/Versions/A/Kerberos
0x0000000007d2e000 	/System/Library/Frameworks/GSS.framework/Versions/A/GSS
0x0000000007d2e000 	/usr/lib/libresolv.9.dylib
0x0000000007d2e000 	/System/Library/PrivateFrameworks/Heimdal.framework/Versions/A/Heimdal
0x0000000007d2e000 	/usr/lib/libheimdal-asn1.dylib
0x0000000007d2e000 	/System/Library/Frameworks/OpenDirectory.framework/Versions/A/OpenDirectory
0x0000000007d2e000 	/System/Library/PrivateFrameworks/CommonAuth.framework/Versions/A/CommonAuth
0x0000000007d2e000 	/System/Library/Frameworks/SecurityFoundation.framework/Versions/A/SecurityFoundation
0x0000000007d2e000 	/System/Library/Frameworks/QuartzCore.framework/Versions/A/Frameworks/CoreImage.framework/Versions/A/CoreImage
0x0000000007d2e000 	/System/Library/PrivateFrameworks/CrashReporterSupport.framework/Versions/A/CrashReporterSupport
0x0000000007d2e000 	/System/Library/Frameworks/OpenCL.framework/Versions/A/OpenCL
0x0000000007d2e000 	/System/Library/PrivateFrameworks/FaceCore.framework/Versions/A/FaceCore
0x0000000007d2e000 	/System/Library/PrivateFrameworks/Ubiquity.framework/Versions/A/Ubiquity
0x0000000007d2e000 	/System/Library/PrivateFrameworks/IconServices.framework/Versions/A/IconServices
0x0000000007d2e000 	/System/Library/PrivateFrameworks/ChunkingLibrary.framework/Versions/A/ChunkingLibrary
0x0000000007d2e000 	/System/Library/PrivateFrameworks/Apple80211.framework/Versions/A/Apple80211
0x0000000007d2e000 	/System/Library/Frameworks/CoreWLAN.framework/Versions/A/CoreWLAN
0x0000000007d2e000 	/System/Library/Frameworks/IOBluetooth.framework/Versions/A/IOBluetooth
0x0000000007d2e000 	/System/Library/PrivateFrameworks/CoreWiFi.framework/Versions/A/CoreWiFi
0x0000000007d2e000 	/System/Library/Frameworks/CoreBluetooth.framework/Versions/A/CoreBluetooth
0x0000000007d2e000 	/System/Library/PrivateFrameworks/DebugSymbols.framework/Versions/A/DebugSymbols
0x0000000007d2e000 	/System/Library/PrivateFrameworks/CoreSymbolication.framework/Versions/A/CoreSymbolication
0x0000000007d2e000 	/System/Library/PrivateFrameworks/Symbolication.framework/Versions/A/Symbolication
0x0000000007d2e000 	/System/Library/PrivateFrameworks/SpeechRecognitionCore.framework/Versions/A/SpeechRecognitionCore
0x000000010ac00000 	/Library/Java/JavaVirtualMachines/jdk1.8.0_20.jdk/Contents/Home/jre/lib/server/libjvm.dylib
0x0000000007d2e000 	/usr/lib/libstdc++.6.dylib
0x0000000109bb6000 	/Library/Java/JavaVirtualMachines/jdk1.8.0_20.jdk/Contents/Home/jre/lib/libverify.dylib
0x0000000109bc4000 	/Library/Java/JavaVirtualMachines/jdk1.8.0_20.jdk/Contents/Home/jre/lib/libjava.dylib
0x000000010bc1e000 	/Library/Java/JavaVirtualMachines/jdk1.8.0_20.jdk/Contents/Home/jre/lib/libinstrument.dylib
0x000000010bc72000 	/Users/NickRadonic/Library/Application Support/IntelliJIdea13/chronon/lib/recorder/native/librecorderagent-3.0.7.jnilib
0x000000010bc9a000 	/Library/Java/JavaVirtualMachines/jdk1.8.0_20.jdk/Contents/Home/jre/lib/libzip.dylib
0x000000012784e000 	/System/Library/Frameworks/JavaVM.framework/Frameworks/JavaRuntimeSupport.framework/JavaRuntimeSupport
0x0000000127866000 	/System/Library/Frameworks/JavaVM.framework/Versions/A/Frameworks/JavaNativeFoundation.framework/Versions/A/JavaNativeFoundation
0x000000012787b000 	/System/Library/Frameworks/JavaVM.framework/Versions/A/JavaVM
0x0000000007d2e000 	/System/Library/Frameworks/Carbon.framework/Versions/A/Carbon
0x0000000127888000 	/System/Library/PrivateFrameworks/JavaLaunching.framework/Versions/A/JavaLaunching
0x0000000007d2e000 	/System/Library/Frameworks/Carbon.framework/Versions/A/Frameworks/CommonPanels.framework/Versions/A/CommonPanels
0x0000000007d2e000 	/System/Library/Frameworks/Carbon.framework/Versions/A/Frameworks/Help.framework/Versions/A/Help
0x0000000007d2e000 	/System/Library/Frameworks/Carbon.framework/Versions/A/Frameworks/ImageCapture.framework/Versions/A/ImageCapture
0x0000000007d2e000 	/System/Library/Frameworks/Carbon.framework/Versions/A/Frameworks/OpenScripting.framework/Versions/A/OpenScripting
0x0000000007d2e000 	/System/Library/Frameworks/Carbon.framework/Versions/A/Frameworks/Print.framework/Versions/A/Print
0x0000000007d2e000 	/System/Library/Frameworks/Carbon.framework/Versions/A/Frameworks/SecurityHI.framework/Versions/A/SecurityHI
0x0000000129209000 	/Library/Java/JavaVirtualMachines/jdk1.8.0_20.jdk/Contents/Home/jre/lib/libmanagement.dylib
0x0000000129990000 	/Library/Java/JavaVirtualMachines/jdk1.8.0_20.jdk/Contents/Home/jre/lib/libnet.dylib
0x00000001299ef000 	/Library/Java/JavaVirtualMachines/jdk1.8.0_20.jdk/Contents/Home/jre/lib/libnio.dylib
0x000000012a646000 	/Applications/IntelliJ IDEA 13.app/Contents/bin/libbreakgen64.jnilib
0x000000012a8d7000 	/Library/Java/JavaVirtualMachines/jdk1.8.0_20.jdk/Contents/Home/jre/lib/libawt.dylib
0x000000012a986000 	/Library/Java/JavaVirtualMachines/jdk1.8.0_20.jdk/Contents/Home/jre/lib/./libmlib_image.dylib
0x000000012aa52000 	/Library/Java/JavaVirtualMachines/jdk1.8.0_20.jdk/Contents/Home/jre/lib/libawt_lwawt.dylib
0x000000012ab05000 	/Library/Java/JavaVirtualMachines/jdk1.8.0_20.jdk/Contents/Home/jre/lib/./libosxapp.dylib
0x0000000007d2e000 	/System/Library/Frameworks/ExceptionHandling.framework/Versions/A/ExceptionHandling
0x0000000007d2e000 	/System/Library/PrivateFrameworks/CoreServicesInternal.framework/Versions/A/CoreServicesInternal
0x0000000007d2e000 	/System/Library/PrivateFrameworks/CloudDocs.framework/Versions/A/CloudDocs
0x0000000007d2e000 	/System/Library/PrivateFrameworks/CoreDuet.framework/Versions/A/CoreDuet
0x0000000007d2e000 	/System/Library/Frameworks/CloudKit.framework/Versions/A/CloudKit
0x0000000007d2e000 	/System/Library/PrivateFrameworks/ProtocolBuffer.framework/Versions/A/ProtocolBuffer
0x0000000007d2e000 	/System/Library/PrivateFrameworks/CoreDuetDaemonProtocol.framework/Versions/A/CoreDuetDaemonProtocol
0x0000000007d2e000 	/System/Library/PrivateFrameworks/CoreDuetDebugLogging.framework/Versions/A/CoreDuetDebugLogging
0x0000000007d2e000 	/System/Library/Frameworks/CoreLocation.framework/Versions/A/CoreLocation
0x0000000007d2e000 	/System/Library/Frameworks/Accounts.framework/Versions/A/Accounts
0x0000000007d2e000 	/System/Library/PrivateFrameworks/ApplePushService.framework/Versions/A/ApplePushService
0x0000000007d2e000 	/System/Library/PrivateFrameworks/GeoServices.framework/Versions/A/GeoServices
0x0000000007d2e000 	/System/Library/PrivateFrameworks/OAuth.framework/Versions/A/OAuth
0x0000000007d2e000 	/System/Library/PrivateFrameworks/CoreDaemon.framework/Versions/B/CoreDaemon
0x0000000007d2e000 	/usr/lib/libcrypto.0.9.8.dylib
0x0000000007d2e000 	/System/Library/PrivateFrameworks/AppleSRP.framework/Versions/A/AppleSRP
0x0000000007d2e000 	/System/Library/PrivateFrameworks/TrustEvaluationAgent.framework/Versions/A/TrustEvaluationAgent
0x0000000007d2e000 	/System/Library/Frameworks/CoreGraphics.framework/Versions/A/Resources/libCGCMS.A.dylib
0x0000000007d2e000 	/System/Library/Frameworks/CoreGraphics.framework/Versions/A/Resources/libRIP.A.dylib
0x0000000007d2e000 	/System/Library/Frameworks/CoreGraphics.framework/Versions/A/Resources/libCGXType.A.dylib
0x0000000007d2e000 	/System/Library/Frameworks/OpenCL.framework/Versions/A/Libraries/libcldcpuengine.dylib
0x0000000007d2e000 	/System/Library/PrivateFrameworks/DiskImages.framework/Versions/A/DiskImages
0x0000000007d2e000 	/System/Library/Frameworks/DiscRecording.framework/Versions/A/DiscRecording
0x0000000007d2e000 	/usr/lib/libcsfde.dylib
0x0000000007d2e000 	/usr/lib/libcurl.4.dylib
0x0000000007d2e000 	/System/Library/PrivateFrameworks/MediaKit.framework/Versions/A/MediaKit
0x0000000007d2e000 	/System/Library/PrivateFrameworks/ProtectedCloudStorage.framework/Versions/A/ProtectedCloudStorage
0x0000000007d2e000 	/usr/lib/libCoreStorage.dylib
0x0000000007d2e000 	/System/Library/PrivateFrameworks/EFILogin.framework/Versions/A/EFILogin
0x0000000007d2e000 	/usr/lib/libutil.dylib
0x0000000007d2e000 	/System/Library/PrivateFrameworks/FindMyDevice.framework/Versions/A/FindMyDevice
0x0000000007d2e000 	/System/Library/Frameworks/LDAP.framework/Versions/A/LDAP
0x0000000007d2e000 	/usr/lib/libsasl2.2.dylib
0x000000012d9a3000 	cl_kernels
0x000000012d9a5000 	/System/Library/Frameworks/OpenCL.framework/Versions/A/Libraries/ImageFormats/unorm8_bgra.dylib
0x000000012d995000 	cl_kernels
0x0000000007d2e000 	/System/Library/PrivateFrameworks/FamilyControls.framework/Versions/A/FamilyControls
0x0000000007d2e000 	/System/Library/PrivateFrameworks/CommerceKit.framework/Versions/A/Frameworks/CommerceCore.framework/Versions/A/CommerceCore
0x0000000007d2e000 	/System/Library/PrivateFrameworks/SystemAdministration.framework/Versions/A/SystemAdministration
0x0000000007d2e000 	/System/Library/PrivateFrameworks/AppContainer.framework/Versions/A/AppContainer
0x0000000007d2e000 	/System/Library/PrivateFrameworks/SecCodeWrapper.framework/Versions/A/SecCodeWrapper
0x0000000007d2e000 	/System/Library/Frameworks/DirectoryService.framework/Versions/A/DirectoryService
0x0000000007d2e000 	/System/Library/PrivateFrameworks/LoginUIKit.framework/Versions/A/Frameworks/LoginUICore.framework/Versions/A/LoginUICore
0x0000000007d2e000 	/usr/lib/libodfde.dylib
0x0000000007d2e000 	/System/Library/Frameworks/OpenGL.framework/Versions/A/Resources/GLEngine.bundle/GLEngine
0x0000000007d2e000 	/System/Library/Frameworks/OpenGL.framework/Versions/A/Libraries/libGLProgrammability.dylib
0x0000000000000000 	/System/Library/Extensions/AppleIntelHD5000GraphicsGLDriver.bundle/Contents/MacOS/AppleIntelHD5000GraphicsGLDriver
0x0000000007d2e000 	/System/Library/PrivateFrameworks/IOAccelerator.framework/Versions/A/IOAccelerator
0x0000000007d2e000 	/System/Library/PrivateFrameworks/GPUSupport.framework/Versions/A/Libraries/libGPUSupportMercury.dylib
0x0000000000000000 	/System/Library/Extensions/GeForceGLDriver.bundle/Contents/MacOS/GeForceGLDriver
0x0000000007d2e000 	/System/Library/Extensions/GeForceGLDriver.bundle/Contents/MacOS/libclh.dylib
0x0000000007d2e000 	/System/Library/Frameworks/OpenGL.framework/Versions/A/Resources/GLRendererFloat.bundle/GLRendererFloat
0x00000001305ea000 	/Library/Java/JavaVirtualMachines/jdk1.8.0_20.jdk/Contents/Home/jre/lib/libfontmanager.dylib
0x0000000130a5c000 	/Library/Java/JavaVirtualMachines/jdk1.8.0_20.jdk/Contents/Home/jre/lib/libosxui.dylib
0x0000000007d2e000 	/System/Library/Frameworks/Accelerate.framework/Versions/A/Frameworks/vImage.framework/Versions/A/Libraries/libCGInterfaces.dylib

VM Arguments:
jvm_args: -javaagent:/Users/NickRadonic/Library/Application Support/IntelliJIdea13/chronon/lib/recorder/recorder-3.20.1.187.jar=/Users/NickRadonic/Library/Caches/IntelliJIdea13/chronon-recordings/2014_11_25_CaveGame4/config.txt -agentpath:/Users/NickRadonic/Library/Application Support/IntelliJIdea13/chronon/lib/recorder/native/librecorderagent-3.0.7.jnilib -Xverify:none -Didea.launcher.port=7539 -Didea.launcher.bin.path=/Applications/IntelliJ IDEA 13.app/Contents/bin -Dfile.encoding=UTF-8 
java_command: com.intellij.rt.execution.application.AppMain GameControl.CaveGame
java_class_path (initial): /Library/Java/JavaVirtualMachines/jdk1.8.0_20.jdk/Contents/Home/lib/ant-javafx.jar:/Library/Java/JavaVirtualMachines/jdk1.8.0_20.jdk/Contents/Home/lib/dt.jar:/Library/Java/JavaVirtualMachines/jdk1.8.0_20.jdk/Contents/Home/lib/javafx-mx.jar:/Library/Java/JavaVirtualMachines/jdk1.8.0_20.jdk/Contents/Home/lib/jconsole.jar:/Library/Java/JavaVirtualMachines/jdk1.8.0_20.jdk/Contents/Home/lib/sa-jdi.jar:/Library/Java/JavaVirtualMachines/jdk1.8.0_20.jdk/Contents/Home/lib/tools.jar:/Library/Java/JavaVirtualMachines/jdk1.8.0_20.jdk/Contents/Home/jre/lib/charsets.jar:/Library/Java/JavaVirtualMachines/jdk1.8.0_20.jdk/Contents/Home/jre/lib/deploy.jar:/Library/Java/JavaVirtualMachines/jdk1.8.0_20.jdk/Contents/Home/jre/lib/javaws.jar:/Library/Java/JavaVirtualMachines/jdk1.8.0_20.jdk/Contents/Home/jre/lib/jce.jar:/Library/Java/JavaVirtualMachines/jdk1.8.0_20.jdk/Contents/Home/jre/lib/jfr.jar:/Library/Java/JavaVirtualMachines/jdk1.8.0_20.jdk/Contents/Home/jre/lib/jfxswt.jar:/Library/Java/JavaVirtualMachines/jdk1.8.0_20.jdk/Contents/Home/jre/lib/jsse.jar:/Library/Java/JavaVirtualMachines/jdk1.8.0_20.jdk/Contents/Home/jre/lib/management-agent.jar:/Library/Java/JavaVirtualMachines/jdk1.8.0_20.jdk/Contents/Home/jre/lib/plugin.jar:/Library/Java/JavaVirtualMachines/jdk1.8.0_20.jdk/Contents/Home/jre/lib/resources.jar:/Library/Java/JavaVirtualMachines/jdk1.8.0_20.jdk/Contents/Home/jre/lib/rt.jar:/Library/Java/JavaVirtualMachines/jdk1.8.0_20.jdk/Contents/Home/jre/lib/ext/cldrdata.jar:/Library/Java/JavaVirtualMachines/jdk1.8.0_20.jdk/Contents/Home/jre/lib/ext/dnsns.jar:/Library/Java/JavaVirtualMachines/jdk1.8.0_20.jdk/Contents/Home/jre/lib/ext/jfxrt.jar:/Library/Java/JavaVirtualMachines/jdk1.8.0_20.jdk/Contents/Home/jre/lib/ext/localedata.jar:/Library/Java/JavaVirtualMachines/jdk1.8.0_20.jdk/Contents/Home/jre/lib/ext/nashorn.jar:/Library/Java/JavaVirtualMachines/jdk1.8.0_20.jdk/Contents/Home/jre/lib/ext/sunec.jar:/Library/Java/JavaVirtualMachines/jdk1.8.0_20.jdk/C
Launcher Type: SUN_STANDARD

Environment Variables:
PATH=/usr/local/bin:/usr/bin:/bin:/usr/sbin:/sbin:/Applications/Server.app/Contents/ServerRoot/usr/bin:/Applications/Server.app/Contents/ServerRoot/usr/sbin
SHELL=/bin/bash

Signal Handlers:
SIGSEGV: [libjvm.dylib+0x578fd7], sa_mask[0]=11111111011111110111111111111111, sa_flags=SA_ONSTACK|SA_RESTART|SA_SIGINFO
SIGBUS: [libjvm.dylib+0x578fd7], sa_mask[0]=11111111011111110111111111111111, sa_flags=SA_RESTART|SA_SIGINFO
SIGFPE: [libjvm.dylib+0x45ab0c], sa_mask[0]=11111111011111110111111111111111, sa_flags=SA_RESTART|SA_SIGINFO
SIGPIPE: [libjvm.dylib+0x45ab0c], sa_mask[0]=11111111011111110111111111111111, sa_flags=SA_RESTART|SA_SIGINFO
SIGXFSZ: [libjvm.dylib+0x45ab0c], sa_mask[0]=11111111011111110111111111111111, sa_flags=SA_RESTART|SA_SIGINFO
SIGILL: [libjvm.dylib+0x45ab0c], sa_mask[0]=11111111011111110111111111111111, sa_flags=SA_RESTART|SA_SIGINFO
SIGUSR1: SIG_DFL, sa_mask[0]=00000000000000000000000000000000, sa_flags=none
SIGUSR2: [libjvm.dylib+0x45a62a], sa_mask[0]=00100000000000000000000000000000, sa_flags=SA_RESTART|SA_SIGINFO
SIGHUP: [libjvm.dylib+0x458bfd], sa_mask[0]=11111111011111110111111111111111, sa_flags=SA_RESTART|SA_SIGINFO
SIGINT: [libjvm.dylib+0x458bfd], sa_mask[0]=11111111011111110111111111111111, sa_flags=SA_RESTART|SA_SIGINFO
SIGTERM: [libjvm.dylib+0x458bfd], sa_mask[0]=11111111011111110111111111111111, sa_flags=SA_RESTART|SA_SIGINFO
SIGQUIT: [libjvm.dylib+0x458bfd], sa_mask[0]=11111111011111110111111111111111, sa_flags=SA_RESTART|SA_SIGINFO


---------------  S Y S T E M  ---------------

OS:Bsduname:Darwin 14.1.0 Darwin Kernel Version 14.1.0: Thu Nov 13 18:36:56 PST 2014; root:xnu-2782.10.65~2/RELEASE_X86_64 x86_64
rlimit: STACK 8192k, CORE 0k, NPROC 709, NOFILE 10240, AS infinity
load average:1.82 1.70 1.70

CPU:total 8 (4 cores per cpu, 2 threads per core) family 6 model 70 stepping 1, cmov, cx8, fxsr, mmx, sse, sse2, sse3, ssse3, sse4.1, sse4.2, popcnt, avx, avx2, aes, clmul, erms, rtm, lzcnt, ht, tsc, tscinvbit, bmi1, bmi2

Memory: 4k page, physical 16777216k(3454780k free)

/proc/meminfo:


vm_info: Java HotSpot(TM) 64-Bit Server VM (25.20-b23) for bsd-amd64 JRE (1.8.0_20-b26), built on Jul 30 2014 13:37:47 by "java_re" with gcc 4.2.1 (Based on Apple Inc. build 5658) (LLVM build 2336.9.00)

time: Tue Nov 25 13:06:00 2014
elapsed time: 6 seconds (0d 0h 0m 6s)

