#
# A fatal error has been detected by the Java Runtime Environment:
#
#  SIGSEGV (0xb) at pc=0x0000000101baa5b0, pid=47720, tid=22787
#
# JRE version: Java(TM) SE Runtime Environment (8.0_20-b26) (build 1.8.0_20-b26)
# Java VM: Java HotSpot(TM) 64-Bit Server VM (25.20-b23 mixed mode bsd-amd64 compressed oops)
# Problematic frame:
# V  [libjvm.dylib+0x3aa5b0]
#
# Failed to write core dump. Core dumps have been disabled. To enable core dumping, try "ulimit -c unlimited" before starting Java again
#
# If you would like to submit a bug report, please visit:
#   http://bugreport.sun.com/bugreport/crash.jsp
#

---------------  T H R E A D  ---------------

Current thread (0x00007f921b8c0000):  JavaThread "C2 CompilerThread1" daemon [_thread_in_native, id=22787, stack(0x0000000120c4f000,0x0000000120d4f000)]

siginfo: si_signo: 11 (SIGSEGV), si_code: 1 (SEGV_MAPERR), si_addr: 0x0000000000000008

Registers:
RAX=0x0000000000000000, RBX=0x0000000120d48a08, RCX=0x00007f9222418810, RDX=0x00007f921997e7d8
RSP=0x0000000120d485b0, RBP=0x0000000120d485b0, RSI=0x00007f9218d1cbb0, RDI=0x0000000120d48a08
R8 =0x0000000000000000, R9 =0x0000000000000007, R10=0x000000000000000e, R11=0xfffffffffaafecc0
R12=0x00007f921997e7d8, R13=0x0000000000000000, R14=0x00007f9218d1cbb0, R15=0x00007f9221c23d68
RIP=0x0000000101baa5b0, EFLAGS=0x0000000000010206, ERR=0x0000000000000004
  TRAPNO=0x000000000000000e

Top of Stack: (sp=0x0000000120d485b0)
0x0000000120d485b0:   0000000120d485f0 0000000101bb37e5
0x0000000120d485c0:   00007f9221ca8998 0000000120d48920
0x0000000120d485d0:   0000000000000002 00007f9221b9ef70
0x0000000120d485e0:   0000000120d48a08 00007f9221ca8998
0x0000000120d485f0:   0000000120d48650 0000000101bb3a32
0x0000000120d48600:   0000000120d493d8 0000000120d48900
0x0000000120d48610:   0000000120d493b8 0000000120d488e0
0x0000000120d48620:   0000000200002905 0000000120d48a08
0x0000000120d48630:   0000000000000001 0000000000000000
0x0000000120d48640:   00007f9218d1cc20 0000000000000005
0x0000000120d48650:   0000000120d48990 0000000101bb9b73
0x0000000120d48660:   00007f9222078d50 00007f921d0f4540
0x0000000120d48670:   0000000100000000 00007f9218c28080
0x0000000120d48680:   000000011ab590a0 00007fff878b3f18
0x0000000120d48690:   0000000120d486c0 0000000001d3f0f0
0x0000000120d486a0:   000000012174f000 000000010061a280
0x0000000120d486b0:   0000000000000000 0000000000000000
0x0000000120d486c0:   0000000120d486e0 0000000000020010
0x0000000120d486d0:   0000000100619000 0000000000000000
0x0000000120d486e0:   0000000000000000 0000000000000000
0x0000000120d486f0:   0000000120d487e0 00007fff878b23a5
0x0000000120d48700:   0000000120d48760 0000000101a2211e
0x0000000120d48710:   0000000120d48780 000000009c88ea15
0x0000000120d48720:   00007f9222078d50 00007f921aad8168
0x0000000120d48730:   00007f9222078d50 00007f9222078d50
0x0000000120d48740:   00007f921c62c8e8 0000000120d4d200
0x0000000120d48750:   00007f921a124760 00007f921ab5b138
0x0000000120d48760:   0000000120d48780 0000000101d4285a
0x0000000120d48770:   0000000000000000 0000000000000000
0x0000000120d48780:   0000000120d48800 0000000101d41282
0x0000000120d48790:   00007f9200000000 0000000000000000
0x0000000120d487a0:   000000017fffffff 0000000100000000 

Instructions: (pc=0x0000000101baa5b0)
0x0000000101baa590:   2c 83 e1 07 83 f9 05 48 0f 45 c2 5d c3 90 55 48
0x0000000101baa5a0:   89 e5 8b 46 28 48 8b 8f f0 09 00 00 48 8b 04 c1
0x0000000101baa5b0:   48 8b 48 08 48 83 39 00 75 26 8b 4f 28 8b 40 28
0x0000000101baa5c0:   39 c1 77 0e 31 c0 48 8b 50 08 48 83 3a 00 74 ed 

Register to memory mapping:

RAX=0x0000000000000000 is an unknown value
RBX=0x0000000120d48a08 is pointing into the stack for thread: 0x00007f921b8c0000
RCX=0x00007f9222418810 is an unknown value
RDX=0x00007f921997e7d8 is an unknown value
RSP=0x0000000120d485b0 is pointing into the stack for thread: 0x00007f921b8c0000
RBP=0x0000000120d485b0 is pointing into the stack for thread: 0x00007f921b8c0000
RSI=0x00007f9218d1cbb0 is an unknown value
RDI=0x0000000120d48a08 is pointing into the stack for thread: 0x00007f921b8c0000
R8 =0x0000000000000000 is an unknown value
R9 =0x0000000000000007 is an unknown value
R10=0x000000000000000e is an unknown value
R11=0xfffffffffaafecc0 is an unknown value
R12=0x00007f921997e7d8 is an unknown value
R13=0x0000000000000000 is an unknown value
R14=0x00007f9218d1cbb0 is an unknown value
R15=0x00007f9221c23d68 is an unknown value


Stack: [0x0000000120c4f000,0x0000000120d4f000],  sp=0x0000000120d485b0,  free space=997k
Native frames: (J=compiled Java code, j=interpreted, Vv=VM code, C=native code)
V  [libjvm.dylib+0x3aa5b0]
V  [libjvm.dylib+0x3b37e5]
V  [libjvm.dylib+0x3b3a32]
V  [libjvm.dylib+0x3b9b73]
V  [libjvm.dylib+0x1a5b78]
V  [libjvm.dylib+0x1a8925]
V  [libjvm.dylib+0x14afd6]
V  [libjvm.dylib+0x1ac260]
V  [libjvm.dylib+0x1ae36f]
V  [libjvm.dylib+0x535a51]
V  [libjvm.dylib+0x537194]
V  [libjvm.dylib+0x45d35a]
C  [libsystem_pthread.dylib+0x32fc]  _pthread_body+0x83
C  [libsystem_pthread.dylib+0x3279]  _pthread_body+0x0
C  [libsystem_pthread.dylib+0x14b1]  thread_start+0xd
C  0x0000000000000000


Current CompileTask:
C2:  56239 2674       4       java.com.chronon3.sb.recorder.runtime.inject.InstrumentationCode2::recordObjectValue (155 bytes)


---------------  P R O C E S S  ---------------

Java Threads: ( => current thread )
  0x00007f921cd25800 JavaThread "TimerQueue" daemon [_thread_blocked, id=75023, stack(0x000000013517c000,0x000000013527c000)]
  0x00007f921aba4000 JavaThread "DestroyJavaVM" [_thread_blocked, id=4867, stack(0x000000010271c000,0x000000010281c000)]
  0x00007f92190af800 JavaThread "AWT-EventQueue-0" [_thread_blocked, id=68615, stack(0x000000012a1d1000,0x000000012a2d1000)]
  0x00007f921ca5f800 JavaThread "Java2D Disposer" daemon [_thread_blocked, id=62731, stack(0x00000001268f5000,0x00000001269f5000)]
  0x00007f921c99c800 JavaThread "Java2D Queue Flusher" daemon [_thread_blocked, id=56351, stack(0x0000000125bba000,0x0000000125cba000)]
  0x00007f921c90a800 JavaThread "AWT-Shutdown" [_thread_blocked, id=34835, stack(0x00000001229e8000,0x0000000122ae8000)]
  0x00007f921b001800 JavaThread "AppKit Thread" daemon [_thread_in_native, id=1299, stack(0x00007fff5ee01000,0x00007fff5f601000)]
  0x00007f921d002800 JavaThread "Monitor Ctrl-Break" daemon [_thread_in_native, id=25347, stack(0x0000000121184000,0x0000000121284000)]
  0x00007f9219801000 JavaThread "Service Thread" daemon [_thread_blocked, id=24323, stack(0x0000000120f58000,0x0000000121058000)]
  0x00007f921c054800 JavaThread "C1 CompilerThread3" daemon [_thread_blocked, id=23811, stack(0x0000000120e55000,0x0000000120f55000)]
  0x00007f921c025000 JavaThread "C2 CompilerThread2" daemon [_thread_blocked, id=23299, stack(0x0000000120d52000,0x0000000120e52000)]
=>0x00007f921b8c0000 JavaThread "C2 CompilerThread1" daemon [_thread_in_native, id=22787, stack(0x0000000120c4f000,0x0000000120d4f000)]
  0x00007f921c874800 JavaThread "C2 CompilerThread0" daemon [_thread_in_native, id=22275, stack(0x0000000120b4c000,0x0000000120c4c000)]
  0x00007f921c84f800 JavaThread "Chronon - Flusher Thread" daemon [_thread_blocked, id=21763, stack(0x0000000120a49000,0x0000000120b49000)]
  0x00007f921c84e800 JavaThread "Chronon - Flusher Thread" daemon [_thread_blocked, id=21251, stack(0x0000000120946000,0x0000000120a46000)]
  0x00007f921b8b4800 JavaThread "Recorder Data Persistor" daemon [_thread_blocked, id=20739, stack(0x0000000120843000,0x0000000120943000)]
  0x00007f921c041800 JavaThread "Chronon - Logger Thread" daemon [_thread_blocked, id=20227, stack(0x0000000120740000,0x0000000120840000)]
  0x00007f921c847800 JavaThread "Chronon - Db2" daemon [_thread_blocked, id=19715, stack(0x000000012063d000,0x000000012073d000)]
  0x00007f921c847000 JavaThread "Chronon - Db1" daemon [_thread_blocked, id=19203, stack(0x000000012053a000,0x000000012063a000)]
  0x00007f921b82b000 JavaThread "Recorder - Reference Collector" daemon [_thread_blocked, id=18691, stack(0x000000011fd74000,0x000000011fe74000)]
  0x00007f921c01c000 JavaThread "Signal Dispatcher" daemon [_thread_blocked, id=14611, stack(0x000000011fc64000,0x000000011fd64000)]
  0x00007f921c83b000 JavaThread "Finalizer" daemon [_thread_blocked, id=13571, stack(0x000000011e2a7000,0x000000011e3a7000)]
  0x00007f921c83a800 JavaThread "Reference Handler" daemon [_thread_blocked, id=13059, stack(0x000000011e1a4000,0x000000011e2a4000)]

Other Threads:
  0x00007f921b803000 VMThread [stack: 0x000000011e0a1000,0x000000011e1a1000] [id=12547]
  0x00007f921c055000 WatcherThread [stack: 0x000000012105b000,0x000000012115b000] [id=24835]

VM state:not at safepoint (normal execution)

VM Mutex/Monitor currently owned by a thread: None

Heap:
 PSYoungGen      total 76288K, used 58195K [0x000000076ab00000, 0x0000000770000000, 0x00000007c0000000)
  eden space 65536K, 80% used [0x000000076ab00000,0x000000076de9b378,0x000000076eb00000)
  from space 10752K, 49% used [0x000000076eb00000,0x000000076f039a10,0x000000076f580000)
  to   space 10752K, 0% used [0x000000076f580000,0x000000076f580000,0x0000000770000000)
 ParOldGen       total 175104K, used 16K [0x00000006c0000000, 0x00000006cab00000, 0x000000076ab00000)
  object space 175104K, 0% used [0x00000006c0000000,0x00000006c0004000,0x00000006cab00000)
 Metaspace       used 19203K, capacity 19496K, committed 19968K, reserved 1067008K
  class space    used 2372K, capacity 2448K, committed 2560K, reserved 1048576K

Card table byte_map: [0x0000000111bde000,0x00000001123df000] byte_map_base: 0x000000010e5de000

Marking Bits: (ParMarkBitMap*) 0x000000010209c330
 Begin Bits: [0x000000011314d000, 0x000000011714d000)
 End Bits:   [0x000000011714d000, 0x000000011b14d000)

Polling page: 0x0000000100756000

CodeCache: size=245760Kb used=8984Kb max_used=8984Kb free=236775Kb
 bounds [0x000000010281e000, 0x00000001030fe000, 0x000000011181e000]
 total_blobs=3158 nmethods=2550 adapters=520
 compilation: enabled

Compilation events (10 events):
Event: 56.220 Thread 0x00007f921c054800 2628       1       java.com.chronon.sb.db.core.k.l::b (5 bytes)
Event: 56.220 Thread 0x00007f921c054800 nmethod 2628 0x0000000102c0d890 code [0x0000000102c0d9e0, 0x0000000102c0daf0]
Event: 56.220 Thread 0x00007f921c054800 2677       1       java.com.chronon.sb.db.core.b.c::h (5 bytes)
Event: 56.220 Thread 0x00007f921c054800 nmethod 2677 0x0000000102c0d5d0 code [0x0000000102c0d720, 0x0000000102c0d830]
Event: 56.220 Thread 0x00007f921c054800 2672       1       java.com.chronon.sb.db.core.k.C::e (5 bytes)
Event: 56.220 Thread 0x00007f921c054800 nmethod 2672 0x0000000102c0d310 code [0x0000000102c0d460, 0x0000000102c0d570]
Event: 56.220 Thread 0x00007f921c054800 2682       1       java.com.chronon.sb.db.core.g::e (5 bytes)
Event: 56.220 Thread 0x00007f921c054800 nmethod 2682 0x0000000102c0d050 code [0x0000000102c0d1a0, 0x0000000102c0d2b0]
Event: 56.220 Thread 0x00007f921c054800 2685       1       javax.swing.JScrollPane::getColumnHeader (5 bytes)
Event: 56.220 Thread 0x00007f921c054800 nmethod 2685 0x0000000102c0cd90 code [0x0000000102c0cee0, 0x0000000102c0cff0]

GC Heap History (2 events):
Event: 1.990 GC heap before
{Heap before GC invocations=1 (full 0):
 PSYoungGen      total 76288K, used 65536K [0x000000076ab00000, 0x0000000770000000, 0x00000007c0000000)
  eden space 65536K, 100% used [0x000000076ab00000,0x000000076eb00000,0x000000076eb00000)
  from space 10752K, 0% used [0x000000076f580000,0x000000076f580000,0x0000000770000000)
  to   space 10752K, 0% used [0x000000076eb00000,0x000000076eb00000,0x000000076f580000)
 ParOldGen       total 175104K, used 0K [0x00000006c0000000, 0x00000006cab00000, 0x000000076ab00000)
  object space 175104K, 0% used [0x00000006c0000000,0x00000006c0000000,0x00000006cab00000)
 Metaspace       used 14946K, capacity 15170K, committed 15616K, reserved 1062912K
  class space    used 1846K, capacity 1933K, committed 2048K, reserved 1048576K
Event: 1.994 GC heap after
Heap after GC invocations=1 (full 0):
 PSYoungGen      total 76288K, used 5350K [0x000000076ab00000, 0x0000000770000000, 0x00000007c0000000)
  eden space 65536K, 0% used [0x000000076ab00000,0x000000076ab00000,0x000000076eb00000)
  from space 10752K, 49% used [0x000000076eb00000,0x000000076f039a10,0x000000076f580000)
  to   space 10752K, 0% used [0x000000076f580000,0x000000076f580000,0x0000000770000000)
 ParOldGen       total 175104K, used 16K [0x00000006c0000000, 0x00000006cab00000, 0x000000076ab00000)
  object space 175104K, 0% used [0x00000006c0000000,0x00000006c0004000,0x00000006cab00000)
 Metaspace       used 14946K, capacity 15170K, committed 15616K, reserved 1062912K
  class space    used 1846K, capacity 1933K, committed 2048K, reserved 1048576K
}

Deoptimization events (10 events):
Event: 1.504 Thread 0x00007f921c800000 Uncommon trap: reason=unreached action=reinterpret pc=0x0000000102a6951c method=java.lang.AbstractStringBuilder.append(Ljava/lang/String;)Ljava/lang/AbstractStringBuilder; @ 1
Event: 1.505 Thread 0x00007f921c800000 Uncommon trap: reason=unreached action=reinterpret pc=0x00000001029b315c method=java.lang.AbstractStringBuilder.append(Ljava/lang/String;)Ljava/lang/AbstractStringBuilder; @ 1
Event: 2.820 Thread 0x00007f92190af800 Uncommon trap: reason=unreached action=reinterpret pc=0x00000001029632a8 method=java.util.HashMap.hash(Ljava/lang/Object;)I @ 1
Event: 3.053 Thread 0x00007f92190af800 Uncommon trap: reason=class_check action=maybe_recompile pc=0x0000000102939e98 method=java.lang.String.equals(Ljava/lang/Object;)Z @ 8
Event: 3.053 Thread 0x00007f92190af800 Uncommon trap: reason=class_check action=maybe_recompile pc=0x0000000102939e98 method=java.lang.String.equals(Ljava/lang/Object;)Z @ 8
Event: 3.066 Thread 0x00007f92190af800 Uncommon trap: reason=class_check action=maybe_recompile pc=0x0000000102939e98 method=java.lang.String.equals(Ljava/lang/Object;)Z @ 8
Event: 3.066 Thread 0x00007f92190af800 Uncommon trap: reason=class_check action=maybe_recompile pc=0x0000000102939e98 method=java.lang.String.equals(Ljava/lang/Object;)Z @ 8
Event: 5.952 Thread 0x00007f92190af800 Uncommon trap: reason=bimorphic action=maybe_recompile pc=0x0000000102c424b4 method=java.util.HashMap.putVal(ILjava/lang/Object;Ljava/lang/Object;ZZ)Ljava/lang/Object; @ 203
Event: 5.976 Thread 0x00007f92190af800 Uncommon trap: reason=bimorphic action=maybe_recompile pc=0x0000000102c424b4 method=java.util.HashMap.putVal(ILjava/lang/Object;Ljava/lang/Object;ZZ)Ljava/lang/Object; @ 203
Event: 6.009 Thread 0x00007f92190af800 Uncommon trap: reason=bimorphic action=maybe_recompile pc=0x0000000102c424b4 method=java.util.HashMap.putVal(ILjava/lang/Object;Ljava/lang/Object;ZZ)Ljava/lang/Object; @ 203

Internal exceptions (10 events):
Event: 46.603 Thread 0x00007f92190af800 Implicit null exception at 0x0000000102a37989 to 0x0000000102a37b2d
Event: 46.603 Thread 0x00007f92190af800 Exception <a 'java/lang/NullPointerException'> (0x000000076d51fb00) thrown at [/HUDSON3/workspace/8-2-build-macosx-x86_64/jdk8u20/1074/hotspot/src/share/vm/runtime/sharedRuntime.cpp, line 604]
Event: 46.603 Thread 0x00007f92190af800 Implicit null exception at 0x0000000102a284be to 0x0000000102a28b9e
Event: 46.603 Thread 0x00007f92190af800 Exception <a 'java/lang/NullPointerException'> (0x000000076d5227a0) thrown at [/HUDSON3/workspace/8-2-build-macosx-x86_64/jdk8u20/1074/hotspot/src/share/vm/runtime/sharedRuntime.cpp, line 604]
Event: 46.603 Thread 0x00007f92190af800 Implicit null exception at 0x0000000102a356cf to 0x0000000102a35cdf
Event: 46.603 Thread 0x00007f92190af800 Exception <a 'java/lang/NullPointerException'> (0x000000076d522d30) thrown at [/HUDSON3/workspace/8-2-build-macosx-x86_64/jdk8u20/1074/hotspot/src/share/vm/runtime/sharedRuntime.cpp, line 604]
Event: 46.603 Thread 0x00007f92190af800 Implicit null exception at 0x0000000102a37989 to 0x0000000102a37b2d
Event: 46.604 Thread 0x00007f92190af800 Exception <a 'java/lang/NullPointerException'> (0x000000076d523070) thrown at [/HUDSON3/workspace/8-2-build-macosx-x86_64/jdk8u20/1074/hotspot/src/share/vm/runtime/sharedRuntime.cpp, line 604]
Event: 56.154 Thread 0x00007f921c84e800 Exception <a 'java/lang/NoSuchMethodError': <clinit>> (0x000000076caf7e10) thrown at [/HUDSON3/workspace/8-2-build-macosx-x86_64/jdk8u20/1074/hotspot/src/share/vm/prims/jni.cpp, line 1603]
Event: 56.158 Thread 0x00007f921c84f800 Exception <a 'java/lang/NoSuchMethodError': <clinit>> (0x000000076ccbc298) thrown at [/HUDSON3/workspace/8-2-build-macosx-x86_64/jdk8u20/1074/hotspot/src/share/vm/prims/jni.cpp, line 1603]

Events (10 events):
Event: 56.168 loading class sun/security/provider/SHA
Event: 56.168 loading class sun/security/provider/DigestBase
Event: 56.168 loading class sun/security/provider/DigestBase done
Event: 56.168 loading class sun/security/provider/SHA done
Event: 56.168 loading class sun/security/jca/GetInstance$Instance
Event: 56.168 loading class sun/security/jca/GetInstance$Instance done
Event: 56.168 loading class java/security/MessageDigest$Delegate
Event: 56.168 loading class java/security/MessageDigest$Delegate done
Event: 56.168 loading class sun/security/provider/ByteArrayAccess
Event: 56.168 loading class sun/security/provider/ByteArrayAccess done


Dynamic libraries:
0x0000000000449000 	/System/Library/Frameworks/Cocoa.framework/Versions/A/Cocoa
0x0000000000449000 	/System/Library/Frameworks/Security.framework/Versions/A/Security
0x0000000000449000 	/System/Library/Frameworks/ApplicationServices.framework/Versions/A/ApplicationServices
0x0000000000449000 	/usr/lib/libz.1.dylib
0x0000000000449000 	/usr/lib/libSystem.B.dylib
0x0000000000449000 	/usr/lib/libobjc.A.dylib
0x0000000000449000 	/System/Library/Frameworks/CoreFoundation.framework/Versions/A/CoreFoundation
0x0000000000449000 	/System/Library/Frameworks/Foundation.framework/Versions/C/Foundation
0x0000000000449000 	/System/Library/Frameworks/AppKit.framework/Versions/C/AppKit
0x0000000000449000 	/System/Library/Frameworks/CoreData.framework/Versions/A/CoreData
0x0000000000449000 	/System/Library/PrivateFrameworks/RemoteViewServices.framework/Versions/A/RemoteViewServices
0x0000000000449000 	/System/Library/PrivateFrameworks/UIFoundation.framework/Versions/A/UIFoundation
0x0000000000449000 	/System/Library/Frameworks/IOSurface.framework/Versions/A/IOSurface
0x0000000000449000 	/System/Library/Frameworks/AudioToolbox.framework/Versions/A/AudioToolbox
0x0000000000449000 	/System/Library/Frameworks/AudioUnit.framework/Versions/A/AudioUnit
0x0000000000449000 	/System/Library/PrivateFrameworks/DataDetectorsCore.framework/Versions/A/DataDetectorsCore
0x0000000000449000 	/System/Library/PrivateFrameworks/DesktopServicesPriv.framework/Versions/A/DesktopServicesPriv
0x0000000000449000 	/System/Library/Frameworks/Carbon.framework/Versions/A/Frameworks/HIToolbox.framework/Versions/A/HIToolbox
0x0000000000449000 	/System/Library/Frameworks/QuartzCore.framework/Versions/A/QuartzCore
0x0000000000449000 	/System/Library/Frameworks/Carbon.framework/Versions/A/Frameworks/SpeechRecognition.framework/Versions/A/SpeechRecognition
0x0000000000449000 	/usr/lib/libauto.dylib
0x0000000000449000 	/usr/lib/libicucore.A.dylib
0x0000000000449000 	/usr/lib/libxml2.2.dylib
0x0000000000449000 	/System/Library/PrivateFrameworks/CoreUI.framework/Versions/A/CoreUI
0x0000000000449000 	/System/Library/Frameworks/CoreAudio.framework/Versions/A/CoreAudio
0x0000000000449000 	/System/Library/Frameworks/DiskArbitration.framework/Versions/A/DiskArbitration
0x0000000000449000 	/usr/lib/liblangid.dylib
0x0000000000449000 	/System/Library/PrivateFrameworks/MultitouchSupport.framework/Versions/A/MultitouchSupport
0x0000000000449000 	/System/Library/Frameworks/IOKit.framework/Versions/A/IOKit
0x0000000000449000 	/usr/lib/libDiagnosticMessagesClient.dylib
0x0000000000449000 	/System/Library/Frameworks/CoreServices.framework/Versions/A/CoreServices
0x0000000000449000 	/System/Library/PrivateFrameworks/PerformanceAnalysis.framework/Versions/A/PerformanceAnalysis
0x0000000000449000 	/System/Library/PrivateFrameworks/GenerationalStorage.framework/Versions/A/GenerationalStorage
0x0000000000449000 	/System/Library/Frameworks/OpenGL.framework/Versions/A/OpenGL
0x0000000000449000 	/System/Library/PrivateFrameworks/Sharing.framework/Versions/A/Sharing
0x0000000000449000 	/System/Library/Frameworks/CoreGraphics.framework/Versions/A/CoreGraphics
0x0000000000449000 	/System/Library/Frameworks/CoreText.framework/Versions/A/CoreText
0x0000000000449000 	/System/Library/Frameworks/ImageIO.framework/Versions/A/ImageIO
0x0000000000449000 	/usr/lib/libextension.dylib
0x0000000000449000 	/System/Library/PrivateFrameworks/Backup.framework/Versions/A/Backup
0x0000000000449000 	/usr/lib/libarchive.2.dylib
0x0000000000449000 	/System/Library/Frameworks/CFNetwork.framework/Versions/A/CFNetwork
0x0000000000449000 	/System/Library/Frameworks/SystemConfiguration.framework/Versions/A/SystemConfiguration
0x0000000000449000 	/usr/lib/libCRFSuite.dylib
0x0000000000449000 	/usr/lib/libc++.1.dylib
0x0000000000449000 	/usr/lib/libc++abi.dylib
0x0000000000449000 	/usr/lib/system/libcache.dylib
0x0000000000449000 	/usr/lib/system/libcommonCrypto.dylib
0x0000000000449000 	/usr/lib/system/libcompiler_rt.dylib
0x0000000000449000 	/usr/lib/system/libcopyfile.dylib
0x0000000000449000 	/usr/lib/system/libcorecrypto.dylib
0x0000000000449000 	/usr/lib/system/libdispatch.dylib
0x0000000000449000 	/usr/lib/system/libdyld.dylib
0x0000000000449000 	/usr/lib/system/libkeymgr.dylib
0x0000000000449000 	/usr/lib/system/liblaunch.dylib
0x0000000000449000 	/usr/lib/system/libmacho.dylib
0x0000000000449000 	/usr/lib/system/libquarantine.dylib
0x0000000000449000 	/usr/lib/system/libremovefile.dylib
0x0000000000449000 	/usr/lib/system/libsystem_asl.dylib
0x0000000000449000 	/usr/lib/system/libsystem_blocks.dylib
0x0000000000449000 	/usr/lib/system/libsystem_c.dylib
0x0000000000449000 	/usr/lib/system/libsystem_configuration.dylib
0x0000000000449000 	/usr/lib/system/libsystem_coreservices.dylib
0x0000000000449000 	/usr/lib/system/libsystem_coretls.dylib
0x0000000000449000 	/usr/lib/system/libsystem_dnssd.dylib
0x0000000000449000 	/usr/lib/system/libsystem_info.dylib
0x0000000000449000 	/usr/lib/system/libsystem_kernel.dylib
0x0000000000449000 	/usr/lib/system/libsystem_m.dylib
0x0000000000449000 	/usr/lib/system/libsystem_malloc.dylib
0x0000000000449000 	/usr/lib/system/libsystem_network.dylib
0x0000000000449000 	/usr/lib/system/libsystem_networkextension.dylib
0x0000000000449000 	/usr/lib/system/libsystem_notify.dylib
0x0000000000449000 	/usr/lib/system/libsystem_platform.dylib
0x0000000000449000 	/usr/lib/system/libsystem_pthread.dylib
0x0000000000449000 	/usr/lib/system/libsystem_sandbox.dylib
0x0000000000449000 	/usr/lib/system/libsystem_secinit.dylib
0x0000000000449000 	/usr/lib/system/libsystem_stats.dylib
0x0000000000449000 	/usr/lib/system/libsystem_trace.dylib
0x0000000000449000 	/usr/lib/system/libunc.dylib
0x0000000000449000 	/usr/lib/system/libunwind.dylib
0x0000000000449000 	/usr/lib/system/libxpc.dylib
0x0000000000449000 	/usr/lib/libbz2.1.0.dylib
0x0000000000449000 	/usr/lib/liblzma.5.dylib
0x0000000000449000 	/usr/lib/libbsm.0.dylib
0x0000000000449000 	/usr/lib/libsqlite3.dylib
0x0000000000449000 	/usr/lib/system/libkxld.dylib
0x0000000000449000 	/usr/lib/libxar.1.dylib
0x0000000000449000 	/usr/lib/libpam.2.dylib
0x0000000000449000 	/usr/lib/libOpenScriptingUtil.dylib
0x0000000000449000 	/System/Library/Frameworks/CoreServices.framework/Versions/A/Frameworks/FSEvents.framework/Versions/A/FSEvents
0x0000000000449000 	/System/Library/Frameworks/CoreServices.framework/Versions/A/Frameworks/CarbonCore.framework/Versions/A/CarbonCore
0x0000000000449000 	/System/Library/Frameworks/CoreServices.framework/Versions/A/Frameworks/Metadata.framework/Versions/A/Metadata
0x0000000000449000 	/System/Library/Frameworks/CoreServices.framework/Versions/A/Frameworks/OSServices.framework/Versions/A/OSServices
0x0000000000449000 	/System/Library/Frameworks/CoreServices.framework/Versions/A/Frameworks/SearchKit.framework/Versions/A/SearchKit
0x0000000000449000 	/System/Library/Frameworks/CoreServices.framework/Versions/A/Frameworks/AE.framework/Versions/A/AE
0x0000000000449000 	/System/Library/Frameworks/CoreServices.framework/Versions/A/Frameworks/LaunchServices.framework/Versions/A/LaunchServices
0x0000000000449000 	/System/Library/Frameworks/CoreServices.framework/Versions/A/Frameworks/DictionaryServices.framework/Versions/A/DictionaryServices
0x0000000000449000 	/System/Library/Frameworks/NetFS.framework/Versions/A/NetFS
0x0000000000449000 	/System/Library/PrivateFrameworks/NetAuth.framework/Versions/A/NetAuth
0x0000000000449000 	/System/Library/PrivateFrameworks/login.framework/Versions/A/Frameworks/loginsupport.framework/Versions/A/loginsupport
0x0000000000449000 	/System/Library/PrivateFrameworks/TCC.framework/Versions/A/TCC
0x0000000000449000 	/usr/lib/libmecabra.dylib
0x0000000000449000 	/System/Library/PrivateFrameworks/LanguageModeling.framework/Versions/A/LanguageModeling
0x0000000000449000 	/usr/lib/libcmph.dylib
0x0000000000449000 	/usr/lib/libiconv.2.dylib
0x0000000000449000 	/System/Library/Frameworks/OpenDirectory.framework/Versions/A/Frameworks/CFOpenDirectory.framework/Versions/A/CFOpenDirectory
0x0000000000449000 	/System/Library/Frameworks/ServiceManagement.framework/Versions/A/ServiceManagement
0x0000000000449000 	/usr/lib/libxslt.1.dylib
0x0000000000449000 	/System/Library/Frameworks/Carbon.framework/Versions/A/Frameworks/Ink.framework/Versions/A/Ink
0x0000000000449000 	/System/Library/Frameworks/ApplicationServices.framework/Versions/A/Frameworks/ATS.framework/Versions/A/ATS
0x0000000000449000 	/System/Library/Frameworks/ApplicationServices.framework/Versions/A/Frameworks/ColorSync.framework/Versions/A/ColorSync
0x0000000000449000 	/System/Library/Frameworks/ApplicationServices.framework/Versions/A/Frameworks/HIServices.framework/Versions/A/HIServices
0x0000000000449000 	/System/Library/Frameworks/ApplicationServices.framework/Versions/A/Frameworks/LangAnalysis.framework/Versions/A/LangAnalysis
0x0000000000449000 	/System/Library/Frameworks/ApplicationServices.framework/Versions/A/Frameworks/PrintCore.framework/Versions/A/PrintCore
0x0000000000449000 	/System/Library/Frameworks/ApplicationServices.framework/Versions/A/Frameworks/QD.framework/Versions/A/QD
0x0000000000449000 	/System/Library/Frameworks/ApplicationServices.framework/Versions/A/Frameworks/SpeechSynthesis.framework/Versions/A/SpeechSynthesis
0x0000000000449000 	/System/Library/Frameworks/Accelerate.framework/Versions/A/Accelerate
0x0000000000449000 	/System/Library/Frameworks/Accelerate.framework/Versions/A/Frameworks/vImage.framework/Versions/A/vImage
0x0000000000449000 	/System/Library/Frameworks/Accelerate.framework/Versions/A/Frameworks/vecLib.framework/Versions/A/vecLib
0x0000000000449000 	/System/Library/Frameworks/Accelerate.framework/Versions/A/Frameworks/vecLib.framework/Versions/A/libvDSP.dylib
0x0000000000449000 	/System/Library/Frameworks/Accelerate.framework/Versions/A/Frameworks/vecLib.framework/Versions/A/libvMisc.dylib
0x0000000000449000 	/System/Library/Frameworks/Accelerate.framework/Versions/A/Frameworks/vecLib.framework/Versions/A/libLAPACK.dylib
0x0000000000449000 	/System/Library/Frameworks/Accelerate.framework/Versions/A/Frameworks/vecLib.framework/Versions/A/libBLAS.dylib
0x0000000000449000 	/System/Library/Frameworks/Accelerate.framework/Versions/A/Frameworks/vecLib.framework/Versions/A/libLinearAlgebra.dylib
0x0000000000449000 	/System/Library/Frameworks/ApplicationServices.framework/Versions/A/Frameworks/ATS.framework/Versions/A/Resources/libFontParser.dylib
0x0000000000449000 	/System/Library/Frameworks/ApplicationServices.framework/Versions/A/Frameworks/ATS.framework/Versions/A/Resources/libFontRegistry.dylib
0x0000000000449000 	/System/Library/PrivateFrameworks/AppleVPA.framework/Versions/A/AppleVPA
0x0000000000449000 	/System/Library/PrivateFrameworks/AppleJPEG.framework/Versions/A/AppleJPEG
0x0000000000449000 	/System/Library/Frameworks/ImageIO.framework/Versions/A/Resources/libJPEG.dylib
0x0000000000449000 	/System/Library/Frameworks/ImageIO.framework/Versions/A/Resources/libTIFF.dylib
0x0000000000449000 	/System/Library/Frameworks/ImageIO.framework/Versions/A/Resources/libPng.dylib
0x0000000000449000 	/System/Library/Frameworks/ImageIO.framework/Versions/A/Resources/libGIF.dylib
0x0000000000449000 	/System/Library/Frameworks/ImageIO.framework/Versions/A/Resources/libJP2.dylib
0x0000000000449000 	/System/Library/Frameworks/ImageIO.framework/Versions/A/Resources/libRadiance.dylib
0x0000000000449000 	/System/Library/Frameworks/CoreVideo.framework/Versions/A/CoreVideo
0x0000000000449000 	/System/Library/Frameworks/OpenGL.framework/Versions/A/Libraries/libGLU.dylib
0x0000000000449000 	/System/Library/Frameworks/OpenGL.framework/Versions/A/Libraries/libGFXShared.dylib
0x0000000000449000 	/System/Library/Frameworks/OpenGL.framework/Versions/A/Libraries/libGL.dylib
0x0000000000449000 	/System/Library/Frameworks/OpenGL.framework/Versions/A/Libraries/libGLImage.dylib
0x0000000000449000 	/System/Library/Frameworks/OpenGL.framework/Versions/A/Libraries/libCVMSPluginSupport.dylib
0x0000000000449000 	/System/Library/Frameworks/OpenGL.framework/Versions/A/Libraries/libCoreVMClient.dylib
0x0000000000449000 	/usr/lib/libcups.2.dylib
0x0000000000449000 	/System/Library/Frameworks/Kerberos.framework/Versions/A/Kerberos
0x0000000000449000 	/System/Library/Frameworks/GSS.framework/Versions/A/GSS
0x0000000000449000 	/usr/lib/libresolv.9.dylib
0x0000000000449000 	/System/Library/PrivateFrameworks/Heimdal.framework/Versions/A/Heimdal
0x0000000000449000 	/usr/lib/libheimdal-asn1.dylib
0x0000000000449000 	/System/Library/Frameworks/OpenDirectory.framework/Versions/A/OpenDirectory
0x0000000000449000 	/System/Library/PrivateFrameworks/CommonAuth.framework/Versions/A/CommonAuth
0x0000000000449000 	/System/Library/Frameworks/SecurityFoundation.framework/Versions/A/SecurityFoundation
0x0000000000449000 	/System/Library/Frameworks/QuartzCore.framework/Versions/A/Frameworks/CoreImage.framework/Versions/A/CoreImage
0x0000000000449000 	/System/Library/PrivateFrameworks/CrashReporterSupport.framework/Versions/A/CrashReporterSupport
0x0000000000449000 	/System/Library/Frameworks/OpenCL.framework/Versions/A/OpenCL
0x0000000000449000 	/System/Library/PrivateFrameworks/FaceCore.framework/Versions/A/FaceCore
0x0000000000449000 	/System/Library/PrivateFrameworks/Ubiquity.framework/Versions/A/Ubiquity
0x0000000000449000 	/System/Library/PrivateFrameworks/IconServices.framework/Versions/A/IconServices
0x0000000000449000 	/System/Library/PrivateFrameworks/ChunkingLibrary.framework/Versions/A/ChunkingLibrary
0x0000000000449000 	/System/Library/PrivateFrameworks/Apple80211.framework/Versions/A/Apple80211
0x0000000000449000 	/System/Library/Frameworks/CoreWLAN.framework/Versions/A/CoreWLAN
0x0000000000449000 	/System/Library/Frameworks/IOBluetooth.framework/Versions/A/IOBluetooth
0x0000000000449000 	/System/Library/PrivateFrameworks/CoreWiFi.framework/Versions/A/CoreWiFi
0x0000000000449000 	/System/Library/Frameworks/CoreBluetooth.framework/Versions/A/CoreBluetooth
0x0000000000449000 	/System/Library/PrivateFrameworks/DebugSymbols.framework/Versions/A/DebugSymbols
0x0000000000449000 	/System/Library/PrivateFrameworks/CoreSymbolication.framework/Versions/A/CoreSymbolication
0x0000000000449000 	/System/Library/PrivateFrameworks/Symbolication.framework/Versions/A/Symbolication
0x0000000000449000 	/System/Library/PrivateFrameworks/SpeechRecognitionCore.framework/Versions/A/SpeechRecognitionCore
0x0000000101800000 	/Library/Java/JavaVirtualMachines/jdk1.8.0_20.jdk/Contents/Home/jre/lib/server/libjvm.dylib
0x0000000000449000 	/usr/lib/libstdc++.6.dylib
0x0000000100714000 	/Library/Java/JavaVirtualMachines/jdk1.8.0_20.jdk/Contents/Home/jre/lib/libverify.dylib
0x0000000100722000 	/Library/Java/JavaVirtualMachines/jdk1.8.0_20.jdk/Contents/Home/jre/lib/libjava.dylib
0x0000000100757000 	/Library/Java/JavaVirtualMachines/jdk1.8.0_20.jdk/Contents/Home/jre/lib/libinstrument.dylib
0x00000001007ac000 	/Users/NickRadonic/Library/Application Support/IntelliJIdea13/chronon/lib/recorder/native/librecorderagent-3.0.7.jnilib
0x00000001007d5000 	/Library/Java/JavaVirtualMachines/jdk1.8.0_20.jdk/Contents/Home/jre/lib/libzip.dylib
0x000000011e3a9000 	/System/Library/Frameworks/JavaVM.framework/Frameworks/JavaRuntimeSupport.framework/JavaRuntimeSupport
0x000000011e3c1000 	/System/Library/Frameworks/JavaVM.framework/Versions/A/Frameworks/JavaNativeFoundation.framework/Versions/A/JavaNativeFoundation
0x000000011e3d6000 	/System/Library/Frameworks/JavaVM.framework/Versions/A/JavaVM
0x0000000000449000 	/System/Library/Frameworks/Carbon.framework/Versions/A/Carbon
0x000000011e3e3000 	/System/Library/PrivateFrameworks/JavaLaunching.framework/Versions/A/JavaLaunching
0x0000000000449000 	/System/Library/Frameworks/Carbon.framework/Versions/A/Frameworks/CommonPanels.framework/Versions/A/CommonPanels
0x0000000000449000 	/System/Library/Frameworks/Carbon.framework/Versions/A/Frameworks/Help.framework/Versions/A/Help
0x0000000000449000 	/System/Library/Frameworks/Carbon.framework/Versions/A/Frameworks/ImageCapture.framework/Versions/A/ImageCapture
0x0000000000449000 	/System/Library/Frameworks/Carbon.framework/Versions/A/Frameworks/OpenScripting.framework/Versions/A/OpenScripting
0x0000000000449000 	/System/Library/Frameworks/Carbon.framework/Versions/A/Frameworks/Print.framework/Versions/A/Print
0x0000000000449000 	/System/Library/Frameworks/Carbon.framework/Versions/A/Frameworks/SecurityHI.framework/Versions/A/SecurityHI
0x000000011fd66000 	/Library/Java/JavaVirtualMachines/jdk1.8.0_20.jdk/Contents/Home/jre/lib/libmanagement.dylib
0x00000001204ca000 	/Library/Java/JavaVirtualMachines/jdk1.8.0_20.jdk/Contents/Home/jre/lib/libnet.dylib
0x0000000120529000 	/Library/Java/JavaVirtualMachines/jdk1.8.0_20.jdk/Contents/Home/jre/lib/libnio.dylib
0x000000012115d000 	/Applications/IntelliJ IDEA 13.app/Contents/bin/libbreakgen64.jnilib
0x0000000121411000 	/Library/Java/JavaVirtualMachines/jdk1.8.0_20.jdk/Contents/Home/jre/lib/libawt.dylib
0x00000001214c0000 	/Library/Java/JavaVirtualMachines/jdk1.8.0_20.jdk/Contents/Home/jre/lib/./libmlib_image.dylib
0x000000012158c000 	/Library/Java/JavaVirtualMachines/jdk1.8.0_20.jdk/Contents/Home/jre/lib/libawt_lwawt.dylib
0x000000012163f000 	/Library/Java/JavaVirtualMachines/jdk1.8.0_20.jdk/Contents/Home/jre/lib/./libosxapp.dylib
0x0000000000449000 	/System/Library/Frameworks/ExceptionHandling.framework/Versions/A/ExceptionHandling
0x0000000000449000 	/System/Library/PrivateFrameworks/CoreServicesInternal.framework/Versions/A/CoreServicesInternal
0x0000000000449000 	/System/Library/PrivateFrameworks/CloudDocs.framework/Versions/A/CloudDocs
0x0000000000449000 	/System/Library/PrivateFrameworks/CoreDuet.framework/Versions/A/CoreDuet
0x0000000000449000 	/System/Library/Frameworks/CloudKit.framework/Versions/A/CloudKit
0x0000000000449000 	/System/Library/PrivateFrameworks/ProtocolBuffer.framework/Versions/A/ProtocolBuffer
0x0000000000449000 	/System/Library/PrivateFrameworks/CoreDuetDaemonProtocol.framework/Versions/A/CoreDuetDaemonProtocol
0x0000000000449000 	/System/Library/PrivateFrameworks/CoreDuetDebugLogging.framework/Versions/A/CoreDuetDebugLogging
0x0000000000449000 	/System/Library/Frameworks/CoreLocation.framework/Versions/A/CoreLocation
0x0000000000449000 	/System/Library/Frameworks/Accounts.framework/Versions/A/Accounts
0x0000000000449000 	/System/Library/PrivateFrameworks/ApplePushService.framework/Versions/A/ApplePushService
0x0000000000449000 	/System/Library/PrivateFrameworks/GeoServices.framework/Versions/A/GeoServices
0x0000000000449000 	/System/Library/PrivateFrameworks/OAuth.framework/Versions/A/OAuth
0x0000000000449000 	/System/Library/PrivateFrameworks/CoreDaemon.framework/Versions/B/CoreDaemon
0x0000000000449000 	/usr/lib/libcrypto.0.9.8.dylib
0x0000000000449000 	/System/Library/PrivateFrameworks/AppleSRP.framework/Versions/A/AppleSRP
0x0000000000449000 	/System/Library/PrivateFrameworks/TrustEvaluationAgent.framework/Versions/A/TrustEvaluationAgent
0x0000000000449000 	/System/Library/Frameworks/CoreGraphics.framework/Versions/A/Resources/libCGCMS.A.dylib
0x0000000000449000 	/System/Library/Frameworks/CoreGraphics.framework/Versions/A/Resources/libRIP.A.dylib
0x0000000000449000 	/System/Library/Frameworks/CoreGraphics.framework/Versions/A/Resources/libCGXType.A.dylib
0x0000000000449000 	/System/Library/Frameworks/OpenCL.framework/Versions/A/Libraries/libcldcpuengine.dylib
0x0000000000449000 	/System/Library/PrivateFrameworks/DiskImages.framework/Versions/A/DiskImages
0x0000000000449000 	/System/Library/Frameworks/DiscRecording.framework/Versions/A/DiscRecording
0x0000000000449000 	/usr/lib/libcsfde.dylib
0x0000000000449000 	/usr/lib/libcurl.4.dylib
0x0000000000449000 	/System/Library/PrivateFrameworks/MediaKit.framework/Versions/A/MediaKit
0x0000000000449000 	/System/Library/PrivateFrameworks/ProtectedCloudStorage.framework/Versions/A/ProtectedCloudStorage
0x0000000000449000 	/usr/lib/libCoreStorage.dylib
0x0000000000449000 	/System/Library/PrivateFrameworks/EFILogin.framework/Versions/A/EFILogin
0x0000000000449000 	/usr/lib/libutil.dylib
0x0000000000449000 	/System/Library/PrivateFrameworks/FindMyDevice.framework/Versions/A/FindMyDevice
0x0000000000449000 	/System/Library/Frameworks/LDAP.framework/Versions/A/LDAP
0x0000000000449000 	/usr/lib/libsasl2.2.dylib
0x000000012455f000 	cl_kernels
0x0000000124561000 	/System/Library/Frameworks/OpenCL.framework/Versions/A/Libraries/ImageFormats/unorm8_bgra.dylib
0x0000000124551000 	cl_kernels
0x0000000000449000 	/System/Library/PrivateFrameworks/FamilyControls.framework/Versions/A/FamilyControls
0x0000000000449000 	/System/Library/PrivateFrameworks/CommerceKit.framework/Versions/A/Frameworks/CommerceCore.framework/Versions/A/CommerceCore
0x0000000000449000 	/System/Library/PrivateFrameworks/SystemAdministration.framework/Versions/A/SystemAdministration
0x0000000000449000 	/System/Library/PrivateFrameworks/AppContainer.framework/Versions/A/AppContainer
0x0000000000449000 	/System/Library/PrivateFrameworks/SecCodeWrapper.framework/Versions/A/SecCodeWrapper
0x0000000000449000 	/System/Library/Frameworks/DirectoryService.framework/Versions/A/DirectoryService
0x0000000000449000 	/System/Library/PrivateFrameworks/LoginUIKit.framework/Versions/A/Frameworks/LoginUICore.framework/Versions/A/LoginUICore
0x0000000000449000 	/usr/lib/libodfde.dylib
0x0000000000449000 	/System/Library/Frameworks/OpenGL.framework/Versions/A/Resources/GLEngine.bundle/GLEngine
0x0000000000449000 	/System/Library/Frameworks/OpenGL.framework/Versions/A/Libraries/libGLProgrammability.dylib
0x0000000000000000 	/System/Library/Extensions/AppleIntelHD5000GraphicsGLDriver.bundle/Contents/MacOS/AppleIntelHD5000GraphicsGLDriver
0x0000000000449000 	/System/Library/PrivateFrameworks/IOAccelerator.framework/Versions/A/IOAccelerator
0x0000000000449000 	/System/Library/PrivateFrameworks/GPUSupport.framework/Versions/A/Libraries/libGPUSupportMercury.dylib
0x0000000000000000 	/System/Library/Extensions/GeForceGLDriver.bundle/Contents/MacOS/GeForceGLDriver
0x0000000000449000 	/System/Library/Extensions/GeForceGLDriver.bundle/Contents/MacOS/libclh.dylib
0x0000000000449000 	/System/Library/Frameworks/OpenGL.framework/Versions/A/Resources/GLRendererFloat.bundle/GLRendererFloat
0x000000012700c000 	/Library/Java/JavaVirtualMachines/jdk1.8.0_20.jdk/Contents/Home/jre/lib/libfontmanager.dylib
0x00000001270ef000 	/Library/Java/JavaVirtualMachines/jdk1.8.0_20.jdk/Contents/Home/jre/lib/libosxui.dylib
0x0000000000449000 	/System/Library/Frameworks/Accelerate.framework/Versions/A/Frameworks/vImage.framework/Versions/A/Libraries/libCGInterfaces.dylib
0x0000000000449000 	/System/Library/Frameworks/ApplicationServices.framework/Versions/A/Frameworks/ATS.framework/Versions/A/Resources/libTrueTypeScaler.dylib

VM Arguments:
jvm_args: -javaagent:/Users/NickRadonic/Library/Application Support/IntelliJIdea13/chronon/lib/recorder/recorder-3.20.1.187.jar=/Users/NickRadonic/Library/Caches/IntelliJIdea13/chronon-recordings/2014_11_02_CaveGame10/config.txt -agentpath:/Users/NickRadonic/Library/Application Support/IntelliJIdea13/chronon/lib/recorder/native/librecorderagent-3.0.7.jnilib -Xverify:none -Didea.launcher.port=7532 -Didea.launcher.bin.path=/Applications/IntelliJ IDEA 13.app/Contents/bin -Dfile.encoding=UTF-8 
java_command: com.intellij.rt.execution.application.AppMain GameControl.CaveGame
java_class_path (initial): /Library/Java/JavaVirtualMachines/jdk1.8.0_20.jdk/Contents/Home/lib/ant-javafx.jar:/Library/Java/JavaVirtualMachines/jdk1.8.0_20.jdk/Contents/Home/lib/dt.jar:/Library/Java/JavaVirtualMachines/jdk1.8.0_20.jdk/Contents/Home/lib/javafx-mx.jar:/Library/Java/JavaVirtualMachines/jdk1.8.0_20.jdk/Contents/Home/lib/jconsole.jar:/Library/Java/JavaVirtualMachines/jdk1.8.0_20.jdk/Contents/Home/lib/sa-jdi.jar:/Library/Java/JavaVirtualMachines/jdk1.8.0_20.jdk/Contents/Home/lib/tools.jar:/Library/Java/JavaVirtualMachines/jdk1.8.0_20.jdk/Contents/Home/jre/lib/charsets.jar:/Library/Java/JavaVirtualMachines/jdk1.8.0_20.jdk/Contents/Home/jre/lib/deploy.jar:/Library/Java/JavaVirtualMachines/jdk1.8.0_20.jdk/Contents/Home/jre/lib/javaws.jar:/Library/Java/JavaVirtualMachines/jdk1.8.0_20.jdk/Contents/Home/jre/lib/jce.jar:/Library/Java/JavaVirtualMachines/jdk1.8.0_20.jdk/Contents/Home/jre/lib/jfr.jar:/Library/Java/JavaVirtualMachines/jdk1.8.0_20.jdk/Contents/Home/jre/lib/jfxswt.jar:/Library/Java/JavaVirtualMachines/jdk1.8.0_20.jdk/Contents/Home/jre/lib/jsse.jar:/Library/Java/JavaVirtualMachines/jdk1.8.0_20.jdk/Contents/Home/jre/lib/management-agent.jar:/Library/Java/JavaVirtualMachines/jdk1.8.0_20.jdk/Contents/Home/jre/lib/plugin.jar:/Library/Java/JavaVirtualMachines/jdk1.8.0_20.jdk/Contents/Home/jre/lib/resources.jar:/Library/Java/JavaVirtualMachines/jdk1.8.0_20.jdk/Contents/Home/jre/lib/rt.jar:/Library/Java/JavaVirtualMachines/jdk1.8.0_20.jdk/Contents/Home/jre/lib/ext/cldrdata.jar:/Library/Java/JavaVirtualMachines/jdk1.8.0_20.jdk/Contents/Home/jre/lib/ext/dnsns.jar:/Library/Java/JavaVirtualMachines/jdk1.8.0_20.jdk/Contents/Home/jre/lib/ext/jfxrt.jar:/Library/Java/JavaVirtualMachines/jdk1.8.0_20.jdk/Contents/Home/jre/lib/ext/localedata.jar:/Library/Java/JavaVirtualMachines/jdk1.8.0_20.jdk/Contents/Home/jre/lib/ext/nashorn.jar:/Library/Java/JavaVirtualMachines/jdk1.8.0_20.jdk/Contents/Home/jre/lib/ext/sunec.jar:/Library/Java/JavaVirtualMachines/jdk1.8.0_20.jdk/C
Launcher Type: SUN_STANDARD

Environment Variables:
PATH=/usr/local/bin:/usr/bin:/bin:/usr/sbin:/sbin:/Applications/Server.app/Contents/ServerRoot/usr/bin:/Applications/Server.app/Contents/ServerRoot/usr/sbin
SHELL=/bin/bash

Signal Handlers:
SIGSEGV: [libjvm.dylib+0x578fd7], sa_mask[0]=11111111011111110111111111111111, sa_flags=SA_ONSTACK|SA_RESTART|SA_SIGINFO
SIGBUS: [libjvm.dylib+0x578fd7], sa_mask[0]=11111111011111110111111111111111, sa_flags=SA_RESTART|SA_SIGINFO
SIGFPE: [libjvm.dylib+0x45ab0c], sa_mask[0]=11111111011111110111111111111111, sa_flags=SA_RESTART|SA_SIGINFO
SIGPIPE: [libjvm.dylib+0x45ab0c], sa_mask[0]=11111111011111110111111111111111, sa_flags=SA_RESTART|SA_SIGINFO
SIGXFSZ: [libjvm.dylib+0x45ab0c], sa_mask[0]=11111111011111110111111111111111, sa_flags=SA_RESTART|SA_SIGINFO
SIGILL: [libjvm.dylib+0x45ab0c], sa_mask[0]=11111111011111110111111111111111, sa_flags=SA_RESTART|SA_SIGINFO
SIGUSR1: SIG_DFL, sa_mask[0]=00000000000000000000000000000000, sa_flags=none
SIGUSR2: [libjvm.dylib+0x45a62a], sa_mask[0]=00100000000000000000000000000000, sa_flags=SA_RESTART|SA_SIGINFO
SIGHUP: [libjvm.dylib+0x458bfd], sa_mask[0]=11111111011111110111111111111111, sa_flags=SA_RESTART|SA_SIGINFO
SIGINT: [libjvm.dylib+0x458bfd], sa_mask[0]=11111111011111110111111111111111, sa_flags=SA_RESTART|SA_SIGINFO
SIGTERM: [libjvm.dylib+0x458bfd], sa_mask[0]=11111111011111110111111111111111, sa_flags=SA_RESTART|SA_SIGINFO
SIGQUIT: [libjvm.dylib+0x458bfd], sa_mask[0]=11111111011111110111111111111111, sa_flags=SA_RESTART|SA_SIGINFO


---------------  S Y S T E M  ---------------

OS:Bsduname:Darwin 14.0.0 Darwin Kernel Version 14.0.0: Tue Sep 23 23:01:41 PDT 2014; root:xnu-2782.1.97~6/RELEASE_X86_64 x86_64
rlimit: STACK 8192k, CORE 0k, NPROC 709, NOFILE 10240, AS infinity
load average:1.95 1.80 1.71

CPU:total 8 (4 cores per cpu, 2 threads per core) family 6 model 70 stepping 1, cmov, cx8, fxsr, mmx, sse, sse2, sse3, ssse3, sse4.1, sse4.2, popcnt, avx, avx2, aes, clmul, erms, rtm, lzcnt, ht, tsc, tscinvbit, bmi1, bmi2

Memory: 4k page, physical 16777216k(4109224k free)

/proc/meminfo:


vm_info: Java HotSpot(TM) 64-Bit Server VM (25.20-b23) for bsd-amd64 JRE (1.8.0_20-b26), built on Jul 30 2014 13:37:47 by "java_re" with gcc 4.2.1 (Based on Apple Inc. build 5658) (LLVM build 2336.9.00)

time: Sun Nov  2 21:40:35 2014
elapsed time: 56 seconds (0d 0h 0m 56s)

