#
# A fatal error has been detected by the Java Runtime Environment:
#
#  SIGSEGV (0xb) at pc=0x0000000109daa5b0, pid=5781, tid=22787
#
# JRE version: Java(TM) SE Runtime Environment (8.0_20-b26) (build 1.8.0_20-b26)
# Java VM: Java HotSpot(TM) 64-Bit Server VM (25.20-b23 mixed mode bsd-amd64 compressed oops)
# Problematic frame:
# V  [libjvm.dylib+0x3aa5b0]  PhaseIdealLoop::idom_no_update(Node*) const+0x12
#
# Failed to write core dump. Core dumps have been disabled. To enable core dumping, try "ulimit -c unlimited" before starting Java again
#
# If you would like to submit a bug report, please visit:
#   http://bugreport.sun.com/bugreport/crash.jsp
#

---------------  T H R E A D  ---------------

Current thread (0x00007fba6c00f000):  JavaThread "C2 CompilerThread1" daemon [_thread_in_native, id=22787, stack(0x0000000128dce000,0x0000000128ece000)]

siginfo: si_signo: 11 (SIGSEGV), si_code: 1 (SEGV_MAPERR), si_addr: 0x0000000000000008

Registers:
RAX=0x0000000000000000, RBX=0x0000000128ec7a08, RCX=0x00007fba6c27f410, RDX=0x00007fba731863d0
RSP=0x0000000128ec75b0, RBP=0x0000000128ec75b0, RSI=0x00007fba6cb064a0, RDI=0x0000000128ec7a08
R8 =0x0000000000000000, R9 =0x0000000000000003, R10=0x0000000000000009, R11=0x0000000000000c00
R12=0x00007fba731863d0, R13=0x0000000000000000, R14=0x00007fba6cb064a0, R15=0x00007fba721b7ad0
RIP=0x0000000109daa5b0, EFLAGS=0x0000000000010206, ERR=0x0000000000000004
  TRAPNO=0x000000000000000e

Top of Stack: (sp=0x0000000128ec75b0)
0x0000000128ec75b0:   0000000128ec75f0 0000000109db37e5
0x0000000128ec75c0:   00007fba6abd55a0 0000000128ec7920
0x0000000128ec75d0:   0000000000000002 00007fba6d132ff8
0x0000000128ec75e0:   0000000128ec7a08 00007fba6abd55a0
0x0000000128ec75f0:   0000000128ec7650 0000000109db3a32
0x0000000128ec7600:   0000000128ec83d8 0000000128ec7900
0x0000000128ec7610:   0000000128ec83b8 0000000128ec78e0
0x0000000128ec7620:   000000020000246d 0000000128ec7a08
0x0000000128ec7630:   0000000000000001 0000000000000000
0x0000000128ec7640:   00007fba6cb06510 0000000000000003
0x0000000128ec7650:   0000000128ec7990 0000000109db9b73
0x0000000128ec7660:   00007fba720c4d60 00007fba6ac28500
0x0000000128ec7670:   0000000100000000 00007fba6a712cd0
0x0000000128ec7680:   0000000128ec76b0 00007fff906f2f18
0x0000000128ec7690:   0000000128ec76c0 000000006d877f90
0x0000000128ec76a0:   000000012f24a000 0000000108775280
0x0000000128ec76b0:   0000000000000000 0000000000000000
0x0000000128ec76c0:   00007fba6a643be0 0000000000020010
0x0000000128ec76d0:   0000000108774000 0000000000000000
0x0000000128ec76e0:   0000000000000000 0000000000000000
0x0000000128ec76f0:   0000000128ec77e0 00007fff906f13a5
0x0000000128ec7700:   0000000128ec7770 00000000ea8344a4
0x0000000128ec7710:   00007fba720c4d60 00007fba6c671058
0x0000000128ec7720:   00007fba720c4d60 00007fba720c4d60
0x0000000128ec7730:   00007fba6e8091c8 0000000128ecc200
0x0000000128ec7740:   00007fba6a643be0 00007fba6d878230
0x0000000128ec7750:   0000000128ec7770 0000000109f4285a
0x0000000128ec7760:   0000000000000000 0000000000000000
0x0000000128ec7770:   0000000128ec77f0 00007fba6a834520
0x0000000128ec7780:   0000000109fd2393 0000000128eccfb0
0x0000000128ec7790:   0000000128ecb8a8 00007fba6d132ff8
0x0000000128ec77a0:   0000000128ec77d0 0000000109e16537 

Instructions: (pc=0x0000000109daa5b0)
0x0000000109daa590:   2c 83 e1 07 83 f9 05 48 0f 45 c2 5d c3 90 55 48
0x0000000109daa5a0:   89 e5 8b 46 28 48 8b 8f f0 09 00 00 48 8b 04 c1
0x0000000109daa5b0:   48 8b 48 08 48 83 39 00 75 26 8b 4f 28 8b 40 28
0x0000000109daa5c0:   39 c1 77 0e 31 c0 48 8b 50 08 48 83 3a 00 74 ed 

Register to memory mapping:

RAX=0x0000000000000000 is an unknown value
RBX=0x0000000128ec7a08 is pointing into the stack for thread: 0x00007fba6c00f000
RCX=0x00007fba6c27f410 is an unknown value
RDX=0x00007fba731863d0 is an unknown value
RSP=0x0000000128ec75b0 is pointing into the stack for thread: 0x00007fba6c00f000
RBP=0x0000000128ec75b0 is pointing into the stack for thread: 0x00007fba6c00f000
RSI=0x00007fba6cb064a0 is an unknown value
RDI=0x0000000128ec7a08 is pointing into the stack for thread: 0x00007fba6c00f000
R8 =0x0000000000000000 is an unknown value
R9 =0x0000000000000003 is an unknown value
R10=0x0000000000000009 is an unknown value
R11=0x0000000000000c00 is an unknown value
R12=0x00007fba731863d0 is an unknown value
R13=0x0000000000000000 is an unknown value
R14=0x00007fba6cb064a0 is an unknown value
R15=0x00007fba721b7ad0 is an unknown value


Stack: [0x0000000128dce000,0x0000000128ece000],  sp=0x0000000128ec75b0,  free space=997k
Native frames: (J=compiled Java code, j=interpreted, Vv=VM code, C=native code)
V  [libjvm.dylib+0x3aa5b0]  PhaseIdealLoop::idom_no_update(Node*) const+0x12
V  [libjvm.dylib+0x3b37e5]  PhaseIdealLoop::build_loop_late_post(Node*)+0x1bf
V  [libjvm.dylib+0x3b3a32]  PhaseIdealLoop::build_loop_late(VectorSet&, Node_List&, Node_Stack&)+0x160
V  [libjvm.dylib+0x3b9b73]  PhaseIdealLoop::build_and_optimize(bool, bool)+0x639
V  [libjvm.dylib+0x1a5b78]  Compile::Optimize()+0x654
V  [libjvm.dylib+0x1a8925]  Compile::Compile(ciEnv*, C2Compiler*, ciMethod*, int, bool, bool, bool)+0x8b7
V  [libjvm.dylib+0x14afd6]  C2Compiler::compile_method(ciEnv*, ciMethod*, int)+0xac
V  [libjvm.dylib+0x1ac260]  CompileBroker::invoke_compiler_on_method(CompileTask*)+0x5b2
V  [libjvm.dylib+0x1ae36f]  CompileBroker::compiler_thread_loop()+0x2d5
V  [libjvm.dylib+0x535a51]  JavaThread::thread_main_inner()+0x9b
V  [libjvm.dylib+0x537194]  JavaThread::run()+0x1c2
V  [libjvm.dylib+0x45d35a]  java_start(Thread*)+0xf6
C  [libsystem_pthread.dylib+0x3268]  _pthread_body+0x83
C  [libsystem_pthread.dylib+0x31e5]  _pthread_body+0x0
C  [libsystem_pthread.dylib+0x141d]  thread_start+0xd
C  0x0000000000000000


Current CompileTask:
C2:   7270 1790       4       java.com.chronon3.sb.recorder.runtime.inject.InstrumentationCode2::recordObjectValue (155 bytes)


---------------  P R O C E S S  ---------------

Java Threads: ( => current thread )
  0x00007fba6becc000 JavaThread "TimerQueue" daemon [_thread_blocked, id=76059, stack(0x0000000140a07000,0x0000000140b07000)]
  0x00007fba6b6f5000 JavaThread "DestroyJavaVM" [_thread_blocked, id=4867, stack(0x0000000108870000,0x0000000108970000)]
  0x00007fba6beb5800 JavaThread "AWT-EventQueue-0" [_thread_blocked, id=65287, stack(0x000000013020c000,0x000000013030c000)]
  0x00007fba6aac9000 JavaThread "Java2D Disposer" daemon [_thread_blocked, id=63751, stack(0x000000012eabc000,0x000000012ebbc000)]
  0x00007fba6aab2800 JavaThread "Java2D Queue Flusher" daemon [_thread_in_native, id=57351, stack(0x000000012dcb7000,0x000000012ddb7000)]
  0x00007fba6b0fe800 JavaThread "AWT-Shutdown" [_thread_blocked, id=34579, stack(0x000000012aa3d000,0x000000012ab3d000)]
  0x00007fba6a99d000 JavaThread "AppKit Thread" daemon [_thread_in_native, id=1299, stack(0x00007fff56ca6000,0x00007fff574a6000)]
  0x00007fba6b09f800 JavaThread "Monitor Ctrl-Break" daemon [_thread_in_native, id=25347, stack(0x000000012932e000,0x000000012942e000)]
  0x00007fba6c042800 JavaThread "Service Thread" daemon [_thread_blocked, id=24323, stack(0x00000001290d7000,0x00000001291d7000)]
  0x00007fba6b062800 JavaThread "C1 CompilerThread3" daemon [_thread_blocked, id=23811, stack(0x0000000128fd4000,0x00000001290d4000)]
  0x00007fba6b035000 JavaThread "C2 CompilerThread2" daemon [_thread_blocked, id=23299, stack(0x0000000128ed1000,0x0000000128fd1000)]
=>0x00007fba6c00f000 JavaThread "C2 CompilerThread1" daemon [_thread_in_native, id=22787, stack(0x0000000128dce000,0x0000000128ece000)]
  0x00007fba6a828000 JavaThread "C2 CompilerThread0" daemon [_thread_in_native, id=22275, stack(0x0000000128ccb000,0x0000000128dcb000)]
  0x00007fba6a813800 JavaThread "Chronon - Flusher Thread" daemon [_thread_blocked, id=21763, stack(0x0000000128bc8000,0x0000000128cc8000)]
  0x00007fba6a813000 JavaThread "Chronon - Flusher Thread" daemon [_thread_blocked, id=21251, stack(0x0000000128ac5000,0x0000000128bc5000)]
  0x00007fba6b060000 JavaThread "Recorder Data Persistor" daemon [_thread_blocked, id=20739, stack(0x00000001289c2000,0x0000000128ac2000)]
  0x00007fba6b92c800 JavaThread "Chronon - Logger Thread" daemon [_thread_blocked, id=20227, stack(0x00000001288bf000,0x00000001289bf000)]
  0x00007fba6a810800 JavaThread "Chronon - Db2" daemon [_thread_blocked, id=19715, stack(0x00000001287bc000,0x00000001288bc000)]
  0x00007fba6a80e800 JavaThread "Chronon - Db1" daemon [_thread_blocked, id=19203, stack(0x00000001286b9000,0x00000001287b9000)]
  0x00007fba6b82d000 JavaThread "Recorder - Reference Collector" daemon [_thread_blocked, id=18691, stack(0x0000000127ed1000,0x0000000127fd1000)]
  0x00007fba6b843000 JavaThread "Signal Dispatcher" daemon [_thread_blocked, id=15383, stack(0x0000000127dc1000,0x0000000127ec1000)]
  0x00007fba6c006000 JavaThread "Finalizer" daemon [_thread_blocked, id=13571, stack(0x0000000126406000,0x0000000126506000)]
  0x00007fba6c005000 JavaThread "Reference Handler" daemon [_thread_blocked, id=13059, stack(0x0000000126303000,0x0000000126403000)]

Other Threads:
  0x00007fba6b056000 VMThread [stack: 0x0000000126200000,0x0000000126300000] [id=12547]
  0x00007fba6c036000 WatcherThread [stack: 0x00000001291da000,0x00000001292da000] [id=24835]

VM state:not at safepoint (normal execution)

VM Mutex/Monitor currently owned by a thread: None

Heap:
 PSYoungGen      total 76288K, used 42368K [0x000000076ab00000, 0x0000000770000000, 0x00000007c0000000)
  eden space 65536K, 56% used [0x000000076ab00000,0x000000076cf47090,0x000000076eb00000)
  from space 10752K, 48% used [0x000000076eb00000,0x000000076f019320,0x000000076f580000)
  to   space 10752K, 0% used [0x000000076f580000,0x000000076f580000,0x0000000770000000)
 ParOldGen       total 175104K, used 16K [0x00000006c0000000, 0x00000006cab00000, 0x000000076ab00000)
  object space 175104K, 0% used [0x00000006c0000000,0x00000006c0004000,0x00000006cab00000)
 Metaspace       used 18892K, capacity 19202K, committed 19456K, reserved 1067008K
  class space    used 2434K, capacity 2504K, committed 2560K, reserved 1048576K

Card table byte_map: [0x0000000119d1d000,0x000000011a51e000] byte_map_base: 0x000000011671d000

Marking Bits: (ParMarkBitMap*) 0x000000010a29c330
 Begin Bits: [0x000000011b28c000, 0x000000011f28c000)
 End Bits:   [0x000000011f28c000, 0x000000012328c000)

Polling page: 0x00000001089b4000

CodeCache: size=245760Kb used=6542Kb max_used=6542Kb free=239217Kb
 bounds [0x000000010a95d000, 0x000000010afcd000, 0x000000011995d000]
 total_blobs=2419 nmethods=1815 adapters=518
 compilation: enabled

Compilation events (10 events):
Event: 7.259 Thread 0x00007fba6b062800 nmethod 1803 0x000000010af74150 code [0x000000010af742e0, 0x000000010af74668]
Event: 7.260 Thread 0x00007fba6b062800 1804       3       java.com.chronon3.sb.recorder.custom.org.objectweb.asm.tree.FieldInsnNode::<init> (22 bytes)
Event: 7.260 Thread 0x00007fba6b062800 nmethod 1804 0x000000010af73c50 code [0x000000010af73dc0, 0x000000010af74030]
Event: 7.260 Thread 0x00007fba6b062800 1806       3       java.com.chronon3.sb.libs.trove.map.hash.TIntObjectHashMap::setUp (19 bytes)
Event: 7.260 Thread 0x00007fba6b062800 nmethod 1806 0x000000010af72e50 code [0x000000010af73020, 0x000000010af737c8]
Event: 7.260 Thread 0x00007fba6b062800 1805       3       java.com.chronon3.sb.recorder.instrumentors.adapters.util.InstrumentationHelper::a (106 bytes)
Event: 7.260 Thread 0x00007fba6b062800 nmethod 1805 0x000000010af72750 code [0x000000010af72900, 0x000000010af72da8]
Event: 7.260 Thread 0x00007fba6b062800 1787   !   3       java.util.Vector$Itr::next (63 bytes)
Event: 7.261 Thread 0x00007fba6b062800 nmethod 1787 0x000000010af79e50 code [0x000000010af7a000, 0x000000010af7a678]
Event: 7.261 Thread 0x00007fba6b062800 1788       3       java.util.Vector$Itr::checkForComodification (23 bytes)

GC Heap History (2 events):
Event: 1.742 GC heap before
{Heap before GC invocations=1 (full 0):
 PSYoungGen      total 76288K, used 65536K [0x000000076ab00000, 0x0000000770000000, 0x00000007c0000000)
  eden space 65536K, 100% used [0x000000076ab00000,0x000000076eb00000,0x000000076eb00000)
  from space 10752K, 0% used [0x000000076f580000,0x000000076f580000,0x0000000770000000)
  to   space 10752K, 0% used [0x000000076eb00000,0x000000076eb00000,0x000000076f580000)
 ParOldGen       total 175104K, used 0K [0x00000006c0000000, 0x00000006cab00000, 0x000000076ab00000)
  object space 175104K, 0% used [0x00000006c0000000,0x00000006c0000000,0x00000006cab00000)
 Metaspace       used 14346K, capacity 14610K, committed 14976K, reserved 1062912K
  class space    used 1748K, capacity 1832K, committed 1920K, reserved 1048576K
Event: 1.746 GC heap after
Heap after GC invocations=1 (full 0):
 PSYoungGen      total 76288K, used 5220K [0x000000076ab00000, 0x0000000770000000, 0x00000007c0000000)
  eden space 65536K, 0% used [0x000000076ab00000,0x000000076ab00000,0x000000076eb00000)
  from space 10752K, 48% used [0x000000076eb00000,0x000000076f019320,0x000000076f580000)
  to   space 10752K, 0% used [0x000000076f580000,0x000000076f580000,0x0000000770000000)
 ParOldGen       total 175104K, used 16K [0x00000006c0000000, 0x00000006cab00000, 0x000000076ab00000)
  object space 175104K, 0% used [0x00000006c0000000,0x00000006c0004000,0x00000006cab00000)
 Metaspace       used 14346K, capacity 14610K, committed 14976K, reserved 1062912K
  class space    used 1748K, capacity 1832K, committed 1920K, reserved 1048576K
}

Deoptimization events (7 events):
Event: 1.414 Thread 0x00007fba6b801000 Uncommon trap: reason=unreached action=reinterpret pc=0x000000010abb941c method=java.lang.AbstractStringBuilder.append(Ljava/lang/String;)Ljava/lang/AbstractStringBuilder; @ 1
Event: 1.414 Thread 0x00007fba6b801000 Uncommon trap: reason=unreached action=reinterpret pc=0x000000010aad3374 method=java.lang.AbstractStringBuilder.append(Ljava/lang/String;)Ljava/lang/AbstractStringBuilder; @ 1
Event: 1.462 Thread 0x00007fba6b801000 Uncommon trap: reason=unreached action=reinterpret pc=0x000000010aaa64a8 method=java.util.HashMap.hash(Ljava/lang/Object;)I @ 1
Event: 1.863 Thread 0x00007fba6b801000 Uncommon trap: reason=class_check action=maybe_recompile pc=0x000000010aa802d8 method=java.lang.String.equals(Ljava/lang/Object;)Z @ 8
Event: 1.863 Thread 0x00007fba6b801000 Uncommon trap: reason=class_check action=maybe_recompile pc=0x000000010aa802d8 method=java.lang.String.equals(Ljava/lang/Object;)Z @ 8
Event: 1.863 Thread 0x00007fba6b801000 Uncommon trap: reason=class_check action=maybe_recompile pc=0x000000010aa802d8 method=java.lang.String.equals(Ljava/lang/Object;)Z @ 8
Event: 1.863 Thread 0x00007fba6b801000 Uncommon trap: reason=class_check action=maybe_recompile pc=0x000000010aa802d8 method=java.lang.String.equals(Ljava/lang/Object;)Z @ 8

Internal exceptions (10 events):
Event: 4.984 Thread 0x00007fba6beb5800 Exception <a 'java/security/PrivilegedActionException'> (0x000000076c51ba08) thrown at [/HUDSON3/workspace/8-2-build-macosx-x86_64/jdk8u20/1074/hotspot/src/share/vm/prims/jvm.cpp, line 1275]
Event: 4.984 Thread 0x00007fba6beb5800 Exception <a 'java/security/PrivilegedActionException'> (0x000000076c51f368) thrown at [/HUDSON3/workspace/8-2-build-macosx-x86_64/jdk8u20/1074/hotspot/src/share/vm/prims/jvm.cpp, line 1275]
Event: 7.173 Thread 0x00007fba6beb5800 Exception <a 'java/security/PrivilegedActionException'> (0x000000076ca9c5c0) thrown at [/HUDSON3/workspace/8-2-build-macosx-x86_64/jdk8u20/1074/hotspot/src/share/vm/prims/jvm.cpp, line 1275]
Event: 7.175 Thread 0x00007fba6beb5800 Exception <a 'java/security/PrivilegedActionException'> (0x000000076cc1a260) thrown at [/HUDSON3/workspace/8-2-build-macosx-x86_64/jdk8u20/1074/hotspot/src/share/vm/prims/jvm.cpp, line 1275]
Event: 7.180 Thread 0x00007fba6beb5800 Exception <a 'java/security/PrivilegedActionException'> (0x000000076cc37280) thrown at [/HUDSON3/workspace/8-2-build-macosx-x86_64/jdk8u20/1074/hotspot/src/share/vm/prims/jvm.cpp, line 1275]
Event: 7.182 Thread 0x00007fba6beb5800 Exception <a 'java/security/PrivilegedActionException'> (0x000000076cc8a9f8) thrown at [/HUDSON3/workspace/8-2-build-macosx-x86_64/jdk8u20/1074/hotspot/src/share/vm/prims/jvm.cpp, line 1275]
Event: 7.184 Thread 0x00007fba6beb5800 Exception <a 'java/security/PrivilegedActionException'> (0x000000076cc95f70) thrown at [/HUDSON3/workspace/8-2-build-macosx-x86_64/jdk8u20/1074/hotspot/src/share/vm/prims/jvm.cpp, line 1275]
Event: 7.187 Thread 0x00007fba6a813000 Exception <a 'java/lang/NoSuchMethodError': <clinit>> (0x000000076c961348) thrown at [/HUDSON3/workspace/8-2-build-macosx-x86_64/jdk8u20/1074/hotspot/src/share/vm/prims/jni.cpp, line 1603]
Event: 7.201 Thread 0x00007fba6a813800 Exception <a 'java/lang/NoSuchMethodError': <clinit>> (0x000000076cac24b0) thrown at [/HUDSON3/workspace/8-2-build-macosx-x86_64/jdk8u20/1074/hotspot/src/share/vm/prims/jni.cpp, line 1603]
Event: 7.220 Thread 0x00007fba6beb5800 Exception <a 'java/security/PrivilegedActionException'> (0x000000076ce6c968) thrown at [/HUDSON3/workspace/8-2-build-macosx-x86_64/jdk8u20/1074/hotspot/src/share/vm/prims/jvm.cpp, line 1275]

Events (10 events):
Event: 7.202 loading class sun/security/jca/GetInstance$Instance
Event: 7.202 loading class sun/security/jca/GetInstance$Instance done
Event: 7.202 loading class java/security/MessageDigest$Delegate
Event: 7.202 loading class java/security/MessageDigest$Delegate done
Event: 7.202 loading class sun/security/provider/ByteArrayAccess
Event: 7.202 loading class sun/security/provider/ByteArrayAccess done
Event: 7.220 loading class DataTree/Creature
Event: 7.220 loading class DataTree/Creature done
Event: 7.225 loading class javax/swing/tree/DefaultMutableTreeNode$PreorderEnumeration
Event: 7.225 loading class javax/swing/tree/DefaultMutableTreeNode$PreorderEnumeration done


Dynamic libraries:
0x0000000007d2e000 	/System/Library/Frameworks/Cocoa.framework/Versions/A/Cocoa
0x0000000007d2e000 	/System/Library/Frameworks/Security.framework/Versions/A/Security
0x0000000007d2e000 	/System/Library/Frameworks/ApplicationServices.framework/Versions/A/ApplicationServices
0x0000000007d2e000 	/usr/lib/libz.1.dylib
0x0000000007d2e000 	/usr/lib/libSystem.B.dylib
0x0000000007d2e000 	/usr/lib/libobjc.A.dylib
0x0000000007d2e000 	/System/Library/Frameworks/CoreFoundation.framework/Versions/A/CoreFoundation
0x0000000007d2e000 	/System/Library/Frameworks/Foundation.framework/Versions/C/Foundation
0x0000000007d2e000 	/System/Library/Frameworks/AppKit.framework/Versions/C/AppKit
0x0000000007d2e000 	/System/Library/Frameworks/CoreData.framework/Versions/A/CoreData
0x0000000007d2e000 	/System/Library/PrivateFrameworks/RemoteViewServices.framework/Versions/A/RemoteViewServices
0x0000000007d2e000 	/System/Library/PrivateFrameworks/UIFoundation.framework/Versions/A/UIFoundation
0x0000000007d2e000 	/System/Library/Frameworks/IOSurface.framework/Versions/A/IOSurface
0x0000000007d2e000 	/System/Library/Frameworks/AudioToolbox.framework/Versions/A/AudioToolbox
0x0000000007d2e000 	/System/Library/Frameworks/AudioUnit.framework/Versions/A/AudioUnit
0x0000000007d2e000 	/System/Library/PrivateFrameworks/DataDetectorsCore.framework/Versions/A/DataDetectorsCore
0x0000000007d2e000 	/System/Library/PrivateFrameworks/DesktopServicesPriv.framework/Versions/A/DesktopServicesPriv
0x0000000007d2e000 	/System/Library/Frameworks/Carbon.framework/Versions/A/Frameworks/HIToolbox.framework/Versions/A/HIToolbox
0x0000000007d2e000 	/System/Library/Frameworks/QuartzCore.framework/Versions/A/QuartzCore
0x0000000007d2e000 	/System/Library/Frameworks/Carbon.framework/Versions/A/Frameworks/SpeechRecognition.framework/Versions/A/SpeechRecognition
0x0000000007d2e000 	/usr/lib/libauto.dylib
0x0000000007d2e000 	/usr/lib/libicucore.A.dylib
0x0000000007d2e000 	/usr/lib/libxml2.2.dylib
0x0000000007d2e000 	/System/Library/PrivateFrameworks/CoreUI.framework/Versions/A/CoreUI
0x0000000007d2e000 	/System/Library/Frameworks/CoreAudio.framework/Versions/A/CoreAudio
0x0000000007d2e000 	/System/Library/Frameworks/DiskArbitration.framework/Versions/A/DiskArbitration
0x0000000007d2e000 	/usr/lib/liblangid.dylib
0x0000000007d2e000 	/System/Library/PrivateFrameworks/MultitouchSupport.framework/Versions/A/MultitouchSupport
0x0000000007d2e000 	/System/Library/Frameworks/IOKit.framework/Versions/A/IOKit
0x0000000007d2e000 	/usr/lib/libDiagnosticMessagesClient.dylib
0x0000000007d2e000 	/System/Library/Frameworks/CoreServices.framework/Versions/A/CoreServices
0x0000000007d2e000 	/System/Library/PrivateFrameworks/PerformanceAnalysis.framework/Versions/A/PerformanceAnalysis
0x0000000007d2e000 	/System/Library/PrivateFrameworks/GenerationalStorage.framework/Versions/A/GenerationalStorage
0x0000000007d2e000 	/System/Library/Frameworks/OpenGL.framework/Versions/A/OpenGL
0x0000000007d2e000 	/System/Library/PrivateFrameworks/Sharing.framework/Versions/A/Sharing
0x0000000007d2e000 	/System/Library/Frameworks/CoreGraphics.framework/Versions/A/CoreGraphics
0x0000000007d2e000 	/System/Library/Frameworks/CoreText.framework/Versions/A/CoreText
0x0000000007d2e000 	/System/Library/Frameworks/ImageIO.framework/Versions/A/ImageIO
0x0000000007d2e000 	/usr/lib/libextension.dylib
0x0000000007d2e000 	/System/Library/PrivateFrameworks/Backup.framework/Versions/A/Backup
0x0000000007d2e000 	/usr/lib/libarchive.2.dylib
0x0000000007d2e000 	/System/Library/Frameworks/CFNetwork.framework/Versions/A/CFNetwork
0x0000000007d2e000 	/System/Library/Frameworks/SystemConfiguration.framework/Versions/A/SystemConfiguration
0x0000000007d2e000 	/usr/lib/libCRFSuite.dylib
0x0000000007d2e000 	/usr/lib/libc++.1.dylib
0x0000000007d2e000 	/usr/lib/libc++abi.dylib
0x0000000007d2e000 	/usr/lib/system/libcache.dylib
0x0000000007d2e000 	/usr/lib/system/libcommonCrypto.dylib
0x0000000007d2e000 	/usr/lib/system/libcompiler_rt.dylib
0x0000000007d2e000 	/usr/lib/system/libcopyfile.dylib
0x0000000007d2e000 	/usr/lib/system/libcorecrypto.dylib
0x0000000007d2e000 	/usr/lib/system/libdispatch.dylib
0x0000000007d2e000 	/usr/lib/system/libdyld.dylib
0x0000000007d2e000 	/usr/lib/system/libkeymgr.dylib
0x0000000007d2e000 	/usr/lib/system/liblaunch.dylib
0x0000000007d2e000 	/usr/lib/system/libmacho.dylib
0x0000000007d2e000 	/usr/lib/system/libquarantine.dylib
0x0000000007d2e000 	/usr/lib/system/libremovefile.dylib
0x0000000007d2e000 	/usr/lib/system/libsystem_asl.dylib
0x0000000007d2e000 	/usr/lib/system/libsystem_blocks.dylib
0x0000000007d2e000 	/usr/lib/system/libsystem_c.dylib
0x0000000007d2e000 	/usr/lib/system/libsystem_configuration.dylib
0x0000000007d2e000 	/usr/lib/system/libsystem_coreservices.dylib
0x0000000007d2e000 	/usr/lib/system/libsystem_coretls.dylib
0x0000000007d2e000 	/usr/lib/system/libsystem_dnssd.dylib
0x0000000007d2e000 	/usr/lib/system/libsystem_info.dylib
0x0000000007d2e000 	/usr/lib/system/libsystem_kernel.dylib
0x0000000007d2e000 	/usr/lib/system/libsystem_m.dylib
0x0000000007d2e000 	/usr/lib/system/libsystem_malloc.dylib
0x0000000007d2e000 	/usr/lib/system/libsystem_network.dylib
0x0000000007d2e000 	/usr/lib/system/libsystem_networkextension.dylib
0x0000000007d2e000 	/usr/lib/system/libsystem_notify.dylib
0x0000000007d2e000 	/usr/lib/system/libsystem_platform.dylib
0x0000000007d2e000 	/usr/lib/system/libsystem_pthread.dylib
0x0000000007d2e000 	/usr/lib/system/libsystem_sandbox.dylib
0x0000000007d2e000 	/usr/lib/system/libsystem_secinit.dylib
0x0000000007d2e000 	/usr/lib/system/libsystem_stats.dylib
0x0000000007d2e000 	/usr/lib/system/libsystem_trace.dylib
0x0000000007d2e000 	/usr/lib/system/libunc.dylib
0x0000000007d2e000 	/usr/lib/system/libunwind.dylib
0x0000000007d2e000 	/usr/lib/system/libxpc.dylib
0x0000000007d2e000 	/usr/lib/libbz2.1.0.dylib
0x0000000007d2e000 	/usr/lib/liblzma.5.dylib
0x0000000007d2e000 	/usr/lib/libbsm.0.dylib
0x0000000007d2e000 	/usr/lib/libsqlite3.dylib
0x0000000007d2e000 	/usr/lib/system/libkxld.dylib
0x0000000007d2e000 	/usr/lib/libxar.1.dylib
0x0000000007d2e000 	/usr/lib/libpam.2.dylib
0x0000000007d2e000 	/usr/lib/libOpenScriptingUtil.dylib
0x0000000007d2e000 	/System/Library/Frameworks/CoreServices.framework/Versions/A/Frameworks/FSEvents.framework/Versions/A/FSEvents
0x0000000007d2e000 	/System/Library/Frameworks/CoreServices.framework/Versions/A/Frameworks/CarbonCore.framework/Versions/A/CarbonCore
0x0000000007d2e000 	/System/Library/Frameworks/CoreServices.framework/Versions/A/Frameworks/Metadata.framework/Versions/A/Metadata
0x0000000007d2e000 	/System/Library/Frameworks/CoreServices.framework/Versions/A/Frameworks/OSServices.framework/Versions/A/OSServices
0x0000000007d2e000 	/System/Library/Frameworks/CoreServices.framework/Versions/A/Frameworks/SearchKit.framework/Versions/A/SearchKit
0x0000000007d2e000 	/System/Library/Frameworks/CoreServices.framework/Versions/A/Frameworks/AE.framework/Versions/A/AE
0x0000000007d2e000 	/System/Library/Frameworks/CoreServices.framework/Versions/A/Frameworks/LaunchServices.framework/Versions/A/LaunchServices
0x0000000007d2e000 	/System/Library/Frameworks/CoreServices.framework/Versions/A/Frameworks/DictionaryServices.framework/Versions/A/DictionaryServices
0x0000000007d2e000 	/System/Library/Frameworks/NetFS.framework/Versions/A/NetFS
0x0000000007d2e000 	/System/Library/PrivateFrameworks/NetAuth.framework/Versions/A/NetAuth
0x0000000007d2e000 	/System/Library/PrivateFrameworks/login.framework/Versions/A/Frameworks/loginsupport.framework/Versions/A/loginsupport
0x0000000007d2e000 	/System/Library/PrivateFrameworks/TCC.framework/Versions/A/TCC
0x0000000007d2e000 	/usr/lib/libmecabra.dylib
0x0000000007d2e000 	/System/Library/PrivateFrameworks/LanguageModeling.framework/Versions/A/LanguageModeling
0x0000000007d2e000 	/usr/lib/libcmph.dylib
0x0000000007d2e000 	/usr/lib/libiconv.2.dylib
0x0000000007d2e000 	/System/Library/Frameworks/OpenDirectory.framework/Versions/A/Frameworks/CFOpenDirectory.framework/Versions/A/CFOpenDirectory
0x0000000007d2e000 	/System/Library/Frameworks/ServiceManagement.framework/Versions/A/ServiceManagement
0x0000000007d2e000 	/usr/lib/libxslt.1.dylib
0x0000000007d2e000 	/System/Library/Frameworks/Carbon.framework/Versions/A/Frameworks/Ink.framework/Versions/A/Ink
0x0000000007d2e000 	/System/Library/Frameworks/ApplicationServices.framework/Versions/A/Frameworks/ATS.framework/Versions/A/ATS
0x0000000007d2e000 	/System/Library/Frameworks/ApplicationServices.framework/Versions/A/Frameworks/ColorSync.framework/Versions/A/ColorSync
0x0000000007d2e000 	/System/Library/Frameworks/ApplicationServices.framework/Versions/A/Frameworks/HIServices.framework/Versions/A/HIServices
0x0000000007d2e000 	/System/Library/Frameworks/ApplicationServices.framework/Versions/A/Frameworks/LangAnalysis.framework/Versions/A/LangAnalysis
0x0000000007d2e000 	/System/Library/Frameworks/ApplicationServices.framework/Versions/A/Frameworks/PrintCore.framework/Versions/A/PrintCore
0x0000000007d2e000 	/System/Library/Frameworks/ApplicationServices.framework/Versions/A/Frameworks/QD.framework/Versions/A/QD
0x0000000007d2e000 	/System/Library/Frameworks/ApplicationServices.framework/Versions/A/Frameworks/SpeechSynthesis.framework/Versions/A/SpeechSynthesis
0x0000000007d2e000 	/System/Library/Frameworks/Accelerate.framework/Versions/A/Accelerate
0x0000000007d2e000 	/System/Library/Frameworks/Accelerate.framework/Versions/A/Frameworks/vImage.framework/Versions/A/vImage
0x0000000007d2e000 	/System/Library/Frameworks/Accelerate.framework/Versions/A/Frameworks/vecLib.framework/Versions/A/vecLib
0x0000000007d2e000 	/System/Library/Frameworks/Accelerate.framework/Versions/A/Frameworks/vecLib.framework/Versions/A/libvDSP.dylib
0x0000000007d2e000 	/System/Library/Frameworks/Accelerate.framework/Versions/A/Frameworks/vecLib.framework/Versions/A/libvMisc.dylib
0x0000000007d2e000 	/System/Library/Frameworks/Accelerate.framework/Versions/A/Frameworks/vecLib.framework/Versions/A/libLAPACK.dylib
0x0000000007d2e000 	/System/Library/Frameworks/Accelerate.framework/Versions/A/Frameworks/vecLib.framework/Versions/A/libBLAS.dylib
0x0000000007d2e000 	/System/Library/Frameworks/Accelerate.framework/Versions/A/Frameworks/vecLib.framework/Versions/A/libLinearAlgebra.dylib
0x0000000007d2e000 	/System/Library/Frameworks/ApplicationServices.framework/Versions/A/Frameworks/ATS.framework/Versions/A/Resources/libFontParser.dylib
0x0000000007d2e000 	/System/Library/Frameworks/ApplicationServices.framework/Versions/A/Frameworks/ATS.framework/Versions/A/Resources/libFontRegistry.dylib
0x0000000007d2e000 	/System/Library/PrivateFrameworks/AppleVPA.framework/Versions/A/AppleVPA
0x0000000007d2e000 	/System/Library/PrivateFrameworks/AppleJPEG.framework/Versions/A/AppleJPEG
0x0000000007d2e000 	/System/Library/Frameworks/ImageIO.framework/Versions/A/Resources/libJPEG.dylib
0x0000000007d2e000 	/System/Library/Frameworks/ImageIO.framework/Versions/A/Resources/libTIFF.dylib
0x0000000007d2e000 	/System/Library/Frameworks/ImageIO.framework/Versions/A/Resources/libPng.dylib
0x0000000007d2e000 	/System/Library/Frameworks/ImageIO.framework/Versions/A/Resources/libGIF.dylib
0x0000000007d2e000 	/System/Library/Frameworks/ImageIO.framework/Versions/A/Resources/libJP2.dylib
0x0000000007d2e000 	/System/Library/Frameworks/ImageIO.framework/Versions/A/Resources/libRadiance.dylib
0x0000000007d2e000 	/System/Library/Frameworks/CoreVideo.framework/Versions/A/CoreVideo
0x0000000007d2e000 	/System/Library/Frameworks/OpenGL.framework/Versions/A/Libraries/libGLU.dylib
0x0000000007d2e000 	/System/Library/Frameworks/OpenGL.framework/Versions/A/Libraries/libGFXShared.dylib
0x0000000007d2e000 	/System/Library/Frameworks/OpenGL.framework/Versions/A/Libraries/libGL.dylib
0x0000000007d2e000 	/System/Library/Frameworks/OpenGL.framework/Versions/A/Libraries/libGLImage.dylib
0x0000000007d2e000 	/System/Library/Frameworks/OpenGL.framework/Versions/A/Libraries/libCVMSPluginSupport.dylib
0x0000000007d2e000 	/System/Library/Frameworks/OpenGL.framework/Versions/A/Libraries/libCoreVMClient.dylib
0x0000000007d2e000 	/usr/lib/libcups.2.dylib
0x0000000007d2e000 	/System/Library/Frameworks/Kerberos.framework/Versions/A/Kerberos
0x0000000007d2e000 	/System/Library/Frameworks/GSS.framework/Versions/A/GSS
0x0000000007d2e000 	/usr/lib/libresolv.9.dylib
0x0000000007d2e000 	/System/Library/PrivateFrameworks/Heimdal.framework/Versions/A/Heimdal
0x0000000007d2e000 	/usr/lib/libheimdal-asn1.dylib
0x0000000007d2e000 	/System/Library/Frameworks/OpenDirectory.framework/Versions/A/OpenDirectory
0x0000000007d2e000 	/System/Library/PrivateFrameworks/CommonAuth.framework/Versions/A/CommonAuth
0x0000000007d2e000 	/System/Library/Frameworks/SecurityFoundation.framework/Versions/A/SecurityFoundation
0x0000000007d2e000 	/System/Library/Frameworks/QuartzCore.framework/Versions/A/Frameworks/CoreImage.framework/Versions/A/CoreImage
0x0000000007d2e000 	/System/Library/PrivateFrameworks/CrashReporterSupport.framework/Versions/A/CrashReporterSupport
0x0000000007d2e000 	/System/Library/Frameworks/OpenCL.framework/Versions/A/OpenCL
0x0000000007d2e000 	/System/Library/PrivateFrameworks/FaceCore.framework/Versions/A/FaceCore
0x0000000007d2e000 	/System/Library/PrivateFrameworks/Ubiquity.framework/Versions/A/Ubiquity
0x0000000007d2e000 	/System/Library/PrivateFrameworks/IconServices.framework/Versions/A/IconServices
0x0000000007d2e000 	/System/Library/PrivateFrameworks/ChunkingLibrary.framework/Versions/A/ChunkingLibrary
0x0000000007d2e000 	/System/Library/PrivateFrameworks/Apple80211.framework/Versions/A/Apple80211
0x0000000007d2e000 	/System/Library/Frameworks/CoreWLAN.framework/Versions/A/CoreWLAN
0x0000000007d2e000 	/System/Library/Frameworks/IOBluetooth.framework/Versions/A/IOBluetooth
0x0000000007d2e000 	/System/Library/PrivateFrameworks/CoreWiFi.framework/Versions/A/CoreWiFi
0x0000000007d2e000 	/System/Library/Frameworks/CoreBluetooth.framework/Versions/A/CoreBluetooth
0x0000000007d2e000 	/System/Library/PrivateFrameworks/DebugSymbols.framework/Versions/A/DebugSymbols
0x0000000007d2e000 	/System/Library/PrivateFrameworks/CoreSymbolication.framework/Versions/A/CoreSymbolication
0x0000000007d2e000 	/System/Library/PrivateFrameworks/Symbolication.framework/Versions/A/Symbolication
0x0000000007d2e000 	/System/Library/PrivateFrameworks/SpeechRecognitionCore.framework/Versions/A/SpeechRecognitionCore
0x0000000109a00000 	/Library/Java/JavaVirtualMachines/jdk1.8.0_20.jdk/Contents/Home/jre/lib/server/libjvm.dylib
0x0000000007d2e000 	/usr/lib/libstdc++.6.dylib
0x0000000108972000 	/Library/Java/JavaVirtualMachines/jdk1.8.0_20.jdk/Contents/Home/jre/lib/libverify.dylib
0x0000000108980000 	/Library/Java/JavaVirtualMachines/jdk1.8.0_20.jdk/Contents/Home/jre/lib/libjava.dylib
0x00000001089b5000 	/Library/Java/JavaVirtualMachines/jdk1.8.0_20.jdk/Contents/Home/jre/lib/libinstrument.dylib
0x00000001089d9000 	/Users/NickRadonic/Library/Application Support/IntelliJIdea13/chronon/lib/recorder/native/librecorderagent-3.0.7.jnilib
0x000000010a954000 	/Library/Java/JavaVirtualMachines/jdk1.8.0_20.jdk/Contents/Home/jre/lib/libzip.dylib
0x0000000126508000 	/System/Library/Frameworks/JavaVM.framework/Frameworks/JavaRuntimeSupport.framework/JavaRuntimeSupport
0x0000000126520000 	/System/Library/Frameworks/JavaVM.framework/Versions/A/Frameworks/JavaNativeFoundation.framework/Versions/A/JavaNativeFoundation
0x0000000126535000 	/System/Library/Frameworks/JavaVM.framework/Versions/A/JavaVM
0x0000000007d2e000 	/System/Library/Frameworks/Carbon.framework/Versions/A/Carbon
0x0000000126542000 	/System/Library/PrivateFrameworks/JavaLaunching.framework/Versions/A/JavaLaunching
0x0000000007d2e000 	/System/Library/Frameworks/Carbon.framework/Versions/A/Frameworks/CommonPanels.framework/Versions/A/CommonPanels
0x0000000007d2e000 	/System/Library/Frameworks/Carbon.framework/Versions/A/Frameworks/Help.framework/Versions/A/Help
0x0000000007d2e000 	/System/Library/Frameworks/Carbon.framework/Versions/A/Frameworks/ImageCapture.framework/Versions/A/ImageCapture
0x0000000007d2e000 	/System/Library/Frameworks/Carbon.framework/Versions/A/Frameworks/OpenScripting.framework/Versions/A/OpenScripting
0x0000000007d2e000 	/System/Library/Frameworks/Carbon.framework/Versions/A/Frameworks/Print.framework/Versions/A/Print
0x0000000007d2e000 	/System/Library/Frameworks/Carbon.framework/Versions/A/Frameworks/SecurityHI.framework/Versions/A/SecurityHI
0x0000000127ec3000 	/Library/Java/JavaVirtualMachines/jdk1.8.0_20.jdk/Contents/Home/jre/lib/libmanagement.dylib
0x0000000128649000 	/Library/Java/JavaVirtualMachines/jdk1.8.0_20.jdk/Contents/Home/jre/lib/libnet.dylib
0x00000001286a8000 	/Library/Java/JavaVirtualMachines/jdk1.8.0_20.jdk/Contents/Home/jre/lib/libnio.dylib
0x000000012932a000 	/Applications/IntelliJ IDEA 13.app/Contents/bin/libbreakgen64.jnilib
0x0000000129590000 	/Library/Java/JavaVirtualMachines/jdk1.8.0_20.jdk/Contents/Home/jre/lib/libawt.dylib
0x000000012963f000 	/Library/Java/JavaVirtualMachines/jdk1.8.0_20.jdk/Contents/Home/jre/lib/./libmlib_image.dylib
0x000000012970b000 	/Library/Java/JavaVirtualMachines/jdk1.8.0_20.jdk/Contents/Home/jre/lib/libawt_lwawt.dylib
0x00000001297be000 	/Library/Java/JavaVirtualMachines/jdk1.8.0_20.jdk/Contents/Home/jre/lib/./libosxapp.dylib
0x0000000007d2e000 	/System/Library/Frameworks/ExceptionHandling.framework/Versions/A/ExceptionHandling
0x0000000007d2e000 	/System/Library/PrivateFrameworks/CoreServicesInternal.framework/Versions/A/CoreServicesInternal
0x0000000007d2e000 	/System/Library/PrivateFrameworks/CloudDocs.framework/Versions/A/CloudDocs
0x0000000007d2e000 	/System/Library/PrivateFrameworks/CoreDuet.framework/Versions/A/CoreDuet
0x0000000007d2e000 	/System/Library/Frameworks/CloudKit.framework/Versions/A/CloudKit
0x0000000007d2e000 	/System/Library/PrivateFrameworks/ProtocolBuffer.framework/Versions/A/ProtocolBuffer
0x0000000007d2e000 	/System/Library/PrivateFrameworks/CoreDuetDaemonProtocol.framework/Versions/A/CoreDuetDaemonProtocol
0x0000000007d2e000 	/System/Library/PrivateFrameworks/CoreDuetDebugLogging.framework/Versions/A/CoreDuetDebugLogging
0x0000000007d2e000 	/System/Library/Frameworks/CoreLocation.framework/Versions/A/CoreLocation
0x0000000007d2e000 	/System/Library/Frameworks/Accounts.framework/Versions/A/Accounts
0x0000000007d2e000 	/System/Library/PrivateFrameworks/ApplePushService.framework/Versions/A/ApplePushService
0x0000000007d2e000 	/System/Library/PrivateFrameworks/GeoServices.framework/Versions/A/GeoServices
0x0000000007d2e000 	/System/Library/PrivateFrameworks/OAuth.framework/Versions/A/OAuth
0x0000000007d2e000 	/System/Library/PrivateFrameworks/CoreDaemon.framework/Versions/B/CoreDaemon
0x0000000007d2e000 	/usr/lib/libcrypto.0.9.8.dylib
0x0000000007d2e000 	/System/Library/PrivateFrameworks/AppleSRP.framework/Versions/A/AppleSRP
0x0000000007d2e000 	/System/Library/PrivateFrameworks/TrustEvaluationAgent.framework/Versions/A/TrustEvaluationAgent
0x0000000007d2e000 	/System/Library/Frameworks/CoreGraphics.framework/Versions/A/Resources/libCGCMS.A.dylib
0x0000000007d2e000 	/System/Library/Frameworks/CoreGraphics.framework/Versions/A/Resources/libRIP.A.dylib
0x0000000007d2e000 	/System/Library/Frameworks/CoreGraphics.framework/Versions/A/Resources/libCGXType.A.dylib
0x0000000007d2e000 	/System/Library/Frameworks/OpenCL.framework/Versions/A/Libraries/libcldcpuengine.dylib
0x0000000007d2e000 	/System/Library/PrivateFrameworks/DiskImages.framework/Versions/A/DiskImages
0x0000000007d2e000 	/System/Library/Frameworks/DiscRecording.framework/Versions/A/DiscRecording
0x0000000007d2e000 	/usr/lib/libcsfde.dylib
0x0000000007d2e000 	/usr/lib/libcurl.4.dylib
0x0000000007d2e000 	/System/Library/PrivateFrameworks/MediaKit.framework/Versions/A/MediaKit
0x0000000007d2e000 	/System/Library/PrivateFrameworks/ProtectedCloudStorage.framework/Versions/A/ProtectedCloudStorage
0x0000000007d2e000 	/usr/lib/libCoreStorage.dylib
0x0000000007d2e000 	/System/Library/PrivateFrameworks/EFILogin.framework/Versions/A/EFILogin
0x0000000007d2e000 	/usr/lib/libutil.dylib
0x0000000007d2e000 	/System/Library/PrivateFrameworks/FindMyDevice.framework/Versions/A/FindMyDevice
0x0000000007d2e000 	/System/Library/Frameworks/LDAP.framework/Versions/A/LDAP
0x0000000007d2e000 	/usr/lib/libsasl2.2.dylib
0x000000012c5d9000 	cl_kernels
0x000000012c5db000 	/System/Library/Frameworks/OpenCL.framework/Versions/A/Libraries/ImageFormats/unorm8_bgra.dylib
0x000000012c5cb000 	cl_kernels
0x0000000007d2e000 	/System/Library/PrivateFrameworks/FamilyControls.framework/Versions/A/FamilyControls
0x0000000007d2e000 	/System/Library/PrivateFrameworks/CommerceKit.framework/Versions/A/Frameworks/CommerceCore.framework/Versions/A/CommerceCore
0x0000000007d2e000 	/System/Library/PrivateFrameworks/SystemAdministration.framework/Versions/A/SystemAdministration
0x0000000007d2e000 	/System/Library/PrivateFrameworks/AppContainer.framework/Versions/A/AppContainer
0x0000000007d2e000 	/System/Library/PrivateFrameworks/SecCodeWrapper.framework/Versions/A/SecCodeWrapper
0x0000000007d2e000 	/System/Library/Frameworks/DirectoryService.framework/Versions/A/DirectoryService
0x0000000007d2e000 	/System/Library/PrivateFrameworks/LoginUIKit.framework/Versions/A/Frameworks/LoginUICore.framework/Versions/A/LoginUICore
0x0000000007d2e000 	/usr/lib/libodfde.dylib
0x0000000007d2e000 	/System/Library/Frameworks/OpenGL.framework/Versions/A/Resources/GLEngine.bundle/GLEngine
0x0000000007d2e000 	/System/Library/Frameworks/OpenGL.framework/Versions/A/Libraries/libGLProgrammability.dylib
0x0000000000000000 	/System/Library/Extensions/AppleIntelHD5000GraphicsGLDriver.bundle/Contents/MacOS/AppleIntelHD5000GraphicsGLDriver
0x0000000007d2e000 	/System/Library/PrivateFrameworks/IOAccelerator.framework/Versions/A/IOAccelerator
0x0000000007d2e000 	/System/Library/PrivateFrameworks/GPUSupport.framework/Versions/A/Libraries/libGPUSupportMercury.dylib
0x0000000000000000 	/System/Library/Extensions/GeForceGLDriver.bundle/Contents/MacOS/GeForceGLDriver
0x0000000007d2e000 	/System/Library/Extensions/GeForceGLDriver.bundle/Contents/MacOS/libclh.dylib
0x0000000007d2e000 	/System/Library/Frameworks/OpenGL.framework/Versions/A/Resources/GLRendererFloat.bundle/GLRendererFloat
0x000000012f431000 	/Library/Java/JavaVirtualMachines/jdk1.8.0_20.jdk/Contents/Home/jre/lib/libfontmanager.dylib
0x000000012f817000 	/Library/Java/JavaVirtualMachines/jdk1.8.0_20.jdk/Contents/Home/jre/lib/libosxui.dylib
0x0000000007d2e000 	/System/Library/Frameworks/Accelerate.framework/Versions/A/Frameworks/vImage.framework/Versions/A/Libraries/libCGInterfaces.dylib

VM Arguments:
jvm_args: -javaagent:/Users/NickRadonic/Library/Application Support/IntelliJIdea13/chronon/lib/recorder/recorder-3.20.1.187.jar=/Users/NickRadonic/Library/Caches/IntelliJIdea13/chronon-recordings/2014_11_25_CaveGame5/config.txt -agentpath:/Users/NickRadonic/Library/Application Support/IntelliJIdea13/chronon/lib/recorder/native/librecorderagent-3.0.7.jnilib -Xverify:none -Didea.launcher.port=7532 -Didea.launcher.bin.path=/Applications/IntelliJ IDEA 13.app/Contents/bin -Dfile.encoding=UTF-8 
java_command: com.intellij.rt.execution.application.AppMain GameControl.CaveGame
java_class_path (initial): /Library/Java/JavaVirtualMachines/jdk1.8.0_20.jdk/Contents/Home/lib/ant-javafx.jar:/Library/Java/JavaVirtualMachines/jdk1.8.0_20.jdk/Contents/Home/lib/dt.jar:/Library/Java/JavaVirtualMachines/jdk1.8.0_20.jdk/Contents/Home/lib/javafx-mx.jar:/Library/Java/JavaVirtualMachines/jdk1.8.0_20.jdk/Contents/Home/lib/jconsole.jar:/Library/Java/JavaVirtualMachines/jdk1.8.0_20.jdk/Contents/Home/lib/sa-jdi.jar:/Library/Java/JavaVirtualMachines/jdk1.8.0_20.jdk/Contents/Home/lib/tools.jar:/Library/Java/JavaVirtualMachines/jdk1.8.0_20.jdk/Contents/Home/jre/lib/charsets.jar:/Library/Java/JavaVirtualMachines/jdk1.8.0_20.jdk/Contents/Home/jre/lib/deploy.jar:/Library/Java/JavaVirtualMachines/jdk1.8.0_20.jdk/Contents/Home/jre/lib/javaws.jar:/Library/Java/JavaVirtualMachines/jdk1.8.0_20.jdk/Contents/Home/jre/lib/jce.jar:/Library/Java/JavaVirtualMachines/jdk1.8.0_20.jdk/Contents/Home/jre/lib/jfr.jar:/Library/Java/JavaVirtualMachines/jdk1.8.0_20.jdk/Contents/Home/jre/lib/jfxswt.jar:/Library/Java/JavaVirtualMachines/jdk1.8.0_20.jdk/Contents/Home/jre/lib/jsse.jar:/Library/Java/JavaVirtualMachines/jdk1.8.0_20.jdk/Contents/Home/jre/lib/management-agent.jar:/Library/Java/JavaVirtualMachines/jdk1.8.0_20.jdk/Contents/Home/jre/lib/plugin.jar:/Library/Java/JavaVirtualMachines/jdk1.8.0_20.jdk/Contents/Home/jre/lib/resources.jar:/Library/Java/JavaVirtualMachines/jdk1.8.0_20.jdk/Contents/Home/jre/lib/rt.jar:/Library/Java/JavaVirtualMachines/jdk1.8.0_20.jdk/Contents/Home/jre/lib/ext/cldrdata.jar:/Library/Java/JavaVirtualMachines/jdk1.8.0_20.jdk/Contents/Home/jre/lib/ext/dnsns.jar:/Library/Java/JavaVirtualMachines/jdk1.8.0_20.jdk/Contents/Home/jre/lib/ext/jfxrt.jar:/Library/Java/JavaVirtualMachines/jdk1.8.0_20.jdk/Contents/Home/jre/lib/ext/localedata.jar:/Library/Java/JavaVirtualMachines/jdk1.8.0_20.jdk/Contents/Home/jre/lib/ext/nashorn.jar:/Library/Java/JavaVirtualMachines/jdk1.8.0_20.jdk/Contents/Home/jre/lib/ext/sunec.jar:/Library/Java/JavaVirtualMachines/jdk1.8.0_20.jdk/C
Launcher Type: SUN_STANDARD

Environment Variables:
PATH=/usr/local/bin:/usr/bin:/bin:/usr/sbin:/sbin:/Applications/Server.app/Contents/ServerRoot/usr/bin:/Applications/Server.app/Contents/ServerRoot/usr/sbin
SHELL=/bin/bash

Signal Handlers:
SIGSEGV: [libjvm.dylib+0x578fd7], sa_mask[0]=11111111011111110111111111111111, sa_flags=SA_ONSTACK|SA_RESTART|SA_SIGINFO
SIGBUS: [libjvm.dylib+0x578fd7], sa_mask[0]=11111111011111110111111111111111, sa_flags=SA_RESTART|SA_SIGINFO
SIGFPE: [libjvm.dylib+0x45ab0c], sa_mask[0]=11111111011111110111111111111111, sa_flags=SA_RESTART|SA_SIGINFO
SIGPIPE: [libjvm.dylib+0x45ab0c], sa_mask[0]=11111111011111110111111111111111, sa_flags=SA_RESTART|SA_SIGINFO
SIGXFSZ: [libjvm.dylib+0x45ab0c], sa_mask[0]=11111111011111110111111111111111, sa_flags=SA_RESTART|SA_SIGINFO
SIGILL: [libjvm.dylib+0x45ab0c], sa_mask[0]=11111111011111110111111111111111, sa_flags=SA_RESTART|SA_SIGINFO
SIGUSR1: SIG_DFL, sa_mask[0]=00000000000000000000000000000000, sa_flags=none
SIGUSR2: [libjvm.dylib+0x45a62a], sa_mask[0]=00100000000000000000000000000000, sa_flags=SA_RESTART|SA_SIGINFO
SIGHUP: [libjvm.dylib+0x458bfd], sa_mask[0]=11111111011111110111111111111111, sa_flags=SA_RESTART|SA_SIGINFO
SIGINT: [libjvm.dylib+0x458bfd], sa_mask[0]=11111111011111110111111111111111, sa_flags=SA_RESTART|SA_SIGINFO
SIGTERM: [libjvm.dylib+0x458bfd], sa_mask[0]=11111111011111110111111111111111, sa_flags=SA_RESTART|SA_SIGINFO
SIGQUIT: [libjvm.dylib+0x458bfd], sa_mask[0]=11111111011111110111111111111111, sa_flags=SA_RESTART|SA_SIGINFO


---------------  S Y S T E M  ---------------

OS:Bsduname:Darwin 14.1.0 Darwin Kernel Version 14.1.0: Thu Nov 13 18:36:56 PST 2014; root:xnu-2782.10.65~2/RELEASE_X86_64 x86_64
rlimit: STACK 8192k, CORE 0k, NPROC 709, NOFILE 10240, AS infinity
load average:1.71 1.70 1.70

CPU:total 8 (4 cores per cpu, 2 threads per core) family 6 model 70 stepping 1, cmov, cx8, fxsr, mmx, sse, sse2, sse3, ssse3, sse4.1, sse4.2, popcnt, avx, avx2, aes, clmul, erms, rtm, lzcnt, ht, tsc, tscinvbit, bmi1, bmi2

Memory: 4k page, physical 16777216k(3505328k free)

/proc/meminfo:


vm_info: Java HotSpot(TM) 64-Bit Server VM (25.20-b23) for bsd-amd64 JRE (1.8.0_20-b26), built on Jul 30 2014 13:37:47 by "java_re" with gcc 4.2.1 (Based on Apple Inc. build 5658) (LLVM build 2336.9.00)

time: Tue Nov 25 13:07:37 2014
elapsed time: 7 seconds (0d 0h 0m 7s)

