#
# A fatal error has been detected by the Java Runtime Environment:
#
#  SIGSEGV (0xb) at pc=0x0000000103faa5b0, pid=18743, tid=22787
#
# JRE version: Java(TM) SE Runtime Environment (8.0_20-b26) (build 1.8.0_20-b26)
# Java VM: Java HotSpot(TM) 64-Bit Server VM (25.20-b23 mixed mode bsd-amd64 compressed oops)
# Problematic frame:
# V  [libjvm.dylib+0x3aa5b0]
#
# Failed to write core dump. Core dumps have been disabled. To enable core dumping, try "ulimit -c unlimited" before starting Java again
#
# If you would like to submit a bug report, please visit:
#   http://bugreport.sun.com/bugreport/crash.jsp
#

---------------  T H R E A D  ---------------

Current thread (0x00007fc52d82c800):  JavaThread "C2 CompilerThread1" daemon [_thread_in_native, id=22787, stack(0x0000000122f87000,0x0000000123087000)]

siginfo: si_signo: 11 (SIGSEGV), si_code: 1 (SEGV_MAPERR), si_addr: 0x0000000000000008

Registers:
RAX=0x0000000000000000, RBX=0x0000000123080a08, RCX=0x00007fc52c3c8410, RDX=0x00007fc52c65dd68
RSP=0x00000001230805b0, RBP=0x00000001230805b0, RSI=0x00007fc52d046050, RDI=0x0000000123080a08
R8 =0x0000000000000000, R9 =0x0000000000000006, R10=0x000000000000000e, R11=0xfffffffffffcef60
R12=0x00007fc52c65dd68, R13=0x0000000000000000, R14=0x00007fc52d046050, R15=0x00007fc5331bb3c8
RIP=0x0000000103faa5b0, EFLAGS=0x0000000000010206, ERR=0x0000000000000004
  TRAPNO=0x000000000000000e

Top of Stack: (sp=0x00000001230805b0)
0x00000001230805b0:   00000001230805f0 0000000103fb37e5
0x00000001230805c0:   00007fc52c6ca5b0 0000000123080920
0x00000001230805d0:   0000000000000002 00007fc52db22b88
0x00000001230805e0:   0000000123080a08 00007fc52c6ca5b0
0x00000001230805f0:   0000000123080650 0000000103fb3a32
0x0000000123080600:   00000001230813d8 0000000123080900
0x0000000123080610:   00000001230813b8 00000001230808e0
0x0000000123080620:   0000000200002912 0000000123080a08
0x0000000123080630:   0000000000000001 0000000000000000
0x0000000123080640:   00007fc52d0460c0 0000000000000005
0x0000000123080650:   0000000123080990 0000000103fb9b73
0x0000000123080660:   00007fc5331ee188 00007fc52df99780
0x0000000123080670:   0000000100000000 00007fc52bf16580
0x0000000123080680:   000000012cb094d8 00007fff92a53f18
0x0000000123080690:   00000001230806c0 000000000413ff6e
0x00000001230806a0:   000000012917d000 0000000102952280
0x00000001230806b0:   0000000000000000 0000000000000000
0x00000001230806c0:   00000001230806d0 0000000000020010
0x00000001230806d0:   0000000102951000 0000000000000000
0x00000001230806e0:   0000000000000000 0000000000000000
0x00000001230806f0:   00000001230807e0 00007fff92a523a5
0x0000000123080700:   00007fc5331ee188 00007fc52ce5fbd8
0x0000000123080710:   00007fc5331ee188 00007fc52df99780
0x0000000123080720:   0000000123080740 000000010413feb9
0x0000000123080730:   0000000123080760 000000010413f0f0
0x0000000123080740:   0000000123080770 0000000103c6829e
0x0000000123080750:   00007fc52c6c74d0 00007fc52c3b5338
0x0000000123080760:   0000000000000000 0000000000000000
0x0000000123080770:   00000001230807b0 0000000104043735
0x0000000123080780:   00000001230807b0 00000001230852a0
0x0000000123080790:   00000001230807b0 0000000103c83994
0x00000001230807a0:   00007fc52c6c74d0 00000001230848a8 

Instructions: (pc=0x0000000103faa5b0)
0x0000000103faa590:   2c 83 e1 07 83 f9 05 48 0f 45 c2 5d c3 90 55 48
0x0000000103faa5a0:   89 e5 8b 46 28 48 8b 8f f0 09 00 00 48 8b 04 c1
0x0000000103faa5b0:   48 8b 48 08 48 83 39 00 75 26 8b 4f 28 8b 40 28
0x0000000103faa5c0:   39 c1 77 0e 31 c0 48 8b 50 08 48 83 3a 00 74 ed 

Register to memory mapping:

RAX=0x0000000000000000 is an unknown value
RBX=0x0000000123080a08 is pointing into the stack for thread: 0x00007fc52d82c800
RCX=0x00007fc52c3c8410 is an unknown value
RDX=0x00007fc52c65dd68 is an unknown value
RSP=0x00000001230805b0 is pointing into the stack for thread: 0x00007fc52d82c800
RBP=0x00000001230805b0 is pointing into the stack for thread: 0x00007fc52d82c800
RSI=0x00007fc52d046050 is an unknown value
RDI=0x0000000123080a08 is pointing into the stack for thread: 0x00007fc52d82c800
R8 =0x0000000000000000 is an unknown value
R9 =0x0000000000000006 is an unknown value
R10=0x000000000000000e is an unknown value
R11=0xfffffffffffcef60 is an unknown value
R12=0x00007fc52c65dd68 is an unknown value
R13=0x0000000000000000 is an unknown value
R14=0x00007fc52d046050 is an unknown value
R15=0x00007fc5331bb3c8 is an unknown value


Stack: [0x0000000122f87000,0x0000000123087000],  sp=0x00000001230805b0,  free space=997k
Native frames: (J=compiled Java code, j=interpreted, Vv=VM code, C=native code)
V  [libjvm.dylib+0x3aa5b0]
V  [libjvm.dylib+0x3b37e5]
V  [libjvm.dylib+0x3b3a32]
V  [libjvm.dylib+0x3b9b73]
V  [libjvm.dylib+0x1a5b78]
V  [libjvm.dylib+0x1a8925]
V  [libjvm.dylib+0x14afd6]
V  [libjvm.dylib+0x1ac260]
V  [libjvm.dylib+0x1ae36f]
V  [libjvm.dylib+0x535a51]
V  [libjvm.dylib+0x537194]
V  [libjvm.dylib+0x45d35a]
C  [libsystem_pthread.dylib+0x32fc]  _pthread_body+0x83
C  [libsystem_pthread.dylib+0x3279]  _pthread_body+0x0
C  [libsystem_pthread.dylib+0x14b1]  thread_start+0xd
C  0x0000000000000000


Current CompileTask:
C2:  15804 1848       4       java.com.chronon3.sb.recorder.runtime.inject.InstrumentationCode2::recordObjectValue (155 bytes)


---------------  P R O C E S S  ---------------

Java Threads: ( => current thread )
  0x00007fc52d9c5800 JavaThread "TimerQueue" daemon [_thread_blocked, id=44351, stack(0x00000001327c0000,0x00000001328c0000)]
  0x00007fc52e38a800 JavaThread "DestroyJavaVM" [_thread_blocked, id=4867, stack(0x0000000102a4d000,0x0000000102b4d000)]
  0x00007fc52cd24000 JavaThread "AWT-EventQueue-0" [_thread_blocked, id=64775, stack(0x000000012a25c000,0x000000012a35c000)]
  0x00007fc53003c800 JavaThread "Java2D Disposer" daemon [_thread_blocked, id=63243, stack(0x0000000129469000,0x0000000129569000)]
  0x00007fc52e34d000 JavaThread "Java2D Queue Flusher" daemon [_thread_blocked, id=48187, stack(0x0000000128525000,0x0000000128625000)]
  0x00007fc52ca3f000 JavaThread "AWT-Shutdown" [_thread_blocked, id=34835, stack(0x0000000124c73000,0x0000000124d73000)]
  0x00007fc52d92e800 JavaThread "AppKit Thread" daemon [_thread_in_native, id=1299, stack(0x00007fff5cac9000,0x00007fff5d2c9000)]
  0x00007fc52c8ee000 JavaThread "Monitor Ctrl-Break" daemon [_thread_in_native, id=25347, stack(0x000000012354c000,0x000000012364c000)]
  0x00007fc52d87e800 JavaThread "Service Thread" daemon [_thread_blocked, id=24323, stack(0x0000000123290000,0x0000000123390000)]
  0x00007fc52d82e000 JavaThread "C1 CompilerThread3" daemon [_thread_blocked, id=23811, stack(0x000000012318d000,0x000000012328d000)]
  0x00007fc52d82d800 JavaThread "C2 CompilerThread2" daemon [_thread_in_native, id=23299, stack(0x000000012308a000,0x000000012318a000)]
=>0x00007fc52d82c800 JavaThread "C2 CompilerThread1" daemon [_thread_in_native, id=22787, stack(0x0000000122f87000,0x0000000123087000)]
  0x00007fc52c8ed800 JavaThread "C2 CompilerThread0" daemon [_thread_in_native, id=22275, stack(0x0000000122e84000,0x0000000122f84000)]
  0x00007fc52c040000 JavaThread "Chronon - Flusher Thread" daemon [_thread_blocked, id=21763, stack(0x0000000122d81000,0x0000000122e81000)]
  0x00007fc52c03f000 JavaThread "Chronon - Flusher Thread" daemon [_thread_blocked, id=21251, stack(0x0000000122c7e000,0x0000000122d7e000)]
  0x00007fc52c917000 JavaThread "Recorder Data Persistor" daemon [_thread_blocked, id=20739, stack(0x0000000122b7b000,0x0000000122c7b000)]
  0x00007fc52c8e8000 JavaThread "Chronon - Logger Thread" daemon [_thread_blocked, id=20227, stack(0x0000000122a78000,0x0000000122b78000)]
  0x00007fc52e000000 JavaThread "Chronon - Db2" daemon [_thread_blocked, id=19715, stack(0x0000000122975000,0x0000000122a75000)]
  0x00007fc52c8e7000 JavaThread "Chronon - Db1" daemon [_thread_blocked, id=19203, stack(0x0000000122872000,0x0000000122972000)]
  0x00007fc52c83b800 JavaThread "Recorder - Reference Collector" daemon [_thread_blocked, id=18691, stack(0x00000001220af000,0x00000001221af000)]
  0x00007fc52c803800 JavaThread "Signal Dispatcher" daemon [_thread_blocked, id=15379, stack(0x0000000121f9f000,0x000000012209f000)]
  0x00007fc52c01a000 JavaThread "Finalizer" daemon [_thread_blocked, id=13571, stack(0x00000001205e4000,0x00000001206e4000)]
  0x00007fc52c00c000 JavaThread "Reference Handler" daemon [_thread_blocked, id=13059, stack(0x00000001204e1000,0x00000001205e1000)]

Other Threads:
  0x00007fc52d84e800 VMThread [stack: 0x00000001203de000,0x00000001204de000] [id=12547]
  0x00007fc52d87f000 WatcherThread [stack: 0x0000000123393000,0x0000000123493000] [id=24835]

VM state:not at safepoint (normal execution)

VM Mutex/Monitor currently owned by a thread: None

Heap:
 PSYoungGen      total 76288K, used 41743K [0x000000076ab00000, 0x0000000770000000, 0x00000007c0000000)
  eden space 65536K, 55% used [0x000000076ab00000,0x000000076ce9eb00,0x000000076eb00000)
  from space 10752K, 49% used [0x000000076eb00000,0x000000076f025330,0x000000076f580000)
  to   space 10752K, 0% used [0x000000076f580000,0x000000076f580000,0x0000000770000000)
 ParOldGen       total 175104K, used 16K [0x00000006c0000000, 0x00000006cab00000, 0x000000076ab00000)
  object space 175104K, 0% used [0x00000006c0000000,0x00000006c0004000,0x00000006cab00000)
 Metaspace       used 18910K, capacity 19206K, committed 19456K, reserved 1067008K
  class space    used 2417K, capacity 2488K, committed 2560K, reserved 1048576K

Card table byte_map: [0x0000000113efb000,0x00000001146fc000] byte_map_base: 0x00000001108fb000

Marking Bits: (ParMarkBitMap*) 0x000000010449c330
 Begin Bits: [0x000000011546a000, 0x000000011946a000)
 End Bits:   [0x000000011946a000, 0x000000011d46a000)

Polling page: 0x0000000102b91000

CodeCache: size=245760Kb used=6803Kb max_used=6805Kb free=238956Kb
 bounds [0x0000000104b3b000, 0x00000001051eb000, 0x0000000113b3b000]
 total_blobs=2459 nmethods=1854 adapters=518
 compilation: enabled

Compilation events (10 events):
Event: 15.788 Thread 0x00007fc52d82e000 1856       1       sun.lwawt.LWComponentPeer::getPeerTreeLock (4 bytes)
Event: 15.788 Thread 0x00007fc52d82e000 nmethod 1856 0x00000001051e1b10 code [0x00000001051e1c60, 0x00000001051e1d50]
Event: 15.788 Thread 0x00007fc52d82e000 1857       3       java.util.concurrent.locks.ReentrantReadWriteLock$Sync::sharedCount (5 bytes)
Event: 15.788 Thread 0x00007fc52d82e000 nmethod 1857 0x00000001051e1810 code [0x00000001051e1960, 0x00000001051e1a90]
Event: 15.788 Thread 0x00007fc52d82e000 1858       3       java.util.concurrent.locks.ReentrantReadWriteLock$NonfairSync::readerShouldBlock (5 bytes)
Event: 15.789 Thread 0x00007fc52d82e000 nmethod 1858 0x00000001051e1410 code [0x00000001051e1580, 0x00000001051e1788]
Event: 15.789 Thread 0x00007fc52d82e000 1859       3       java.util.concurrent.locks.AbstractQueuedSynchronizer::apparentlyFirstQueuedIsExclusive (38 bytes)
Event: 15.789 Thread 0x00007fc52d82e000 nmethod 1859 0x00000001051e0dd0 code [0x00000001051e0f40, 0x00000001051e1310]
Event: 15.789 Thread 0x00007fc52d82e000 1860   !   3       java.awt.Font::equals (132 bytes)
Event: 15.789 Thread 0x00007fc52d82e000 nmethod 1860 0x00000001051e0150 code [0x00000001051e0320, 0x00000001051e0b28]

GC Heap History (2 events):
Event: 1.892 GC heap before
{Heap before GC invocations=1 (full 0):
 PSYoungGen      total 76288K, used 65536K [0x000000076ab00000, 0x0000000770000000, 0x00000007c0000000)
  eden space 65536K, 100% used [0x000000076ab00000,0x000000076eb00000,0x000000076eb00000)
  from space 10752K, 0% used [0x000000076f580000,0x000000076f580000,0x0000000770000000)
  to   space 10752K, 0% used [0x000000076eb00000,0x000000076eb00000,0x000000076f580000)
 ParOldGen       total 175104K, used 0K [0x00000006c0000000, 0x00000006cab00000, 0x000000076ab00000)
  object space 175104K, 0% used [0x00000006c0000000,0x00000006c0000000,0x00000006cab00000)
 Metaspace       used 14947K, capacity 15178K, committed 15360K, reserved 1062912K
  class space    used 1850K, capacity 1938K, committed 2048K, reserved 1048576K
Event: 1.896 GC heap after
Heap after GC invocations=1 (full 0):
 PSYoungGen      total 76288K, used 5268K [0x000000076ab00000, 0x0000000770000000, 0x00000007c0000000)
  eden space 65536K, 0% used [0x000000076ab00000,0x000000076ab00000,0x000000076eb00000)
  from space 10752K, 49% used [0x000000076eb00000,0x000000076f025330,0x000000076f580000)
  to   space 10752K, 0% used [0x000000076f580000,0x000000076f580000,0x0000000770000000)
 ParOldGen       total 175104K, used 16K [0x00000006c0000000, 0x00000006cab00000, 0x000000076ab00000)
  object space 175104K, 0% used [0x00000006c0000000,0x00000006c0004000,0x00000006cab00000)
 Metaspace       used 14947K, capacity 15178K, committed 15360K, reserved 1062912K
  class space    used 1850K, capacity 1938K, committed 2048K, reserved 1048576K
}

Deoptimization events (7 events):
Event: 1.460 Thread 0x00007fc52c802800 Uncommon trap: reason=unreached action=reinterpret pc=0x0000000104c887e8 method=java.util.HashMap.hash(Ljava/lang/Object;)I @ 1
Event: 1.480 Thread 0x00007fc52c802800 Uncommon trap: reason=unreached action=reinterpret pc=0x0000000104d60d5c method=java.lang.AbstractStringBuilder.append(Ljava/lang/String;)Ljava/lang/AbstractStringBuilder; @ 1
Event: 1.481 Thread 0x00007fc52c802800 Uncommon trap: reason=unreached action=reinterpret pc=0x0000000104cbcd1c method=java.lang.AbstractStringBuilder.append(Ljava/lang/String;)Ljava/lang/AbstractStringBuilder; @ 1
Event: 12.642 Thread 0x00007fc52cd24000 Uncommon trap: reason=class_check action=maybe_recompile pc=0x0000000104c5e618 method=java.lang.String.equals(Ljava/lang/Object;)Z @ 8
Event: 12.642 Thread 0x00007fc52cd24000 Uncommon trap: reason=class_check action=maybe_recompile pc=0x0000000104c5e618 method=java.lang.String.equals(Ljava/lang/Object;)Z @ 8
Event: 12.652 Thread 0x00007fc52cd24000 Uncommon trap: reason=class_check action=maybe_recompile pc=0x0000000104c5e618 method=java.lang.String.equals(Ljava/lang/Object;)Z @ 8
Event: 12.652 Thread 0x00007fc52cd24000 Uncommon trap: reason=class_check action=maybe_recompile pc=0x0000000104c5e618 method=java.lang.String.equals(Ljava/lang/Object;)Z @ 8

Internal exceptions (10 events):
Event: 15.712 Thread 0x00007fc52cd24000 Exception <a 'java/lang/NullPointerException'> (0x000000076cc70528) thrown at [/HUDSON3/workspace/8-2-build-macosx-x86_64/jdk8u20/1074/hotspot/src/share/vm/runtime/sharedRuntime.cpp, line 604]
Event: 15.712 Thread 0x00007fc52cd24000 Implicit null exception at 0x0000000104cba37e to 0x0000000104cbaa5e
Event: 15.712 Thread 0x00007fc52cd24000 Exception <a 'java/lang/NullPointerException'> (0x000000076cc731c8) thrown at [/HUDSON3/workspace/8-2-build-macosx-x86_64/jdk8u20/1074/hotspot/src/share/vm/runtime/sharedRuntime.cpp, line 604]
Event: 15.712 Thread 0x00007fc52cd24000 Implicit null exception at 0x0000000104d2a48f to 0x0000000104d2aa9f
Event: 15.712 Thread 0x00007fc52cd24000 Exception <a 'java/lang/NullPointerException'> (0x000000076cc73758) thrown at [/HUDSON3/workspace/8-2-build-macosx-x86_64/jdk8u20/1074/hotspot/src/share/vm/runtime/sharedRuntime.cpp, line 604]
Event: 15.712 Thread 0x00007fc52cd24000 Implicit null exception at 0x0000000104d6a749 to 0x0000000104d6a8ed
Event: 15.712 Thread 0x00007fc52cd24000 Exception <a 'java/lang/NullPointerException'> (0x000000076cc73a98) thrown at [/HUDSON3/workspace/8-2-build-macosx-x86_64/jdk8u20/1074/hotspot/src/share/vm/runtime/sharedRuntime.cpp, line 604]
Event: 15.716 Thread 0x00007fc52c040000 Exception <a 'java/lang/NoSuchMethodError': <clinit>> (0x000000076c8f6330) thrown at [/HUDSON3/workspace/8-2-build-macosx-x86_64/jdk8u20/1074/hotspot/src/share/vm/prims/jni.cpp, line 1603]
Event: 15.737 Thread 0x00007fc52cd24000 Exception <a 'java/lang/NullPointerException'> (0x000000076cc9b440) thrown at [/HUDSON3/workspace/8-2-build-macosx-x86_64/jdk8u20/1074/hotspot/src/share/vm/interpreter/linkResolver.cpp, line 1166]
Event: 15.737 Thread 0x00007fc52cd24000 Exception <a 'java/lang/NullPointerException'> (0x000000076cc9c028) thrown at [/HUDSON3/workspace/8-2-build-macosx-x86_64/jdk8u20/1074/hotspot/src/share/vm/interpreter/linkResolver.cpp, line 1166]

Events (10 events):
Event: 15.716 Executing VM operation: RevokeBias done
Event: 15.717 Executing VM operation: RevokeBias
Event: 15.717 Executing VM operation: RevokeBias done
Event: 15.717 loading class sun/security/jca/GetInstance$Instance done
Event: 15.717 loading class java/security/MessageDigest$Delegate
Event: 15.717 loading class java/security/MessageDigest$Delegate done
Event: 15.717 loading class sun/security/provider/ByteArrayAccess
Event: 15.717 loading class sun/security/provider/ByteArrayAccess done
Event: 15.739 loading class javax/swing/tree/DefaultMutableTreeNode$PreorderEnumeration
Event: 15.739 loading class javax/swing/tree/DefaultMutableTreeNode$PreorderEnumeration done


Dynamic libraries:
0x000000000595c000 	/System/Library/Frameworks/Cocoa.framework/Versions/A/Cocoa
0x000000000595c000 	/System/Library/Frameworks/Security.framework/Versions/A/Security
0x000000000595c000 	/System/Library/Frameworks/ApplicationServices.framework/Versions/A/ApplicationServices
0x000000000595c000 	/usr/lib/libz.1.dylib
0x000000000595c000 	/usr/lib/libSystem.B.dylib
0x000000000595c000 	/usr/lib/libobjc.A.dylib
0x000000000595c000 	/System/Library/Frameworks/CoreFoundation.framework/Versions/A/CoreFoundation
0x000000000595c000 	/System/Library/Frameworks/Foundation.framework/Versions/C/Foundation
0x000000000595c000 	/System/Library/Frameworks/AppKit.framework/Versions/C/AppKit
0x000000000595c000 	/System/Library/Frameworks/CoreData.framework/Versions/A/CoreData
0x000000000595c000 	/System/Library/PrivateFrameworks/RemoteViewServices.framework/Versions/A/RemoteViewServices
0x000000000595c000 	/System/Library/PrivateFrameworks/UIFoundation.framework/Versions/A/UIFoundation
0x000000000595c000 	/System/Library/Frameworks/IOSurface.framework/Versions/A/IOSurface
0x000000000595c000 	/System/Library/Frameworks/AudioToolbox.framework/Versions/A/AudioToolbox
0x000000000595c000 	/System/Library/Frameworks/AudioUnit.framework/Versions/A/AudioUnit
0x000000000595c000 	/System/Library/PrivateFrameworks/DataDetectorsCore.framework/Versions/A/DataDetectorsCore
0x000000000595c000 	/System/Library/PrivateFrameworks/DesktopServicesPriv.framework/Versions/A/DesktopServicesPriv
0x000000000595c000 	/System/Library/Frameworks/Carbon.framework/Versions/A/Frameworks/HIToolbox.framework/Versions/A/HIToolbox
0x000000000595c000 	/System/Library/Frameworks/QuartzCore.framework/Versions/A/QuartzCore
0x000000000595c000 	/System/Library/Frameworks/Carbon.framework/Versions/A/Frameworks/SpeechRecognition.framework/Versions/A/SpeechRecognition
0x000000000595c000 	/usr/lib/libauto.dylib
0x000000000595c000 	/usr/lib/libicucore.A.dylib
0x000000000595c000 	/usr/lib/libxml2.2.dylib
0x000000000595c000 	/System/Library/PrivateFrameworks/CoreUI.framework/Versions/A/CoreUI
0x000000000595c000 	/System/Library/Frameworks/CoreAudio.framework/Versions/A/CoreAudio
0x000000000595c000 	/System/Library/Frameworks/DiskArbitration.framework/Versions/A/DiskArbitration
0x000000000595c000 	/usr/lib/liblangid.dylib
0x000000000595c000 	/System/Library/PrivateFrameworks/MultitouchSupport.framework/Versions/A/MultitouchSupport
0x000000000595c000 	/System/Library/Frameworks/IOKit.framework/Versions/A/IOKit
0x000000000595c000 	/usr/lib/libDiagnosticMessagesClient.dylib
0x000000000595c000 	/System/Library/Frameworks/CoreServices.framework/Versions/A/CoreServices
0x000000000595c000 	/System/Library/PrivateFrameworks/PerformanceAnalysis.framework/Versions/A/PerformanceAnalysis
0x000000000595c000 	/System/Library/PrivateFrameworks/GenerationalStorage.framework/Versions/A/GenerationalStorage
0x000000000595c000 	/System/Library/Frameworks/OpenGL.framework/Versions/A/OpenGL
0x000000000595c000 	/System/Library/PrivateFrameworks/Sharing.framework/Versions/A/Sharing
0x000000000595c000 	/System/Library/Frameworks/CoreGraphics.framework/Versions/A/CoreGraphics
0x000000000595c000 	/System/Library/Frameworks/CoreText.framework/Versions/A/CoreText
0x000000000595c000 	/System/Library/Frameworks/ImageIO.framework/Versions/A/ImageIO
0x000000000595c000 	/usr/lib/libextension.dylib
0x000000000595c000 	/System/Library/PrivateFrameworks/Backup.framework/Versions/A/Backup
0x000000000595c000 	/usr/lib/libarchive.2.dylib
0x000000000595c000 	/System/Library/Frameworks/CFNetwork.framework/Versions/A/CFNetwork
0x000000000595c000 	/System/Library/Frameworks/SystemConfiguration.framework/Versions/A/SystemConfiguration
0x000000000595c000 	/usr/lib/libCRFSuite.dylib
0x000000000595c000 	/usr/lib/libc++.1.dylib
0x000000000595c000 	/usr/lib/libc++abi.dylib
0x000000000595c000 	/usr/lib/system/libcache.dylib
0x000000000595c000 	/usr/lib/system/libcommonCrypto.dylib
0x000000000595c000 	/usr/lib/system/libcompiler_rt.dylib
0x000000000595c000 	/usr/lib/system/libcopyfile.dylib
0x000000000595c000 	/usr/lib/system/libcorecrypto.dylib
0x000000000595c000 	/usr/lib/system/libdispatch.dylib
0x000000000595c000 	/usr/lib/system/libdyld.dylib
0x000000000595c000 	/usr/lib/system/libkeymgr.dylib
0x000000000595c000 	/usr/lib/system/liblaunch.dylib
0x000000000595c000 	/usr/lib/system/libmacho.dylib
0x000000000595c000 	/usr/lib/system/libquarantine.dylib
0x000000000595c000 	/usr/lib/system/libremovefile.dylib
0x000000000595c000 	/usr/lib/system/libsystem_asl.dylib
0x000000000595c000 	/usr/lib/system/libsystem_blocks.dylib
0x000000000595c000 	/usr/lib/system/libsystem_c.dylib
0x000000000595c000 	/usr/lib/system/libsystem_configuration.dylib
0x000000000595c000 	/usr/lib/system/libsystem_coreservices.dylib
0x000000000595c000 	/usr/lib/system/libsystem_coretls.dylib
0x000000000595c000 	/usr/lib/system/libsystem_dnssd.dylib
0x000000000595c000 	/usr/lib/system/libsystem_info.dylib
0x000000000595c000 	/usr/lib/system/libsystem_kernel.dylib
0x000000000595c000 	/usr/lib/system/libsystem_m.dylib
0x000000000595c000 	/usr/lib/system/libsystem_malloc.dylib
0x000000000595c000 	/usr/lib/system/libsystem_network.dylib
0x000000000595c000 	/usr/lib/system/libsystem_networkextension.dylib
0x000000000595c000 	/usr/lib/system/libsystem_notify.dylib
0x000000000595c000 	/usr/lib/system/libsystem_platform.dylib
0x000000000595c000 	/usr/lib/system/libsystem_pthread.dylib
0x000000000595c000 	/usr/lib/system/libsystem_sandbox.dylib
0x000000000595c000 	/usr/lib/system/libsystem_secinit.dylib
0x000000000595c000 	/usr/lib/system/libsystem_stats.dylib
0x000000000595c000 	/usr/lib/system/libsystem_trace.dylib
0x000000000595c000 	/usr/lib/system/libunc.dylib
0x000000000595c000 	/usr/lib/system/libunwind.dylib
0x000000000595c000 	/usr/lib/system/libxpc.dylib
0x000000000595c000 	/usr/lib/libbz2.1.0.dylib
0x000000000595c000 	/usr/lib/liblzma.5.dylib
0x000000000595c000 	/usr/lib/libbsm.0.dylib
0x000000000595c000 	/usr/lib/libsqlite3.dylib
0x000000000595c000 	/usr/lib/system/libkxld.dylib
0x000000000595c000 	/usr/lib/libxar.1.dylib
0x000000000595c000 	/usr/lib/libpam.2.dylib
0x000000000595c000 	/usr/lib/libOpenScriptingUtil.dylib
0x000000000595c000 	/System/Library/Frameworks/CoreServices.framework/Versions/A/Frameworks/FSEvents.framework/Versions/A/FSEvents
0x000000000595c000 	/System/Library/Frameworks/CoreServices.framework/Versions/A/Frameworks/CarbonCore.framework/Versions/A/CarbonCore
0x000000000595c000 	/System/Library/Frameworks/CoreServices.framework/Versions/A/Frameworks/Metadata.framework/Versions/A/Metadata
0x000000000595c000 	/System/Library/Frameworks/CoreServices.framework/Versions/A/Frameworks/OSServices.framework/Versions/A/OSServices
0x000000000595c000 	/System/Library/Frameworks/CoreServices.framework/Versions/A/Frameworks/SearchKit.framework/Versions/A/SearchKit
0x000000000595c000 	/System/Library/Frameworks/CoreServices.framework/Versions/A/Frameworks/AE.framework/Versions/A/AE
0x000000000595c000 	/System/Library/Frameworks/CoreServices.framework/Versions/A/Frameworks/LaunchServices.framework/Versions/A/LaunchServices
0x000000000595c000 	/System/Library/Frameworks/CoreServices.framework/Versions/A/Frameworks/DictionaryServices.framework/Versions/A/DictionaryServices
0x000000000595c000 	/System/Library/Frameworks/NetFS.framework/Versions/A/NetFS
0x000000000595c000 	/System/Library/PrivateFrameworks/NetAuth.framework/Versions/A/NetAuth
0x000000000595c000 	/System/Library/PrivateFrameworks/login.framework/Versions/A/Frameworks/loginsupport.framework/Versions/A/loginsupport
0x000000000595c000 	/System/Library/PrivateFrameworks/TCC.framework/Versions/A/TCC
0x000000000595c000 	/usr/lib/libmecabra.dylib
0x000000000595c000 	/System/Library/PrivateFrameworks/LanguageModeling.framework/Versions/A/LanguageModeling
0x000000000595c000 	/usr/lib/libcmph.dylib
0x000000000595c000 	/usr/lib/libiconv.2.dylib
0x000000000595c000 	/System/Library/Frameworks/OpenDirectory.framework/Versions/A/Frameworks/CFOpenDirectory.framework/Versions/A/CFOpenDirectory
0x000000000595c000 	/System/Library/Frameworks/ServiceManagement.framework/Versions/A/ServiceManagement
0x000000000595c000 	/usr/lib/libxslt.1.dylib
0x000000000595c000 	/System/Library/Frameworks/Carbon.framework/Versions/A/Frameworks/Ink.framework/Versions/A/Ink
0x000000000595c000 	/System/Library/Frameworks/ApplicationServices.framework/Versions/A/Frameworks/ATS.framework/Versions/A/ATS
0x000000000595c000 	/System/Library/Frameworks/ApplicationServices.framework/Versions/A/Frameworks/ColorSync.framework/Versions/A/ColorSync
0x000000000595c000 	/System/Library/Frameworks/ApplicationServices.framework/Versions/A/Frameworks/HIServices.framework/Versions/A/HIServices
0x000000000595c000 	/System/Library/Frameworks/ApplicationServices.framework/Versions/A/Frameworks/LangAnalysis.framework/Versions/A/LangAnalysis
0x000000000595c000 	/System/Library/Frameworks/ApplicationServices.framework/Versions/A/Frameworks/PrintCore.framework/Versions/A/PrintCore
0x000000000595c000 	/System/Library/Frameworks/ApplicationServices.framework/Versions/A/Frameworks/QD.framework/Versions/A/QD
0x000000000595c000 	/System/Library/Frameworks/ApplicationServices.framework/Versions/A/Frameworks/SpeechSynthesis.framework/Versions/A/SpeechSynthesis
0x000000000595c000 	/System/Library/Frameworks/Accelerate.framework/Versions/A/Accelerate
0x000000000595c000 	/System/Library/Frameworks/Accelerate.framework/Versions/A/Frameworks/vImage.framework/Versions/A/vImage
0x000000000595c000 	/System/Library/Frameworks/Accelerate.framework/Versions/A/Frameworks/vecLib.framework/Versions/A/vecLib
0x000000000595c000 	/System/Library/Frameworks/Accelerate.framework/Versions/A/Frameworks/vecLib.framework/Versions/A/libvDSP.dylib
0x000000000595c000 	/System/Library/Frameworks/Accelerate.framework/Versions/A/Frameworks/vecLib.framework/Versions/A/libvMisc.dylib
0x000000000595c000 	/System/Library/Frameworks/Accelerate.framework/Versions/A/Frameworks/vecLib.framework/Versions/A/libLAPACK.dylib
0x000000000595c000 	/System/Library/Frameworks/Accelerate.framework/Versions/A/Frameworks/vecLib.framework/Versions/A/libBLAS.dylib
0x000000000595c000 	/System/Library/Frameworks/Accelerate.framework/Versions/A/Frameworks/vecLib.framework/Versions/A/libLinearAlgebra.dylib
0x000000000595c000 	/System/Library/Frameworks/ApplicationServices.framework/Versions/A/Frameworks/ATS.framework/Versions/A/Resources/libFontParser.dylib
0x000000000595c000 	/System/Library/Frameworks/ApplicationServices.framework/Versions/A/Frameworks/ATS.framework/Versions/A/Resources/libFontRegistry.dylib
0x000000000595c000 	/System/Library/PrivateFrameworks/AppleVPA.framework/Versions/A/AppleVPA
0x000000000595c000 	/System/Library/PrivateFrameworks/AppleJPEG.framework/Versions/A/AppleJPEG
0x000000000595c000 	/System/Library/Frameworks/ImageIO.framework/Versions/A/Resources/libJPEG.dylib
0x000000000595c000 	/System/Library/Frameworks/ImageIO.framework/Versions/A/Resources/libTIFF.dylib
0x000000000595c000 	/System/Library/Frameworks/ImageIO.framework/Versions/A/Resources/libPng.dylib
0x000000000595c000 	/System/Library/Frameworks/ImageIO.framework/Versions/A/Resources/libGIF.dylib
0x000000000595c000 	/System/Library/Frameworks/ImageIO.framework/Versions/A/Resources/libJP2.dylib
0x000000000595c000 	/System/Library/Frameworks/ImageIO.framework/Versions/A/Resources/libRadiance.dylib
0x000000000595c000 	/System/Library/Frameworks/CoreVideo.framework/Versions/A/CoreVideo
0x000000000595c000 	/System/Library/Frameworks/OpenGL.framework/Versions/A/Libraries/libGLU.dylib
0x000000000595c000 	/System/Library/Frameworks/OpenGL.framework/Versions/A/Libraries/libGFXShared.dylib
0x000000000595c000 	/System/Library/Frameworks/OpenGL.framework/Versions/A/Libraries/libGL.dylib
0x000000000595c000 	/System/Library/Frameworks/OpenGL.framework/Versions/A/Libraries/libGLImage.dylib
0x000000000595c000 	/System/Library/Frameworks/OpenGL.framework/Versions/A/Libraries/libCVMSPluginSupport.dylib
0x000000000595c000 	/System/Library/Frameworks/OpenGL.framework/Versions/A/Libraries/libCoreVMClient.dylib
0x000000000595c000 	/usr/lib/libcups.2.dylib
0x000000000595c000 	/System/Library/Frameworks/Kerberos.framework/Versions/A/Kerberos
0x000000000595c000 	/System/Library/Frameworks/GSS.framework/Versions/A/GSS
0x000000000595c000 	/usr/lib/libresolv.9.dylib
0x000000000595c000 	/System/Library/PrivateFrameworks/Heimdal.framework/Versions/A/Heimdal
0x000000000595c000 	/usr/lib/libheimdal-asn1.dylib
0x000000000595c000 	/System/Library/Frameworks/OpenDirectory.framework/Versions/A/OpenDirectory
0x000000000595c000 	/System/Library/PrivateFrameworks/CommonAuth.framework/Versions/A/CommonAuth
0x000000000595c000 	/System/Library/Frameworks/SecurityFoundation.framework/Versions/A/SecurityFoundation
0x000000000595c000 	/System/Library/Frameworks/QuartzCore.framework/Versions/A/Frameworks/CoreImage.framework/Versions/A/CoreImage
0x000000000595c000 	/System/Library/PrivateFrameworks/CrashReporterSupport.framework/Versions/A/CrashReporterSupport
0x000000000595c000 	/System/Library/Frameworks/OpenCL.framework/Versions/A/OpenCL
0x000000000595c000 	/System/Library/PrivateFrameworks/FaceCore.framework/Versions/A/FaceCore
0x000000000595c000 	/System/Library/PrivateFrameworks/Ubiquity.framework/Versions/A/Ubiquity
0x000000000595c000 	/System/Library/PrivateFrameworks/IconServices.framework/Versions/A/IconServices
0x000000000595c000 	/System/Library/PrivateFrameworks/ChunkingLibrary.framework/Versions/A/ChunkingLibrary
0x000000000595c000 	/System/Library/PrivateFrameworks/Apple80211.framework/Versions/A/Apple80211
0x000000000595c000 	/System/Library/Frameworks/CoreWLAN.framework/Versions/A/CoreWLAN
0x000000000595c000 	/System/Library/Frameworks/IOBluetooth.framework/Versions/A/IOBluetooth
0x000000000595c000 	/System/Library/PrivateFrameworks/CoreWiFi.framework/Versions/A/CoreWiFi
0x000000000595c000 	/System/Library/Frameworks/CoreBluetooth.framework/Versions/A/CoreBluetooth
0x000000000595c000 	/System/Library/PrivateFrameworks/DebugSymbols.framework/Versions/A/DebugSymbols
0x000000000595c000 	/System/Library/PrivateFrameworks/CoreSymbolication.framework/Versions/A/CoreSymbolication
0x000000000595c000 	/System/Library/PrivateFrameworks/Symbolication.framework/Versions/A/Symbolication
0x000000000595c000 	/System/Library/PrivateFrameworks/SpeechRecognitionCore.framework/Versions/A/SpeechRecognitionCore
0x0000000103c00000 	/Library/Java/JavaVirtualMachines/jdk1.8.0_20.jdk/Contents/Home/jre/lib/server/libjvm.dylib
0x000000000595c000 	/usr/lib/libstdc++.6.dylib
0x0000000102b4f000 	/Library/Java/JavaVirtualMachines/jdk1.8.0_20.jdk/Contents/Home/jre/lib/libverify.dylib
0x0000000102b5d000 	/Library/Java/JavaVirtualMachines/jdk1.8.0_20.jdk/Contents/Home/jre/lib/libjava.dylib
0x0000000102b92000 	/Library/Java/JavaVirtualMachines/jdk1.8.0_20.jdk/Contents/Home/jre/lib/libinstrument.dylib
0x0000000104b1b000 	/Users/NickRadonic/Library/Application Support/IntelliJIdea13/chronon/lib/recorder/native/librecorderagent-3.0.7.jnilib
0x0000000102bf0000 	/Library/Java/JavaVirtualMachines/jdk1.8.0_20.jdk/Contents/Home/jre/lib/libzip.dylib
0x00000001206e6000 	/System/Library/Frameworks/JavaVM.framework/Frameworks/JavaRuntimeSupport.framework/JavaRuntimeSupport
0x00000001206fe000 	/System/Library/Frameworks/JavaVM.framework/Versions/A/Frameworks/JavaNativeFoundation.framework/Versions/A/JavaNativeFoundation
0x0000000120713000 	/System/Library/Frameworks/JavaVM.framework/Versions/A/JavaVM
0x000000000595c000 	/System/Library/Frameworks/Carbon.framework/Versions/A/Carbon
0x0000000120720000 	/System/Library/PrivateFrameworks/JavaLaunching.framework/Versions/A/JavaLaunching
0x000000000595c000 	/System/Library/Frameworks/Carbon.framework/Versions/A/Frameworks/CommonPanels.framework/Versions/A/CommonPanels
0x000000000595c000 	/System/Library/Frameworks/Carbon.framework/Versions/A/Frameworks/Help.framework/Versions/A/Help
0x000000000595c000 	/System/Library/Frameworks/Carbon.framework/Versions/A/Frameworks/ImageCapture.framework/Versions/A/ImageCapture
0x000000000595c000 	/System/Library/Frameworks/Carbon.framework/Versions/A/Frameworks/OpenScripting.framework/Versions/A/OpenScripting
0x000000000595c000 	/System/Library/Frameworks/Carbon.framework/Versions/A/Frameworks/Print.framework/Versions/A/Print
0x000000000595c000 	/System/Library/Frameworks/Carbon.framework/Versions/A/Frameworks/SecurityHI.framework/Versions/A/SecurityHI
0x00000001220a1000 	/Library/Java/JavaVirtualMachines/jdk1.8.0_20.jdk/Contents/Home/jre/lib/libmanagement.dylib
0x0000000122802000 	/Library/Java/JavaVirtualMachines/jdk1.8.0_20.jdk/Contents/Home/jre/lib/libnet.dylib
0x0000000122861000 	/Library/Java/JavaVirtualMachines/jdk1.8.0_20.jdk/Contents/Home/jre/lib/libnio.dylib
0x0000000123548000 	/Applications/IntelliJ IDEA 13.app/Contents/bin/libbreakgen64.jnilib
0x0000000123749000 	/Library/Java/JavaVirtualMachines/jdk1.8.0_20.jdk/Contents/Home/jre/lib/libawt.dylib
0x00000001237f8000 	/Library/Java/JavaVirtualMachines/jdk1.8.0_20.jdk/Contents/Home/jre/lib/./libmlib_image.dylib
0x00000001238c4000 	/Library/Java/JavaVirtualMachines/jdk1.8.0_20.jdk/Contents/Home/jre/lib/libawt_lwawt.dylib
0x0000000123977000 	/Library/Java/JavaVirtualMachines/jdk1.8.0_20.jdk/Contents/Home/jre/lib/./libosxapp.dylib
0x000000000595c000 	/System/Library/Frameworks/ExceptionHandling.framework/Versions/A/ExceptionHandling
0x000000000595c000 	/System/Library/PrivateFrameworks/CoreServicesInternal.framework/Versions/A/CoreServicesInternal
0x000000000595c000 	/System/Library/PrivateFrameworks/CloudDocs.framework/Versions/A/CloudDocs
0x000000000595c000 	/System/Library/PrivateFrameworks/CoreDuet.framework/Versions/A/CoreDuet
0x000000000595c000 	/System/Library/Frameworks/CloudKit.framework/Versions/A/CloudKit
0x000000000595c000 	/System/Library/PrivateFrameworks/ProtocolBuffer.framework/Versions/A/ProtocolBuffer
0x000000000595c000 	/System/Library/PrivateFrameworks/CoreDuetDaemonProtocol.framework/Versions/A/CoreDuetDaemonProtocol
0x000000000595c000 	/System/Library/PrivateFrameworks/CoreDuetDebugLogging.framework/Versions/A/CoreDuetDebugLogging
0x000000000595c000 	/System/Library/Frameworks/CoreLocation.framework/Versions/A/CoreLocation
0x000000000595c000 	/System/Library/Frameworks/Accounts.framework/Versions/A/Accounts
0x000000000595c000 	/System/Library/PrivateFrameworks/ApplePushService.framework/Versions/A/ApplePushService
0x000000000595c000 	/System/Library/PrivateFrameworks/GeoServices.framework/Versions/A/GeoServices
0x000000000595c000 	/System/Library/PrivateFrameworks/OAuth.framework/Versions/A/OAuth
0x000000000595c000 	/System/Library/PrivateFrameworks/CoreDaemon.framework/Versions/B/CoreDaemon
0x000000000595c000 	/usr/lib/libcrypto.0.9.8.dylib
0x000000000595c000 	/System/Library/PrivateFrameworks/AppleSRP.framework/Versions/A/AppleSRP
0x000000000595c000 	/System/Library/PrivateFrameworks/TrustEvaluationAgent.framework/Versions/A/TrustEvaluationAgent
0x000000000595c000 	/System/Library/Frameworks/CoreGraphics.framework/Versions/A/Resources/libCGCMS.A.dylib
0x0000000125a46000 	/System/Library/Frameworks/CoreGraphics.framework/Versions/A/Resources/libRIP.A.dylib
0x000000000595c000 	/System/Library/Frameworks/CoreGraphics.framework/Versions/A/Resources/libCGXType.A.dylib
0x000000000595c000 	/System/Library/Frameworks/OpenCL.framework/Versions/A/Libraries/libcldcpuengine.dylib
0x000000000595c000 	/System/Library/PrivateFrameworks/DiskImages.framework/Versions/A/DiskImages
0x000000000595c000 	/System/Library/Frameworks/DiscRecording.framework/Versions/A/DiscRecording
0x000000000595c000 	/usr/lib/libcsfde.dylib
0x000000000595c000 	/usr/lib/libcurl.4.dylib
0x000000000595c000 	/System/Library/PrivateFrameworks/MediaKit.framework/Versions/A/MediaKit
0x000000000595c000 	/System/Library/PrivateFrameworks/ProtectedCloudStorage.framework/Versions/A/ProtectedCloudStorage
0x000000000595c000 	/usr/lib/libCoreStorage.dylib
0x000000000595c000 	/System/Library/PrivateFrameworks/EFILogin.framework/Versions/A/EFILogin
0x000000000595c000 	/usr/lib/libutil.dylib
0x000000000595c000 	/System/Library/PrivateFrameworks/FindMyDevice.framework/Versions/A/FindMyDevice
0x000000000595c000 	/System/Library/Frameworks/LDAP.framework/Versions/A/LDAP
0x000000000595c000 	/usr/lib/libsasl2.2.dylib
0x0000000126822000 	cl_kernels
0x0000000126824000 	/System/Library/Frameworks/OpenCL.framework/Versions/A/Libraries/ImageFormats/unorm8_bgra.dylib
0x0000000126814000 	cl_kernels
0x000000000595c000 	/System/Library/PrivateFrameworks/FamilyControls.framework/Versions/A/FamilyControls
0x000000000595c000 	/System/Library/PrivateFrameworks/CommerceKit.framework/Versions/A/Frameworks/CommerceCore.framework/Versions/A/CommerceCore
0x000000000595c000 	/System/Library/PrivateFrameworks/SystemAdministration.framework/Versions/A/SystemAdministration
0x000000000595c000 	/System/Library/PrivateFrameworks/AppContainer.framework/Versions/A/AppContainer
0x000000000595c000 	/System/Library/PrivateFrameworks/SecCodeWrapper.framework/Versions/A/SecCodeWrapper
0x000000000595c000 	/System/Library/Frameworks/DirectoryService.framework/Versions/A/DirectoryService
0x000000000595c000 	/System/Library/PrivateFrameworks/LoginUIKit.framework/Versions/A/Frameworks/LoginUICore.framework/Versions/A/LoginUICore
0x000000000595c000 	/usr/lib/libodfde.dylib
0x0000000127df9000 	/Library/Java/JavaVirtualMachines/jdk1.8.0_20.jdk/Contents/Home/jre/lib/libfontmanager.dylib
0x0000000125c57000 	/Library/Java/JavaVirtualMachines/jdk1.8.0_20.jdk/Contents/Home/jre/lib/libosxui.dylib
0x000000000595c000 	/System/Library/Frameworks/OpenGL.framework/Versions/A/Resources/GLEngine.bundle/GLEngine
0x000000000595c000 	/System/Library/Frameworks/OpenGL.framework/Versions/A/Libraries/libGLProgrammability.dylib
0x0000000000000000 	/System/Library/Extensions/AppleIntelHD5000GraphicsGLDriver.bundle/Contents/MacOS/AppleIntelHD5000GraphicsGLDriver
0x000000000595c000 	/System/Library/PrivateFrameworks/IOAccelerator.framework/Versions/A/IOAccelerator
0x000000000595c000 	/System/Library/PrivateFrameworks/GPUSupport.framework/Versions/A/Libraries/libGPUSupportMercury.dylib
0x0000000000000000 	/System/Library/Extensions/GeForceGLDriver.bundle/Contents/MacOS/GeForceGLDriver
0x000000000595c000 	/System/Library/Extensions/GeForceGLDriver.bundle/Contents/MacOS/libclh.dylib
0x000000000595c000 	/System/Library/Frameworks/OpenGL.framework/Versions/A/Resources/GLRendererFloat.bundle/GLRendererFloat
0x000000000595c000 	/System/Library/Frameworks/Accelerate.framework/Versions/A/Frameworks/vImage.framework/Versions/A/Libraries/libCGInterfaces.dylib

VM Arguments:
jvm_args: -javaagent:/Users/NickRadonic/Library/Application Support/IntelliJIdea13/chronon/lib/recorder/recorder-3.20.1.187.jar=/Users/NickRadonic/Library/Caches/IntelliJIdea13/chronon-recordings/2014_11_17_CaveGame/config.txt -agentpath:/Users/NickRadonic/Library/Application Support/IntelliJIdea13/chronon/lib/recorder/native/librecorderagent-3.0.7.jnilib -Xverify:none -Didea.launcher.port=7545 -Didea.launcher.bin.path=/Applications/IntelliJ IDEA 13.app/Contents/bin -Dfile.encoding=UTF-8 
java_command: com.intellij.rt.execution.application.AppMain GameControl.CaveGame
java_class_path (initial): /Library/Java/JavaVirtualMachines/jdk1.8.0_20.jdk/Contents/Home/lib/ant-javafx.jar:/Library/Java/JavaVirtualMachines/jdk1.8.0_20.jdk/Contents/Home/lib/dt.jar:/Library/Java/JavaVirtualMachines/jdk1.8.0_20.jdk/Contents/Home/lib/javafx-mx.jar:/Library/Java/JavaVirtualMachines/jdk1.8.0_20.jdk/Contents/Home/lib/jconsole.jar:/Library/Java/JavaVirtualMachines/jdk1.8.0_20.jdk/Contents/Home/lib/sa-jdi.jar:/Library/Java/JavaVirtualMachines/jdk1.8.0_20.jdk/Contents/Home/lib/tools.jar:/Library/Java/JavaVirtualMachines/jdk1.8.0_20.jdk/Contents/Home/jre/lib/charsets.jar:/Library/Java/JavaVirtualMachines/jdk1.8.0_20.jdk/Contents/Home/jre/lib/deploy.jar:/Library/Java/JavaVirtualMachines/jdk1.8.0_20.jdk/Contents/Home/jre/lib/javaws.jar:/Library/Java/JavaVirtualMachines/jdk1.8.0_20.jdk/Contents/Home/jre/lib/jce.jar:/Library/Java/JavaVirtualMachines/jdk1.8.0_20.jdk/Contents/Home/jre/lib/jfr.jar:/Library/Java/JavaVirtualMachines/jdk1.8.0_20.jdk/Contents/Home/jre/lib/jfxswt.jar:/Library/Java/JavaVirtualMachines/jdk1.8.0_20.jdk/Contents/Home/jre/lib/jsse.jar:/Library/Java/JavaVirtualMachines/jdk1.8.0_20.jdk/Contents/Home/jre/lib/management-agent.jar:/Library/Java/JavaVirtualMachines/jdk1.8.0_20.jdk/Contents/Home/jre/lib/plugin.jar:/Library/Java/JavaVirtualMachines/jdk1.8.0_20.jdk/Contents/Home/jre/lib/resources.jar:/Library/Java/JavaVirtualMachines/jdk1.8.0_20.jdk/Contents/Home/jre/lib/rt.jar:/Library/Java/JavaVirtualMachines/jdk1.8.0_20.jdk/Contents/Home/jre/lib/ext/cldrdata.jar:/Library/Java/JavaVirtualMachines/jdk1.8.0_20.jdk/Contents/Home/jre/lib/ext/dnsns.jar:/Library/Java/JavaVirtualMachines/jdk1.8.0_20.jdk/Contents/Home/jre/lib/ext/jfxrt.jar:/Library/Java/JavaVirtualMachines/jdk1.8.0_20.jdk/Contents/Home/jre/lib/ext/localedata.jar:/Library/Java/JavaVirtualMachines/jdk1.8.0_20.jdk/Contents/Home/jre/lib/ext/nashorn.jar:/Library/Java/JavaVirtualMachines/jdk1.8.0_20.jdk/Contents/Home/jre/lib/ext/sunec.jar:/Library/Java/JavaVirtualMachines/jdk1.8.0_20.jdk/C
Launcher Type: SUN_STANDARD

Environment Variables:
PATH=/usr/local/bin:/usr/bin:/bin:/usr/sbin:/sbin:/Applications/Server.app/Contents/ServerRoot/usr/bin:/Applications/Server.app/Contents/ServerRoot/usr/sbin
SHELL=/bin/bash

Signal Handlers:
SIGSEGV: [libjvm.dylib+0x578fd7], sa_mask[0]=11111111011111110111111111111111, sa_flags=SA_ONSTACK|SA_RESTART|SA_SIGINFO
SIGBUS: [libjvm.dylib+0x578fd7], sa_mask[0]=11111111011111110111111111111111, sa_flags=SA_RESTART|SA_SIGINFO
SIGFPE: [libjvm.dylib+0x45ab0c], sa_mask[0]=11111111011111110111111111111111, sa_flags=SA_RESTART|SA_SIGINFO
SIGPIPE: [libjvm.dylib+0x45ab0c], sa_mask[0]=11111111011111110111111111111111, sa_flags=SA_RESTART|SA_SIGINFO
SIGXFSZ: [libjvm.dylib+0x45ab0c], sa_mask[0]=11111111011111110111111111111111, sa_flags=SA_RESTART|SA_SIGINFO
SIGILL: [libjvm.dylib+0x45ab0c], sa_mask[0]=11111111011111110111111111111111, sa_flags=SA_RESTART|SA_SIGINFO
SIGUSR1: SIG_DFL, sa_mask[0]=00000000000000000000000000000000, sa_flags=none
SIGUSR2: [libjvm.dylib+0x45a62a], sa_mask[0]=00100000000000000000000000000000, sa_flags=SA_RESTART|SA_SIGINFO
SIGHUP: [libjvm.dylib+0x458bfd], sa_mask[0]=11111111011111110111111111111111, sa_flags=SA_RESTART|SA_SIGINFO
SIGINT: [libjvm.dylib+0x458bfd], sa_mask[0]=11111111011111110111111111111111, sa_flags=SA_RESTART|SA_SIGINFO
SIGTERM: [libjvm.dylib+0x458bfd], sa_mask[0]=11111111011111110111111111111111, sa_flags=SA_RESTART|SA_SIGINFO
SIGQUIT: [libjvm.dylib+0x458bfd], sa_mask[0]=11111111011111110111111111111111, sa_flags=SA_RESTART|SA_SIGINFO


---------------  S Y S T E M  ---------------

OS:Bsduname:Darwin 14.0.0 Darwin Kernel Version 14.0.0: Fri Sep 19 00:26:44 PDT 2014; root:xnu-2782.1.97~2/RELEASE_X86_64 x86_64
rlimit: STACK 8192k, CORE 0k, NPROC 709, NOFILE 10240, AS infinity
load average:1.82 1.64 1.58

CPU:total 8 (4 cores per cpu, 2 threads per core) family 6 model 70 stepping 1, cmov, cx8, fxsr, mmx, sse, sse2, sse3, ssse3, sse4.1, sse4.2, popcnt, avx, avx2, aes, clmul, erms, rtm, lzcnt, ht, tsc, tscinvbit, bmi1, bmi2

Memory: 4k page, physical 16777216k(300744k free)

/proc/meminfo:


vm_info: Java HotSpot(TM) 64-Bit Server VM (25.20-b23) for bsd-amd64 JRE (1.8.0_20-b26), built on Jul 30 2014 13:37:47 by "java_re" with gcc 4.2.1 (Based on Apple Inc. build 5658) (LLVM build 2336.9.00)

time: Mon Nov 17 13:13:14 2014
elapsed time: 15 seconds (0d 0h 0m 15s)

