#
# A fatal error has been detected by the Java Runtime Environment:
#
#  SIGSEGV (0xb) at pc=0x000000010cdaa5b0, pid=18777, tid=22275
#
# JRE version: Java(TM) SE Runtime Environment (8.0_20-b26) (build 1.8.0_20-b26)
# Java VM: Java HotSpot(TM) 64-Bit Server VM (25.20-b23 mixed mode bsd-amd64 compressed oops)
# Problematic frame:
# V  [libjvm.dylib+0x3aa5b0]
#
# Failed to write core dump. Core dumps have been disabled. To enable core dumping, try "ulimit -c unlimited" before starting Java again
#
# If you would like to submit a bug report, please visit:
#   http://bugreport.sun.com/bugreport/crash.jsp
#

---------------  T H R E A D  ---------------

Current thread (0x00007fc3e903f000):  JavaThread "C2 CompilerThread0" daemon [_thread_in_native, id=22275, stack(0x000000012bcb8000,0x000000012bdb8000)]

siginfo: si_signo: 11 (SIGSEGV), si_code: 1 (SEGV_MAPERR), si_addr: 0x0000000000000008

Registers:
RAX=0x0000000000000000, RBX=0x000000012bdb1a08, RCX=0x00007fc3efcc5610, RDX=0x00007fc3ef9d3f68
RSP=0x000000012bdb15b0, RBP=0x000000012bdb15b0, RSI=0x00007fc3ea006de0, RDI=0x000000012bdb1a08
R8 =0x0000000000000000, R9 =0x0000000000000003, R10=0x0000000000000000, R11=0x0000000000006f60
R12=0x00007fc3ef9d3f68, R13=0x0000000000000000, R14=0x00007fc3ea006de0, R15=0x00007fc3e9dd47c8
RIP=0x000000010cdaa5b0, EFLAGS=0x0000000000010287, ERR=0x0000000000000004
  TRAPNO=0x000000000000000e

Top of Stack: (sp=0x000000012bdb15b0)
0x000000012bdb15b0:   000000012bdb15f0 000000010cdb37e5
0x000000012bdb15c0:   00007fc3e96227b0 000000012bdb1920
0x000000012bdb15d0:   0000000000000002 00007fc3e9de1988
0x000000012bdb15e0:   000000012bdb1a08 00007fc3e96227b0
0x000000012bdb15f0:   000000012bdb1650 000000010cdb3a32
0x000000012bdb1600:   000000012bdb23d8 000000012bdb1900
0x000000012bdb1610:   000000012bdb23b8 000000012bdb18e0
0x000000012bdb1620:   0000000200002912 000000012bdb1a08
0x000000012bdb1630:   0000000000000001 0000000000000000
0x000000012bdb1640:   00007fc3ea006e50 0000000000000005
0x000000012bdb1650:   000000012bdb1990 000000010cdb9b73
0x000000012bdb1660:   00007fc3e92d8428 00007fc3e9648600
0x000000012bdb1670:   0000000100000000 00007fc3e862c420
0x000000012bdb1680:   00000001ec2fcdf8 00007fff92a53f18
0x000000012bdb1690:   000000012bdb16c0 000000000cf3ff6e
0x000000012bdb16a0:   0000000130f0d000 000000010b786280
0x000000012bdb16b0:   0000000000000000 0000000000000000
0x000000012bdb16c0:   000000012bdb16d0 0000000000020010
0x000000012bdb16d0:   000000010b785000 0000000000000000
0x000000012bdb16e0:   0000000000000000 0000000000000000
0x000000012bdb16f0:   000000012bdb17e0 00007fff92a523a5
0x000000012bdb1700:   00007fc3e92d8428 00007fc3ef8cbb18
0x000000012bdb1710:   00007fc3e92d8428 00007fc3e9648600
0x000000012bdb1720:   000000012bdb1740 000000010cf3feb9
0x000000012bdb1730:   000000012bdb1760 000000010cf3f0f0
0x000000012bdb1740:   000000012bdb1770 000000010ca6829e
0x000000012bdb1750:   00007fc3e961f6d0 00007fc3eface138
0x000000012bdb1760:   0000000000000000 0000000000000000
0x000000012bdb1770:   000000012bdb17b0 000000010ce43735
0x000000012bdb1780:   000000012bdb17b0 000000012bdb62a0
0x000000012bdb1790:   000000012bdb17b0 000000010ca83994
0x000000012bdb17a0:   00007fc3e961f6d0 000000012bdb58a8 

Instructions: (pc=0x000000010cdaa5b0)
0x000000010cdaa590:   2c 83 e1 07 83 f9 05 48 0f 45 c2 5d c3 90 55 48
0x000000010cdaa5a0:   89 e5 8b 46 28 48 8b 8f f0 09 00 00 48 8b 04 c1
0x000000010cdaa5b0:   48 8b 48 08 48 83 39 00 75 26 8b 4f 28 8b 40 28
0x000000010cdaa5c0:   39 c1 77 0e 31 c0 48 8b 50 08 48 83 3a 00 74 ed 

Register to memory mapping:

RAX=0x0000000000000000 is an unknown value
RBX=0x000000012bdb1a08 is pointing into the stack for thread: 0x00007fc3e903f000
RCX=0x00007fc3efcc5610 is an unknown value
RDX=0x00007fc3ef9d3f68 is an unknown value
RSP=0x000000012bdb15b0 is pointing into the stack for thread: 0x00007fc3e903f000
RBP=0x000000012bdb15b0 is pointing into the stack for thread: 0x00007fc3e903f000
RSI=0x00007fc3ea006de0 is an unknown value
RDI=0x000000012bdb1a08 is pointing into the stack for thread: 0x00007fc3e903f000
R8 =0x0000000000000000 is an unknown value
R9 =0x0000000000000003 is an unknown value
R10=0x0000000000000000 is an unknown value
R11=0x0000000000006f60 is an unknown value
R12=0x00007fc3ef9d3f68 is an unknown value
R13=0x0000000000000000 is an unknown value
R14=0x00007fc3ea006de0 is an unknown value
R15=0x00007fc3e9dd47c8 is an unknown value


Stack: [0x000000012bcb8000,0x000000012bdb8000],  sp=0x000000012bdb15b0,  free space=997k
Native frames: (J=compiled Java code, j=interpreted, Vv=VM code, C=native code)
V  [libjvm.dylib+0x3aa5b0]
V  [libjvm.dylib+0x3b37e5]
V  [libjvm.dylib+0x3b3a32]
V  [libjvm.dylib+0x3b9b73]
V  [libjvm.dylib+0x1a5b78]
V  [libjvm.dylib+0x1a8925]
V  [libjvm.dylib+0x14afd6]
V  [libjvm.dylib+0x1ac260]
V  [libjvm.dylib+0x1ae36f]
V  [libjvm.dylib+0x535a51]
V  [libjvm.dylib+0x537194]
V  [libjvm.dylib+0x45d35a]
C  [libsystem_pthread.dylib+0x32fc]  _pthread_body+0x83
C  [libsystem_pthread.dylib+0x3279]  _pthread_body+0x0
C  [libsystem_pthread.dylib+0x14b1]  thread_start+0xd
C  0x0000000000000000


Current CompileTask:
C2:  12530 2099       4       java.com.chronon3.sb.recorder.runtime.inject.InstrumentationCode2::recordObjectValue (155 bytes)


---------------  P R O C E S S  ---------------

Java Threads: ( => current thread )
  0x00007fc3e9d76800 JavaThread "TimerQueue" daemon [_thread_blocked, id=74303, stack(0x0000000142399000,0x0000000142499000)]
  0x00007fc3e9366000 JavaThread "DestroyJavaVM" [_thread_blocked, id=4867, stack(0x000000010b881000,0x000000010b981000)]
  0x00007fc3e92f5800 JavaThread "AWT-EventQueue-0" [_thread_blocked, id=64775, stack(0x0000000133058000,0x0000000133158000)]
  0x00007fc3e99cb000 JavaThread "Java2D Disposer" daemon [_thread_blocked, id=62471, stack(0x000000013218d000,0x000000013228d000)]
  0x00007fc3e91bf000 JavaThread "Java2D Queue Flusher" daemon [_thread_blocked, id=56839, stack(0x0000000131357000,0x0000000131457000)]
  0x00007fc3e9956800 JavaThread "AWT-Shutdown" [_thread_blocked, id=35603, stack(0x000000012dc30000,0x000000012dd30000)]
  0x00007fc3e9183800 JavaThread "AppKit Thread" daemon [_thread_in_native, id=1299, stack(0x00007fff53c95000,0x00007fff54495000)]
  0x00007fc3e9061000 JavaThread "Monitor Ctrl-Break" daemon [_thread_in_native, id=25347, stack(0x000000012c380000,0x000000012c480000)]
  0x00007fc3ec07d800 JavaThread "Service Thread" daemon [_thread_blocked, id=24323, stack(0x000000012c0c4000,0x000000012c1c4000)]
  0x00007fc3e8958800 JavaThread "C1 CompilerThread3" daemon [_thread_blocked, id=23811, stack(0x000000012bfc1000,0x000000012c0c1000)]
  0x00007fc3ec039800 JavaThread "C2 CompilerThread2" daemon [_thread_in_native, id=23299, stack(0x000000012bebe000,0x000000012bfbe000)]
  0x00007fc3e9808800 JavaThread "C2 CompilerThread1" daemon [_thread_blocked, id=22787, stack(0x000000012bdbb000,0x000000012bebb000)]
=>0x00007fc3e903f000 JavaThread "C2 CompilerThread0" daemon [_thread_in_native, id=22275, stack(0x000000012bcb8000,0x000000012bdb8000)]
  0x00007fc3e902b800 JavaThread "Chronon - Flusher Thread" daemon [_thread_blocked, id=21763, stack(0x000000012bbb5000,0x000000012bcb5000)]
  0x00007fc3e9021000 JavaThread "Chronon - Flusher Thread" daemon [_thread_blocked, id=21251, stack(0x000000012bab2000,0x000000012bbb2000)]
  0x00007fc3e9020000 JavaThread "Recorder Data Persistor" daemon [_thread_blocked, id=20739, stack(0x000000012b9af000,0x000000012baaf000)]
  0x00007fc3e901f000 JavaThread "Chronon - Logger Thread" daemon [_thread_blocked, id=20227, stack(0x000000012b8ac000,0x000000012b9ac000)]
  0x00007fc3e891c800 JavaThread "Chronon - Db2" daemon [_thread_blocked, id=19715, stack(0x000000012b7a9000,0x000000012b8a9000)]
  0x00007fc3e891b800 JavaThread "Chronon - Db1" daemon [_thread_blocked, id=19203, stack(0x000000012b6a6000,0x000000012b7a6000)]
  0x00007fc3ec039000 JavaThread "Recorder - Reference Collector" daemon [_thread_blocked, id=18691, stack(0x000000012aee0000,0x000000012afe0000)]
  0x00007fc3ec01c000 JavaThread "Signal Dispatcher" daemon [_thread_blocked, id=14615, stack(0x000000012add0000,0x000000012aed0000)]
  0x00007fc3e9010800 JavaThread "Finalizer" daemon [_thread_blocked, id=13571, stack(0x0000000129415000,0x0000000129515000)]
  0x00007fc3e9010000 JavaThread "Reference Handler" daemon [_thread_blocked, id=13059, stack(0x0000000129312000,0x0000000129412000)]

Other Threads:
  0x00007fc3e8860800 VMThread [stack: 0x000000012920f000,0x000000012930f000] [id=12547]
  0x00007fc3ec07e800 WatcherThread [stack: 0x000000012c1c7000,0x000000012c2c7000] [id=24835]

VM state:not at safepoint (normal execution)

VM Mutex/Monitor currently owned by a thread: None

Heap:
 PSYoungGen      total 76288K, used 45073K [0x000000076ab00000, 0x0000000770000000, 0x00000007c0000000)
  eden space 65536K, 60% used [0x000000076ab00000,0x000000076d1db448,0x000000076eb00000)
  from space 10752K, 49% used [0x000000076eb00000,0x000000076f029340,0x000000076f580000)
  to   space 10752K, 0% used [0x000000076f580000,0x000000076f580000,0x0000000770000000)
 ParOldGen       total 175104K, used 16K [0x00000006c0000000, 0x00000006cab00000, 0x000000076ab00000)
  object space 175104K, 0% used [0x00000006c0000000,0x00000006c0004000,0x00000006cab00000)
 Metaspace       used 19112K, capacity 19408K, committed 19712K, reserved 1067008K
  class space    used 2417K, capacity 2489K, committed 2560K, reserved 1048576K

Card table byte_map: [0x000000011cd2c000,0x000000011d52d000] byte_map_base: 0x000000011972c000

Marking Bits: (ParMarkBitMap*) 0x000000010d29c330
 Begin Bits: [0x000000011e29b000, 0x000000012229b000)
 End Bits:   [0x000000012229b000, 0x000000012629b000)

Polling page: 0x000000010b9c5000

CodeCache: size=245760Kb used=7338Kb max_used=7351Kb free=238421Kb
 bounds [0x000000010d96c000, 0x000000010e0ac000, 0x000000011c96c000]
 total_blobs=2681 nmethods=2077 adapters=518
 compilation: enabled

Compilation events (10 events):
Event: 12.509 Thread 0x00007fc3e8958800 nmethod 2097 0x000000010e094090 code [0x000000010e0941e0, 0x000000010e0942f0]
Event: 12.509 Thread 0x00007fc3e8958800 2102       1       java.com.chronon.sb.db.transform.StorageStructureData::s (5 bytes)
Event: 12.510 Thread 0x00007fc3e8958800 nmethod 2102 0x000000010e093dd0 code [0x000000010e093f20, 0x000000010e094030]
Event: 12.510 Thread 0x00007fc3e8958800 2101       1       java.util.stream.AbstractPipeline::getStreamAndOpFlags (5 bytes)
Event: 12.510 Thread 0x00007fc3e8958800 nmethod 2101 0x000000010e093b10 code [0x000000010e093c60, 0x000000010e093d70]
Event: 12.510 Thread 0x00007fc3e8958800 2103       1       java.com.chronon.sb.db.core.e::k (5 bytes)
Event: 12.510 Thread 0x00007fc3e8958800 nmethod 2103 0x000000010e093850 code [0x000000010e0939a0, 0x000000010e093ab0]
Event: 12.515 Thread 0x00007fc3e9808800 nmethod 2071 0x000000010e09cfd0 code [0x000000010e09d180, 0x000000010e09dd98]
Event: 12.515 Thread 0x00007fc3e9808800 2072   !   4       java.util.zip.Deflater::setInput (74 bytes)
Event: 12.516 Thread 0x00007fc3e9808800 nmethod 2072 0x000000010e099c10 code [0x000000010e099d60, 0x000000010e09a018]

GC Heap History (2 events):
Event: 1.712 GC heap before
{Heap before GC invocations=1 (full 0):
 PSYoungGen      total 76288K, used 65536K [0x000000076ab00000, 0x0000000770000000, 0x00000007c0000000)
  eden space 65536K, 100% used [0x000000076ab00000,0x000000076eb00000,0x000000076eb00000)
  from space 10752K, 0% used [0x000000076f580000,0x000000076f580000,0x0000000770000000)
  to   space 10752K, 0% used [0x000000076eb00000,0x000000076eb00000,0x000000076f580000)
 ParOldGen       total 175104K, used 0K [0x00000006c0000000, 0x00000006cab00000, 0x000000076ab00000)
  object space 175104K, 0% used [0x00000006c0000000,0x00000006c0000000,0x00000006cab00000)
 Metaspace       used 14889K, capacity 15178K, committed 15360K, reserved 1062912K
  class space    used 1845K, capacity 1938K, committed 2048K, reserved 1048576K
Event: 1.716 GC heap after
Heap after GC invocations=1 (full 0):
 PSYoungGen      total 76288K, used 5284K [0x000000076ab00000, 0x0000000770000000, 0x00000007c0000000)
  eden space 65536K, 0% used [0x000000076ab00000,0x000000076ab00000,0x000000076eb00000)
  from space 10752K, 49% used [0x000000076eb00000,0x000000076f029340,0x000000076f580000)
  to   space 10752K, 0% used [0x000000076f580000,0x000000076f580000,0x0000000770000000)
 ParOldGen       total 175104K, used 16K [0x00000006c0000000, 0x00000006cab00000, 0x000000076ab00000)
  object space 175104K, 0% used [0x00000006c0000000,0x00000006c0004000,0x00000006cab00000)
 Metaspace       used 14889K, capacity 15178K, committed 15360K, reserved 1062912K
  class space    used 1845K, capacity 1938K, committed 2048K, reserved 1048576K
}

Deoptimization events (7 events):
Event: 1.308 Thread 0x00007fc3ea800000 Uncommon trap: reason=unreached action=reinterpret pc=0x000000010daaac28 method=java.util.HashMap.hash(Ljava/lang/Object;)I @ 1
Event: 1.327 Thread 0x00007fc3ea800000 Uncommon trap: reason=unreached action=reinterpret pc=0x000000010db8a41c method=java.lang.AbstractStringBuilder.append(Ljava/lang/String;)Ljava/lang/AbstractStringBuilder; @ 1
Event: 1.327 Thread 0x00007fc3ea800000 Uncommon trap: reason=unreached action=reinterpret pc=0x000000010daf31dc method=java.lang.AbstractStringBuilder.append(Ljava/lang/String;)Ljava/lang/AbstractStringBuilder; @ 1
Event: 4.765 Thread 0x00007fc3e92f5800 Uncommon trap: reason=class_check action=maybe_recompile pc=0x000000010da91858 method=java.lang.String.equals(Ljava/lang/Object;)Z @ 8
Event: 4.765 Thread 0x00007fc3e92f5800 Uncommon trap: reason=class_check action=maybe_recompile pc=0x000000010da91858 method=java.lang.String.equals(Ljava/lang/Object;)Z @ 8
Event: 4.774 Thread 0x00007fc3e92f5800 Uncommon trap: reason=class_check action=maybe_recompile pc=0x000000010da91858 method=java.lang.String.equals(Ljava/lang/Object;)Z @ 8
Event: 4.774 Thread 0x00007fc3e92f5800 Uncommon trap: reason=class_check action=maybe_recompile pc=0x000000010da91858 method=java.lang.String.equals(Ljava/lang/Object;)Z @ 8

Internal exceptions (10 events):
Event: 12.457 Thread 0x00007fc3e92f5800 Exception <a 'java/lang/NullPointerException'> (0x000000076d042310) thrown at [/HUDSON3/workspace/8-2-build-macosx-x86_64/jdk8u20/1074/hotspot/src/share/vm/runtime/sharedRuntime.cpp, line 604]
Event: 12.457 Thread 0x00007fc3e92f5800 Implicit null exception at 0x000000010db461fe to 0x000000010db468de
Event: 12.457 Thread 0x00007fc3e92f5800 Exception <a 'java/lang/NullPointerException'> (0x000000076d044fb0) thrown at [/HUDSON3/workspace/8-2-build-macosx-x86_64/jdk8u20/1074/hotspot/src/share/vm/runtime/sharedRuntime.cpp, line 604]
Event: 12.457 Thread 0x00007fc3e92f5800 Implicit null exception at 0x000000010db8be4f to 0x000000010db8c45f
Event: 12.457 Thread 0x00007fc3e92f5800 Exception <a 'java/lang/NullPointerException'> (0x000000076d045540) thrown at [/HUDSON3/workspace/8-2-build-macosx-x86_64/jdk8u20/1074/hotspot/src/share/vm/runtime/sharedRuntime.cpp, line 604]
Event: 12.457 Thread 0x00007fc3e92f5800 Implicit null exception at 0x000000010db93ec9 to 0x000000010db9406d
Event: 12.457 Thread 0x00007fc3e92f5800 Exception <a 'java/lang/NullPointerException'> (0x000000076d045880) thrown at [/HUDSON3/workspace/8-2-build-macosx-x86_64/jdk8u20/1074/hotspot/src/share/vm/runtime/sharedRuntime.cpp, line 604]
Event: 12.460 Thread 0x00007fc3e9021000 Exception <a 'java/lang/NoSuchMethodError': <clinit>> (0x000000076c84eee8) thrown at [/HUDSON3/workspace/8-2-build-macosx-x86_64/jdk8u20/1074/hotspot/src/share/vm/prims/jni.cpp, line 1603]
Event: 12.479 Thread 0x00007fc3e92f5800 Exception <a 'java/lang/NullPointerException'> (0x000000076d070978) thrown at [/HUDSON3/workspace/8-2-build-macosx-x86_64/jdk8u20/1074/hotspot/src/share/vm/interpreter/linkResolver.cpp, line 1166]
Event: 12.480 Thread 0x00007fc3e92f5800 Exception <a 'java/lang/NullPointerException'> (0x000000076d071560) thrown at [/HUDSON3/workspace/8-2-build-macosx-x86_64/jdk8u20/1074/hotspot/src/share/vm/interpreter/linkResolver.cpp, line 1166]

Events (10 events):
Event: 12.461 loading class sun/security/provider/SHA
Event: 12.461 loading class sun/security/provider/DigestBase
Event: 12.461 loading class sun/security/provider/DigestBase done
Event: 12.461 loading class sun/security/provider/SHA done
Event: 12.461 loading class sun/security/jca/GetInstance$Instance
Event: 12.461 loading class sun/security/jca/GetInstance$Instance done
Event: 12.461 loading class java/security/MessageDigest$Delegate
Event: 12.461 loading class java/security/MessageDigest$Delegate done
Event: 12.461 loading class sun/security/provider/ByteArrayAccess
Event: 12.461 loading class sun/security/provider/ByteArrayAccess done


Dynamic libraries:
0x000000000595c000 	/System/Library/Frameworks/Cocoa.framework/Versions/A/Cocoa
0x000000000595c000 	/System/Library/Frameworks/Security.framework/Versions/A/Security
0x000000000595c000 	/System/Library/Frameworks/ApplicationServices.framework/Versions/A/ApplicationServices
0x000000000595c000 	/usr/lib/libz.1.dylib
0x000000000595c000 	/usr/lib/libSystem.B.dylib
0x000000000595c000 	/usr/lib/libobjc.A.dylib
0x000000000595c000 	/System/Library/Frameworks/CoreFoundation.framework/Versions/A/CoreFoundation
0x000000000595c000 	/System/Library/Frameworks/Foundation.framework/Versions/C/Foundation
0x000000000595c000 	/System/Library/Frameworks/AppKit.framework/Versions/C/AppKit
0x000000000595c000 	/System/Library/Frameworks/CoreData.framework/Versions/A/CoreData
0x000000000595c000 	/System/Library/PrivateFrameworks/RemoteViewServices.framework/Versions/A/RemoteViewServices
0x000000000595c000 	/System/Library/PrivateFrameworks/UIFoundation.framework/Versions/A/UIFoundation
0x000000000595c000 	/System/Library/Frameworks/IOSurface.framework/Versions/A/IOSurface
0x000000000595c000 	/System/Library/Frameworks/AudioToolbox.framework/Versions/A/AudioToolbox
0x000000000595c000 	/System/Library/Frameworks/AudioUnit.framework/Versions/A/AudioUnit
0x000000000595c000 	/System/Library/PrivateFrameworks/DataDetectorsCore.framework/Versions/A/DataDetectorsCore
0x000000000595c000 	/System/Library/PrivateFrameworks/DesktopServicesPriv.framework/Versions/A/DesktopServicesPriv
0x000000000595c000 	/System/Library/Frameworks/Carbon.framework/Versions/A/Frameworks/HIToolbox.framework/Versions/A/HIToolbox
0x000000000595c000 	/System/Library/Frameworks/QuartzCore.framework/Versions/A/QuartzCore
0x000000000595c000 	/System/Library/Frameworks/Carbon.framework/Versions/A/Frameworks/SpeechRecognition.framework/Versions/A/SpeechRecognition
0x000000000595c000 	/usr/lib/libauto.dylib
0x000000000595c000 	/usr/lib/libicucore.A.dylib
0x000000000595c000 	/usr/lib/libxml2.2.dylib
0x000000000595c000 	/System/Library/PrivateFrameworks/CoreUI.framework/Versions/A/CoreUI
0x000000000595c000 	/System/Library/Frameworks/CoreAudio.framework/Versions/A/CoreAudio
0x000000000595c000 	/System/Library/Frameworks/DiskArbitration.framework/Versions/A/DiskArbitration
0x000000000595c000 	/usr/lib/liblangid.dylib
0x000000000595c000 	/System/Library/PrivateFrameworks/MultitouchSupport.framework/Versions/A/MultitouchSupport
0x000000000595c000 	/System/Library/Frameworks/IOKit.framework/Versions/A/IOKit
0x000000000595c000 	/usr/lib/libDiagnosticMessagesClient.dylib
0x000000000595c000 	/System/Library/Frameworks/CoreServices.framework/Versions/A/CoreServices
0x000000000595c000 	/System/Library/PrivateFrameworks/PerformanceAnalysis.framework/Versions/A/PerformanceAnalysis
0x000000000595c000 	/System/Library/PrivateFrameworks/GenerationalStorage.framework/Versions/A/GenerationalStorage
0x000000000595c000 	/System/Library/Frameworks/OpenGL.framework/Versions/A/OpenGL
0x000000000595c000 	/System/Library/PrivateFrameworks/Sharing.framework/Versions/A/Sharing
0x000000000595c000 	/System/Library/Frameworks/CoreGraphics.framework/Versions/A/CoreGraphics
0x000000000595c000 	/System/Library/Frameworks/CoreText.framework/Versions/A/CoreText
0x000000000595c000 	/System/Library/Frameworks/ImageIO.framework/Versions/A/ImageIO
0x000000000595c000 	/usr/lib/libextension.dylib
0x000000000595c000 	/System/Library/PrivateFrameworks/Backup.framework/Versions/A/Backup
0x000000000595c000 	/usr/lib/libarchive.2.dylib
0x000000000595c000 	/System/Library/Frameworks/CFNetwork.framework/Versions/A/CFNetwork
0x000000000595c000 	/System/Library/Frameworks/SystemConfiguration.framework/Versions/A/SystemConfiguration
0x000000000595c000 	/usr/lib/libCRFSuite.dylib
0x000000000595c000 	/usr/lib/libc++.1.dylib
0x000000000595c000 	/usr/lib/libc++abi.dylib
0x000000000595c000 	/usr/lib/system/libcache.dylib
0x000000000595c000 	/usr/lib/system/libcommonCrypto.dylib
0x000000000595c000 	/usr/lib/system/libcompiler_rt.dylib
0x000000000595c000 	/usr/lib/system/libcopyfile.dylib
0x000000000595c000 	/usr/lib/system/libcorecrypto.dylib
0x000000000595c000 	/usr/lib/system/libdispatch.dylib
0x000000000595c000 	/usr/lib/system/libdyld.dylib
0x000000000595c000 	/usr/lib/system/libkeymgr.dylib
0x000000000595c000 	/usr/lib/system/liblaunch.dylib
0x000000000595c000 	/usr/lib/system/libmacho.dylib
0x000000000595c000 	/usr/lib/system/libquarantine.dylib
0x000000000595c000 	/usr/lib/system/libremovefile.dylib
0x000000000595c000 	/usr/lib/system/libsystem_asl.dylib
0x000000000595c000 	/usr/lib/system/libsystem_blocks.dylib
0x000000000595c000 	/usr/lib/system/libsystem_c.dylib
0x000000000595c000 	/usr/lib/system/libsystem_configuration.dylib
0x000000000595c000 	/usr/lib/system/libsystem_coreservices.dylib
0x000000000595c000 	/usr/lib/system/libsystem_coretls.dylib
0x000000000595c000 	/usr/lib/system/libsystem_dnssd.dylib
0x000000000595c000 	/usr/lib/system/libsystem_info.dylib
0x000000000595c000 	/usr/lib/system/libsystem_kernel.dylib
0x000000000595c000 	/usr/lib/system/libsystem_m.dylib
0x000000000595c000 	/usr/lib/system/libsystem_malloc.dylib
0x000000000595c000 	/usr/lib/system/libsystem_network.dylib
0x000000000595c000 	/usr/lib/system/libsystem_networkextension.dylib
0x000000000595c000 	/usr/lib/system/libsystem_notify.dylib
0x000000000595c000 	/usr/lib/system/libsystem_platform.dylib
0x000000000595c000 	/usr/lib/system/libsystem_pthread.dylib
0x000000000595c000 	/usr/lib/system/libsystem_sandbox.dylib
0x000000000595c000 	/usr/lib/system/libsystem_secinit.dylib
0x000000000595c000 	/usr/lib/system/libsystem_stats.dylib
0x000000000595c000 	/usr/lib/system/libsystem_trace.dylib
0x000000000595c000 	/usr/lib/system/libunc.dylib
0x000000000595c000 	/usr/lib/system/libunwind.dylib
0x000000000595c000 	/usr/lib/system/libxpc.dylib
0x000000000595c000 	/usr/lib/libbz2.1.0.dylib
0x000000000595c000 	/usr/lib/liblzma.5.dylib
0x000000000595c000 	/usr/lib/libbsm.0.dylib
0x000000000595c000 	/usr/lib/libsqlite3.dylib
0x000000000595c000 	/usr/lib/system/libkxld.dylib
0x000000000595c000 	/usr/lib/libxar.1.dylib
0x000000000595c000 	/usr/lib/libpam.2.dylib
0x000000000595c000 	/usr/lib/libOpenScriptingUtil.dylib
0x000000000595c000 	/System/Library/Frameworks/CoreServices.framework/Versions/A/Frameworks/FSEvents.framework/Versions/A/FSEvents
0x000000000595c000 	/System/Library/Frameworks/CoreServices.framework/Versions/A/Frameworks/CarbonCore.framework/Versions/A/CarbonCore
0x000000000595c000 	/System/Library/Frameworks/CoreServices.framework/Versions/A/Frameworks/Metadata.framework/Versions/A/Metadata
0x000000000595c000 	/System/Library/Frameworks/CoreServices.framework/Versions/A/Frameworks/OSServices.framework/Versions/A/OSServices
0x000000000595c000 	/System/Library/Frameworks/CoreServices.framework/Versions/A/Frameworks/SearchKit.framework/Versions/A/SearchKit
0x000000000595c000 	/System/Library/Frameworks/CoreServices.framework/Versions/A/Frameworks/AE.framework/Versions/A/AE
0x000000000595c000 	/System/Library/Frameworks/CoreServices.framework/Versions/A/Frameworks/LaunchServices.framework/Versions/A/LaunchServices
0x000000000595c000 	/System/Library/Frameworks/CoreServices.framework/Versions/A/Frameworks/DictionaryServices.framework/Versions/A/DictionaryServices
0x000000000595c000 	/System/Library/Frameworks/NetFS.framework/Versions/A/NetFS
0x000000000595c000 	/System/Library/PrivateFrameworks/NetAuth.framework/Versions/A/NetAuth
0x000000000595c000 	/System/Library/PrivateFrameworks/login.framework/Versions/A/Frameworks/loginsupport.framework/Versions/A/loginsupport
0x000000000595c000 	/System/Library/PrivateFrameworks/TCC.framework/Versions/A/TCC
0x000000000595c000 	/usr/lib/libmecabra.dylib
0x000000000595c000 	/System/Library/PrivateFrameworks/LanguageModeling.framework/Versions/A/LanguageModeling
0x000000000595c000 	/usr/lib/libcmph.dylib
0x000000000595c000 	/usr/lib/libiconv.2.dylib
0x000000000595c000 	/System/Library/Frameworks/OpenDirectory.framework/Versions/A/Frameworks/CFOpenDirectory.framework/Versions/A/CFOpenDirectory
0x000000000595c000 	/System/Library/Frameworks/ServiceManagement.framework/Versions/A/ServiceManagement
0x000000000595c000 	/usr/lib/libxslt.1.dylib
0x000000000595c000 	/System/Library/Frameworks/Carbon.framework/Versions/A/Frameworks/Ink.framework/Versions/A/Ink
0x000000000595c000 	/System/Library/Frameworks/ApplicationServices.framework/Versions/A/Frameworks/ATS.framework/Versions/A/ATS
0x000000000595c000 	/System/Library/Frameworks/ApplicationServices.framework/Versions/A/Frameworks/ColorSync.framework/Versions/A/ColorSync
0x000000000595c000 	/System/Library/Frameworks/ApplicationServices.framework/Versions/A/Frameworks/HIServices.framework/Versions/A/HIServices
0x000000000595c000 	/System/Library/Frameworks/ApplicationServices.framework/Versions/A/Frameworks/LangAnalysis.framework/Versions/A/LangAnalysis
0x000000000595c000 	/System/Library/Frameworks/ApplicationServices.framework/Versions/A/Frameworks/PrintCore.framework/Versions/A/PrintCore
0x000000000595c000 	/System/Library/Frameworks/ApplicationServices.framework/Versions/A/Frameworks/QD.framework/Versions/A/QD
0x000000000595c000 	/System/Library/Frameworks/ApplicationServices.framework/Versions/A/Frameworks/SpeechSynthesis.framework/Versions/A/SpeechSynthesis
0x000000000595c000 	/System/Library/Frameworks/Accelerate.framework/Versions/A/Accelerate
0x000000000595c000 	/System/Library/Frameworks/Accelerate.framework/Versions/A/Frameworks/vImage.framework/Versions/A/vImage
0x000000000595c000 	/System/Library/Frameworks/Accelerate.framework/Versions/A/Frameworks/vecLib.framework/Versions/A/vecLib
0x000000000595c000 	/System/Library/Frameworks/Accelerate.framework/Versions/A/Frameworks/vecLib.framework/Versions/A/libvDSP.dylib
0x000000000595c000 	/System/Library/Frameworks/Accelerate.framework/Versions/A/Frameworks/vecLib.framework/Versions/A/libvMisc.dylib
0x000000000595c000 	/System/Library/Frameworks/Accelerate.framework/Versions/A/Frameworks/vecLib.framework/Versions/A/libLAPACK.dylib
0x000000000595c000 	/System/Library/Frameworks/Accelerate.framework/Versions/A/Frameworks/vecLib.framework/Versions/A/libBLAS.dylib
0x000000000595c000 	/System/Library/Frameworks/Accelerate.framework/Versions/A/Frameworks/vecLib.framework/Versions/A/libLinearAlgebra.dylib
0x000000000595c000 	/System/Library/Frameworks/ApplicationServices.framework/Versions/A/Frameworks/ATS.framework/Versions/A/Resources/libFontParser.dylib
0x000000000595c000 	/System/Library/Frameworks/ApplicationServices.framework/Versions/A/Frameworks/ATS.framework/Versions/A/Resources/libFontRegistry.dylib
0x000000000595c000 	/System/Library/PrivateFrameworks/AppleVPA.framework/Versions/A/AppleVPA
0x000000000595c000 	/System/Library/PrivateFrameworks/AppleJPEG.framework/Versions/A/AppleJPEG
0x000000000595c000 	/System/Library/Frameworks/ImageIO.framework/Versions/A/Resources/libJPEG.dylib
0x000000000595c000 	/System/Library/Frameworks/ImageIO.framework/Versions/A/Resources/libTIFF.dylib
0x000000000595c000 	/System/Library/Frameworks/ImageIO.framework/Versions/A/Resources/libPng.dylib
0x000000000595c000 	/System/Library/Frameworks/ImageIO.framework/Versions/A/Resources/libGIF.dylib
0x000000000595c000 	/System/Library/Frameworks/ImageIO.framework/Versions/A/Resources/libJP2.dylib
0x000000000595c000 	/System/Library/Frameworks/ImageIO.framework/Versions/A/Resources/libRadiance.dylib
0x000000000595c000 	/System/Library/Frameworks/CoreVideo.framework/Versions/A/CoreVideo
0x000000000595c000 	/System/Library/Frameworks/OpenGL.framework/Versions/A/Libraries/libGLU.dylib
0x000000000595c000 	/System/Library/Frameworks/OpenGL.framework/Versions/A/Libraries/libGFXShared.dylib
0x000000000595c000 	/System/Library/Frameworks/OpenGL.framework/Versions/A/Libraries/libGL.dylib
0x000000000595c000 	/System/Library/Frameworks/OpenGL.framework/Versions/A/Libraries/libGLImage.dylib
0x000000000595c000 	/System/Library/Frameworks/OpenGL.framework/Versions/A/Libraries/libCVMSPluginSupport.dylib
0x000000000595c000 	/System/Library/Frameworks/OpenGL.framework/Versions/A/Libraries/libCoreVMClient.dylib
0x000000000595c000 	/usr/lib/libcups.2.dylib
0x000000000595c000 	/System/Library/Frameworks/Kerberos.framework/Versions/A/Kerberos
0x000000000595c000 	/System/Library/Frameworks/GSS.framework/Versions/A/GSS
0x000000000595c000 	/usr/lib/libresolv.9.dylib
0x000000000595c000 	/System/Library/PrivateFrameworks/Heimdal.framework/Versions/A/Heimdal
0x000000000595c000 	/usr/lib/libheimdal-asn1.dylib
0x000000000595c000 	/System/Library/Frameworks/OpenDirectory.framework/Versions/A/OpenDirectory
0x000000000595c000 	/System/Library/PrivateFrameworks/CommonAuth.framework/Versions/A/CommonAuth
0x000000000595c000 	/System/Library/Frameworks/SecurityFoundation.framework/Versions/A/SecurityFoundation
0x000000000595c000 	/System/Library/Frameworks/QuartzCore.framework/Versions/A/Frameworks/CoreImage.framework/Versions/A/CoreImage
0x000000000595c000 	/System/Library/PrivateFrameworks/CrashReporterSupport.framework/Versions/A/CrashReporterSupport
0x000000000595c000 	/System/Library/Frameworks/OpenCL.framework/Versions/A/OpenCL
0x000000000595c000 	/System/Library/PrivateFrameworks/FaceCore.framework/Versions/A/FaceCore
0x000000000595c000 	/System/Library/PrivateFrameworks/Ubiquity.framework/Versions/A/Ubiquity
0x000000000595c000 	/System/Library/PrivateFrameworks/IconServices.framework/Versions/A/IconServices
0x000000000595c000 	/System/Library/PrivateFrameworks/ChunkingLibrary.framework/Versions/A/ChunkingLibrary
0x000000000595c000 	/System/Library/PrivateFrameworks/Apple80211.framework/Versions/A/Apple80211
0x000000000595c000 	/System/Library/Frameworks/CoreWLAN.framework/Versions/A/CoreWLAN
0x000000000595c000 	/System/Library/Frameworks/IOBluetooth.framework/Versions/A/IOBluetooth
0x000000000595c000 	/System/Library/PrivateFrameworks/CoreWiFi.framework/Versions/A/CoreWiFi
0x000000000595c000 	/System/Library/Frameworks/CoreBluetooth.framework/Versions/A/CoreBluetooth
0x000000000595c000 	/System/Library/PrivateFrameworks/DebugSymbols.framework/Versions/A/DebugSymbols
0x000000000595c000 	/System/Library/PrivateFrameworks/CoreSymbolication.framework/Versions/A/CoreSymbolication
0x000000000595c000 	/System/Library/PrivateFrameworks/Symbolication.framework/Versions/A/Symbolication
0x000000000595c000 	/System/Library/PrivateFrameworks/SpeechRecognitionCore.framework/Versions/A/SpeechRecognitionCore
0x000000010ca00000 	/Library/Java/JavaVirtualMachines/jdk1.8.0_20.jdk/Contents/Home/jre/lib/server/libjvm.dylib
0x000000000595c000 	/usr/lib/libstdc++.6.dylib
0x000000010b983000 	/Library/Java/JavaVirtualMachines/jdk1.8.0_20.jdk/Contents/Home/jre/lib/libverify.dylib
0x000000010b991000 	/Library/Java/JavaVirtualMachines/jdk1.8.0_20.jdk/Contents/Home/jre/lib/libjava.dylib
0x000000010b9c6000 	/Library/Java/JavaVirtualMachines/jdk1.8.0_20.jdk/Contents/Home/jre/lib/libinstrument.dylib
0x000000010d94c000 	/Users/NickRadonic/Library/Application Support/IntelliJIdea13/chronon/lib/recorder/native/librecorderagent-3.0.7.jnilib
0x000000010b9f3000 	/Library/Java/JavaVirtualMachines/jdk1.8.0_20.jdk/Contents/Home/jre/lib/libzip.dylib
0x0000000129517000 	/System/Library/Frameworks/JavaVM.framework/Frameworks/JavaRuntimeSupport.framework/JavaRuntimeSupport
0x000000012952f000 	/System/Library/Frameworks/JavaVM.framework/Versions/A/Frameworks/JavaNativeFoundation.framework/Versions/A/JavaNativeFoundation
0x0000000129544000 	/System/Library/Frameworks/JavaVM.framework/Versions/A/JavaVM
0x000000000595c000 	/System/Library/Frameworks/Carbon.framework/Versions/A/Carbon
0x0000000129551000 	/System/Library/PrivateFrameworks/JavaLaunching.framework/Versions/A/JavaLaunching
0x000000000595c000 	/System/Library/Frameworks/Carbon.framework/Versions/A/Frameworks/CommonPanels.framework/Versions/A/CommonPanels
0x000000000595c000 	/System/Library/Frameworks/Carbon.framework/Versions/A/Frameworks/Help.framework/Versions/A/Help
0x000000000595c000 	/System/Library/Frameworks/Carbon.framework/Versions/A/Frameworks/ImageCapture.framework/Versions/A/ImageCapture
0x000000000595c000 	/System/Library/Frameworks/Carbon.framework/Versions/A/Frameworks/OpenScripting.framework/Versions/A/OpenScripting
0x000000000595c000 	/System/Library/Frameworks/Carbon.framework/Versions/A/Frameworks/Print.framework/Versions/A/Print
0x000000000595c000 	/System/Library/Frameworks/Carbon.framework/Versions/A/Frameworks/SecurityHI.framework/Versions/A/SecurityHI
0x000000012aed2000 	/Library/Java/JavaVirtualMachines/jdk1.8.0_20.jdk/Contents/Home/jre/lib/libmanagement.dylib
0x000000012b636000 	/Library/Java/JavaVirtualMachines/jdk1.8.0_20.jdk/Contents/Home/jre/lib/libnet.dylib
0x000000012b695000 	/Library/Java/JavaVirtualMachines/jdk1.8.0_20.jdk/Contents/Home/jre/lib/libnio.dylib
0x000000012c317000 	/Applications/IntelliJ IDEA 13.app/Contents/bin/libbreakgen64.jnilib
0x000000012c57d000 	/Library/Java/JavaVirtualMachines/jdk1.8.0_20.jdk/Contents/Home/jre/lib/libawt.dylib
0x000000012c62c000 	/Library/Java/JavaVirtualMachines/jdk1.8.0_20.jdk/Contents/Home/jre/lib/./libmlib_image.dylib
0x000000012c6f8000 	/Library/Java/JavaVirtualMachines/jdk1.8.0_20.jdk/Contents/Home/jre/lib/libawt_lwawt.dylib
0x000000012c7ab000 	/Library/Java/JavaVirtualMachines/jdk1.8.0_20.jdk/Contents/Home/jre/lib/./libosxapp.dylib
0x000000000595c000 	/System/Library/Frameworks/ExceptionHandling.framework/Versions/A/ExceptionHandling
0x000000000595c000 	/System/Library/PrivateFrameworks/CoreServicesInternal.framework/Versions/A/CoreServicesInternal
0x000000000595c000 	/System/Library/PrivateFrameworks/CloudDocs.framework/Versions/A/CloudDocs
0x000000000595c000 	/System/Library/PrivateFrameworks/CoreDuet.framework/Versions/A/CoreDuet
0x000000000595c000 	/System/Library/Frameworks/CloudKit.framework/Versions/A/CloudKit
0x000000000595c000 	/System/Library/PrivateFrameworks/ProtocolBuffer.framework/Versions/A/ProtocolBuffer
0x000000000595c000 	/System/Library/PrivateFrameworks/CoreDuetDaemonProtocol.framework/Versions/A/CoreDuetDaemonProtocol
0x000000000595c000 	/System/Library/PrivateFrameworks/CoreDuetDebugLogging.framework/Versions/A/CoreDuetDebugLogging
0x000000000595c000 	/System/Library/Frameworks/CoreLocation.framework/Versions/A/CoreLocation
0x000000000595c000 	/System/Library/Frameworks/Accounts.framework/Versions/A/Accounts
0x000000000595c000 	/System/Library/PrivateFrameworks/ApplePushService.framework/Versions/A/ApplePushService
0x000000000595c000 	/System/Library/PrivateFrameworks/GeoServices.framework/Versions/A/GeoServices
0x000000000595c000 	/System/Library/PrivateFrameworks/OAuth.framework/Versions/A/OAuth
0x000000000595c000 	/System/Library/PrivateFrameworks/CoreDaemon.framework/Versions/B/CoreDaemon
0x000000000595c000 	/usr/lib/libcrypto.0.9.8.dylib
0x000000000595c000 	/System/Library/PrivateFrameworks/AppleSRP.framework/Versions/A/AppleSRP
0x000000000595c000 	/System/Library/PrivateFrameworks/TrustEvaluationAgent.framework/Versions/A/TrustEvaluationAgent
0x000000000595c000 	/System/Library/Frameworks/CoreGraphics.framework/Versions/A/Resources/libCGCMS.A.dylib
0x000000012ea03000 	/System/Library/Frameworks/CoreGraphics.framework/Versions/A/Resources/libRIP.A.dylib
0x000000000595c000 	/System/Library/Frameworks/CoreGraphics.framework/Versions/A/Resources/libCGXType.A.dylib
0x000000000595c000 	/System/Library/Frameworks/OpenCL.framework/Versions/A/Libraries/libcldcpuengine.dylib
0x000000000595c000 	/System/Library/PrivateFrameworks/DiskImages.framework/Versions/A/DiskImages
0x000000000595c000 	/System/Library/Frameworks/DiscRecording.framework/Versions/A/DiscRecording
0x000000000595c000 	/usr/lib/libcsfde.dylib
0x000000000595c000 	/usr/lib/libcurl.4.dylib
0x000000000595c000 	/System/Library/PrivateFrameworks/MediaKit.framework/Versions/A/MediaKit
0x000000000595c000 	/System/Library/PrivateFrameworks/ProtectedCloudStorage.framework/Versions/A/ProtectedCloudStorage
0x000000000595c000 	/usr/lib/libCoreStorage.dylib
0x000000000595c000 	/System/Library/PrivateFrameworks/EFILogin.framework/Versions/A/EFILogin
0x000000000595c000 	/usr/lib/libutil.dylib
0x000000000595c000 	/System/Library/PrivateFrameworks/FindMyDevice.framework/Versions/A/FindMyDevice
0x000000000595c000 	/System/Library/Frameworks/LDAP.framework/Versions/A/LDAP
0x000000000595c000 	/usr/lib/libsasl2.2.dylib
0x000000012f7df000 	cl_kernels
0x000000012f7e1000 	/System/Library/Frameworks/OpenCL.framework/Versions/A/Libraries/ImageFormats/unorm8_bgra.dylib
0x000000012f7d1000 	cl_kernels
0x000000000595c000 	/System/Library/PrivateFrameworks/FamilyControls.framework/Versions/A/FamilyControls
0x000000000595c000 	/System/Library/PrivateFrameworks/CommerceKit.framework/Versions/A/Frameworks/CommerceCore.framework/Versions/A/CommerceCore
0x000000000595c000 	/System/Library/PrivateFrameworks/SystemAdministration.framework/Versions/A/SystemAdministration
0x000000000595c000 	/System/Library/PrivateFrameworks/AppContainer.framework/Versions/A/AppContainer
0x000000000595c000 	/System/Library/PrivateFrameworks/SecCodeWrapper.framework/Versions/A/SecCodeWrapper
0x000000000595c000 	/System/Library/Frameworks/DirectoryService.framework/Versions/A/DirectoryService
0x000000000595c000 	/System/Library/PrivateFrameworks/LoginUIKit.framework/Versions/A/Frameworks/LoginUICore.framework/Versions/A/LoginUICore
0x000000000595c000 	/usr/lib/libodfde.dylib
0x0000000130c2d000 	/Library/Java/JavaVirtualMachines/jdk1.8.0_20.jdk/Contents/Home/jre/lib/libfontmanager.dylib
0x000000012ec14000 	/Library/Java/JavaVirtualMachines/jdk1.8.0_20.jdk/Contents/Home/jre/lib/libosxui.dylib
0x000000000595c000 	/System/Library/Frameworks/OpenGL.framework/Versions/A/Resources/GLEngine.bundle/GLEngine
0x000000000595c000 	/System/Library/Frameworks/OpenGL.framework/Versions/A/Libraries/libGLProgrammability.dylib
0x0000000000000000 	/System/Library/Extensions/AppleIntelHD5000GraphicsGLDriver.bundle/Contents/MacOS/AppleIntelHD5000GraphicsGLDriver
0x000000000595c000 	/System/Library/PrivateFrameworks/IOAccelerator.framework/Versions/A/IOAccelerator
0x000000000595c000 	/System/Library/PrivateFrameworks/GPUSupport.framework/Versions/A/Libraries/libGPUSupportMercury.dylib
0x0000000000000000 	/System/Library/Extensions/GeForceGLDriver.bundle/Contents/MacOS/GeForceGLDriver
0x000000000595c000 	/System/Library/Extensions/GeForceGLDriver.bundle/Contents/MacOS/libclh.dylib
0x000000000595c000 	/System/Library/Frameworks/OpenGL.framework/Versions/A/Resources/GLRendererFloat.bundle/GLRendererFloat
0x000000000595c000 	/System/Library/Frameworks/Accelerate.framework/Versions/A/Frameworks/vImage.framework/Versions/A/Libraries/libCGInterfaces.dylib

VM Arguments:
jvm_args: -javaagent:/Users/NickRadonic/Library/Application Support/IntelliJIdea13/chronon/lib/recorder/recorder-3.20.1.187.jar=/Users/NickRadonic/Library/Caches/IntelliJIdea13/chronon-recordings/2014_11_17_CaveGame1/config.txt -agentpath:/Users/NickRadonic/Library/Application Support/IntelliJIdea13/chronon/lib/recorder/native/librecorderagent-3.0.7.jnilib -Xverify:none -Didea.launcher.port=7546 -Didea.launcher.bin.path=/Applications/IntelliJ IDEA 13.app/Contents/bin -Dfile.encoding=UTF-8 
java_command: com.intellij.rt.execution.application.AppMain GameControl.CaveGame
java_class_path (initial): /Library/Java/JavaVirtualMachines/jdk1.8.0_20.jdk/Contents/Home/lib/ant-javafx.jar:/Library/Java/JavaVirtualMachines/jdk1.8.0_20.jdk/Contents/Home/lib/dt.jar:/Library/Java/JavaVirtualMachines/jdk1.8.0_20.jdk/Contents/Home/lib/javafx-mx.jar:/Library/Java/JavaVirtualMachines/jdk1.8.0_20.jdk/Contents/Home/lib/jconsole.jar:/Library/Java/JavaVirtualMachines/jdk1.8.0_20.jdk/Contents/Home/lib/sa-jdi.jar:/Library/Java/JavaVirtualMachines/jdk1.8.0_20.jdk/Contents/Home/lib/tools.jar:/Library/Java/JavaVirtualMachines/jdk1.8.0_20.jdk/Contents/Home/jre/lib/charsets.jar:/Library/Java/JavaVirtualMachines/jdk1.8.0_20.jdk/Contents/Home/jre/lib/deploy.jar:/Library/Java/JavaVirtualMachines/jdk1.8.0_20.jdk/Contents/Home/jre/lib/javaws.jar:/Library/Java/JavaVirtualMachines/jdk1.8.0_20.jdk/Contents/Home/jre/lib/jce.jar:/Library/Java/JavaVirtualMachines/jdk1.8.0_20.jdk/Contents/Home/jre/lib/jfr.jar:/Library/Java/JavaVirtualMachines/jdk1.8.0_20.jdk/Contents/Home/jre/lib/jfxswt.jar:/Library/Java/JavaVirtualMachines/jdk1.8.0_20.jdk/Contents/Home/jre/lib/jsse.jar:/Library/Java/JavaVirtualMachines/jdk1.8.0_20.jdk/Contents/Home/jre/lib/management-agent.jar:/Library/Java/JavaVirtualMachines/jdk1.8.0_20.jdk/Contents/Home/jre/lib/plugin.jar:/Library/Java/JavaVirtualMachines/jdk1.8.0_20.jdk/Contents/Home/jre/lib/resources.jar:/Library/Java/JavaVirtualMachines/jdk1.8.0_20.jdk/Contents/Home/jre/lib/rt.jar:/Library/Java/JavaVirtualMachines/jdk1.8.0_20.jdk/Contents/Home/jre/lib/ext/cldrdata.jar:/Library/Java/JavaVirtualMachines/jdk1.8.0_20.jdk/Contents/Home/jre/lib/ext/dnsns.jar:/Library/Java/JavaVirtualMachines/jdk1.8.0_20.jdk/Contents/Home/jre/lib/ext/jfxrt.jar:/Library/Java/JavaVirtualMachines/jdk1.8.0_20.jdk/Contents/Home/jre/lib/ext/localedata.jar:/Library/Java/JavaVirtualMachines/jdk1.8.0_20.jdk/Contents/Home/jre/lib/ext/nashorn.jar:/Library/Java/JavaVirtualMachines/jdk1.8.0_20.jdk/Contents/Home/jre/lib/ext/sunec.jar:/Library/Java/JavaVirtualMachines/jdk1.8.0_20.jdk/C
Launcher Type: SUN_STANDARD

Environment Variables:
PATH=/usr/local/bin:/usr/bin:/bin:/usr/sbin:/sbin:/Applications/Server.app/Contents/ServerRoot/usr/bin:/Applications/Server.app/Contents/ServerRoot/usr/sbin
SHELL=/bin/bash

Signal Handlers:
SIGSEGV: [libjvm.dylib+0x578fd7], sa_mask[0]=11111111011111110111111111111111, sa_flags=SA_ONSTACK|SA_RESTART|SA_SIGINFO
SIGBUS: [libjvm.dylib+0x578fd7], sa_mask[0]=11111111011111110111111111111111, sa_flags=SA_RESTART|SA_SIGINFO
SIGFPE: [libjvm.dylib+0x45ab0c], sa_mask[0]=11111111011111110111111111111111, sa_flags=SA_RESTART|SA_SIGINFO
SIGPIPE: [libjvm.dylib+0x45ab0c], sa_mask[0]=11111111011111110111111111111111, sa_flags=SA_RESTART|SA_SIGINFO
SIGXFSZ: [libjvm.dylib+0x45ab0c], sa_mask[0]=11111111011111110111111111111111, sa_flags=SA_RESTART|SA_SIGINFO
SIGILL: [libjvm.dylib+0x45ab0c], sa_mask[0]=11111111011111110111111111111111, sa_flags=SA_RESTART|SA_SIGINFO
SIGUSR1: SIG_DFL, sa_mask[0]=00000000000000000000000000000000, sa_flags=none
SIGUSR2: [libjvm.dylib+0x45a62a], sa_mask[0]=00100000000000000000000000000000, sa_flags=SA_RESTART|SA_SIGINFO
SIGHUP: [libjvm.dylib+0x458bfd], sa_mask[0]=11111111011111110111111111111111, sa_flags=SA_RESTART|SA_SIGINFO
SIGINT: [libjvm.dylib+0x458bfd], sa_mask[0]=11111111011111110111111111111111, sa_flags=SA_RESTART|SA_SIGINFO
SIGTERM: [libjvm.dylib+0x458bfd], sa_mask[0]=11111111011111110111111111111111, sa_flags=SA_RESTART|SA_SIGINFO
SIGQUIT: [libjvm.dylib+0x458bfd], sa_mask[0]=11111111011111110111111111111111, sa_flags=SA_RESTART|SA_SIGINFO


---------------  S Y S T E M  ---------------

OS:Bsduname:Darwin 14.0.0 Darwin Kernel Version 14.0.0: Fri Sep 19 00:26:44 PDT 2014; root:xnu-2782.1.97~2/RELEASE_X86_64 x86_64
rlimit: STACK 8192k, CORE 0k, NPROC 709, NOFILE 10240, AS infinity
load average:1.74 1.63 1.58

CPU:total 8 (4 cores per cpu, 2 threads per core) family 6 model 70 stepping 1, cmov, cx8, fxsr, mmx, sse, sse2, sse3, ssse3, sse4.1, sse4.2, popcnt, avx, avx2, aes, clmul, erms, rtm, lzcnt, ht, tsc, tscinvbit, bmi1, bmi2

Memory: 4k page, physical 16777216k(141876k free)

/proc/meminfo:


vm_info: Java HotSpot(TM) 64-Bit Server VM (25.20-b23) for bsd-amd64 JRE (1.8.0_20-b26), built on Jul 30 2014 13:37:47 by "java_re" with gcc 4.2.1 (Based on Apple Inc. build 5658) (LLVM build 2336.9.00)

time: Mon Nov 17 13:14:45 2014
elapsed time: 12 seconds (0d 0h 0m 12s)

