#
# A fatal error has been detected by the Java Runtime Environment:
#
#  SIGSEGV (0xb) at pc=0x000000010adaa5b0, pid=19930, tid=23299
#
# JRE version: Java(TM) SE Runtime Environment (8.0_20-b26) (build 1.8.0_20-b26)
# Java VM: Java HotSpot(TM) 64-Bit Server VM (25.20-b23 mixed mode bsd-amd64 compressed oops)
# Problematic frame:
# V  [libjvm.dylib+0x3aa5b0]
#
# Failed to write core dump. Core dumps have been disabled. To enable core dumping, try "ulimit -c unlimited" before starting Java again
#
# If you would like to submit a bug report, please visit:
#   http://bugreport.sun.com/bugreport/crash.jsp
#

---------------  T H R E A D  ---------------

Current thread (0x00007fa04b02b800):  JavaThread "C2 CompilerThread2" daemon [_thread_in_native, id=23299, stack(0x0000000129f16000,0x000000012a016000)]

siginfo: si_signo: 11 (SIGSEGV), si_code: 1 (SEGV_MAPERR), si_addr: 0x0000000000000008

Registers:
RAX=0x0000000000000000, RBX=0x000000012a00fa08, RCX=0x00007fa04a217a10, RDX=0x00007fa04ae49d48
RSP=0x000000012a00f5b0, RBP=0x000000012a00f5b0, RSI=0x00007fa04bb0a1e0, RDI=0x000000012a00fa08
R8 =0x0000000000000000, R9 =0x0000000000000003, R10=0x0000000000000000, R11=0x000000000000e640
R12=0x00007fa04ae49d48, R13=0x0000000000000000, R14=0x00007fa04bb0a1e0, R15=0x00007fa04d023b68
RIP=0x000000010adaa5b0, EFLAGS=0x0000000000010206, ERR=0x0000000000000004
  TRAPNO=0x000000000000000e

Top of Stack: (sp=0x000000012a00f5b0)
0x000000012a00f5b0:   000000012a00f5f0 000000010adb37e5
0x000000012a00f5c0:   00007fa04c9f3998 000000012a00f920
0x000000012a00f5d0:   0000000000000002 00007fa04afe9770
0x000000012a00f5e0:   000000012a00fa08 00007fa04c9f3998
0x000000012a00f5f0:   000000012a00f650 000000010adb3a32
0x000000012a00f600:   000000012a0103d8 000000012a00f900
0x000000012a00f610:   000000012a0103b8 000000012a00f8e0
0x000000012a00f620:   0000000200002c08 000000012a00fa08
0x000000012a00f630:   0000000000000001 0000000000000000
0x000000012a00f640:   00007fa04bb0a250 0000000000000005
0x000000012a00f650:   000000012a00f990 000000010adb9b73
0x000000012a00f660:   00007fa04c2e24c0 00007fa04ab46ed0
0x000000012a00f670:   0000000100000000 00007fa049d17910
0x000000012a00f680:   000000014c318a58 00007fff92a53f18
0x000000012a00f690:   000000012a00f6c0 000000000af3ff6e
0x000000012a00f6a0:   00000001305ea000 00000001097de280
0x000000012a00f6b0:   0000000000000000 0000000000000000
0x000000012a00f6c0:   000000012a00f6d0 0000000000020010
0x000000012a00f6d0:   00000001097dd000 0000000000000000
0x000000012a00f6e0:   0000000000000000 0000000000000000
0x000000012a00f6f0:   000000012a00f7e0 00007fff92a523a5
0x000000012a00f700:   00007fa04c2e24c0 00007fa05182e5b0
0x000000012a00f710:   00007fa04c2e24c0 00007fa04ab46ed0
0x000000012a00f720:   000000012a00f740 000000010af3feb9
0x000000012a00f730:   000000012a00f760 000000010af3f0f0
0x000000012a00f740:   000000012a00f770 00007fa05182e5b0
0x000000012a00f750:   00007fa04c2e24c0 00007fa04ab46ed0
0x000000012a00f760:   000000012a00f780 000000010af3feb9
0x000000012a00f770:   00007fa05182e5b0 00007fa04c2e24c0
0x000000012a00f780:   000000012a00f7b0 000000010af3ff6e
0x000000012a00f790:   0000000000006cdd 00007fa04bb0afc0
0x000000012a00f7a0:   00007fa04b63e390 0000000000000004 

Instructions: (pc=0x000000010adaa5b0)
0x000000010adaa590:   2c 83 e1 07 83 f9 05 48 0f 45 c2 5d c3 90 55 48
0x000000010adaa5a0:   89 e5 8b 46 28 48 8b 8f f0 09 00 00 48 8b 04 c1
0x000000010adaa5b0:   48 8b 48 08 48 83 39 00 75 26 8b 4f 28 8b 40 28
0x000000010adaa5c0:   39 c1 77 0e 31 c0 48 8b 50 08 48 83 3a 00 74 ed 

Register to memory mapping:

RAX=0x0000000000000000 is an unknown value
RBX=0x000000012a00fa08 is pointing into the stack for thread: 0x00007fa04b02b800
RCX=0x00007fa04a217a10 is an unknown value
RDX=0x00007fa04ae49d48 is an unknown value
RSP=0x000000012a00f5b0 is pointing into the stack for thread: 0x00007fa04b02b800
RBP=0x000000012a00f5b0 is pointing into the stack for thread: 0x00007fa04b02b800
RSI=0x00007fa04bb0a1e0 is an unknown value
RDI=0x000000012a00fa08 is pointing into the stack for thread: 0x00007fa04b02b800
R8 =0x0000000000000000 is an unknown value
R9 =0x0000000000000003 is an unknown value
R10=0x0000000000000000 is an unknown value
R11=0x000000000000e640 is an unknown value
R12=0x00007fa04ae49d48 is an unknown value
R13=0x0000000000000000 is an unknown value
R14=0x00007fa04bb0a1e0 is an unknown value
R15=0x00007fa04d023b68 is an unknown value


Stack: [0x0000000129f16000,0x000000012a016000],  sp=0x000000012a00f5b0,  free space=997k
Native frames: (J=compiled Java code, j=interpreted, Vv=VM code, C=native code)
V  [libjvm.dylib+0x3aa5b0]
V  [libjvm.dylib+0x3b37e5]
V  [libjvm.dylib+0x3b3a32]
V  [libjvm.dylib+0x3b9b73]
V  [libjvm.dylib+0x1a5b78]
V  [libjvm.dylib+0x1a8925]
V  [libjvm.dylib+0x14afd6]
V  [libjvm.dylib+0x1ac260]
V  [libjvm.dylib+0x1ae36f]
V  [libjvm.dylib+0x535a51]
V  [libjvm.dylib+0x537194]
V  [libjvm.dylib+0x45d35a]
C  [libsystem_pthread.dylib+0x32fc]  _pthread_body+0x83
C  [libsystem_pthread.dylib+0x3279]  _pthread_body+0x0
C  [libsystem_pthread.dylib+0x14b1]  thread_start+0xd
C  0x0000000000000000


Current CompileTask:
C2:   7129 1737       4       java.com.chronon3.sb.recorder.runtime.inject.InstrumentationCode2::recordObjectValue (155 bytes)


---------------  P R O C E S S  ---------------

Java Threads: ( => current thread )
  0x00007fa04a746000 JavaThread "TimerQueue" daemon [_thread_blocked, id=75803, stack(0x0000000141444000,0x0000000141544000)]
  0x00007fa04b368000 JavaThread "DestroyJavaVM" [_thread_blocked, id=4867, stack(0x00000001098d9000,0x00000001099d9000)]
  0x00007fa04c4ec800 JavaThread "AWT-EventQueue-0" [_thread_blocked, id=65039, stack(0x0000000130d06000,0x0000000130e06000)]
  0x00007fa04aa68000 JavaThread "Java2D Disposer" daemon [_thread_blocked, id=62731, stack(0x000000012f9c1000,0x000000012fac1000)]
  0x00007fa04b13b800 JavaThread "Java2D Queue Flusher" daemon [_thread_in_native, id=56843, stack(0x000000012ec86000,0x000000012ed86000)]
  0x00007fa04c17e800 JavaThread "AWT-Shutdown" [_thread_blocked, id=34835, stack(0x000000012baff000,0x000000012bbff000)]
  0x00007fa04c11e000 JavaThread "AppKit Thread" daemon [_thread_in_native, id=1299, stack(0x00007fff55c3d000,0x00007fff5643d000)]
  0x00007fa04e018000 JavaThread "Monitor Ctrl-Break" daemon [_thread_in_native, id=25347, stack(0x000000012a3a5000,0x000000012a4a5000)]
  0x00007fa04a8bb800 JavaThread "Service Thread" daemon [_thread_blocked, id=24323, stack(0x000000012a11c000,0x000000012a21c000)]
  0x00007fa04a065000 JavaThread "C1 CompilerThread3" daemon [_thread_blocked, id=23811, stack(0x000000012a019000,0x000000012a119000)]
=>0x00007fa04b02b800 JavaThread "C2 CompilerThread2" daemon [_thread_in_native, id=23299, stack(0x0000000129f16000,0x000000012a016000)]
  0x00007fa04a8ad000 JavaThread "C2 CompilerThread1" daemon [_thread_in_native, id=22787, stack(0x0000000129e13000,0x0000000129f13000)]
  0x00007fa04c08c800 JavaThread "C2 CompilerThread0" daemon [_thread_in_native, id=22275, stack(0x0000000129d10000,0x0000000129e10000)]
  0x00007fa04a081000 JavaThread "Chronon - Flusher Thread" daemon [_thread_blocked, id=21763, stack(0x0000000129c0d000,0x0000000129d0d000)]
  0x00007fa04a060000 JavaThread "Chronon - Flusher Thread" daemon [_thread_blocked, id=21251, stack(0x0000000129b0a000,0x0000000129c0a000)]
  0x00007fa04a05f800 JavaThread "Recorder Data Persistor" daemon [_thread_blocked, id=20739, stack(0x0000000129a07000,0x0000000129b07000)]
  0x00007fa04a013800 JavaThread "Chronon - Logger Thread" daemon [_thread_blocked, id=20227, stack(0x0000000129904000,0x0000000129a04000)]
  0x00007fa04b01b000 JavaThread "Chronon - Db2" daemon [_thread_blocked, id=19715, stack(0x0000000129801000,0x0000000129901000)]
  0x00007fa04b01a800 JavaThread "Chronon - Db1" daemon [_thread_blocked, id=19203, stack(0x00000001296fe000,0x00000001297fe000)]
  0x00007fa04c008000 JavaThread "Recorder - Reference Collector" daemon [_thread_blocked, id=18691, stack(0x0000000128f39000,0x0000000129039000)]
  0x00007fa04a87b000 JavaThread "Signal Dispatcher" daemon [_thread_blocked, id=15627, stack(0x0000000128e29000,0x0000000128f29000)]
  0x00007fa04b006800 JavaThread "Finalizer" daemon [_thread_blocked, id=13571, stack(0x000000012746c000,0x000000012756c000)]
  0x00007fa04b005800 JavaThread "Reference Handler" daemon [_thread_blocked, id=13059, stack(0x0000000127369000,0x0000000127469000)]

Other Threads:
  0x00007fa04c000000 VMThread [stack: 0x0000000127266000,0x0000000127366000] [id=12547]
  0x00007fa04a8bc000 WatcherThread [stack: 0x000000012a21f000,0x000000012a31f000] [id=24835]

VM state:not at safepoint (normal execution)

VM Mutex/Monitor currently owned by a thread: None

Heap:
 PSYoungGen      total 76288K, used 40362K [0x000000076ab00000, 0x0000000770000000, 0x00000007c0000000)
  eden space 65536K, 53% used [0x000000076ab00000,0x000000076cd49828,0x000000076eb00000)
  from space 10752K, 48% used [0x000000076eb00000,0x000000076f021340,0x000000076f580000)
  to   space 10752K, 0% used [0x000000076f580000,0x000000076f580000,0x0000000770000000)
 ParOldGen       total 175104K, used 16K [0x00000006c0000000, 0x00000006cab00000, 0x000000076ab00000)
  object space 175104K, 0% used [0x00000006c0000000,0x00000006c0004000,0x00000006cab00000)
 Metaspace       used 18790K, capacity 19090K, committed 19456K, reserved 1067008K
  class space    used 2410K, capacity 2510K, committed 2560K, reserved 1048576K

Card table byte_map: [0x000000011ad83000,0x000000011b584000] byte_map_base: 0x0000000117783000

Marking Bits: (ParMarkBitMap*) 0x000000010b29c330
 Begin Bits: [0x000000011c2f2000, 0x00000001202f2000)
 End Bits:   [0x00000001202f2000, 0x00000001242f2000)

Polling page: 0x00000001099e9000

CodeCache: size=245760Kb used=6309Kb max_used=6309Kb free=239450Kb
 bounds [0x000000010b9c3000, 0x000000010bff3000, 0x000000011a9c3000]
 total_blobs=2355 nmethods=1751 adapters=518
 compilation: enabled

Compilation events (10 events):
Event: 7.109 Thread 0x00007fa04a065000 1751       3       sun.java2d.pipe.RenderBuffer::clear (9 bytes)
Event: 7.109 Thread 0x00007fa04a065000 nmethod 1751 0x000000010bfeacd0 code [0x000000010bfeae20, 0x000000010bfeaf70]
Event: 7.109 Thread 0x00007fa04a065000 1752       3       java.util.HashSet::clear (8 bytes)
Event: 7.109 Thread 0x00007fa04a065000 nmethod 1752 0x000000010bfea890 code [0x000000010bfeaa00, 0x000000010bfeac28]
Event: 7.109 Thread 0x00007fa04a065000 1753       1       sun.java2d.pipe.hw.ContextCapabilities::getCaps (5 bytes)
Event: 7.109 Thread 0x00007fa04a065000 nmethod 1753 0x000000010bfea5d0 code [0x000000010bfea720, 0x000000010bfea830]
Event: 7.119 Thread 0x00007fa04a065000 1755       1       java.util.concurrent.locks.AbstractQueuedSynchronizer::compareAndSetState (13 bytes)
Event: 7.119 Thread 0x00007fa04a065000 nmethod 1755 0x000000010bfe9f90 code [0x000000010bfea0e0, 0x000000010bfea210]
Event: 7.119 Thread 0x00007fa04a065000 1756       3       sun.java2d.pipe.RenderBuffer::getAddress (5 bytes)
Event: 7.119 Thread 0x00007fa04a065000 nmethod 1756 0x000000010bfe9c90 code [0x000000010bfe9de0, 0x000000010bfe9f30]

GC Heap History (2 events):
Event: 1.780 GC heap before
{Heap before GC invocations=1 (full 0):
 PSYoungGen      total 76288K, used 65536K [0x000000076ab00000, 0x0000000770000000, 0x00000007c0000000)
  eden space 65536K, 100% used [0x000000076ab00000,0x000000076eb00000,0x000000076eb00000)
  from space 10752K, 0% used [0x000000076f580000,0x000000076f580000,0x0000000770000000)
  to   space 10752K, 0% used [0x000000076eb00000,0x000000076eb00000,0x000000076f580000)
 ParOldGen       total 175104K, used 0K [0x00000006c0000000, 0x00000006cab00000, 0x000000076ab00000)
  object space 175104K, 0% used [0x00000006c0000000,0x00000006c0000000,0x00000006cab00000)
 Metaspace       used 14542K, capacity 14770K, committed 14976K, reserved 1062912K
  class space    used 1785K, capacity 1864K, committed 1920K, reserved 1048576K
Event: 1.784 GC heap after
Heap after GC invocations=1 (full 0):
 PSYoungGen      total 76288K, used 5252K [0x000000076ab00000, 0x0000000770000000, 0x00000007c0000000)
  eden space 65536K, 0% used [0x000000076ab00000,0x000000076ab00000,0x000000076eb00000)
  from space 10752K, 48% used [0x000000076eb00000,0x000000076f021340,0x000000076f580000)
  to   space 10752K, 0% used [0x000000076f580000,0x000000076f580000,0x0000000770000000)
 ParOldGen       total 175104K, used 16K [0x00000006c0000000, 0x00000006cab00000, 0x000000076ab00000)
  object space 175104K, 0% used [0x00000006c0000000,0x00000006c0004000,0x00000006cab00000)
 Metaspace       used 14542K, capacity 14770K, committed 14976K, reserved 1062912K
  class space    used 1785K, capacity 1864K, committed 1920K, reserved 1048576K
}

Deoptimization events (7 events):
Event: 1.428 Thread 0x00007fa04a801000 Uncommon trap: reason=unreached action=reinterpret pc=0x000000010bbf1650 method=java.lang.AbstractStringBuilder.append(Ljava/lang/String;)Ljava/lang/AbstractStringBuilder; @ 1
Event: 1.428 Thread 0x00007fa04a801000 Uncommon trap: reason=unreached action=reinterpret pc=0x000000010bb2e79c method=java.lang.AbstractStringBuilder.append(Ljava/lang/String;)Ljava/lang/AbstractStringBuilder; @ 1
Event: 1.473 Thread 0x00007fa04a801000 Uncommon trap: reason=unreached action=reinterpret pc=0x000000010baffda8 method=java.util.HashMap.hash(Ljava/lang/Object;)I @ 1
Event: 4.552 Thread 0x00007fa04c4ec800 Uncommon trap: reason=class_check action=maybe_recompile pc=0x000000010bae4618 method=java.lang.String.equals(Ljava/lang/Object;)Z @ 8
Event: 4.552 Thread 0x00007fa04c4ec800 Uncommon trap: reason=class_check action=maybe_recompile pc=0x000000010bae4618 method=java.lang.String.equals(Ljava/lang/Object;)Z @ 8
Event: 4.565 Thread 0x00007fa04c4ec800 Uncommon trap: reason=class_check action=maybe_recompile pc=0x000000010bae4618 method=java.lang.String.equals(Ljava/lang/Object;)Z @ 8
Event: 4.565 Thread 0x00007fa04c4ec800 Uncommon trap: reason=class_check action=maybe_recompile pc=0x000000010bae4618 method=java.lang.String.equals(Ljava/lang/Object;)Z @ 8

Internal exceptions (10 events):
Event: 7.014 Thread 0x00007fa04c4ec800 Exception <a 'java/lang/NullPointerException'> (0x000000076c9e82e8) thrown at [/HUDSON3/workspace/8-2-build-macosx-x86_64/jdk8u20/1074/hotspot/src/share/vm/runtime/sharedRuntime.cpp, line 604]
Event: 7.014 Thread 0x00007fa04c4ec800 Implicit null exception at 0x000000010bbb9ecf to 0x000000010bbba4df
Event: 7.014 Thread 0x00007fa04c4ec800 Exception <a 'java/lang/NullPointerException'> (0x000000076c9e8768) thrown at [/HUDSON3/workspace/8-2-build-macosx-x86_64/jdk8u20/1074/hotspot/src/share/vm/runtime/sharedRuntime.cpp, line 604]
Event: 7.014 Thread 0x00007fa04c4ec800 Implicit null exception at 0x000000010bbbac09 to 0x000000010bbbadad
Event: 7.014 Thread 0x00007fa04c4ec800 Exception <a 'java/lang/NullPointerException'> (0x000000076c9e8aa8) thrown at [/HUDSON3/workspace/8-2-build-macosx-x86_64/jdk8u20/1074/hotspot/src/share/vm/runtime/sharedRuntime.cpp, line 604]
Event: 7.015 Thread 0x00007fa04c4ec800 Exception <a 'java/security/PrivilegedActionException'> (0x000000076c9f7e50) thrown at [/HUDSON3/workspace/8-2-build-macosx-x86_64/jdk8u20/1074/hotspot/src/share/vm/prims/jvm.cpp, line 1275]
Event: 7.021 Thread 0x00007fa04c4ec800 Exception <a 'java/security/PrivilegedActionException'> (0x000000076ca95098) thrown at [/HUDSON3/workspace/8-2-build-macosx-x86_64/jdk8u20/1074/hotspot/src/share/vm/prims/jvm.cpp, line 1275]
Event: 7.024 Thread 0x00007fa04c4ec800 Exception <a 'java/security/PrivilegedActionException'> (0x000000076caec670) thrown at [/HUDSON3/workspace/8-2-build-macosx-x86_64/jdk8u20/1074/hotspot/src/share/vm/prims/jvm.cpp, line 1275]
Event: 7.026 Thread 0x00007fa04c4ec800 Exception <a 'java/security/PrivilegedActionException'> (0x000000076caf54f8) thrown at [/HUDSON3/workspace/8-2-build-macosx-x86_64/jdk8u20/1074/hotspot/src/share/vm/prims/jvm.cpp, line 1275]
Event: 7.029 Thread 0x00007fa04a081000 Exception <a 'java/lang/NoSuchMethodError': <clinit>> (0x000000076c7ac600) thrown at [/HUDSON3/workspace/8-2-build-macosx-x86_64/jdk8u20/1074/hotspot/src/share/vm/prims/jni.cpp, line 1603]

Events (10 events):
Event: 7.041 loading class sun/security/provider/DigestBase done
Event: 7.041 loading class sun/security/provider/SHA done
Event: 7.041 loading class sun/security/jca/GetInstance$Instance
Event: 7.041 loading class sun/security/jca/GetInstance$Instance done
Event: 7.042 loading class java/security/MessageDigest$Delegate
Event: 7.042 loading class java/security/MessageDigest$Delegate done
Event: 7.042 loading class sun/security/provider/ByteArrayAccess
Event: 7.042 loading class sun/security/provider/ByteArrayAccess done
Event: 7.058 loading class javax/swing/tree/DefaultMutableTreeNode$PreorderEnumeration
Event: 7.058 loading class javax/swing/tree/DefaultMutableTreeNode$PreorderEnumeration done


Dynamic libraries:
0x000000000595c000 	/System/Library/Frameworks/Cocoa.framework/Versions/A/Cocoa
0x000000000595c000 	/System/Library/Frameworks/Security.framework/Versions/A/Security
0x000000000595c000 	/System/Library/Frameworks/ApplicationServices.framework/Versions/A/ApplicationServices
0x000000000595c000 	/usr/lib/libz.1.dylib
0x000000000595c000 	/usr/lib/libSystem.B.dylib
0x000000000595c000 	/usr/lib/libobjc.A.dylib
0x000000000595c000 	/System/Library/Frameworks/CoreFoundation.framework/Versions/A/CoreFoundation
0x000000000595c000 	/System/Library/Frameworks/Foundation.framework/Versions/C/Foundation
0x000000000595c000 	/System/Library/Frameworks/AppKit.framework/Versions/C/AppKit
0x000000000595c000 	/System/Library/Frameworks/CoreData.framework/Versions/A/CoreData
0x000000000595c000 	/System/Library/PrivateFrameworks/RemoteViewServices.framework/Versions/A/RemoteViewServices
0x000000000595c000 	/System/Library/PrivateFrameworks/UIFoundation.framework/Versions/A/UIFoundation
0x000000000595c000 	/System/Library/Frameworks/IOSurface.framework/Versions/A/IOSurface
0x000000000595c000 	/System/Library/Frameworks/AudioToolbox.framework/Versions/A/AudioToolbox
0x000000000595c000 	/System/Library/Frameworks/AudioUnit.framework/Versions/A/AudioUnit
0x000000000595c000 	/System/Library/PrivateFrameworks/DataDetectorsCore.framework/Versions/A/DataDetectorsCore
0x000000000595c000 	/System/Library/PrivateFrameworks/DesktopServicesPriv.framework/Versions/A/DesktopServicesPriv
0x000000000595c000 	/System/Library/Frameworks/Carbon.framework/Versions/A/Frameworks/HIToolbox.framework/Versions/A/HIToolbox
0x000000000595c000 	/System/Library/Frameworks/QuartzCore.framework/Versions/A/QuartzCore
0x000000000595c000 	/System/Library/Frameworks/Carbon.framework/Versions/A/Frameworks/SpeechRecognition.framework/Versions/A/SpeechRecognition
0x000000000595c000 	/usr/lib/libauto.dylib
0x000000000595c000 	/usr/lib/libicucore.A.dylib
0x000000000595c000 	/usr/lib/libxml2.2.dylib
0x000000000595c000 	/System/Library/PrivateFrameworks/CoreUI.framework/Versions/A/CoreUI
0x000000000595c000 	/System/Library/Frameworks/CoreAudio.framework/Versions/A/CoreAudio
0x000000000595c000 	/System/Library/Frameworks/DiskArbitration.framework/Versions/A/DiskArbitration
0x000000000595c000 	/usr/lib/liblangid.dylib
0x000000000595c000 	/System/Library/PrivateFrameworks/MultitouchSupport.framework/Versions/A/MultitouchSupport
0x000000000595c000 	/System/Library/Frameworks/IOKit.framework/Versions/A/IOKit
0x000000000595c000 	/usr/lib/libDiagnosticMessagesClient.dylib
0x000000000595c000 	/System/Library/Frameworks/CoreServices.framework/Versions/A/CoreServices
0x000000000595c000 	/System/Library/PrivateFrameworks/PerformanceAnalysis.framework/Versions/A/PerformanceAnalysis
0x000000000595c000 	/System/Library/PrivateFrameworks/GenerationalStorage.framework/Versions/A/GenerationalStorage
0x000000000595c000 	/System/Library/Frameworks/OpenGL.framework/Versions/A/OpenGL
0x000000000595c000 	/System/Library/PrivateFrameworks/Sharing.framework/Versions/A/Sharing
0x000000000595c000 	/System/Library/Frameworks/CoreGraphics.framework/Versions/A/CoreGraphics
0x000000000595c000 	/System/Library/Frameworks/CoreText.framework/Versions/A/CoreText
0x000000000595c000 	/System/Library/Frameworks/ImageIO.framework/Versions/A/ImageIO
0x000000000595c000 	/usr/lib/libextension.dylib
0x000000000595c000 	/System/Library/PrivateFrameworks/Backup.framework/Versions/A/Backup
0x000000000595c000 	/usr/lib/libarchive.2.dylib
0x000000000595c000 	/System/Library/Frameworks/CFNetwork.framework/Versions/A/CFNetwork
0x000000000595c000 	/System/Library/Frameworks/SystemConfiguration.framework/Versions/A/SystemConfiguration
0x000000000595c000 	/usr/lib/libCRFSuite.dylib
0x000000000595c000 	/usr/lib/libc++.1.dylib
0x000000000595c000 	/usr/lib/libc++abi.dylib
0x000000000595c000 	/usr/lib/system/libcache.dylib
0x000000000595c000 	/usr/lib/system/libcommonCrypto.dylib
0x000000000595c000 	/usr/lib/system/libcompiler_rt.dylib
0x000000000595c000 	/usr/lib/system/libcopyfile.dylib
0x000000000595c000 	/usr/lib/system/libcorecrypto.dylib
0x000000000595c000 	/usr/lib/system/libdispatch.dylib
0x000000000595c000 	/usr/lib/system/libdyld.dylib
0x000000000595c000 	/usr/lib/system/libkeymgr.dylib
0x000000000595c000 	/usr/lib/system/liblaunch.dylib
0x000000000595c000 	/usr/lib/system/libmacho.dylib
0x000000000595c000 	/usr/lib/system/libquarantine.dylib
0x000000000595c000 	/usr/lib/system/libremovefile.dylib
0x000000000595c000 	/usr/lib/system/libsystem_asl.dylib
0x000000000595c000 	/usr/lib/system/libsystem_blocks.dylib
0x000000000595c000 	/usr/lib/system/libsystem_c.dylib
0x000000000595c000 	/usr/lib/system/libsystem_configuration.dylib
0x000000000595c000 	/usr/lib/system/libsystem_coreservices.dylib
0x000000000595c000 	/usr/lib/system/libsystem_coretls.dylib
0x000000000595c000 	/usr/lib/system/libsystem_dnssd.dylib
0x000000000595c000 	/usr/lib/system/libsystem_info.dylib
0x000000000595c000 	/usr/lib/system/libsystem_kernel.dylib
0x000000000595c000 	/usr/lib/system/libsystem_m.dylib
0x000000000595c000 	/usr/lib/system/libsystem_malloc.dylib
0x000000000595c000 	/usr/lib/system/libsystem_network.dylib
0x000000000595c000 	/usr/lib/system/libsystem_networkextension.dylib
0x000000000595c000 	/usr/lib/system/libsystem_notify.dylib
0x000000000595c000 	/usr/lib/system/libsystem_platform.dylib
0x000000000595c000 	/usr/lib/system/libsystem_pthread.dylib
0x000000000595c000 	/usr/lib/system/libsystem_sandbox.dylib
0x000000000595c000 	/usr/lib/system/libsystem_secinit.dylib
0x000000000595c000 	/usr/lib/system/libsystem_stats.dylib
0x000000000595c000 	/usr/lib/system/libsystem_trace.dylib
0x000000000595c000 	/usr/lib/system/libunc.dylib
0x000000000595c000 	/usr/lib/system/libunwind.dylib
0x000000000595c000 	/usr/lib/system/libxpc.dylib
0x000000000595c000 	/usr/lib/libbz2.1.0.dylib
0x000000000595c000 	/usr/lib/liblzma.5.dylib
0x000000000595c000 	/usr/lib/libbsm.0.dylib
0x000000000595c000 	/usr/lib/libsqlite3.dylib
0x000000000595c000 	/usr/lib/system/libkxld.dylib
0x000000000595c000 	/usr/lib/libxar.1.dylib
0x000000000595c000 	/usr/lib/libpam.2.dylib
0x000000000595c000 	/usr/lib/libOpenScriptingUtil.dylib
0x000000000595c000 	/System/Library/Frameworks/CoreServices.framework/Versions/A/Frameworks/FSEvents.framework/Versions/A/FSEvents
0x000000000595c000 	/System/Library/Frameworks/CoreServices.framework/Versions/A/Frameworks/CarbonCore.framework/Versions/A/CarbonCore
0x000000000595c000 	/System/Library/Frameworks/CoreServices.framework/Versions/A/Frameworks/Metadata.framework/Versions/A/Metadata
0x000000000595c000 	/System/Library/Frameworks/CoreServices.framework/Versions/A/Frameworks/OSServices.framework/Versions/A/OSServices
0x000000000595c000 	/System/Library/Frameworks/CoreServices.framework/Versions/A/Frameworks/SearchKit.framework/Versions/A/SearchKit
0x000000000595c000 	/System/Library/Frameworks/CoreServices.framework/Versions/A/Frameworks/AE.framework/Versions/A/AE
0x000000000595c000 	/System/Library/Frameworks/CoreServices.framework/Versions/A/Frameworks/LaunchServices.framework/Versions/A/LaunchServices
0x000000000595c000 	/System/Library/Frameworks/CoreServices.framework/Versions/A/Frameworks/DictionaryServices.framework/Versions/A/DictionaryServices
0x000000000595c000 	/System/Library/Frameworks/NetFS.framework/Versions/A/NetFS
0x000000000595c000 	/System/Library/PrivateFrameworks/NetAuth.framework/Versions/A/NetAuth
0x000000000595c000 	/System/Library/PrivateFrameworks/login.framework/Versions/A/Frameworks/loginsupport.framework/Versions/A/loginsupport
0x000000000595c000 	/System/Library/PrivateFrameworks/TCC.framework/Versions/A/TCC
0x000000000595c000 	/usr/lib/libmecabra.dylib
0x000000000595c000 	/System/Library/PrivateFrameworks/LanguageModeling.framework/Versions/A/LanguageModeling
0x000000000595c000 	/usr/lib/libcmph.dylib
0x000000000595c000 	/usr/lib/libiconv.2.dylib
0x000000000595c000 	/System/Library/Frameworks/OpenDirectory.framework/Versions/A/Frameworks/CFOpenDirectory.framework/Versions/A/CFOpenDirectory
0x000000000595c000 	/System/Library/Frameworks/ServiceManagement.framework/Versions/A/ServiceManagement
0x000000000595c000 	/usr/lib/libxslt.1.dylib
0x000000000595c000 	/System/Library/Frameworks/Carbon.framework/Versions/A/Frameworks/Ink.framework/Versions/A/Ink
0x000000000595c000 	/System/Library/Frameworks/ApplicationServices.framework/Versions/A/Frameworks/ATS.framework/Versions/A/ATS
0x000000000595c000 	/System/Library/Frameworks/ApplicationServices.framework/Versions/A/Frameworks/ColorSync.framework/Versions/A/ColorSync
0x000000000595c000 	/System/Library/Frameworks/ApplicationServices.framework/Versions/A/Frameworks/HIServices.framework/Versions/A/HIServices
0x000000000595c000 	/System/Library/Frameworks/ApplicationServices.framework/Versions/A/Frameworks/LangAnalysis.framework/Versions/A/LangAnalysis
0x000000000595c000 	/System/Library/Frameworks/ApplicationServices.framework/Versions/A/Frameworks/PrintCore.framework/Versions/A/PrintCore
0x000000000595c000 	/System/Library/Frameworks/ApplicationServices.framework/Versions/A/Frameworks/QD.framework/Versions/A/QD
0x000000000595c000 	/System/Library/Frameworks/ApplicationServices.framework/Versions/A/Frameworks/SpeechSynthesis.framework/Versions/A/SpeechSynthesis
0x000000000595c000 	/System/Library/Frameworks/Accelerate.framework/Versions/A/Accelerate
0x000000000595c000 	/System/Library/Frameworks/Accelerate.framework/Versions/A/Frameworks/vImage.framework/Versions/A/vImage
0x000000000595c000 	/System/Library/Frameworks/Accelerate.framework/Versions/A/Frameworks/vecLib.framework/Versions/A/vecLib
0x000000000595c000 	/System/Library/Frameworks/Accelerate.framework/Versions/A/Frameworks/vecLib.framework/Versions/A/libvDSP.dylib
0x000000000595c000 	/System/Library/Frameworks/Accelerate.framework/Versions/A/Frameworks/vecLib.framework/Versions/A/libvMisc.dylib
0x000000000595c000 	/System/Library/Frameworks/Accelerate.framework/Versions/A/Frameworks/vecLib.framework/Versions/A/libLAPACK.dylib
0x000000000595c000 	/System/Library/Frameworks/Accelerate.framework/Versions/A/Frameworks/vecLib.framework/Versions/A/libBLAS.dylib
0x000000000595c000 	/System/Library/Frameworks/Accelerate.framework/Versions/A/Frameworks/vecLib.framework/Versions/A/libLinearAlgebra.dylib
0x000000000595c000 	/System/Library/Frameworks/ApplicationServices.framework/Versions/A/Frameworks/ATS.framework/Versions/A/Resources/libFontParser.dylib
0x000000000595c000 	/System/Library/Frameworks/ApplicationServices.framework/Versions/A/Frameworks/ATS.framework/Versions/A/Resources/libFontRegistry.dylib
0x000000000595c000 	/System/Library/PrivateFrameworks/AppleVPA.framework/Versions/A/AppleVPA
0x000000000595c000 	/System/Library/PrivateFrameworks/AppleJPEG.framework/Versions/A/AppleJPEG
0x000000000595c000 	/System/Library/Frameworks/ImageIO.framework/Versions/A/Resources/libJPEG.dylib
0x000000000595c000 	/System/Library/Frameworks/ImageIO.framework/Versions/A/Resources/libTIFF.dylib
0x000000000595c000 	/System/Library/Frameworks/ImageIO.framework/Versions/A/Resources/libPng.dylib
0x000000000595c000 	/System/Library/Frameworks/ImageIO.framework/Versions/A/Resources/libGIF.dylib
0x000000000595c000 	/System/Library/Frameworks/ImageIO.framework/Versions/A/Resources/libJP2.dylib
0x000000000595c000 	/System/Library/Frameworks/ImageIO.framework/Versions/A/Resources/libRadiance.dylib
0x000000000595c000 	/System/Library/Frameworks/CoreVideo.framework/Versions/A/CoreVideo
0x000000000595c000 	/System/Library/Frameworks/OpenGL.framework/Versions/A/Libraries/libGLU.dylib
0x000000000595c000 	/System/Library/Frameworks/OpenGL.framework/Versions/A/Libraries/libGFXShared.dylib
0x000000000595c000 	/System/Library/Frameworks/OpenGL.framework/Versions/A/Libraries/libGL.dylib
0x000000000595c000 	/System/Library/Frameworks/OpenGL.framework/Versions/A/Libraries/libGLImage.dylib
0x000000000595c000 	/System/Library/Frameworks/OpenGL.framework/Versions/A/Libraries/libCVMSPluginSupport.dylib
0x000000000595c000 	/System/Library/Frameworks/OpenGL.framework/Versions/A/Libraries/libCoreVMClient.dylib
0x000000000595c000 	/usr/lib/libcups.2.dylib
0x000000000595c000 	/System/Library/Frameworks/Kerberos.framework/Versions/A/Kerberos
0x000000000595c000 	/System/Library/Frameworks/GSS.framework/Versions/A/GSS
0x000000000595c000 	/usr/lib/libresolv.9.dylib
0x000000000595c000 	/System/Library/PrivateFrameworks/Heimdal.framework/Versions/A/Heimdal
0x000000000595c000 	/usr/lib/libheimdal-asn1.dylib
0x000000000595c000 	/System/Library/Frameworks/OpenDirectory.framework/Versions/A/OpenDirectory
0x000000000595c000 	/System/Library/PrivateFrameworks/CommonAuth.framework/Versions/A/CommonAuth
0x000000000595c000 	/System/Library/Frameworks/SecurityFoundation.framework/Versions/A/SecurityFoundation
0x000000000595c000 	/System/Library/Frameworks/QuartzCore.framework/Versions/A/Frameworks/CoreImage.framework/Versions/A/CoreImage
0x000000000595c000 	/System/Library/PrivateFrameworks/CrashReporterSupport.framework/Versions/A/CrashReporterSupport
0x000000000595c000 	/System/Library/Frameworks/OpenCL.framework/Versions/A/OpenCL
0x000000000595c000 	/System/Library/PrivateFrameworks/FaceCore.framework/Versions/A/FaceCore
0x000000000595c000 	/System/Library/PrivateFrameworks/Ubiquity.framework/Versions/A/Ubiquity
0x000000000595c000 	/System/Library/PrivateFrameworks/IconServices.framework/Versions/A/IconServices
0x000000000595c000 	/System/Library/PrivateFrameworks/ChunkingLibrary.framework/Versions/A/ChunkingLibrary
0x000000000595c000 	/System/Library/PrivateFrameworks/Apple80211.framework/Versions/A/Apple80211
0x000000000595c000 	/System/Library/Frameworks/CoreWLAN.framework/Versions/A/CoreWLAN
0x000000000595c000 	/System/Library/Frameworks/IOBluetooth.framework/Versions/A/IOBluetooth
0x000000000595c000 	/System/Library/PrivateFrameworks/CoreWiFi.framework/Versions/A/CoreWiFi
0x000000000595c000 	/System/Library/Frameworks/CoreBluetooth.framework/Versions/A/CoreBluetooth
0x000000000595c000 	/System/Library/PrivateFrameworks/DebugSymbols.framework/Versions/A/DebugSymbols
0x000000000595c000 	/System/Library/PrivateFrameworks/CoreSymbolication.framework/Versions/A/CoreSymbolication
0x000000000595c000 	/System/Library/PrivateFrameworks/Symbolication.framework/Versions/A/Symbolication
0x000000000595c000 	/System/Library/PrivateFrameworks/SpeechRecognitionCore.framework/Versions/A/SpeechRecognitionCore
0x000000010aa00000 	/Library/Java/JavaVirtualMachines/jdk1.8.0_20.jdk/Contents/Home/jre/lib/server/libjvm.dylib
0x000000000595c000 	/usr/lib/libstdc++.6.dylib
0x00000001099db000 	/Library/Java/JavaVirtualMachines/jdk1.8.0_20.jdk/Contents/Home/jre/lib/libverify.dylib
0x000000010b91b000 	/Library/Java/JavaVirtualMachines/jdk1.8.0_20.jdk/Contents/Home/jre/lib/libjava.dylib
0x000000010b94f000 	/Library/Java/JavaVirtualMachines/jdk1.8.0_20.jdk/Contents/Home/jre/lib/libinstrument.dylib
0x000000010b9a3000 	/Users/NickRadonic/Library/Application Support/IntelliJIdea13/chronon/lib/recorder/native/librecorderagent-3.0.7.jnilib
0x00000001099f4000 	/Library/Java/JavaVirtualMachines/jdk1.8.0_20.jdk/Contents/Home/jre/lib/libzip.dylib
0x000000012756e000 	/System/Library/Frameworks/JavaVM.framework/Frameworks/JavaRuntimeSupport.framework/JavaRuntimeSupport
0x0000000127586000 	/System/Library/Frameworks/JavaVM.framework/Versions/A/Frameworks/JavaNativeFoundation.framework/Versions/A/JavaNativeFoundation
0x000000012759b000 	/System/Library/Frameworks/JavaVM.framework/Versions/A/JavaVM
0x000000000595c000 	/System/Library/Frameworks/Carbon.framework/Versions/A/Carbon
0x00000001275a8000 	/System/Library/PrivateFrameworks/JavaLaunching.framework/Versions/A/JavaLaunching
0x000000000595c000 	/System/Library/Frameworks/Carbon.framework/Versions/A/Frameworks/CommonPanels.framework/Versions/A/CommonPanels
0x000000000595c000 	/System/Library/Frameworks/Carbon.framework/Versions/A/Frameworks/Help.framework/Versions/A/Help
0x000000000595c000 	/System/Library/Frameworks/Carbon.framework/Versions/A/Frameworks/ImageCapture.framework/Versions/A/ImageCapture
0x000000000595c000 	/System/Library/Frameworks/Carbon.framework/Versions/A/Frameworks/OpenScripting.framework/Versions/A/OpenScripting
0x000000000595c000 	/System/Library/Frameworks/Carbon.framework/Versions/A/Frameworks/Print.framework/Versions/A/Print
0x000000000595c000 	/System/Library/Frameworks/Carbon.framework/Versions/A/Frameworks/SecurityHI.framework/Versions/A/SecurityHI
0x0000000128f2b000 	/Library/Java/JavaVirtualMachines/jdk1.8.0_20.jdk/Contents/Home/jre/lib/libmanagement.dylib
0x000000012968e000 	/Library/Java/JavaVirtualMachines/jdk1.8.0_20.jdk/Contents/Home/jre/lib/libnet.dylib
0x00000001296ed000 	/Library/Java/JavaVirtualMachines/jdk1.8.0_20.jdk/Contents/Home/jre/lib/libnio.dylib
0x000000012a36f000 	/Applications/IntelliJ IDEA 13.app/Contents/bin/libbreakgen64.jnilib
0x000000012a5d5000 	/Library/Java/JavaVirtualMachines/jdk1.8.0_20.jdk/Contents/Home/jre/lib/libawt.dylib
0x000000012a684000 	/Library/Java/JavaVirtualMachines/jdk1.8.0_20.jdk/Contents/Home/jre/lib/./libmlib_image.dylib
0x000000012a750000 	/Library/Java/JavaVirtualMachines/jdk1.8.0_20.jdk/Contents/Home/jre/lib/libawt_lwawt.dylib
0x000000012a803000 	/Library/Java/JavaVirtualMachines/jdk1.8.0_20.jdk/Contents/Home/jre/lib/./libosxapp.dylib
0x000000000595c000 	/System/Library/Frameworks/ExceptionHandling.framework/Versions/A/ExceptionHandling
0x000000000595c000 	/System/Library/PrivateFrameworks/CoreServicesInternal.framework/Versions/A/CoreServicesInternal
0x000000000595c000 	/System/Library/PrivateFrameworks/CloudDocs.framework/Versions/A/CloudDocs
0x000000000595c000 	/System/Library/PrivateFrameworks/CoreDuet.framework/Versions/A/CoreDuet
0x000000000595c000 	/System/Library/Frameworks/CloudKit.framework/Versions/A/CloudKit
0x000000000595c000 	/System/Library/PrivateFrameworks/ProtocolBuffer.framework/Versions/A/ProtocolBuffer
0x000000000595c000 	/System/Library/PrivateFrameworks/CoreDuetDaemonProtocol.framework/Versions/A/CoreDuetDaemonProtocol
0x000000000595c000 	/System/Library/PrivateFrameworks/CoreDuetDebugLogging.framework/Versions/A/CoreDuetDebugLogging
0x000000000595c000 	/System/Library/Frameworks/CoreLocation.framework/Versions/A/CoreLocation
0x000000000595c000 	/System/Library/Frameworks/Accounts.framework/Versions/A/Accounts
0x000000000595c000 	/System/Library/PrivateFrameworks/ApplePushService.framework/Versions/A/ApplePushService
0x000000000595c000 	/System/Library/PrivateFrameworks/GeoServices.framework/Versions/A/GeoServices
0x000000000595c000 	/System/Library/PrivateFrameworks/OAuth.framework/Versions/A/OAuth
0x000000000595c000 	/System/Library/PrivateFrameworks/CoreDaemon.framework/Versions/B/CoreDaemon
0x000000000595c000 	/usr/lib/libcrypto.0.9.8.dylib
0x000000000595c000 	/System/Library/PrivateFrameworks/AppleSRP.framework/Versions/A/AppleSRP
0x000000000595c000 	/System/Library/PrivateFrameworks/TrustEvaluationAgent.framework/Versions/A/TrustEvaluationAgent
0x000000000595c000 	/System/Library/Frameworks/CoreGraphics.framework/Versions/A/Resources/libCGCMS.A.dylib
0x000000012c8d2000 	/System/Library/Frameworks/CoreGraphics.framework/Versions/A/Resources/libRIP.A.dylib
0x000000000595c000 	/System/Library/Frameworks/CoreGraphics.framework/Versions/A/Resources/libCGXType.A.dylib
0x000000000595c000 	/System/Library/Frameworks/OpenCL.framework/Versions/A/Libraries/libcldcpuengine.dylib
0x000000000595c000 	/System/Library/PrivateFrameworks/DiskImages.framework/Versions/A/DiskImages
0x000000000595c000 	/System/Library/Frameworks/DiscRecording.framework/Versions/A/DiscRecording
0x000000000595c000 	/usr/lib/libcsfde.dylib
0x000000000595c000 	/usr/lib/libcurl.4.dylib
0x000000000595c000 	/System/Library/PrivateFrameworks/MediaKit.framework/Versions/A/MediaKit
0x000000000595c000 	/System/Library/PrivateFrameworks/ProtectedCloudStorage.framework/Versions/A/ProtectedCloudStorage
0x000000000595c000 	/usr/lib/libCoreStorage.dylib
0x000000000595c000 	/System/Library/PrivateFrameworks/EFILogin.framework/Versions/A/EFILogin
0x000000000595c000 	/usr/lib/libutil.dylib
0x000000000595c000 	/System/Library/PrivateFrameworks/FindMyDevice.framework/Versions/A/FindMyDevice
0x000000000595c000 	/System/Library/Frameworks/LDAP.framework/Versions/A/LDAP
0x000000000595c000 	/usr/lib/libsasl2.2.dylib
0x000000012d6ae000 	cl_kernels
0x000000012d6b0000 	/System/Library/Frameworks/OpenCL.framework/Versions/A/Libraries/ImageFormats/unorm8_bgra.dylib
0x000000012d6a0000 	cl_kernels
0x000000000595c000 	/System/Library/PrivateFrameworks/FamilyControls.framework/Versions/A/FamilyControls
0x000000000595c000 	/System/Library/PrivateFrameworks/CommerceKit.framework/Versions/A/Frameworks/CommerceCore.framework/Versions/A/CommerceCore
0x000000000595c000 	/System/Library/PrivateFrameworks/SystemAdministration.framework/Versions/A/SystemAdministration
0x000000000595c000 	/System/Library/PrivateFrameworks/AppContainer.framework/Versions/A/AppContainer
0x000000000595c000 	/System/Library/PrivateFrameworks/SecCodeWrapper.framework/Versions/A/SecCodeWrapper
0x000000000595c000 	/System/Library/Frameworks/DirectoryService.framework/Versions/A/DirectoryService
0x000000000595c000 	/System/Library/PrivateFrameworks/LoginUIKit.framework/Versions/A/Frameworks/LoginUICore.framework/Versions/A/LoginUICore
0x000000000595c000 	/usr/lib/libodfde.dylib
0x000000000595c000 	/System/Library/Frameworks/OpenGL.framework/Versions/A/Resources/GLEngine.bundle/GLEngine
0x000000000595c000 	/System/Library/Frameworks/OpenGL.framework/Versions/A/Libraries/libGLProgrammability.dylib
0x0000000000000000 	/System/Library/Extensions/AppleIntelHD5000GraphicsGLDriver.bundle/Contents/MacOS/AppleIntelHD5000GraphicsGLDriver
0x000000000595c000 	/System/Library/PrivateFrameworks/IOAccelerator.framework/Versions/A/IOAccelerator
0x000000000595c000 	/System/Library/PrivateFrameworks/GPUSupport.framework/Versions/A/Libraries/libGPUSupportMercury.dylib
0x0000000000000000 	/System/Library/Extensions/GeForceGLDriver.bundle/Contents/MacOS/GeForceGLDriver
0x000000000595c000 	/System/Library/Extensions/GeForceGLDriver.bundle/Contents/MacOS/libclh.dylib
0x000000000595c000 	/System/Library/Frameworks/OpenGL.framework/Versions/A/Resources/GLRendererFloat.bundle/GLRendererFloat
0x00000001300d8000 	/Library/Java/JavaVirtualMachines/jdk1.8.0_20.jdk/Contents/Home/jre/lib/libfontmanager.dylib
0x00000001304a0000 	/Library/Java/JavaVirtualMachines/jdk1.8.0_20.jdk/Contents/Home/jre/lib/libosxui.dylib
0x000000000595c000 	/System/Library/Frameworks/Accelerate.framework/Versions/A/Frameworks/vImage.framework/Versions/A/Libraries/libCGInterfaces.dylib

VM Arguments:
jvm_args: -javaagent:/Users/NickRadonic/Library/Application Support/IntelliJIdea13/chronon/lib/recorder/recorder-3.20.1.187.jar=/Users/NickRadonic/Library/Caches/IntelliJIdea13/chronon-recordings/2014_11_17_CaveGame6/config.txt -agentpath:/Users/NickRadonic/Library/Application Support/IntelliJIdea13/chronon/lib/recorder/native/librecorderagent-3.0.7.jnilib -Xverify:none -Didea.launcher.port=7541 -Didea.launcher.bin.path=/Applications/IntelliJ IDEA 13.app/Contents/bin -Dfile.encoding=UTF-8 
java_command: com.intellij.rt.execution.application.AppMain GameControl.CaveGame
java_class_path (initial): /Library/Java/JavaVirtualMachines/jdk1.8.0_20.jdk/Contents/Home/lib/ant-javafx.jar:/Library/Java/JavaVirtualMachines/jdk1.8.0_20.jdk/Contents/Home/lib/dt.jar:/Library/Java/JavaVirtualMachines/jdk1.8.0_20.jdk/Contents/Home/lib/javafx-mx.jar:/Library/Java/JavaVirtualMachines/jdk1.8.0_20.jdk/Contents/Home/lib/jconsole.jar:/Library/Java/JavaVirtualMachines/jdk1.8.0_20.jdk/Contents/Home/lib/sa-jdi.jar:/Library/Java/JavaVirtualMachines/jdk1.8.0_20.jdk/Contents/Home/lib/tools.jar:/Library/Java/JavaVirtualMachines/jdk1.8.0_20.jdk/Contents/Home/jre/lib/charsets.jar:/Library/Java/JavaVirtualMachines/jdk1.8.0_20.jdk/Contents/Home/jre/lib/deploy.jar:/Library/Java/JavaVirtualMachines/jdk1.8.0_20.jdk/Contents/Home/jre/lib/javaws.jar:/Library/Java/JavaVirtualMachines/jdk1.8.0_20.jdk/Contents/Home/jre/lib/jce.jar:/Library/Java/JavaVirtualMachines/jdk1.8.0_20.jdk/Contents/Home/jre/lib/jfr.jar:/Library/Java/JavaVirtualMachines/jdk1.8.0_20.jdk/Contents/Home/jre/lib/jfxswt.jar:/Library/Java/JavaVirtualMachines/jdk1.8.0_20.jdk/Contents/Home/jre/lib/jsse.jar:/Library/Java/JavaVirtualMachines/jdk1.8.0_20.jdk/Contents/Home/jre/lib/management-agent.jar:/Library/Java/JavaVirtualMachines/jdk1.8.0_20.jdk/Contents/Home/jre/lib/plugin.jar:/Library/Java/JavaVirtualMachines/jdk1.8.0_20.jdk/Contents/Home/jre/lib/resources.jar:/Library/Java/JavaVirtualMachines/jdk1.8.0_20.jdk/Contents/Home/jre/lib/rt.jar:/Library/Java/JavaVirtualMachines/jdk1.8.0_20.jdk/Contents/Home/jre/lib/ext/cldrdata.jar:/Library/Java/JavaVirtualMachines/jdk1.8.0_20.jdk/Contents/Home/jre/lib/ext/dnsns.jar:/Library/Java/JavaVirtualMachines/jdk1.8.0_20.jdk/Contents/Home/jre/lib/ext/jfxrt.jar:/Library/Java/JavaVirtualMachines/jdk1.8.0_20.jdk/Contents/Home/jre/lib/ext/localedata.jar:/Library/Java/JavaVirtualMachines/jdk1.8.0_20.jdk/Contents/Home/jre/lib/ext/nashorn.jar:/Library/Java/JavaVirtualMachines/jdk1.8.0_20.jdk/Contents/Home/jre/lib/ext/sunec.jar:/Library/Java/JavaVirtualMachines/jdk1.8.0_20.jdk/C
Launcher Type: SUN_STANDARD

Environment Variables:
PATH=/usr/local/bin:/usr/bin:/bin:/usr/sbin:/sbin:/Applications/Server.app/Contents/ServerRoot/usr/bin:/Applications/Server.app/Contents/ServerRoot/usr/sbin
SHELL=/bin/bash

Signal Handlers:
SIGSEGV: [libjvm.dylib+0x578fd7], sa_mask[0]=11111111011111110111111111111111, sa_flags=SA_ONSTACK|SA_RESTART|SA_SIGINFO
SIGBUS: [libjvm.dylib+0x578fd7], sa_mask[0]=11111111011111110111111111111111, sa_flags=SA_RESTART|SA_SIGINFO
SIGFPE: [libjvm.dylib+0x45ab0c], sa_mask[0]=11111111011111110111111111111111, sa_flags=SA_RESTART|SA_SIGINFO
SIGPIPE: [libjvm.dylib+0x45ab0c], sa_mask[0]=11111111011111110111111111111111, sa_flags=SA_RESTART|SA_SIGINFO
SIGXFSZ: [libjvm.dylib+0x45ab0c], sa_mask[0]=11111111011111110111111111111111, sa_flags=SA_RESTART|SA_SIGINFO
SIGILL: [libjvm.dylib+0x45ab0c], sa_mask[0]=11111111011111110111111111111111, sa_flags=SA_RESTART|SA_SIGINFO
SIGUSR1: SIG_DFL, sa_mask[0]=00000000000000000000000000000000, sa_flags=none
SIGUSR2: [libjvm.dylib+0x45a62a], sa_mask[0]=00100000000000000000000000000000, sa_flags=SA_RESTART|SA_SIGINFO
SIGHUP: [libjvm.dylib+0x458bfd], sa_mask[0]=11111111011111110111111111111111, sa_flags=SA_RESTART|SA_SIGINFO
SIGINT: [libjvm.dylib+0x458bfd], sa_mask[0]=11111111011111110111111111111111, sa_flags=SA_RESTART|SA_SIGINFO
SIGTERM: [libjvm.dylib+0x458bfd], sa_mask[0]=11111111011111110111111111111111, sa_flags=SA_RESTART|SA_SIGINFO
SIGQUIT: [libjvm.dylib+0x458bfd], sa_mask[0]=11111111011111110111111111111111, sa_flags=SA_RESTART|SA_SIGINFO


---------------  S Y S T E M  ---------------

OS:Bsduname:Darwin 14.0.0 Darwin Kernel Version 14.0.0: Fri Sep 19 00:26:44 PDT 2014; root:xnu-2782.1.97~2/RELEASE_X86_64 x86_64
rlimit: STACK 8192k, CORE 0k, NPROC 709, NOFILE 10240, AS infinity
load average:1.63 1.67 1.93

CPU:total 8 (4 cores per cpu, 2 threads per core) family 6 model 70 stepping 1, cmov, cx8, fxsr, mmx, sse, sse2, sse3, ssse3, sse4.1, sse4.2, popcnt, avx, avx2, aes, clmul, erms, rtm, lzcnt, ht, tsc, tscinvbit, bmi1, bmi2

Memory: 4k page, physical 16777216k(2957108k free)

/proc/meminfo:


vm_info: Java HotSpot(TM) 64-Bit Server VM (25.20-b23) for bsd-amd64 JRE (1.8.0_20-b26), built on Jul 30 2014 13:37:47 by "java_re" with gcc 4.2.1 (Based on Apple Inc. build 5658) (LLVM build 2336.9.00)

time: Mon Nov 17 15:09:52 2014
elapsed time: 7 seconds (0d 0h 0m 7s)

